#
# There is insufficient memory for the Java Runtime Environment to continue.
# Native memory allocation (malloc) failed to allocate 1779856 bytes for Chunk::new
# Possible reasons:
#   The system is out of physical RAM or swap space
#   In 32 bit mode, the process size limit was hit
# Possible solutions:
#   Reduce memory load on the system
#   Increase physical memory or swap space
#   Check if swap backing store is full
#   Use 64 bit Java on a 64 bit OS
#   Decrease Java heap size (-Xmx/-Xms)
#   Decrease number of Java threads
#   Decrease Java thread stack sizes (-Xss)
#   Set larger code cache with -XX:ReservedCodeCacheSize=
# This output file may be truncated or incomplete.
#
#  Out of Memory Error (allocation.cpp:390), pid=7448, tid=8340
#
# JRE version: Java(TM) SE Runtime Environment (8.0_60-b27) (build 1.8.0_60-b27)
# Java VM: Java HotSpot(TM) 64-Bit Server VM (25.60-b23 mixed mode windows-amd64 compressed oops)
# Failed to write core dump. Minidumps are not enabled by default on client versions of Windows
#

---------------  T H R E A D  ---------------

Current thread (0x00000000149d2800):  JavaThread "C2 CompilerThread1" daemon [_thread_in_native, id=8340, stack(0x0000000016130000,0x0000000016230000)]

Stack: [0x0000000016130000,0x0000000016230000]
[error occurred during error reporting (printing stack bounds), id 0xc0000005]

Native frames: (J=compiled Java code, j=interpreted, Vv=VM code, C=native code)


Current CompileTask:
C2:   3959 1395   !   4       com.android.dx.cf.cst.ConstantPoolParser::parse0 (731 bytes)


---------------  P R O C E S S  ---------------

Java Threads: ( => current thread )
  0x0000000016587000 JavaThread "pool-1-thread-2" [_thread_in_Java, id=5912, stack(0x0000000016b30000,0x0000000016c30000)]
  0x0000000016463000 JavaThread "pool-2-thread-1" [_thread_blocked, id=9300, stack(0x0000000016a30000,0x0000000016b30000)]
  0x000000001636b800 JavaThread "Service Thread" daemon [_thread_blocked, id=972, stack(0x0000000016730000,0x0000000016830000)]
  0x00000000149d3000 JavaThread "C1 CompilerThread2" daemon [_thread_blocked, id=5880, stack(0x0000000016230000,0x0000000016330000)]
=>0x00000000149d2800 JavaThread "C2 CompilerThread1" daemon [_thread_in_native, id=8340, stack(0x0000000016130000,0x0000000016230000)]
  0x00000000149d0000 JavaThread "C2 CompilerThread0" daemon [_thread_in_native, id=2192, stack(0x0000000016030000,0x0000000016130000)]
  0x00000000149ce000 JavaThread "Attach Listener" daemon [_thread_blocked, id=9728, stack(0x0000000015f30000,0x0000000016030000)]
  0x00000000149cd000 JavaThread "Signal Dispatcher" daemon [_thread_blocked, id=2032, stack(0x0000000015e30000,0x0000000015f30000)]
  0x0000000002279000 JavaThread "Finalizer" daemon [_thread_blocked, id=7480, stack(0x0000000015c30000,0x0000000015d30000)]
  0x0000000002270000 JavaThread "Reference Handler" daemon [_thread_blocked, id=4972, stack(0x0000000015b30000,0x0000000015c30000)]
  0x000000000093e800 JavaThread "main" [_thread_blocked, id=1660, stack(0x0000000000940000,0x0000000000a40000)]

Other Threads:
  0x0000000014997800 VMThread [stack: 0x0000000015a30000,0x0000000015b30000] [id=10548]
  0x0000000016391000 WatcherThread [stack: 0x0000000016830000,0x0000000016930000] [id=7432]

VM state:not at safepoint (normal execution)

VM Mutex/Monitor currently owned by a thread: None

Heap:
 PSYoungGen      total 28672K, used 19086K [0x00000000eab00000, 0x00000000ee300000, 0x0000000100000000)
  eden space 24576K, 61% used [0x00000000eab00000,0x00000000eb9a8c78,0x00000000ec300000)
  from space 4096K, 99% used [0x00000000ec300000,0x00000000ec6fac98,0x00000000ec700000)
  to   space 4096K, 0% used [0x00000000edf00000,0x00000000edf00000,0x00000000ee300000)
 ParOldGen       total 65536K, used 12536K [0x00000000c0000000, 0x00000000c4000000, 0x00000000eab00000)
  object space 65536K, 19% used [0x00000000c0000000,0x00000000c0c3e270,0x00000000c4000000)
 Metaspace       used 5893K, capacity 7024K, committed 7296K, reserved 1056768K
  class space    used 584K, capacity 616K, committed 640K, reserved 1048576K

Card table byte_map: [0x00000000116c0000,0x00000000118d0000] byte_map_base: 0x00000000110c0000

Marking Bits: (ParMarkBitMap*) 0x00000000634ba5b0
 Begin Bits: [0x0000000011e30000, 0x0000000012e30000)
 End Bits:   [0x0000000012e30000, 0x0000000013e30000)

Polling page: 0x00000000001f0000

CodeCache: size=245760Kb used=6151Kb max_used=6151Kb free=239608Kb
 bounds [0x0000000002300000, 0x0000000002910000, 0x0000000011300000]
 total_blobs=1716 nmethods=1454 adapters=175
 compilation: enabled

Compilation events (10 events):
Event: 3.882 Thread 0x00000000149d3000 1460       2       com.android.dx.util.ListIntSet$1::next (37 bytes)
Event: 3.882 Thread 0x00000000149d3000 nmethod 1460 0x00000000028e1810 code [0x00000000028e1980, 0x00000000028e1bb8]
Event: 3.882 Thread 0x00000000149d3000 1461 %     3       com.android.dx.ssa.SsaConverter::placePhiFunctions @ 229 (394 bytes)
Event: 3.886 Thread 0x00000000149d3000 nmethod 1461% 0x00000000028f0d10 code [0x00000000028f12a0, 0x00000000028f4958]
Event: 3.886 Thread 0x00000000149d3000 1458       2       com.android.dx.util.ListIntSet::iterator (9 bytes)
Event: 3.887 Thread 0x00000000149d3000 nmethod 1458 0x00000000028e1490 code [0x00000000028e15e0, 0x00000000028e1790]
Event: 3.892 Thread 0x00000000149d0000 nmethod 1445 0x00000000028fb650 code [0x00000000028fb800, 0x00000000028fc108]
Event: 3.892 Thread 0x00000000149d0000 1448   !   4       com.android.dx.cf.code.RopperMachine::run (1550 bytes)
Event: 3.918 Thread 0x00000000149d3000 1464       3       com.android.dx.ssa.ConstCollector::updateConstUses (248 bytes)
Event: 3.920 Thread 0x00000000149d3000 nmethod 1464 0x00000000028f8210 code [0x00000000028f8560, 0x00000000028fa4b8]

GC Heap History (6 events):
Event: 2.757 GC heap before
{Heap before GC invocations=1 (full 0):
 PSYoungGen      total 28672K, used 24576K [0x00000000eab00000, 0x00000000ecb00000, 0x0000000100000000)
  eden space 24576K, 100% used [0x00000000eab00000,0x00000000ec300000,0x00000000ec300000)
  from space 4096K, 0% used [0x00000000ec700000,0x00000000ec700000,0x00000000ecb00000)
  to   space 4096K, 0% used [0x00000000ec300000,0x00000000ec300000,0x00000000ec700000)
 ParOldGen       total 65536K, used 0K [0x00000000c0000000, 0x00000000c4000000, 0x00000000eab00000)
  object space 65536K, 0% used [0x00000000c0000000,0x00000000c0000000,0x00000000c4000000)
 Metaspace       used 5704K, capacity 6832K, committed 7040K, reserved 1056768K
  class space    used 577K, capacity 616K, committed 640K, reserved 1048576K
Event: 2.765 GC heap after
Heap after GC invocations=1 (full 0):
 PSYoungGen      total 28672K, used 4069K [0x00000000eab00000, 0x00000000ecb00000, 0x0000000100000000)
  eden space 24576K, 0% used [0x00000000eab00000,0x00000000eab00000,0x00000000ec300000)
  from space 4096K, 99% used [0x00000000ec300000,0x00000000ec6f95e8,0x00000000ec700000)
  to   space 4096K, 0% used [0x00000000ec700000,0x00000000ec700000,0x00000000ecb00000)
 ParOldGen       total 65536K, used 1275K [0x00000000c0000000, 0x00000000c4000000, 0x00000000eab00000)
  object space 65536K, 1% used [0x00000000c0000000,0x00000000c013edf8,0x00000000c4000000)
 Metaspace       used 5704K, capacity 6832K, committed 7040K, reserved 1056768K
  class space    used 577K, capacity 616K, committed 640K, reserved 1048576K
}
Event: 3.326 GC heap before
{Heap before GC invocations=2 (full 0):
 PSYoungGen      total 28672K, used 28645K [0x00000000eab00000, 0x00000000ecb00000, 0x0000000100000000)
  eden space 24576K, 100% used [0x00000000eab00000,0x00000000ec300000,0x00000000ec300000)
  from space 4096K, 99% used [0x00000000ec300000,0x00000000ec6f95e8,0x00000000ec700000)
  to   space 4096K, 0% used [0x00000000ec700000,0x00000000ec700000,0x00000000ecb00000)
 ParOldGen       total 65536K, used 1275K [0x00000000c0000000, 0x00000000c4000000, 0x00000000eab00000)
  object space 65536K, 1% used [0x00000000c0000000,0x00000000c013edf8,0x00000000c4000000)
 Metaspace       used 5843K, capacity 6960K, committed 7040K, reserved 1056768K
  class space    used 580K, capacity 616K, committed 640K, reserved 1048576K
Event: 3.342 GC heap after
Heap after GC invocations=2 (full 0):
 PSYoungGen      total 28672K, used 4074K [0x00000000eab00000, 0x00000000ee300000, 0x0000000100000000)
  eden space 24576K, 0% used [0x00000000eab00000,0x00000000eab00000,0x00000000ec300000)
  from space 4096K, 99% used [0x00000000ec700000,0x00000000ecafabf8,0x00000000ecb00000)
  to   space 4096K, 0% used [0x00000000ec300000,0x00000000ec300000,0x00000000ec700000)
 ParOldGen       total 65536K, used 4391K [0x00000000c0000000, 0x00000000c4000000, 0x00000000eab00000)
  object space 65536K, 6% used [0x00000000c0000000,0x00000000c0449ec8,0x00000000c4000000)
 Metaspace       used 5843K, capacity 6960K, committed 7040K, reserved 1056768K
  class space    used 580K, capacity 616K, committed 640K, reserved 1048576K
}
Event: 3.836 GC heap before
{Heap before GC invocations=3 (full 0):
 PSYoungGen      total 28672K, used 28650K [0x00000000eab00000, 0x00000000ee300000, 0x0000000100000000)
  eden space 24576K, 100% used [0x00000000eab00000,0x00000000ec300000,0x00000000ec300000)
  from space 4096K, 99% used [0x00000000ec700000,0x00000000ecafabf8,0x00000000ecb00000)
  to   space 4096K, 0% used [0x00000000ec300000,0x00000000ec300000,0x00000000ec700000)
 ParOldGen       total 65536K, used 4391K [0x00000000c0000000, 0x00000000c4000000, 0x00000000eab00000)
  object space 65536K, 6% used [0x00000000c0000000,0x00000000c0449ec8,0x00000000c4000000)
 Metaspace       used 5871K, capacity 6960K, committed 7040K, reserved 1056768K
  class space    used 582K, capacity 616K, committed 640K, reserved 1048576K
Event: 3.854 GC heap after
Heap after GC invocations=3 (full 0):
 PSYoungGen      total 28672K, used 4075K [0x00000000eab00000, 0x00000000ee300000, 0x0000000100000000)
  eden space 24576K, 0% used [0x00000000eab00000,0x00000000eab00000,0x00000000ec300000)
  from space 4096K, 99% used [0x00000000ec300000,0x00000000ec6fac98,0x00000000ec700000)
  to   space 4096K, 0% used [0x00000000edf00000,0x00000000edf00000,0x00000000ee300000)
 ParOldGen       total 65536K, used 12536K [0x00000000c0000000, 0x00000000c4000000, 0x00000000eab00000)
  object space 65536K, 19% used [0x00000000c0000000,0x00000000c0c3e270,0x00000000c4000000)
 Metaspace       used 5871K, capacity 6960K, committed 7040K, reserved 1056768K
  class space    used 582K, capacity 616K, committed 640K, reserved 1048576K
}

Deoptimization events (10 events):
Event: 3.011 Thread 0x0000000016589800 Uncommon trap: reason=unstable_if action=reinterpret pc=0x0000000002720938 method=com.android.dx.cf.code.Ropper.labelToResultIndex(I)I @ 34
Event: 3.011 Thread 0x0000000016589800 Uncommon trap: reason=class_check action=maybe_recompile pc=0x00000000025ed8f0 method=com.android.dx.rop.type.Type.equals(Ljava/lang/Object;)Z @ 8
Event: 3.012 Thread 0x0000000016589800 Uncommon trap: reason=class_check action=maybe_recompile pc=0x00000000025ed8f0 method=com.android.dx.rop.type.Type.equals(Ljava/lang/Object;)Z @ 8
Event: 3.611 Thread 0x0000000016462800 Uncommon trap: reason=unstable_if action=reinterpret pc=0x0000000002890760 method=com.android.dx.ssa.SCCP.simulateBranch(Lcom/android/dx/ssa/SsaInsn;)V @ 118
Event: 3.722 Thread 0x0000000016587000 Uncommon trap: reason=unstable_if action=reinterpret pc=0x000000000283053c method=com.android.dx.cf.code.ByteCatchList.listFor(I)Lcom/android/dx/cf/code/ByteCatchList; @ 19
Event: 3.723 Thread 0x0000000016587000 Uncommon trap: reason=unstable_if action=reinterpret pc=0x000000000286be58 method=com.android.dx.cf.code.BaseMachine.getLocalTarget(Z)Lcom/android/dx/rop/code/RegisterSpec; @ 131
Event: 3.723 Thread 0x0000000016587000 Uncommon trap: reason=class_check action=maybe_recompile pc=0x00000000025ed8f0 method=com.android.dx.rop.type.Type.equals(Ljava/lang/Object;)Z @ 8
Event: 3.726 Thread 0x0000000016587000 Uncommon trap: reason=class_check action=maybe_recompile pc=0x00000000025ed8f0 method=com.android.dx.rop.type.Type.equals(Ljava/lang/Object;)Z @ 8
Event: 3.727 Thread 0x0000000016587000 Uncommon trap: reason=unstable_if action=reinterpret pc=0x000000000275644c method=com.android.dx.rop.code.RegisterSpec.equals(ILcom/android/dx/rop/type/TypeBearer;Lcom/android/dx/rop/code/LocalItem;)Z @ 16
Event: 3.728 Thread 0x0000000016587000 Uncommon trap: reason=unstable_if action=reinterpret pc=0x0000000002794238 method=com.android.dx.util.LabeledList.set(ILcom/android/dx/util/LabeledItem;)V @ 16

Internal exceptions (3 events):
Event: 0.105 Thread 0x000000000093e800 Exception <a 'java/lang/NoSuchMethodError': Method sun.misc.Unsafe.defineClass(Ljava/lang/String;[BII)Ljava/lang/Class; name or signature does not match> (0x00000000eab0e488) thrown at [C:\re\workspace\8-2-build-windows-amd64-cygwin\jdk8u60\4407\hotspot\sr	0xâº?
Event: 0.105 Thread 0x000000000093e800 Exception <a 'java/lang/NoSuchMethodError': Method sun.misc.Unsafe.prefetchRead(Ljava/lang/Object;J)V name or signature does not match> (0x00000000eab0e770) thrown at [C:\re\workspace\8-2-build-windows-amd64-cygwin\jdk8u60\4407\hotspot\src\share\vm\prims\j¨b¹2µŸ@
Event: 2.703 Thread 0x00000000165a5800 Implicit null exception at 0x00000000025cf5dd to 0x00000000025d0aed

Events (10 events):
Event: 3.870 Thread 0x0000000016462800 Thread exited: 0x0000000016462800
Event: 3.870 Thread 0x00000000165a5800 Thread exited: 0x00000000165a5800
Event: 3.872 Thread 0x0000000016587000 DEOPT PACKING pc=0x00000000027f10ec sp=0x0000000016c2ecd0
Event: 3.872 Thread 0x0000000016587000 DEOPT UNPACKING pc=0x000000000234787f sp=0x0000000016c2eb18 mode 0
Event: 3.877 loading class com/android/dx/util/ListIntSet$1
Event: 3.877 loading class com/android/dx/util/ListIntSet$1 done
Event: 3.878 Executing VM operation: Deoptimize
Event: 3.878 Executing VM operation: Deoptimize done
Event: 3.918 Thread 0x0000000016587000 DEOPT PACKING pc=0x000000000281edda sp=0x0000000016c2ec60
Event: 3.918 Thread 0x0000000016587000 DEOPT UNPACKING pc=0x000000000234787f sp=0x0000000016c2e9b0 mode 0


Dynamic libraries:
0x00007ff7c6280000 - 0x00007ff7c62b7000 	C:\Program Files\Java\jdk1.8.0_60\bin\java.exe
0x00007ffe6bfd0000 - 0x00007ffe6c191000 	C:\WINDOWS\SYSTEM32\ntdll.dll
0x00007ffe6bdc0000 - 0x00007ffe6be6d000 	C:\WINDOWS\system32\KERNEL32.DLL
0x00007ffe69100000 - 0x00007ffe692e8000 	C:\WINDOWS\system32\KERNELBASE.dll
0x00007ffe69550000 - 0x00007ffe695f7000 	C:\WINDOWS\system32\ADVAPI32.dll
0x00007ffe6bf20000 - 0x00007ffe6bfbd000 	C:\WINDOWS\system32\msvcrt.dll
0x00007ffe6b4d0000 - 0x00007ffe6b52b000 	C:\WINDOWS\system32\sechost.dll
0x00007ffe69a80000 - 0x00007ffe69b9c000 	C:\WINDOWS\system32\RPCRT4.dll
0x00007ffe6b640000 - 0x00007ffe6b796000 	C:\WINDOWS\system32\USER32.dll
0x00007ffe6bc30000 - 0x00007ffe6bdb6000 	C:\WINDOWS\system32\GDI32.dll
0x00007ffe62ca0000 - 0x00007ffe62f14000 	C:\WINDOWS\WinSxS\amd64_microsoft.windows.common-controls_6595b64144ccf1df_6.0.10586.0_none_8c15ae12515e1c22\COMCTL32.dll
0x00007ffe697a0000 - 0x00007ffe69a1d000 	C:\WINDOWS\system32\combase.dll
0x00007ffe69000000 - 0x00007ffe6906a000 	C:\WINDOWS\system32\bcryptPrimitives.dll
0x00007ffe693b0000 - 0x00007ffe693eb000 	C:\WINDOWS\system32\IMM32.DLL
0x00007ffe684c0000 - 0x00007ffe684f1000 	C:\Windows\system32\nvinitx.dll
0x00007ffe684b0000 - 0x00007ffe684ba000 	C:\WINDOWS\SYSTEM32\VERSION.dll
0x00000000664d0000 - 0x00000000664d6000 	C:\Program Files\NVIDIA Corporation\CoProcManager\_etoured.dll
0x00007ffe65c30000 - 0x00007ffe65c63000 	C:\Program Files\NVIDIA Corporation\CoProcManager\nvd3d9wrapx.dll
0x00007ffe6b800000 - 0x00007ffe6bc29000 	C:\WINDOWS\system32\SETUPAPI.dll
0x00007ffe68660000 - 0x00007ffe686a3000 	C:\WINDOWS\system32\CFGMGR32.dll
0x00007ffe65a10000 - 0x00007ffe65a32000 	C:\Program Files\NVIDIA Corporation\CoProcManager\nvdxgiwrapx.dll
0x0000000063540000 - 0x0000000063612000 	C:\Program Files\Java\jdk1.8.0_60\jre\bin\msvcr100.dll
0x0000000062cb0000 - 0x0000000063539000 	C:\Program Files\Java\jdk1.8.0_60\jre\bin\server\jvm.dll
0x00007ffe6bfc0000 - 0x00007ffe6bfc8000 	C:\WINDOWS\system32\PSAPI.DLL
0x00007ffe5c700000 - 0x00007ffe5c709000 	C:\WINDOWS\SYSTEM32\WSOCK32.dll
0x00007ffe667c0000 - 0x00007ffe667e3000 	C:\WINDOWS\SYSTEM32\WINMM.dll
0x00007ffe69600000 - 0x00007ffe6966b000 	C:\WINDOWS\system32\WS2_32.dll
0x0000000000900000 - 0x000000000092c000 	C:\WINDOWS\SYSTEM32\WINMMBASE.dll
0x0000000062ca0000 - 0x0000000062caf000 	C:\Program Files\Java\jdk1.8.0_60\jre\bin\verify.dll
0x0000000062c70000 - 0x0000000062c99000 	C:\Program Files\Java\jdk1.8.0_60\jre\bin\java.dll
0x0000000062c50000 - 0x0000000062c66000 	C:\Program Files\Java\jdk1.8.0_60\jre\bin\zip.dll
0x00007ffe69ee0000 - 0x00007ffe6b43c000 	C:\WINDOWS\system32\SHELL32.dll
0x00007ffe686b0000 - 0x00007ffe68cf4000 	C:\WINDOWS\system32\windows.storage.dll
0x00007ffe6b7a0000 - 0x00007ffe6b7f2000 	C:\WINDOWS\system32\shlwapi.dll
0x00007ffe685d0000 - 0x00007ffe685df000 	C:\WINDOWS\system32\kernel.appcore.dll
0x00007ffe692f0000 - 0x00007ffe693a5000 	C:\WINDOWS\system32\shcore.dll
0x00007ffe68600000 - 0x00007ffe6864b000 	C:\WINDOWS\system32\powrprof.dll
0x00007ffe685e0000 - 0x00007ffe685f4000 	C:\WINDOWS\system32\profapi.dll

VM Arguments:
jvm_args: -Djava.awt.headless=true -Xmx1024M -Dfile.encoding=windows-1252 -Duser.country=ES -Duser.language=es -Duser.variant 
java_command: com.android.dx.command.Main --dex --force-jumbo --num-threads=4 --output C:\Users\USER\Desktop\Proyectos\cashPokerProgresive3\app\build\intermediates\pre-dexed\debug\main_c85175154d068d747973f1435a5993809e9095df.jar C:\Users\USER\Desktop\Proyectos\cashPokerProgresive3\app\build\intermediates\transforms\instantRun\debug\folders\1\5\main
java_class_path (initial): C:\Users\USER\AppData\Local\Android\sdk\build-tools\23.0.3\lib\dx.jar
Launcher Type: SUN_STANDARD

Environment Variables:
CLASSPATH=.;C:\Program Files (x86)\QuickTime\QTSystem\QTJava.zip
USERNAME=USER
OS=Windows_NT
PROCESSOR_IDENTIFIER=Intel64 Family 6 Model 58 Stepping 9, GenuineIntel



---------------  S Y S T E M  ---------------

OS: Windows 10.0 , 64 bit Build 10586 (10.0.10586.0)

CPU:total 4 (2 cores per cpu, 2 threads per core) family 6 model 58 stepping 9, cmov, cx8, fxsr, mmx, sse, sse2, sse3, ssse3, sse4.1, sse4.2, popcnt, avx, aes, clmul, erms, ht, tsc, tscinvbit, tscinv

Memory: 4k page, physical 6167652k(680084k free), swap 9308260k(6396k free)

vm_info: Java HotSpot(TM) 64-Bit Server VM (25.60-b23) for windows-amd64 JRE (1.8.0_60-b27), built on Aug  4 2015 11:06:27 by "java_re" with MS VC++ 10.0 (VS2010)

time: Wed May 18 12:18:37 2016
elapsed time: 4 seconds (0d 0h 0m 4s)

