#
# There is insufficient memory for the Java Runtime Environment to continue.
# Native memory allocation (malloc) failed to allocate 32744 bytes for ChunkPool::allocate
# Possible reasons:
#   The system is out of physical RAM or swap space
#   In 32 bit mode, the process size limit was hit
# Possible solutions:
#   Reduce memory load on the system
#   Increase physical memory or swap space
#   Check if swap backing store is full
#   Use 64 bit Java on a 64 bit OS
#   Decrease Java heap size (-Xmx/-Xms)
#   Decrease number of Java threads
#   Decrease Java thread stack sizes (-Xss)
#   Set larger code cache with -XX:ReservedCodeCacheSize=
# This output file may be truncated or incomplete.
#
#  Out of Memory Error (allocation.cpp:273), pid=8924, tid=9556
#
# JRE version: Java(TM) SE Runtime Environment (8.0_60-b27) (build 1.8.0_60-b27)
# Java VM: Java HotSpot(TM) 64-Bit Server VM (25.60-b23 mixed mode windows-amd64 compressed oops)
# Failed to write core dump. Minidumps are not enabled by default on client versions of Windows
#

---------------  T H R E A D  ---------------

Current thread (0x0000000014ac1000):  JavaThread "C2 CompilerThread0" daemon [_thread_in_native, id=9556, stack(0x0000000016110000,0x0000000016210000)]

Stack: [0x0000000016110000,0x0000000016210000]
[error occurred during error reporting (printing stack bounds), id 0xc0000005]

Native frames: (J=compiled Java code, j=interpreted, Vv=VM code, C=native code)


Current CompileTask:
C2:   3044 1267   !   4       com.android.dx.cf.code.BytecodeArray::parseInstruction (2764 bytes)


---------------  P R O C E S S  ---------------

Java Threads: ( => current thread )
  0x00000000166a2000 JavaThread "pool-2-thread-4" [_thread_in_Java, id=7468, stack(0x0000000016e10000,0x0000000016f10000)]
  0x00000000166a0800 JavaThread "pool-2-thread-3" [_thread_in_vm, id=8352, stack(0x0000000016d10000,0x0000000016e10000)]
  0x0000000016684000 JavaThread "pool-2-thread-2" [_thread_blocked, id=7992, stack(0x0000000016c10000,0x0000000016d10000)]
  0x0000000016678800 JavaThread "pool-3-thread-1" [_thread_blocked, id=4104, stack(0x0000000016b10000,0x0000000016c10000)]
  0x000000001665c000 JavaThread "pool-2-thread-1" [_thread_in_vm, id=7396, stack(0x0000000016a10000,0x0000000016b10000)]
  0x0000000014b1e000 JavaThread "Service Thread" daemon [_thread_blocked, id=9840, stack(0x0000000016810000,0x0000000016910000)]
  0x0000000014ac7800 JavaThread "C1 CompilerThread2" daemon [_thread_in_native, id=9224, stack(0x0000000016310000,0x0000000016410000)]
  0x0000000014ac3000 JavaThread "C2 CompilerThread1" daemon [_thread_in_native, id=9872, stack(0x0000000016210000,0x0000000016310000)]
=>0x0000000014ac1000 JavaThread "C2 CompilerThread0" daemon [_thread_in_native, id=9556, stack(0x0000000016110000,0x0000000016210000)]
  0x0000000014abf000 JavaThread "Attach Listener" daemon [_thread_blocked, id=9824, stack(0x0000000016010000,0x0000000016110000)]
  0x0000000014abe000 JavaThread "Signal Dispatcher" daemon [_thread_blocked, id=9864, stack(0x0000000015f10000,0x0000000016010000)]
  0x00000000023ea000 JavaThread "Finalizer" daemon [_thread_blocked, id=2908, stack(0x0000000015d10000,0x0000000015e10000)]
  0x00000000023e1000 JavaThread "Reference Handler" daemon [_thread_blocked, id=2568, stack(0x0000000015c10000,0x0000000015d10000)]
  0x0000000000a0e800 JavaThread "main" [_thread_in_Java, id=9580, stack(0x00000000021f0000,0x00000000022f0000)]

Other Threads:
  0x0000000014a87800 VMThread [stack: 0x0000000015b10000,0x0000000015c10000] [id=668]
  0x000000001642c800 WatcherThread [stack: 0x0000000016910000,0x0000000016a10000] [id=7204]

VM state:not at safepoint (normal execution)

VM Mutex/Monitor currently owned by a thread: None

Heap:
 PSYoungGen      total 28672K, used 17161K [0x00000000eab00000, 0x00000000ecb00000, 0x0000000100000000)
  eden space 24576K, 53% used [0x00000000eab00000,0x00000000eb7c46d0,0x00000000ec300000)
  from space 4096K, 99% used [0x00000000ec300000,0x00000000ec6fe0d8,0x00000000ec700000)
  to   space 4096K, 0% used [0x00000000ec700000,0x00000000ec700000,0x00000000ecb00000)
 ParOldGen       total 65536K, used 1071K [0x00000000c0000000, 0x00000000c4000000, 0x00000000eab00000)
  object space 65536K, 1% used [0x00000000c0000000,0x00000000c010be98,0x00000000c4000000)
 Metaspace       used 6035K, capacity 6960K, committed 7040K, reserved 1056768K
  class space    used 599K, capacity 616K, committed 640K, reserved 1048576K

Card table byte_map: [0x00000000117b0000,0x00000000119c0000] byte_map_base: 0x00000000111b0000

Marking Bits: (ParMarkBitMap*) 0x000000005154a5b0
 Begin Bits: [0x0000000011f20000, 0x0000000012f20000)
 End Bits:   [0x0000000012f20000, 0x0000000013f20000)

Polling page: 0x00000000001f0000

CodeCache: size=245760Kb used=5173Kb max_used=5173Kb free=240586Kb
 bounds [0x00000000023f0000, 0x0000000002910000, 0x00000000113f0000]
 total_blobs=1549 nmethods=1280 adapters=182
 compilation: enabled

Compilation events (10 events):
Event: 3.014 Thread 0x0000000014ac7800 1282       3       com.android.dx.ssa.BasicRegisterMapper::oldToNew (22 bytes)
Event: 3.014 Thread 0x0000000014ac7800 nmethod 1282 0x00000000028feb90 code [0x00000000028fed00, 0x00000000028fefe8]
Event: 3.014 Thread 0x0000000014ac7800 1284       3       com.android.dx.dex.code.RopTranslator$1::visitPlainCstInsn (64 bytes)
Event: 3.015 Thread 0x0000000014ac7800 nmethod 1284 0x00000000028ff0d0 code [0x00000000028ff260, 0x00000000028ffa30]
Event: 3.015 Thread 0x0000000014ac7800 1277       3       com.android.dx.rop.code.Rops::opConst (85 bytes)
Event: 3.015 Thread 0x0000000014ac7800 nmethod 1277 0x00000000028ffc10 code [0x00000000028ffe60, 0x0000000002900b68]
Event: 3.016 Thread 0x0000000014ac7800 1269       3       com.android.dx.rop.cst.CstNat::isClassInit (13 bytes)
Event: 3.016 Thread 0x0000000014ac7800 nmethod 1269 0x0000000002901110 code [0x0000000002901280, 0x0000000002901548]
Event: 3.016 Thread 0x0000000014ac7800 1261       1       sun.util.calendar.CalendarDate::getMonth (5 bytes)
Event: 3.016 Thread 0x0000000014ac7800 nmethod 1261 0x00000000028e8150 code [0x00000000028e82a0, 0x00000000028e83b0]

GC Heap History (2 events):
Event: 2.507 GC heap before
{Heap before GC invocations=1 (full 0):
 PSYoungGen      total 28672K, used 24576K [0x00000000eab00000, 0x00000000ecb00000, 0x0000000100000000)
  eden space 24576K, 100% used [0x00000000eab00000,0x00000000ec300000,0x00000000ec300000)
  from space 4096K, 0% used [0x00000000ec700000,0x00000000ec700000,0x00000000ecb00000)
  to   space 4096K, 0% used [0x00000000ec300000,0x00000000ec300000,0x00000000ec700000)
 ParOldGen       total 65536K, used 0K [0x00000000c0000000, 0x00000000c4000000, 0x00000000eab00000)
  object space 65536K, 0% used [0x00000000c0000000,0x00000000c0000000,0x00000000c4000000)
 Metaspace       used 5922K, capacity 6832K, committed 7040K, reserved 1056768K
  class space    used 598K, capacity 616K, committed 640K, reserved 1048576K
Event: 2.593 GC heap after
Heap after GC invocations=1 (full 0):
 PSYoungGen      total 28672K, used 4088K [0x00000000eab00000, 0x00000000ecb00000, 0x0000000100000000)
  eden space 24576K, 0% used [0x00000000eab00000,0x00000000eab00000,0x00000000ec300000)
  from space 4096K, 99% used [0x00000000ec300000,0x00000000ec6fe0d8,0x00000000ec700000)
  to   space 4096K, 0% used [0x00000000ec700000,0x00000000ec700000,0x00000000ecb00000)
 ParOldGen       total 65536K, used 1071K [0x00000000c0000000, 0x00000000c4000000, 0x00000000eab00000)
  object space 65536K, 1% used [0x00000000c0000000,0x00000000c010be98,0x00000000c4000000)
 Metaspace       used 5922K, capacity 6832K, committed 7040K, reserved 1056768K
  class space    used 598K, capacity 616K, committed 640K, reserved 1048576K
}

Deoptimization events (10 events):
Event: 2.638 Thread 0x00000000166a2000 Uncommon trap: reason=class_check action=maybe_recompile pc=0x000000000282886c method=java.util.HashMap.putVal(ILjava/lang/Object;Ljava/lang/Object;ZZ)Ljava/lang/Object; @ 203
Event: 2.638 Thread 0x00000000166a2000 Uncommon trap: reason=bimorphic action=maybe_recompile pc=0x0000000002828898 method=java.util.HashMap.putVal(ILjava/lang/Object;Ljava/lang/Object;ZZ)Ljava/lang/Object; @ 91
Event: 2.638 Thread 0x00000000166a2000 Uncommon trap: reason=bimorphic action=maybe_recompile pc=0x0000000002828898 method=java.util.HashMap.putVal(ILjava/lang/Object;Ljava/lang/Object;ZZ)Ljava/lang/Object; @ 91
Event: 2.638 Thread 0x00000000166a2000 Uncommon trap: reason=bimorphic action=maybe_recompile pc=0x000000000266557c method=java.util.HashMap.getNode(ILjava/lang/Object;)Ljava/util/HashMap$Node; @ 126
Event: 2.638 Thread 0x00000000166a2000 Uncommon trap: reason=class_check action=maybe_recompile pc=0x000000000282886c method=java.util.HashMap.putVal(ILjava/lang/Object;Ljava/lang/Object;ZZ)Ljava/lang/Object; @ 203
Event: 2.638 Thread 0x00000000166a2000 Uncommon trap: reason=bimorphic action=maybe_recompile pc=0x000000000266557c method=java.util.HashMap.getNode(ILjava/lang/Object;)Ljava/util/HashMap$Node; @ 126
Event: 2.638 Thread 0x00000000166a2000 Uncommon trap: reason=class_check action=maybe_recompile pc=0x000000000282886c method=java.util.HashMap.putVal(ILjava/lang/Object;Ljava/lang/Object;ZZ)Ljava/lang/Object; @ 203
Event: 2.638 Thread 0x00000000166a2000 Uncommon trap: reason=unstable_if action=reinterpret pc=0x00000000027a381c method=com.android.dx.rop.cst.Constant.compareTo(Lcom/android/dx/rop/cst/Constant;)I @ 12
Event: 2.638 Thread 0x00000000166a2000 Uncommon trap: reason=bimorphic action=maybe_recompile pc=0x0000000002837d84 method=java.util.HashMap.putVal(ILjava/lang/Object;Ljava/lang/Object;ZZ)Ljava/lang/Object; @ 91
Event: 2.665 Thread 0x00000000166a0800 Uncommon trap: reason=unstable_if action=reinterpret pc=0x00000000027321d0 method=com.android.dx.rop.code.RegisterSpec.equals(ILcom/android/dx/rop/type/TypeBearer;Lcom/android/dx/rop/code/LocalItem;)Z @ 42

Internal exceptions (2 events):
Event: 0.034 Thread 0x0000000000a0e800 Exception <a 'java/lang/NoSuchMethodError': Method sun.misc.Unsafe.defineClass(Ljava/lang/String;[BII)Ljava/lang/Class; name or signature does not match> (0x00000000eab0e2c0) thrown at [C:\re\workspace\8-2-build-windows-amd64-cygwin\jdk8u60\4407\hotspot\srLŽõd/¡?
Event: 0.034 Thread 0x0000000000a0e800 Exception <a 'java/lang/NoSuchMethodError': Method sun.misc.Unsafe.prefetchRead(Ljava/lang/Object;J)V name or signature does not match> (0x00000000eab0e5a8) thrown at [C:\re\workspace\8-2-build-windows-amd64-cygwin\jdk8u60\4407\hotspot\src\share\vm\prims\j

Events (10 events):
Event: 2.638 Thread 0x00000000166a2000 DEOPT UNPACKING pc=0x000000000243582a sp=0x0000000016f0eb68 mode 2
Event: 2.638 Thread 0x00000000166a2000 Uncommon trap: trap_request=0xffffff65 fr.pc=0x00000000027a381c
Event: 2.638 Thread 0x00000000166a2000 DEOPT PACKING pc=0x00000000027a381c sp=0x0000000016f0e940
Event: 2.638 Thread 0x00000000166a2000 DEOPT UNPACKING pc=0x000000000243582a sp=0x0000000016f0e8e0 mode 2
Event: 2.638 Thread 0x00000000166a2000 Uncommon trap: trap_request=0xffffffc6 fr.pc=0x0000000002837d84
Event: 2.638 Thread 0x00000000166a2000 DEOPT PACKING pc=0x0000000002837d84 sp=0x0000000016f0ec50
Event: 2.638 Thread 0x00000000166a2000 DEOPT UNPACKING pc=0x000000000243582a sp=0x0000000016f0ec08 mode 2
Event: 2.665 Thread 0x00000000166a0800 Uncommon trap: trap_request=0xffffff65 fr.pc=0x00000000027321d0
Event: 2.665 Thread 0x00000000166a0800 DEOPT PACKING pc=0x00000000027321d0 sp=0x0000000016e0ea90
Event: 2.665 Thread 0x00000000166a0800 DEOPT UNPACKING pc=0x000000000243582a sp=0x0000000016e0ea18 mode 2


Dynamic libraries:
0x00007ff6653b0000 - 0x00007ff6653e7000 	C:\Program Files\Java\jdk1.8.0_60\bin\java.exe
0x00007ff8699b0000 - 0x00007ff869b71000 	C:\WINDOWS\SYSTEM32\ntdll.dll
0x00007ff869900000 - 0x00007ff8699ad000 	C:\WINDOWS\system32\KERNEL32.DLL
0x00007ff866ba0000 - 0x00007ff866d88000 	C:\WINDOWS\system32\KERNELBASE.dll
0x00007ff8672c0000 - 0x00007ff867367000 	C:\WINDOWS\system32\ADVAPI32.dll
0x00007ff868a50000 - 0x00007ff868aed000 	C:\WINDOWS\system32\msvcrt.dll
0x00007ff8698a0000 - 0x00007ff8698fb000 	C:\WINDOWS\system32\sechost.dll
0x00007ff867160000 - 0x00007ff86727c000 	C:\WINDOWS\system32\RPCRT4.dll
0x00007ff868fe0000 - 0x00007ff869136000 	C:\WINDOWS\system32\USER32.dll
0x00007ff868d60000 - 0x00007ff868ee6000 	C:\WINDOWS\system32\GDI32.dll
0x00007ff860260000 - 0x00007ff8604d4000 	C:\WINDOWS\WinSxS\amd64_microsoft.windows.common-controls_6595b64144ccf1df_6.0.10586.0_none_8c15ae12515e1c22\COMCTL32.dll
0x00007ff866ee0000 - 0x00007ff86715d000 	C:\WINDOWS\system32\combase.dll
0x00007ff866180000 - 0x00007ff8661ea000 	C:\WINDOWS\system32\bcryptPrimitives.dll
0x00007ff867280000 - 0x00007ff8672bb000 	C:\WINDOWS\system32\IMM32.DLL
0x00007ff865ea0000 - 0x00007ff865ed1000 	C:\Windows\system32\nvinitx.dll
0x00007ff865e90000 - 0x00007ff865e9a000 	C:\WINDOWS\SYSTEM32\VERSION.dll
0x0000000054bf0000 - 0x0000000054bf6000 	C:\Program Files\NVIDIA Corporation\CoProcManager\_etoured.dll
0x00007ff863520000 - 0x00007ff863553000 	C:\Program Files\NVIDIA Corporation\CoProcManager\nvd3d9wrapx.dll
0x00007ff8693a0000 - 0x00007ff8697c9000 	C:\WINDOWS\system32\SETUPAPI.dll
0x00007ff866920000 - 0x00007ff866963000 	C:\WINDOWS\system32\CFGMGR32.dll
0x00007ff863260000 - 0x00007ff863282000 	C:\Program Files\NVIDIA Corporation\CoProcManager\nvdxgiwrapx.dll
0x00000000515d0000 - 0x00000000516a2000 	C:\Program Files\Java\jdk1.8.0_60\jre\bin\msvcr100.dll
0x0000000050d40000 - 0x00000000515c9000 	C:\Program Files\Java\jdk1.8.0_60\jre\bin\server\jvm.dll
0x00007ff869160000 - 0x00007ff869168000 	C:\WINDOWS\system32\PSAPI.DLL
0x00007ff863d30000 - 0x00007ff863d53000 	C:\WINDOWS\SYSTEM32\WINMM.dll
0x00007ff858430000 - 0x00007ff858439000 	C:\WINDOWS\SYSTEM32\WSOCK32.dll
0x00007ff8697d0000 - 0x00007ff86983b000 	C:\WINDOWS\system32\WS2_32.dll
0x00000000021c0000 - 0x00000000021ec000 	C:\WINDOWS\SYSTEM32\WINMMBASE.dll
0x0000000050d30000 - 0x0000000050d3f000 	C:\Program Files\Java\jdk1.8.0_60\jre\bin\verify.dll
0x0000000050d00000 - 0x0000000050d29000 	C:\Program Files\Java\jdk1.8.0_60\jre\bin\java.dll
0x0000000050ce0000 - 0x0000000050cf6000 	C:\Program Files\Java\jdk1.8.0_60\jre\bin\zip.dll
0x00007ff8674f0000 - 0x00007ff868a4c000 	C:\WINDOWS\system32\SHELL32.dll
0x00007ff8662d0000 - 0x00007ff866914000 	C:\WINDOWS\system32\windows.storage.dll
0x00007ff869320000 - 0x00007ff869372000 	C:\WINDOWS\system32\shlwapi.dll
0x00007ff866030000 - 0x00007ff86603f000 	C:\WINDOWS\system32\kernel.appcore.dll
0x00007ff8661f0000 - 0x00007ff8662a5000 	C:\WINDOWS\system32\shcore.dll
0x00007ff865fd0000 - 0x00007ff86601b000 	C:\WINDOWS\system32\powrprof.dll
0x00007ff865fb0000 - 0x00007ff865fc4000 	C:\WINDOWS\system32\profapi.dll

VM Arguments:
jvm_args: -Djava.awt.headless=true -Xmx1024M -Dfile.encoding=windows-1252 -Duser.country=ES -Duser.language=es -Duser.variant 
java_command: com.android.dx.command.Main --dex --force-jumbo --num-threads=4 --multi-dex --output C:\Users\USER\Desktop\Proyectos\cashPokerProgresive3\app\build\intermediates\transforms\dex\debug\folders\1000\10\com.android.support-recyclerview-v7-23.3.0_9a406736260abab255241611ae497357f8887a05 C:\Users\USER\Desktop\Proyectos\cashPokerProgresive3\app\build\intermediates\exploded-aar\com.android.support\recyclerview-v7\23.3.0\jars\classes.jar
java_class_path (initial): C:\Users\USER\AppData\Local\Android\sdk\build-tools\23.0.3\lib\dx.jar
Launcher Type: SUN_STANDARD

Environment Variables:
CLASSPATH=.;C:\Program Files (x86)\QuickTime\QTSystem\QTJava.zip
USERNAME=USER
OS=Windows_NT
PROCESSOR_IDENTIFIER=Intel64 Family 6 Model 58 Stepping 9, GenuineIntel



---------------  S Y S T E M  ---------------

OS: Windows 10.0 , 64 bit Build 10586 (10.0.10586.0)

CPU:total 4 (2 cores per cpu, 2 threads per core) family 6 model 58 stepping 9, cmov, cx8, fxsr, mmx, sse, sse2, sse3, ssse3, sse4.1, sse4.2, popcnt, avx, aes, clmul, erms, ht, tsc, tscinvbit, tscinv

Memory: 4k page, physical 6167652k(464024k free), swap 9308260k(4104k free)

vm_info: Java HotSpot(TM) 64-Bit Server VM (25.60-b23) for windows-amd64 JRE (1.8.0_60-b27), built on Aug  4 2015 11:06:27 by "java_re" with MS VC++ 10.0 (VS2010)

time: Tue Aug 30 15:58:42 2016
elapsed time: 3 seconds (0d 0h 0m 3s)

