#
# There is insufficient memory for the Java Runtime Environment to continue.
# Native memory allocation (malloc) failed to allocate 1107696 bytes for Chunk::new
# Possible reasons:
#   The system is out of physical RAM or swap space
#   In 32 bit mode, the process size limit was hit
# Possible solutions:
#   Reduce memory load on the system
#   Increase physical memory or swap space
#   Check if swap backing store is full
#   Use 64 bit Java on a 64 bit OS
#   Decrease Java heap size (-Xmx/-Xms)
#   Decrease number of Java threads
#   Decrease Java thread stack sizes (-Xss)
#   Set larger code cache with -XX:ReservedCodeCacheSize=
# This output file may be truncated or incomplete.
#
#  Out of Memory Error (allocation.cpp:390), pid=3860, tid=7416
#
# JRE version: Java(TM) SE Runtime Environment (8.0_60-b27) (build 1.8.0_60-b27)
# Java VM: Java HotSpot(TM) 64-Bit Server VM (25.60-b23 mixed mode windows-amd64 compressed oops)
# Failed to write core dump. Minidumps are not enabled by default on client versions of Windows
#

---------------  T H R E A D  ---------------

Current thread (0x000000001494c000):  JavaThread "C2 CompilerThread1" daemon [_thread_in_native, id=7416, stack(0x00000000160c0000,0x00000000161c0000)]

Stack: [0x00000000160c0000,0x00000000161c0000]
[error occurred during error reporting (printing stack bounds), id 0xc0000005]

Native frames: (J=compiled Java code, j=interpreted, Vv=VM code, C=native code)


Current CompileTask:
C2:   7939 2068   !   4       com.android.dx.cf.code.BytecodeArray::parseInstruction (2764 bytes)


---------------  P R O C E S S  ---------------

Java Threads: ( => current thread )
  0x0000000016563000 JavaThread "pool-2-thread-4" [_thread_blocked, id=4112, stack(0x0000000016cc0000,0x0000000016dc0000)]
  0x0000000016562800 JavaThread "pool-2-thread-3" [_thread_blocked, id=9264, stack(0x0000000016bc0000,0x0000000016cc0000)]
  0x0000000016561000 JavaThread "pool-2-thread-2" [_thread_blocked, id=9588, stack(0x0000000016ac0000,0x0000000016bc0000)]
  0x0000000016547800 JavaThread "pool-3-thread-1" [_thread_blocked, id=6656, stack(0x00000000169c0000,0x0000000016ac0000)]
  0x0000000016546800 JavaThread "pool-2-thread-1" [_thread_in_Java, id=5392, stack(0x00000000168c0000,0x00000000169c0000)]
  0x00000000162c2800 JavaThread "Service Thread" daemon [_thread_blocked, id=5124, stack(0x00000000166c0000,0x00000000167c0000)]
  0x0000000014956800 JavaThread "C1 CompilerThread2" daemon [_thread_blocked, id=9924, stack(0x00000000161c0000,0x00000000162c0000)]
=>0x000000001494c000 JavaThread "C2 CompilerThread1" daemon [_thread_in_native, id=7416, stack(0x00000000160c0000,0x00000000161c0000)]
  0x000000001495c000 JavaThread "C2 CompilerThread0" daemon [_thread_in_native, id=3064, stack(0x0000000015fc0000,0x00000000160c0000)]
  0x000000001495a000 JavaThread "Attach Listener" daemon [_thread_blocked, id=1304, stack(0x0000000015ec0000,0x0000000015fc0000)]
  0x0000000014959000 JavaThread "Signal Dispatcher" daemon [_thread_blocked, id=5876, stack(0x0000000015dc0000,0x0000000015ec0000)]
  0x0000000002272800 JavaThread "Finalizer" daemon [_thread_blocked, id=9304, stack(0x0000000015bc0000,0x0000000015cc0000)]
  0x000000000226f800 JavaThread "Reference Handler" daemon [_thread_blocked, id=6532, stack(0x0000000015ac0000,0x0000000015bc0000)]
  0x0000000002182800 JavaThread "main" [_thread_in_vm, id=7956, stack(0x0000000001f80000,0x0000000002080000)]

Other Threads:
  0x0000000014918800 VMThread [stack: 0x00000000159c0000,0x0000000015ac0000] [id=5696]
  0x00000000162d4800 WatcherThread [stack: 0x00000000167c0000,0x00000000168c0000] [id=3908]

VM state:not at safepoint (normal execution)

VM Mutex/Monitor currently owned by a thread: None

Heap:
 PSYoungGen      total 110592K, used 84956K [0x00000000eab00000, 0x00000000f2900000, 0x0000000100000000)
  eden space 96768K, 75% used [0x00000000eab00000,0x00000000ef24bad0,0x00000000f0980000)
  from space 13824K, 86% used [0x00000000f1880000,0x00000000f242b668,0x00000000f2600000)
  to   space 15360K, 0% used [0x00000000f0980000,0x00000000f0980000,0x00000000f1880000)
 ParOldGen       total 65536K, used 18694K [0x00000000c0000000, 0x00000000c4000000, 0x00000000eab00000)
  object space 65536K, 28% used [0x00000000c0000000,0x00000000c1241900,0x00000000c4000000)
 Metaspace       used 6436K, capacity 7216K, committed 7296K, reserved 1056768K
  class space    used 604K, capacity 616K, committed 640K, reserved 1048576K

Card table byte_map: [0x0000000011640000,0x0000000011850000] byte_map_base: 0x0000000011040000

Marking Bits: (ParMarkBitMap*) 0x0000000065c2a5b0
 Begin Bits: [0x0000000011db0000, 0x0000000012db0000)
 End Bits:   [0x0000000012db0000, 0x0000000013db0000)

Polling page: 0x00000000001f0000

CodeCache: size=245760Kb used=8853Kb max_used=8853Kb free=236906Kb
 bounds [0x0000000002280000, 0x0000000002b30000, 0x0000000011280000]
 total_blobs=2295 nmethods=2025 adapters=182
 compilation: enabled

Compilation events (10 events):
Event: 7.583 Thread 0x0000000014956800 2151       2       com.android.dx.command.dexer.Main$ClassTranslatorTask::<init> (8 bytes)
Event: 7.583 Thread 0x0000000014956800 nmethod 2151 0x0000000002b2a510 code [0x0000000002b2a660, 0x0000000002b2a7f0]
Event: 7.583 Thread 0x0000000014956800 2152       2       com.android.dx.command.dexer.Main$ClassTranslatorTask::call (5 bytes)
Event: 7.583 Thread 0x0000000014956800 nmethod 2152 0x0000000002b2a890 code [0x0000000002b2aa00, 0x0000000002b2ab88]
Event: 7.583 Thread 0x0000000014956800 2153   !   2       com.android.dx.dex.cf.CfTranslator::translate (44 bytes)
Event: 7.583 Thread 0x0000000014956800 nmethod 2153 0x0000000002b2ac50 code [0x0000000002b2ae00, 0x0000000002b2b188]
Event: 7.600 Thread 0x0000000014956800 2154       2       java.util.concurrent.locks.ReentrantLock$NonfairSync::tryAcquire (6 bytes)
Event: 7.600 Thread 0x0000000014956800 nmethod 2154 0x0000000002b2b450 code [0x0000000002b2b5c0, 0x0000000002b2b728]
Event: 7.600 Thread 0x0000000014956800 2155       2       java.util.concurrent.locks.ReentrantLock$Sync::nonfairTryAcquire (67 bytes)
Event: 7.600 Thread 0x0000000014956800 nmethod 2155 0x0000000002b2b7d0 code [0x0000000002b2b940, 0x0000000002b2bbc8]

GC Heap History (10 events):
Event: 1.695 GC heap before
{Heap before GC invocations=2 (full 0):
 PSYoungGen      total 28672K, used 28129K [0x00000000eab00000, 0x00000000ecb00000, 0x0000000100000000)
  eden space 24576K, 100% used [0x00000000eab00000,0x00000000ec300000,0x00000000ec300000)
  from space 4096K, 86% used [0x00000000ec300000,0x00000000ec678648,0x00000000ec700000)
  to   space 4096K, 0% used [0x00000000ec700000,0x00000000ec700000,0x00000000ecb00000)
 ParOldGen       total 65536K, used 8K [0x00000000c0000000, 0x00000000c4000000, 0x00000000eab00000)
  object space 65536K, 0% used [0x00000000c0000000,0x00000000c0002000,0x00000000c4000000)
 Metaspace       used 6098K, capacity 7024K, committed 7296K, reserved 1056768K
  class space    used 601K, capacity 616K, committed 640K, reserved 1048576K
Event: 1.721 GC heap after
Heap after GC invocations=2 (full 0):
 PSYoungGen      total 28672K, used 4093K [0x00000000eab00000, 0x00000000ee300000, 0x0000000100000000)
  eden space 24576K, 0% used [0x00000000eab00000,0x00000000eab00000,0x00000000ec300000)
  from space 4096K, 99% used [0x00000000ec700000,0x00000000ecaff718,0x00000000ecb00000)
  to   space 4096K, 0% used [0x00000000ec300000,0x00000000ec300000,0x00000000ec700000)
 ParOldGen       total 65536K, used 1163K [0x00000000c0000000, 0x00000000c4000000, 0x00000000eab00000)
  object space 65536K, 1% used [0x00000000c0000000,0x00000000c0122c80,0x00000000c4000000)
 Metaspace       used 6098K, capacity 7024K, committed 7296K, reserved 1056768K
  class space    used 601K, capacity 616K, committed 640K, reserved 1048576K
}
Event: 2.066 GC heap before
{Heap before GC invocations=3 (full 0):
 PSYoungGen      total 28672K, used 28669K [0x00000000eab00000, 0x00000000ee300000, 0x0000000100000000)
  eden space 24576K, 100% used [0x00000000eab00000,0x00000000ec300000,0x00000000ec300000)
  from space 4096K, 99% used [0x00000000ec700000,0x00000000ecaff718,0x00000000ecb00000)
  to   space 4096K, 0% used [0x00000000ec300000,0x00000000ec300000,0x00000000ec700000)
 ParOldGen       total 65536K, used 1163K [0x00000000c0000000, 0x00000000c4000000, 0x00000000eab00000)
  object space 65536K, 1% used [0x00000000c0000000,0x00000000c0122c80,0x00000000c4000000)
 Metaspace       used 6197K, capacity 7088K, committed 7296K, reserved 1056768K
  class space    used 603K, capacity 616K, committed 640K, reserved 1048576K
Event: 2.113 GC heap after
Heap after GC invocations=3 (full 0):
 PSYoungGen      total 28672K, used 4068K [0x00000000eab00000, 0x00000000ee300000, 0x0000000100000000)
  eden space 24576K, 0% used [0x00000000eab00000,0x00000000eab00000,0x00000000ec300000)
  from space 4096K, 99% used [0x00000000ec300000,0x00000000ec6f9358,0x00000000ec700000)
  to   space 4096K, 0% used [0x00000000edf00000,0x00000000edf00000,0x00000000ee300000)
 ParOldGen       total 65536K, used 5414K [0x00000000c0000000, 0x00000000c4000000, 0x00000000eab00000)
  object space 65536K, 8% used [0x00000000c0000000,0x00000000c0549a78,0x00000000c4000000)
 Metaspace       used 6197K, capacity 7088K, committed 7296K, reserved 1056768K
  class space    used 603K, capacity 616K, committed 640K, reserved 1048576K
}
Event: 2.390 GC heap before
{Heap before GC invocations=4 (full 0):
 PSYoungGen      total 28672K, used 28644K [0x00000000eab00000, 0x00000000ee300000, 0x0000000100000000)
  eden space 24576K, 100% used [0x00000000eab00000,0x00000000ec300000,0x00000000ec300000)
  from space 4096K, 99% used [0x00000000ec300000,0x00000000ec6f9358,0x00000000ec700000)
  to   space 4096K, 0% used [0x00000000edf00000,0x00000000edf00000,0x00000000ee300000)
 ParOldGen       total 65536K, used 5414K [0x00000000c0000000, 0x00000000c4000000, 0x00000000eab00000)
  object space 65536K, 8% used [0x00000000c0000000,0x00000000c0549a78,0x00000000c4000000)
 Metaspace       used 6228K, capacity 7088K, committed 7296K, reserved 1056768K
  class space    used 604K, capacity 616K, committed 640K, reserved 1048576K
Event: 2.471 GC heap after
Heap after GC invocations=4 (full 0):
 PSYoungGen      total 53248K, used 4077K [0x00000000eab00000, 0x00000000ee300000, 0x0000000100000000)
  eden space 49152K, 0% used [0x00000000eab00000,0x00000000eab00000,0x00000000edb00000)
  from space 4096K, 99% used [0x00000000edf00000,0x00000000ee2fb498,0x00000000ee300000)
  to   space 4096K, 0% used [0x00000000edb00000,0x00000000edb00000,0x00000000edf00000)
 ParOldGen       total 65536K, used 9846K [0x00000000c0000000, 0x00000000c4000000, 0x00000000eab00000)
  object space 65536K, 15% used [0x00000000c0000000,0x00000000c099da80,0x00000000c4000000)
 Metaspace       used 6228K, capacity 7088K, committed 7296K, reserved 1056768K
  class space    used 604K, capacity 616K, committed 640K, reserved 1048576K
}
Event: 3.499 GC heap before
{Heap before GC invocations=5 (full 0):
 PSYoungGen      total 53248K, used 53229K [0x00000000eab00000, 0x00000000ee300000, 0x0000000100000000)
  eden space 49152K, 100% used [0x00000000eab00000,0x00000000edb00000,0x00000000edb00000)
  from space 4096K, 99% used [0x00000000edf00000,0x00000000ee2fb498,0x00000000ee300000)
  to   space 4096K, 0% used [0x00000000edb00000,0x00000000edb00000,0x00000000edf00000)
 ParOldGen       total 65536K, used 10743K [0x00000000c0000000, 0x00000000c4000000, 0x00000000eab00000)
  object space 65536K, 16% used [0x00000000c0000000,0x00000000c0a7dc88,0x00000000c4000000)
 Metaspace       used 6298K, capacity 7152K, committed 7296K, reserved 1056768K
  class space    used 604K, capacity 616K, committed 640K, reserved 1048576K
Event: 3.834 GC heap after
Heap after GC invocations=5 (full 0):
 PSYoungGen      total 53248K, used 4073K [0x00000000eab00000, 0x00000000f2600000, 0x0000000100000000)
  eden space 49152K, 0% used [0x00000000eab00000,0x00000000eab00000,0x00000000edb00000)
  from space 4096K, 99% used [0x00000000edb00000,0x00000000edefa448,0x00000000edf00000)
  to   space 13824K, 0% used [0x00000000f1880000,0x00000000f1880000,0x00000000f2600000)
 ParOldGen       total 65536K, used 18689K [0x00000000c0000000, 0x00000000c4000000, 0x00000000eab00000)
  object space 65536K, 28% used [0x00000000c0000000,0x00000000c1240698,0x00000000c4000000)
 Metaspace       used 6298K, capacity 7152K, committed 7296K, reserved 1056768K
  class space    used 604K, capacity 616K, committed 640K, reserved 1048576K
}
Event: 5.694 GC heap before
{Heap before GC invocations=6 (full 0):
 PSYoungGen      total 53248K, used 53225K [0x00000000eab00000, 0x00000000f2600000, 0x0000000100000000)
  eden space 49152K, 100% used [0x00000000eab00000,0x00000000edb00000,0x00000000edb00000)
  from space 4096K, 99% used [0x00000000edb00000,0x00000000edefa448,0x00000000edf00000)
  to   space 13824K, 0% used [0x00000000f1880000,0x00000000f1880000,0x00000000f2600000)
 ParOldGen       total 65536K, used 18694K [0x00000000c0000000, 0x00000000c4000000, 0x00000000eab00000)
  object space 65536K, 28% used [0x00000000c0000000,0x00000000c1241900,0x00000000c4000000)
 Metaspace       used 6360K, capacity 7152K, committed 7296K, reserved 1056768K
  class space    used 604K, capacity 616K, committed 640K, reserved 1048576K
Event: 5.805 GC heap after
Heap after GC invocations=6 (full 0):
 PSYoungGen      total 110592K, used 11949K [0x00000000eab00000, 0x00000000f2900000, 0x0000000100000000)
  eden space 96768K, 0% used [0x00000000eab00000,0x00000000eab00000,0x00000000f0980000)
  from space 13824K, 86% used [0x00000000f1880000,0x00000000f242b668,0x00000000f2600000)
  to   space 15360K, 0% used [0x00000000f0980000,0x00000000f0980000,0x00000000f1880000)
 ParOldGen       total 65536K, used 18694K [0x00000000c0000000, 0x00000000c4000000, 0x00000000eab00000)
  object space 65536K, 28% used [0x00000000c0000000,0x00000000c1241900,0x00000000c4000000)
 Metaspace       used 6360K, capacity 7152K, committed 7296K, reserved 1056768K
  class space    used 604K, capacity 616K, committed 640K, reserved 1048576K
}

Deoptimization events (10 events):
Event: 2.226 Thread 0x0000000016546800 Uncommon trap: reason=unstable_if action=reinterpret pc=0x00000000026306dc method=com.android.dx.ssa.SsaMethod.updateOneDefinition(Lcom/android/dx/ssa/SsaInsn;Lcom/android/dx/rop/code/RegisterSpec;)V @ 4
Event: 3.283 Thread 0x0000000016561000 Uncommon trap: reason=bimorphic action=maybe_recompile pc=0x0000000002905a00 method=com.android.dx.cf.code.BytecodeArray.parseInstruction(ILcom/android/dx/cf/code/BytecodeArray$Visitor;)I @ 1501
Event: 3.284 Thread 0x0000000016561000 Uncommon trap: reason=bimorphic action=maybe_recompile pc=0x0000000002905a00 method=com.android.dx.cf.code.BytecodeArray.parseInstruction(ILcom/android/dx/cf/code/BytecodeArray$Visitor;)I @ 1501
Event: 4.424 Thread 0x0000000016546800 Uncommon trap: reason=class_check action=maybe_recompile pc=0x00000000029fab08 method=com.android.dx.cf.code.BytecodeArray.parseInstruction(ILcom/android/dx/cf/code/BytecodeArray$Visitor;)I @ 1287
Event: 4.437 Thread 0x0000000016546800 Uncommon trap: reason=class_check action=maybe_recompile pc=0x00000000029fab08 method=com.android.dx.cf.code.BytecodeArray.parseInstruction(ILcom/android/dx/cf/code/BytecodeArray$Visitor;)I @ 1287
Event: 4.463 Thread 0x0000000002182800 Uncommon trap: reason=unloaded action=reinterpret pc=0x0000000002932ec0 method=com.android.dx.cf.cst.ConstantPoolParser.parse0(ILjava/util/BitSet;)Lcom/android/dx/rop/cst/Constant; @ 220
Event: 4.467 Thread 0x0000000016563000 Uncommon trap: reason=unstable_if action=reinterpret pc=0x000000000296e630 method=com.android.dx.ssa.SCCP.simulateStmt(Lcom/android/dx/ssa/SsaInsn;)V @ 53
Event: 4.476 Thread 0x0000000016563000 Uncommon trap: reason=class_check action=maybe_recompile pc=0x000000000270dbc4 method=java.util.HashMap.putVal(ILjava/lang/Object;Ljava/lang/Object;ZZ)Ljava/lang/Object; @ 203
Event: 5.125 Thread 0x0000000016563000 Uncommon trap: reason=uninitialized action=reinterpret pc=0x00000000029fa2d4 method=com.android.dx.cf.code.BytecodeArray.parseInstruction(ILcom/android/dx/cf/code/BytecodeArray$Visitor;)I @ 1079
Event: 6.758 Thread 0x0000000002182800 Uncommon trap: reason=unstable_if action=reinterpret pc=0x000000000279412c method=com.android.dx.rop.code.LocalItem.compareHandlesNulls(Lcom/android/dx/rop/cst/CstString;Lcom/android/dx/rop/cst/CstString;)I @ 14

Internal exceptions (4 events):
Event: 0.118 Thread 0x0000000002182800 Exception <a 'java/lang/NoSuchMethodError': Method sun.misc.Unsafe.defineClass(Ljava/lang/String;[BII)Ljava/lang/Class; name or signature does not match> (0x00000000eab0e6b0) thrown at [C:\re\workspace\8-2-build-windows-amd64-cygwin\jdk8u60\4407\hotspot\sr¡zeÏA¾?
Event: 0.118 Thread 0x0000000002182800 Exception <a 'java/lang/NoSuchMethodError': Method sun.misc.Unsafe.prefetchRead(Ljava/lang/Object;J)V name or signature does not match> (0x00000000eab0e998) thrown at [C:\re\workspace\8-2-build-windows-amd64-cygwin\jdk8u60\4407\hotspot\src\share\vm\prims\j	à¡ÒÐú?
Event: 1.676 Thread 0x0000000016546800 Implicit null exception at 0x00000000025e40a2 to 0x00000000025e41a1
Event: 6.758 Thread 0x0000000002182800 Implicit null exception at 0x000000000279297d to 0x0000000002794105

Events (10 events):
Event: 7.431 Thread 0x0000000016561000 DEOPT PACKING pc=0x00000000027116b0 sp=0x0000000016bbea80
Event: 7.431 Thread 0x0000000016561000 DEOPT UNPACKING pc=0x00000000022c787f sp=0x0000000016bbe8b0 mode 0
Event: 7.462 Thread 0x0000000016563000 DEOPT PACKING pc=0x00000000025a6ffd sp=0x0000000016dbe8b0
Event: 7.462 Thread 0x0000000016563000 DEOPT UNPACKING pc=0x00000000022c787f sp=0x0000000016dbe650 mode 0
Event: 7.477 Thread 0x0000000016546800 DEOPT PACKING pc=0x00000000027116b0 sp=0x00000000169bebd0
Event: 7.477 Thread 0x0000000016546800 DEOPT UNPACKING pc=0x00000000022c787f sp=0x00000000169bea00 mode 0
Event: 7.501 Thread 0x0000000016563000 DEOPT PACKING pc=0x00000000026c1971 sp=0x0000000016dbe890
Event: 7.501 Thread 0x0000000016563000 DEOPT UNPACKING pc=0x00000000022c787f sp=0x0000000016dbe620 mode 0
Event: 7.526 Thread 0x0000000016546800 DEOPT PACKING pc=0x000000000292daf2 sp=0x00000000169bee30
Event: 7.526 Thread 0x0000000016546800 DEOPT UNPACKING pc=0x00000000022c787f sp=0x00000000169bec60 mode 0


Dynamic libraries:
0x00007ff737830000 - 0x00007ff737867000 	C:\Program Files\Java\jdk1.8.0_60\bin\java.exe
0x00007ffc30620000 - 0x00007ffc307e1000 	C:\WINDOWS\SYSTEM32\ntdll.dll
0x00007ffc30140000 - 0x00007ffc301ed000 	C:\WINDOWS\system32\KERNEL32.DLL
0x00007ffc2d0c0000 - 0x00007ffc2d2a8000 	C:\WINDOWS\system32\KERNELBASE.dll
0x00007ffc2df10000 - 0x00007ffc2dfb7000 	C:\WINDOWS\system32\ADVAPI32.dll
0x00007ffc2e3f0000 - 0x00007ffc2e48d000 	C:\WINDOWS\system32\msvcrt.dll
0x00007ffc2fb80000 - 0x00007ffc2fbdb000 	C:\WINDOWS\system32\sechost.dll
0x00007ffc2fbe0000 - 0x00007ffc2fcfc000 	C:\WINDOWS\system32\RPCRT4.dll
0x00007ffc2fa10000 - 0x00007ffc2fb66000 	C:\WINDOWS\system32\USER32.dll
0x00007ffc2ffb0000 - 0x00007ffc30136000 	C:\WINDOWS\system32\GDI32.dll
0x00007ffc278e0000 - 0x00007ffc27b54000 	C:\WINDOWS\WinSxS\amd64_microsoft.windows.common-controls_6595b64144ccf1df_6.0.10586.0_none_8c15ae12515e1c22\COMCTL32.dll
0x00007ffc30250000 - 0x00007ffc304cd000 	C:\WINDOWS\system32\combase.dll
0x00007ffc2cf10000 - 0x00007ffc2cf7a000 	C:\WINDOWS\system32\bcryptPrimitives.dll
0x00007ffc2feb0000 - 0x00007ffc2feeb000 	C:\WINDOWS\system32\IMM32.DLL
0x00007ffc2cb10000 - 0x00007ffc2cb41000 	C:\Windows\system32\nvinitx.dll
0x00007ffc2cb00000 - 0x00007ffc2cb0a000 	C:\WINDOWS\SYSTEM32\VERSION.dll
0x0000000068770000 - 0x0000000068776000 	C:\Program Files\NVIDIA Corporation\CoProcManager\_etoured.dll
0x00007ffc29bb0000 - 0x00007ffc29be3000 	C:\Program Files\NVIDIA Corporation\CoProcManager\nvd3d9wrapx.dll
0x00007ffc2dfc0000 - 0x00007ffc2e3e9000 	C:\WINDOWS\system32\SETUPAPI.dll
0x00007ffc2d9b0000 - 0x00007ffc2d9f3000 	C:\WINDOWS\system32\CFGMGR32.dll
0x00007ffc29a80000 - 0x00007ffc29aa2000 	C:\Program Files\NVIDIA Corporation\CoProcManager\nvdxgiwrapx.dll
0x0000000065cb0000 - 0x0000000065d82000 	C:\Program Files\Java\jdk1.8.0_60\jre\bin\msvcr100.dll
0x0000000065420000 - 0x0000000065ca9000 	C:\Program Files\Java\jdk1.8.0_60\jre\bin\server\jvm.dll
0x00007ffc2ffa0000 - 0x00007ffc2ffa8000 	C:\WINDOWS\system32\PSAPI.DLL
0x00007ffc21950000 - 0x00007ffc21959000 	C:\WINDOWS\SYSTEM32\WSOCK32.dll
0x00007ffc2dbc0000 - 0x00007ffc2dc2b000 	C:\WINDOWS\system32\WS2_32.dll
0x00007ffc2aca0000 - 0x00007ffc2acc3000 	C:\WINDOWS\SYSTEM32\WINMM.dll
0x00007ffc2ac70000 - 0x00007ffc2ac9c000 	C:\WINDOWS\SYSTEM32\WINMMBASE.dll
0x0000000065410000 - 0x000000006541f000 	C:\Program Files\Java\jdk1.8.0_60\jre\bin\verify.dll
0x00000000653e0000 - 0x0000000065409000 	C:\Program Files\Java\jdk1.8.0_60\jre\bin\java.dll
0x00000000653c0000 - 0x00000000653d6000 	C:\Program Files\Java\jdk1.8.0_60\jre\bin\zip.dll
0x00007ffc2e490000 - 0x00007ffc2f9ec000 	C:\WINDOWS\system32\SHELL32.dll
0x00007ffc2d360000 - 0x00007ffc2d9a4000 	C:\WINDOWS\system32\windows.storage.dll
0x00007ffc2da70000 - 0x00007ffc2dac2000 	C:\WINDOWS\system32\shlwapi.dll
0x00007ffc2cc80000 - 0x00007ffc2cc8f000 	C:\WINDOWS\system32\kernel.appcore.dll
0x0000000002080000 - 0x0000000002135000 	C:\WINDOWS\system32\shcore.dll
0x00007ffc2cc30000 - 0x00007ffc2cc7b000 	C:\WINDOWS\system32\powrprof.dll
0x00007ffc2cc90000 - 0x00007ffc2cca4000 	C:\WINDOWS\system32\profapi.dll

VM Arguments:
jvm_args: -Djava.awt.headless=true -Xmx1024M -Dfile.encoding=windows-1252 -Duser.country=ES -Duser.language=es -Duser.variant 
java_command: com.android.dx.command.Main --dex --force-jumbo --num-threads=4 --multi-dex --output C:\Users\USER\Desktop\Proyectos\cashPokerProgresive3\app\build\intermediates\transforms\dex\debug\folders\1000\10\com.android.support-support-v4-23.3.0_db429b5fb1ff99f13d532b27b3b3c879874f19c4 C:\Users\USER\Desktop\Proyectos\cashPokerProgresive3\app\build\intermediates\exploded-aar\com.android.support\support-v4\23.3.0\jars\classes.jar
java_class_path (initial): C:\Users\USER\AppData\Local\Android\sdk\build-tools\23.0.3\lib\dx.jar
Launcher Type: SUN_STANDARD

Environment Variables:
CLASSPATH=.;C:\Program Files (x86)\QuickTime\QTSystem\QTJava.zip
USERNAME=USER
OS=Windows_NT
PROCESSOR_IDENTIFIER=Intel64 Family 6 Model 58 Stepping 9, GenuineIntel



---------------  S Y S T E M  ---------------

OS: Windows 10.0 , 64 bit Build 10586 (10.0.10586.0)

CPU:total 4 (2 cores per cpu, 2 threads per core) family 6 model 58 stepping 9, cmov, cx8, fxsr, mmx, sse, sse2, sse3, ssse3, sse4.1, sse4.2, popcnt, avx, aes, clmul, erms, ht, tsc, tscinvbit, tscinv

Memory: 4k page, physical 6167652k(691592k free), swap 9308260k(5468k free)

vm_info: Java HotSpot(TM) 64-Bit Server VM (25.60-b23) for windows-amd64 JRE (1.8.0_60-b27), built on Aug  4 2015 11:06:27 by "java_re" with MS VC++ 10.0 (VS2010)

time: Fri Aug 26 18:58:18 2016
elapsed time: 7 seconds (0d 0h 0m 7s)

