#
# There is insufficient memory for the Java Runtime Environment to continue.
# Native memory allocation (malloc) failed to allocate 1424096 bytes for Chunk::new
# Possible reasons:
#   The system is out of physical RAM or swap space
#   In 32 bit mode, the process size limit was hit
# Possible solutions:
#   Reduce memory load on the system
#   Increase physical memory or swap space
#   Check if swap backing store is full
#   Use 64 bit Java on a 64 bit OS
#   Decrease Java heap size (-Xmx/-Xms)
#   Decrease number of Java threads
#   Decrease Java thread stack sizes (-Xss)
#   Set larger code cache with -XX:ReservedCodeCacheSize=
# This output file may be truncated or incomplete.
#
#  Out of Memory Error (allocation.cpp:390), pid=3272, tid=6988
#
# JRE version: Java(TM) SE Runtime Environment (8.0_60-b27) (build 1.8.0_60-b27)
# Java VM: Java HotSpot(TM) 64-Bit Server VM (25.60-b23 mixed mode windows-amd64 compressed oops)
# Failed to write core dump. Minidumps are not enabled by default on client versions of Windows
#

---------------  T H R E A D  ---------------

Current thread (0x0000000014992000):  JavaThread "C2 CompilerThread1" daemon [_thread_in_native, id=6988, stack(0x00000000160f0000,0x00000000161f0000)]

Stack: [0x00000000160f0000,0x00000000161f0000]
[error occurred during error reporting (printing stack bounds), id 0xc0000005]

Native frames: (J=compiled Java code, j=interpreted, Vv=VM code, C=native code)


Current CompileTask:
C2:   9620 1451       4       com.android.dx.dex.code.OutputFinisher::addConstants (93 bytes)


---------------  P R O C E S S  ---------------

Java Threads: ( => current thread )
  0x0000000016460000 JavaThread "pool-1-thread-1" [_thread_in_native, id=6788, stack(0x0000000019590000,0x0000000019690000)]
  0x00000000149ee000 JavaThread "Service Thread" daemon [_thread_blocked, id=9224, stack(0x00000000166f0000,0x00000000167f0000)]
  0x00000000149e8800 JavaThread "C1 CompilerThread2" daemon [_thread_blocked, id=8988, stack(0x00000000165f0000,0x00000000166f0000)]
=>0x0000000014992000 JavaThread "C2 CompilerThread1" daemon [_thread_in_native, id=6988, stack(0x00000000160f0000,0x00000000161f0000)]
  0x0000000014990000 JavaThread "C2 CompilerThread0" daemon [_thread_in_native, id=6968, stack(0x0000000015ff0000,0x00000000160f0000)]
  0x000000001498e000 JavaThread "Attach Listener" daemon [_thread_blocked, id=7384, stack(0x0000000015ef0000,0x0000000015ff0000)]
  0x000000001498d000 JavaThread "Signal Dispatcher" daemon [_thread_blocked, id=10236, stack(0x0000000015df0000,0x0000000015ef0000)]
  0x00000000022b2800 JavaThread "Finalizer" daemon [_thread_blocked, id=1468, stack(0x0000000015bf0000,0x0000000015cf0000)]
  0x00000000022af800 JavaThread "Reference Handler" daemon [_thread_blocked, id=6608, stack(0x0000000015af0000,0x0000000015bf0000)]
  0x00000000020ee800 JavaThread "main" [_thread_blocked, id=4748, stack(0x0000000001fe0000,0x00000000020e0000)]

Other Threads:
  0x0000000014957800 VMThread [stack: 0x00000000159f0000,0x0000000015af0000] [id=6624]
  0x0000000016203800 WatcherThread [stack: 0x00000000167f0000,0x00000000168f0000] [id=5876]

VM state:not at safepoint (normal execution)

VM Mutex/Monitor currently owned by a thread: None

Heap:
 PSYoungGen      total 28672K, used 22128K [0x00000000eab00000, 0x00000000ecb00000, 0x0000000100000000)
  eden space 24576K, 73% used [0x00000000eab00000,0x00000000ebca40b0,0x00000000ec300000)
  from space 4096K, 99% used [0x00000000ec700000,0x00000000ecaf8028,0x00000000ecb00000)
  to   space 4096K, 0% used [0x00000000ec300000,0x00000000ec300000,0x00000000ec700000)
 ParOldGen       total 65536K, used 3497K [0x00000000c0000000, 0x00000000c4000000, 0x00000000eab00000)
  object space 65536K, 5% used [0x00000000c0000000,0x00000000c036a758,0x00000000c4000000)
 Metaspace       used 5991K, capacity 7088K, committed 7296K, reserved 1056768K
  class space    used 590K, capacity 616K, committed 640K, reserved 1048576K

Card table byte_map: [0x0000000011680000,0x0000000011890000] byte_map_base: 0x0000000011080000

Marking Bits: (ParMarkBitMap*) 0x000000005154a5b0
 Begin Bits: [0x0000000011df0000, 0x0000000012df0000)
 End Bits:   [0x0000000012df0000, 0x0000000013df0000)

Polling page: 0x00000000001f0000

CodeCache: size=245760Kb used=6100Kb max_used=6100Kb free=239659Kb
 bounds [0x00000000022c0000, 0x00000000028c0000, 0x00000000112c0000]
 total_blobs=1753 nmethods=1492 adapters=174
 compilation: enabled

Compilation events (10 events):
Event: 9.507 Thread 0x00000000149e8800 1488       3       com.android.dx.dex.file.StringDataItem::addContents (1 bytes)
Event: 9.507 Thread 0x00000000149e8800 nmethod 1488 0x00000000028a0cd0 code [0x00000000028a0e20, 0x00000000028a0f70]
Event: 9.507 Thread 0x00000000149e8800 1483       3       com.android.dx.dex.file.StringDataItem::<init> (15 bytes)
Event: 9.508 Thread 0x00000000149e8800 nmethod 1483 0x00000000028a1010 code [0x00000000028a11c0, 0x00000000028a1848]
Event: 9.508 Thread 0x00000000149e8800 1484       3       com.android.dx.dex.file.StringDataItem::writeSize (17 bytes)
Event: 9.508 Thread 0x00000000149e8800 nmethod 1484 0x00000000028a1bd0 code [0x00000000028a1d60, 0x00000000028a22f0]
Event: 9.508 Thread 0x00000000149e8800 1485       3       com.android.dx.rop.cst.CstString::getUtf16Size (8 bytes)
Event: 9.508 Thread 0x00000000149e8800 nmethod 1485 0x00000000028a2550 code [0x00000000028a26c0, 0x00000000028a2910]
Event: 9.508 Thread 0x00000000149e8800 1487       3       com.android.dx.rop.cst.CstString::getUtf8Size (8 bytes)
Event: 9.508 Thread 0x00000000149e8800 nmethod 1487 0x00000000028a2a10 code [0x00000000028a2b60, 0x00000000028a2d50]

GC Heap History (4 events):
Event: 5.601 GC heap before
{Heap before GC invocations=1 (full 0):
 PSYoungGen      total 28672K, used 24576K [0x00000000eab00000, 0x00000000ecb00000, 0x0000000100000000)
  eden space 24576K, 100% used [0x00000000eab00000,0x00000000ec300000,0x00000000ec300000)
  from space 4096K, 0% used [0x00000000ec700000,0x00000000ec700000,0x00000000ecb00000)
  to   space 4096K, 0% used [0x00000000ec300000,0x00000000ec300000,0x00000000ec700000)
 ParOldGen       total 65536K, used 0K [0x00000000c0000000, 0x00000000c4000000, 0x00000000eab00000)
  object space 65536K, 0% used [0x00000000c0000000,0x00000000c0000000,0x00000000c4000000)
 Metaspace       used 5693K, capacity 6832K, committed 7040K, reserved 1056768K
  class space    used 580K, capacity 616K, committed 640K, reserved 1048576K
Event: 5.609 GC heap after
Heap after GC invocations=1 (full 0):
 PSYoungGen      total 28672K, used 4083K [0x00000000eab00000, 0x00000000ecb00000, 0x0000000100000000)
  eden space 24576K, 0% used [0x00000000eab00000,0x00000000eab00000,0x00000000ec300000)
  from space 4096K, 99% used [0x00000000ec300000,0x00000000ec6fcd20,0x00000000ec700000)
  to   space 4096K, 0% used [0x00000000ec700000,0x00000000ec700000,0x00000000ecb00000)
 ParOldGen       total 65536K, used 1025K [0x00000000c0000000, 0x00000000c4000000, 0x00000000eab00000)
  object space 65536K, 1% used [0x00000000c0000000,0x00000000c0100758,0x00000000c4000000)
 Metaspace       used 5693K, capacity 6832K, committed 7040K, reserved 1056768K
  class space    used 580K, capacity 616K, committed 640K, reserved 1048576K
}
Event: 6.436 GC heap before
{Heap before GC invocations=2 (full 0):
 PSYoungGen      total 28672K, used 28659K [0x00000000eab00000, 0x00000000ecb00000, 0x0000000100000000)
  eden space 24576K, 100% used [0x00000000eab00000,0x00000000ec300000,0x00000000ec300000)
  from space 4096K, 99% used [0x00000000ec300000,0x00000000ec6fcd20,0x00000000ec700000)
  to   space 4096K, 0% used [0x00000000ec700000,0x00000000ec700000,0x00000000ecb00000)
 ParOldGen       total 65536K, used 1025K [0x00000000c0000000, 0x00000000c4000000, 0x00000000eab00000)
  object space 65536K, 1% used [0x00000000c0000000,0x00000000c0100758,0x00000000c4000000)
 Metaspace       used 5840K, capacity 6960K, committed 7040K, reserved 1056768K
  class space    used 581K, capacity 616K, committed 640K, reserved 1048576K
Event: 6.624 GC heap after
Heap after GC invocations=2 (full 0):
 PSYoungGen      total 28672K, used 4064K [0x00000000eab00000, 0x00000000ecb00000, 0x0000000100000000)
  eden space 24576K, 0% used [0x00000000eab00000,0x00000000eab00000,0x00000000ec300000)
  from space 4096K, 99% used [0x00000000ec700000,0x00000000ecaf8028,0x00000000ecb00000)
  to   space 4096K, 0% used [0x00000000ec300000,0x00000000ec300000,0x00000000ec700000)
 ParOldGen       total 65536K, used 3497K [0x00000000c0000000, 0x00000000c4000000, 0x00000000eab00000)
  object space 65536K, 5% used [0x00000000c0000000,0x00000000c036a758,0x00000000c4000000)
 Metaspace       used 5840K, capacity 6960K, committed 7040K, reserved 1056768K
  class space    used 581K, capacity 616K, committed 640K, reserved 1048576K
}

Deoptimization events (10 events):
Event: 8.251 Thread 0x0000000016460000 Uncommon trap: reason=class_check action=maybe_recompile pc=0x0000000002756408 method=java.util.Arrays.hashCode([Ljava/lang/Object;)I @ 43
Event: 8.251 Thread 0x0000000016460000 Uncommon trap: reason=class_check action=maybe_recompile pc=0x0000000002756408 method=java.util.Arrays.hashCode([Ljava/lang/Object;)I @ 43
Event: 8.251 Thread 0x0000000016460000 Uncommon trap: reason=class_check action=maybe_recompile pc=0x0000000002756408 method=java.util.Arrays.hashCode([Ljava/lang/Object;)I @ 43
Event: 8.251 Thread 0x0000000016460000 Uncommon trap: reason=class_check action=maybe_recompile pc=0x0000000002755968 method=java.util.Arrays.hashCode([Ljava/lang/Object;)I @ 43
Event: 8.255 Thread 0x0000000016460000 Uncommon trap: reason=bimorphic action=maybe_recompile pc=0x0000000002657f1c method=java.util.HashMap.getNode(ILjava/lang/Object;)Ljava/util/HashMap$Node; @ 126
Event: 8.255 Thread 0x0000000016460000 Uncommon trap: reason=bimorphic action=maybe_recompile pc=0x0000000002657f1c method=java.util.HashMap.getNode(ILjava/lang/Object;)Ljava/util/HashMap$Node; @ 126
Event: 8.255 Thread 0x0000000016460000 Uncommon trap: reason=bimorphic action=maybe_recompile pc=0x0000000002657f1c method=java.util.HashMap.getNode(ILjava/lang/Object;)Ljava/util/HashMap$Node; @ 126
Event: 8.255 Thread 0x0000000016460000 Uncommon trap: reason=bimorphic action=maybe_recompile pc=0x0000000002657f1c method=java.util.HashMap.getNode(ILjava/lang/Object;)Ljava/util/HashMap$Node; @ 126
Event: 8.256 Thread 0x0000000016460000 Uncommon trap: reason=bimorphic action=maybe_recompile pc=0x00000000024d3014 method=java.util.HashMap.getNode(ILjava/lang/Object;)Ljava/util/HashMap$Node; @ 126
Event: 8.257 Thread 0x0000000016460000 Uncommon trap: reason=unstable_if action=reinterpret pc=0x00000000026e3d40 method=java.util.HashMap.putVal(ILjava/lang/Object;Ljava/lang/Object;ZZ)Ljava/lang/Object; @ 94

Internal exceptions (3 events):
Event: 0.114 Thread 0x00000000020ee800 Exception <a 'java/lang/NoSuchMethodError': Method sun.misc.Unsafe.defineClass(Ljava/lang/String;[BII)Ljava/lang/Class; name or signature does not match> (0x00000000eab0e480) thrown at [C:\re\workspace\8-2-build-windows-amd64-cygwin\jdk8u60\4407\hotspot\srHêi;!;Ω?
Event: 0.114 Thread 0x00000000020ee800 Exception <a 'java/lang/NoSuchMethodError': Method sun.misc.Unsafe.prefetchRead(Ljava/lang/Object;J)V name or signature does not match> (0x00000000eab0e768) thrown at [C:\re\workspace\8-2-build-windows-amd64-cygwin\jdk8u60\4407\hotspot\src\share\vm\prims\j+ÈFÔ¢$@
Event: 5.536 Thread 0x0000000016460000 Implicit null exception at 0x00000000026313ca to 0x000000000263331d

Events (10 events):
Event: 8.257 Thread 0x0000000016460000 DEOPT UNPACKING pc=0x000000000230582a sp=0x000000001968ed30 mode 2
Event: 8.274 loading class com/android/dx/dex/file/CatchStructs
Event: 8.274 loading class com/android/dx/dex/file/CatchStructs done
Event: 8.707 Thread 0x0000000016460000 DEOPT PACKING pc=0x00000000028690d4 sp=0x000000001968eee0
Event: 8.707 Thread 0x0000000016460000 DEOPT UNPACKING pc=0x000000000230787f sp=0x000000001968ec70 mode 0
Event: 8.715 loading class com/android/dx/dex/file/ProtoIdItem
Event: 8.715 loading class com/android/dx/dex/file/ProtoIdItem done
Event: 8.824 loading class com/android/dex/Leb128
Event: 8.824 loading class com/android/dex/Leb128 done
Event: 9.507 loading class java/util/Collections$1


Dynamic libraries:
0x00007ff6653b0000 - 0x00007ff6653e7000 	C:\Program Files\Java\jdk1.8.0_60\bin\java.exe
0x00007ff8699b0000 - 0x00007ff869b71000 	C:\WINDOWS\SYSTEM32\ntdll.dll
0x00007ff869900000 - 0x00007ff8699ad000 	C:\WINDOWS\system32\KERNEL32.DLL
0x00007ff866ba0000 - 0x00007ff866d88000 	C:\WINDOWS\system32\KERNELBASE.dll
0x00007ff8672c0000 - 0x00007ff867367000 	C:\WINDOWS\system32\ADVAPI32.dll
0x00007ff868a50000 - 0x00007ff868aed000 	C:\WINDOWS\system32\msvcrt.dll
0x00007ff8698a0000 - 0x00007ff8698fb000 	C:\WINDOWS\system32\sechost.dll
0x00007ff867160000 - 0x00007ff86727c000 	C:\WINDOWS\system32\RPCRT4.dll
0x00007ff868fe0000 - 0x00007ff869136000 	C:\WINDOWS\system32\USER32.dll
0x00007ff868d60000 - 0x00007ff868ee6000 	C:\WINDOWS\system32\GDI32.dll
0x00007ff860260000 - 0x00007ff8604d4000 	C:\WINDOWS\WinSxS\amd64_microsoft.windows.common-controls_6595b64144ccf1df_6.0.10586.0_none_8c15ae12515e1c22\COMCTL32.dll
0x00007ff866ee0000 - 0x00007ff86715d000 	C:\WINDOWS\system32\combase.dll
0x00007ff866180000 - 0x00007ff8661ea000 	C:\WINDOWS\system32\bcryptPrimitives.dll
0x00007ff867280000 - 0x00007ff8672bb000 	C:\WINDOWS\system32\IMM32.DLL
0x00007ff865ea0000 - 0x00007ff865ed1000 	C:\Windows\system32\nvinitx.dll
0x00007ff865e90000 - 0x00007ff865e9a000 	C:\WINDOWS\SYSTEM32\VERSION.dll
0x0000000054bf0000 - 0x0000000054bf6000 	C:\Program Files\NVIDIA Corporation\CoProcManager\_etoured.dll
0x00007ff863520000 - 0x00007ff863553000 	C:\Program Files\NVIDIA Corporation\CoProcManager\nvd3d9wrapx.dll
0x00007ff8693a0000 - 0x00007ff8697c9000 	C:\WINDOWS\system32\SETUPAPI.dll
0x00007ff866920000 - 0x00007ff866963000 	C:\WINDOWS\system32\CFGMGR32.dll
0x00007ff863260000 - 0x00007ff863282000 	C:\Program Files\NVIDIA Corporation\CoProcManager\nvdxgiwrapx.dll
0x00000000515d0000 - 0x00000000516a2000 	C:\Program Files\Java\jdk1.8.0_60\jre\bin\msvcr100.dll
0x0000000050d40000 - 0x00000000515c9000 	C:\Program Files\Java\jdk1.8.0_60\jre\bin\server\jvm.dll
0x00007ff869160000 - 0x00007ff869168000 	C:\WINDOWS\system32\PSAPI.DLL
0x00007ff858430000 - 0x00007ff858439000 	C:\WINDOWS\SYSTEM32\WSOCK32.dll
0x00007ff8697d0000 - 0x00007ff86983b000 	C:\WINDOWS\system32\WS2_32.dll
0x00007ff863d30000 - 0x00007ff863d53000 	C:\WINDOWS\SYSTEM32\WINMM.dll
0x00007ff863d00000 - 0x00007ff863d2c000 	C:\WINDOWS\SYSTEM32\WINMMBASE.dll
0x0000000050d30000 - 0x0000000050d3f000 	C:\Program Files\Java\jdk1.8.0_60\jre\bin\verify.dll
0x0000000050d00000 - 0x0000000050d29000 	C:\Program Files\Java\jdk1.8.0_60\jre\bin\java.dll
0x0000000050ce0000 - 0x0000000050cf6000 	C:\Program Files\Java\jdk1.8.0_60\jre\bin\zip.dll
0x00007ff8674f0000 - 0x00007ff868a4c000 	C:\WINDOWS\system32\SHELL32.dll
0x00007ff8662d0000 - 0x00007ff866914000 	C:\WINDOWS\system32\windows.storage.dll
0x00007ff869320000 - 0x00007ff869372000 	C:\WINDOWS\system32\shlwapi.dll
0x00007ff866030000 - 0x00007ff86603f000 	C:\WINDOWS\system32\kernel.appcore.dll
0x00007ff8661f0000 - 0x00007ff8662a5000 	C:\WINDOWS\system32\shcore.dll
0x00007ff865fd0000 - 0x00007ff86601b000 	C:\WINDOWS\system32\powrprof.dll
0x00007ff865fb0000 - 0x00007ff865fc4000 	C:\WINDOWS\system32\profapi.dll

VM Arguments:
jvm_args: -Djava.awt.headless=true -Xmx1024M -Dfile.encoding=windows-1252 -Duser.country=ES -Duser.language=es -Duser.variant 
java_command: com.android.dx.command.Main --dex --force-jumbo --num-threads=4 --multi-dex --output C:\Users\USER\Desktop\Proyectos\cashPokerProgresive3\app\build\intermediates\transforms\dex\debug\folders\1000\5\slice_1 C:\Users\USER\Desktop\Proyectos\cashPokerProgresive3\app\build\intermediates\transforms\instantRunSlicer\debug\folders\1\5\slice_1
java_class_path (initial): C:\Users\USER\AppData\Local\Android\sdk\build-tools\23.0.3\lib\dx.jar
Launcher Type: SUN_STANDARD

Environment Variables:
CLASSPATH=.;C:\Program Files (x86)\QuickTime\QTSystem\QTJava.zip
USERNAME=USER
OS=Windows_NT
PROCESSOR_IDENTIFIER=Intel64 Family 6 Model 58 Stepping 9, GenuineIntel



---------------  S Y S T E M  ---------------

OS: Windows 10.0 , 64 bit Build 10586 (10.0.10586.0)

CPU:total 4 (2 cores per cpu, 2 threads per core) family 6 model 58 stepping 9, cmov, cx8, fxsr, mmx, sse, sse2, sse3, ssse3, sse4.1, sse4.2, popcnt, avx, aes, clmul, erms, ht, tsc, tscinvbit, tscinv

Memory: 4k page, physical 6167652k(305244k free), swap 9308260k(5532k free)

vm_info: Java HotSpot(TM) 64-Bit Server VM (25.60-b23) for windows-amd64 JRE (1.8.0_60-b27), built on Aug  4 2015 11:06:27 by "java_re" with MS VC++ 10.0 (VS2010)

time: Tue Aug 30 16:04:09 2016
elapsed time: 9 seconds (0d 0h 0m 9s)

