#
# There is insufficient memory for the Java Runtime Environment to continue.
# Native memory allocation (malloc) failed to allocate 37424 bytes for Chunk::new
# Possible reasons:
#   The system is out of physical RAM or swap space
#   In 32 bit mode, the process size limit was hit
# Possible solutions:
#   Reduce memory load on the system
#   Increase physical memory or swap space
#   Check if swap backing store is full
#   Use 64 bit Java on a 64 bit OS
#   Decrease Java heap size (-Xmx/-Xms)
#   Decrease number of Java threads
#   Decrease Java thread stack sizes (-Xss)
#   Set larger code cache with -XX:ReservedCodeCacheSize=
# This output file may be truncated or incomplete.
#
#  Out of Memory Error (allocation.cpp:390), pid=12788, tid=8876
#
# JRE version: Java(TM) SE Runtime Environment (8.0_60-b27) (build 1.8.0_60-b27)
# Java VM: Java HotSpot(TM) 64-Bit Server VM (25.60-b23 mixed mode windows-amd64 compressed oops)
# Failed to write core dump. Minidumps are not enabled by default on client versions of Windows
#

---------------  T H R E A D  ---------------

Current thread (0x0000000014a51000):  JavaThread "C2 CompilerThread0" daemon [_thread_in_native, id=8876, stack(0x00000000160c0000,0x00000000161c0000)]

Stack: [0x00000000160c0000,0x00000000161c0000]
[error occurred during error reporting (printing stack bounds), id 0xc0000005]

Native frames: (J=compiled Java code, j=interpreted, Vv=VM code, C=native code)


Current CompileTask:
C2:    541  385       4       java.lang.String::indexOf (166 bytes)


---------------  P R O C E S S  ---------------

Java Threads: ( => current thread )
  0x0000000016632000 JavaThread "pool-2-thread-4" [_thread_in_vm, id=124, stack(0x00000000175c0000,0x00000000176c0000)]
  0x0000000016631000 JavaThread "pool-2-thread-3" [_thread_in_vm, id=12364, stack(0x00000000174c0000,0x00000000175c0000)]
  0x0000000016630000 JavaThread "pool-2-thread-2" [_thread_in_Java, id=12200, stack(0x00000000173c0000,0x00000000174c0000)]
  0x000000001662e000 JavaThread "pool-3-thread-1" [_thread_blocked, id=12180, stack(0x00000000172c0000,0x00000000173c0000)]
  0x0000000016739800 JavaThread "pool-2-thread-1" [_thread_in_Java, id=12264, stack(0x00000000171c0000,0x00000000172c0000)]
  0x00000000163e8800 JavaThread "Service Thread" daemon [_thread_blocked, id=11600, stack(0x00000000167c0000,0x00000000168c0000)]
  0x0000000014a58000 JavaThread "C1 CompilerThread2" daemon [_thread_in_native, id=12412, stack(0x00000000162c0000,0x00000000163c0000)]
  0x0000000014a53000 JavaThread "C2 CompilerThread1" daemon [_thread_blocked, id=1876, stack(0x00000000161c0000,0x00000000162c0000)]
=>0x0000000014a51000 JavaThread "C2 CompilerThread0" daemon [_thread_in_native, id=8876, stack(0x00000000160c0000,0x00000000161c0000)]
  0x0000000014a4f800 JavaThread "Attach Listener" daemon [_thread_blocked, id=8328, stack(0x0000000015fc0000,0x00000000160c0000)]
  0x0000000014a4e000 JavaThread "Signal Dispatcher" daemon [_thread_blocked, id=11832, stack(0x0000000015ec0000,0x0000000015fc0000)]
  0x000000000229a800 JavaThread "Finalizer" daemon [_thread_blocked, id=10188, stack(0x0000000015cc0000,0x0000000015dc0000)]
  0x0000000002292000 JavaThread "Reference Handler" daemon [_thread_blocked, id=2544, stack(0x0000000015bc0000,0x0000000015cc0000)]
  0x000000000237e800 JavaThread "main" [_thread_blocked, id=6124, stack(0x0000000002060000,0x0000000002160000)]

Other Threads:
  0x0000000014a17000 VMThread [stack: 0x0000000015ac0000,0x0000000015bc0000] [id=9252]
  0x0000000016404800 WatcherThread [stack: 0x00000000168c0000,0x00000000169c0000] [id=9484]

VM state:not at safepoint (normal execution)

VM Mutex/Monitor currently owned by a thread: None

Heap:
 PSYoungGen      total 28672K, used 23402K [0x00000000eab00000, 0x00000000ecb00000, 0x0000000100000000)
  eden space 24576K, 95% used [0x00000000eab00000,0x00000000ec1dab38,0x00000000ec300000)
  from space 4096K, 0% used [0x00000000ec700000,0x00000000ec700000,0x00000000ecb00000)
  to   space 4096K, 0% used [0x00000000ec300000,0x00000000ec300000,0x00000000ec700000)
 ParOldGen       total 65536K, used 0K [0x00000000c0000000, 0x00000000c4000000, 0x00000000eab00000)
  object space 65536K, 0% used [0x00000000c0000000,0x00000000c0000000,0x00000000c4000000)
 Metaspace       used 5392K, capacity 6384K, committed 6528K, reserved 1056768K
  class space    used 590K, capacity 616K, committed 640K, reserved 1048576K

Card table byte_map: [0x0000000011740000,0x0000000011950000] byte_map_base: 0x0000000011140000

Marking Bits: (ParMarkBitMap*) 0x000000007297a5b0
 Begin Bits: [0x0000000011eb0000, 0x0000000012eb0000)
 End Bits:   [0x0000000012eb0000, 0x0000000013eb0000)

Polling page: 0x00000000001f0000

CodeCache: size=245760Kb used=1982Kb max_used=1982Kb free=243777Kb
 bounds [0x0000000002380000, 0x00000000025f0000, 0x0000000011380000]
 total_blobs=693 nmethods=424 adapters=182
 compilation: enabled

Compilation events (10 events):
Event: 0.524 Thread 0x0000000014a58000 nmethod 384 0x0000000002564790 code [0x00000000025648e0, 0x00000000025649f0]
Event: 0.527 Thread 0x0000000014a51000  385       4       java.lang.String::indexOf (166 bytes)
Event: 0.528 Thread 0x0000000014a58000  386       1       com.android.dx.rop.code.BasicBlock::getSuccessors (5 bytes)
Event: 0.528 Thread 0x0000000014a58000 nmethod 386 0x00000000025644d0 code [0x0000000002564620, 0x0000000002564730]
Event: 0.528 Thread 0x0000000014a58000  387       3       com.android.dx.rop.code.BasicBlockList::get (9 bytes)
Event: 0.528 Thread 0x0000000014a58000 nmethod 387 0x0000000002563fd0 code [0x0000000002564140, 0x0000000002564428]
Event: 0.528 Thread 0x0000000014a58000  388       3       com.android.dx.util.IntList::growIfNeeded (46 bytes)
Event: 0.529 Thread 0x0000000014a58000 nmethod 388 0x0000000002563a10 code [0x0000000002563b80, 0x0000000002563ea8]
Event: 0.530 Thread 0x0000000014a58000  389       3       com.android.dx.rop.type.Type::hashCode (8 bytes)
Event: 0.530 Thread 0x0000000014a58000 nmethod 389 0x00000000025635d0 code [0x0000000002563740, 0x0000000002563948]

GC Heap History (0 events):
No events

Deoptimization events (1 events):
Event: 0.304 Thread 0x000000000237e800 Uncommon trap: reason=unstable_if action=reinterpret pc=0x00000000024db7d4 method=java.lang.String.compareTo(Ljava/lang/String;)I @ 38

Internal exceptions (2 events):
Event: 0.060 Thread 0x000000000237e800 Exception <a 'java/lang/NoSuchMethodError': Method sun.misc.Unsafe.defineClass(Ljava/lang/String;[BII)Ljava/lang/Class; name or signature does not match> (0x00000000eab0e530) thrown at [C:\re\workspace\8-2-build-windows-amd64-cygwin\jdk8u60\4407\hotspot\srк`z-во?
Event: 0.060 Thread 0x000000000237e800 Exception <a 'java/lang/NoSuchMethodError': Method sun.misc.Unsafe.prefetchRead(Ljava/lang/Object;J)V name or signature does not match> (0x00000000eab0e818) thrown at [C:\re\workspace\8-2-build-windows-amd64-cygwin\jdk8u60\4407\hotspot\src\share\vm\prims\j

Events (10 events):
Event: 0.526 loading class com/android/dx/dex/code/OddSpacer
Event: 0.526 loading class com/android/dx/dex/code/OddSpacer done
Event: 0.526 loading class com/android/dx/dex/code/ArrayData
Event: 0.526 loading class com/android/dx/dex/code/ArrayData done
Event: 0.527 loading class com/android/dx/dex/code/SwitchData
Event: 0.527 loading class com/android/dx/dex/code/SwitchData done
Event: 0.527 loading class com/android/dx/dex/code/LocalStart
Event: 0.527 loading class com/android/dx/dex/code/LocalStart done
Event: 0.528 loading class com/android/dx/dex/code/RopToDop
Event: 0.528 loading class com/android/dx/dex/code/RopToDop done


Dynamic libraries:
0x00007ff7e6d90000 - 0x00007ff7e6dc7000 	C:\Program Files\Java\jdk1.8.0_60\bin\java.exe
0x00007ff8b2cf0000 - 0x00007ff8b2eb1000 	C:\WINDOWS\SYSTEM32\ntdll.dll
0x00007ff8b1a60000 - 0x00007ff8b1b0d000 	C:\WINDOWS\system32\KERNEL32.DLL
0x00007ff8af380000 - 0x00007ff8af568000 	C:\WINDOWS\system32\KERNELBASE.dll
0x00007ff8b2850000 - 0x00007ff8b28f7000 	C:\WINDOWS\system32\ADVAPI32.dll
0x00007ff8b2680000 - 0x00007ff8b271d000 	C:\WINDOWS\system32\msvcrt.dll
0x00007ff8b1dc0000 - 0x00007ff8b1e1b000 	C:\WINDOWS\system32\sechost.dll
0x00007ff8b2b70000 - 0x00007ff8b2c8c000 	C:\WINDOWS\system32\RPCRT4.dll
0x00007ff8b1e20000 - 0x00007ff8b1f76000 	C:\WINDOWS\system32\USER32.dll
0x00007ff8b29d0000 - 0x00007ff8b2b56000 	C:\WINDOWS\system32\GDI32.dll
0x00007ff8a8bf0000 - 0x00007ff8a8e64000 	C:\WINDOWS\WinSxS\amd64_microsoft.windows.common-controls_6595b64144ccf1df_6.0.10586.0_none_8c15ae12515e1c22\COMCTL32.dll
0x00007ff8b17e0000 - 0x00007ff8b1a5d000 	C:\WINDOWS\system32\combase.dll
0x00007ff8af870000 - 0x00007ff8af8da000 	C:\WINDOWS\system32\bcryptPrimitives.dll
0x00007ff8b1d20000 - 0x00007ff8b1d5b000 	C:\WINDOWS\system32\IMM32.DLL
0x00007ff8af1e0000 - 0x00007ff8af211000 	C:\Windows\system32\nvinitx.dll
0x00007ff8af1d0000 - 0x00007ff8af1da000 	C:\WINDOWS\SYSTEM32\VERSION.dll
0x0000000075990000 - 0x0000000075996000 	C:\Program Files\NVIDIA Corporation\CoProcManager\_etoured.dll
0x00007ff8acff0000 - 0x00007ff8ad023000 	C:\Program Files\NVIDIA Corporation\CoProcManager\nvd3d9wrapx.dll
0x00007ff8b21b0000 - 0x00007ff8b25d9000 	C:\WINDOWS\system32\SETUPAPI.dll
0x00007ff8af570000 - 0x00007ff8af5b3000 	C:\WINDOWS\system32\CFGMGR32.dll
0x00007ff8acec0000 - 0x00007ff8acee2000 	C:\Program Files\NVIDIA Corporation\CoProcManager\nvdxgiwrapx.dll
0x0000000072a00000 - 0x0000000072ad2000 	C:\Program Files\Java\jdk1.8.0_60\jre\bin\msvcr100.dll
0x0000000072170000 - 0x00000000729f9000 	C:\Program Files\Java\jdk1.8.0_60\jre\bin\server\jvm.dll
0x00007ff8b1f80000 - 0x00007ff8b1f88000 	C:\WINDOWS\system32\PSAPI.DLL
0x00007ff8a3230000 - 0x00007ff8a3239000 	C:\WINDOWS\SYSTEM32\WSOCK32.dll
0x00007ff8ad8b0000 - 0x00007ff8ad8d3000 	C:\WINDOWS\SYSTEM32\WINMM.dll
0x00007ff8b25f0000 - 0x00007ff8b265b000 	C:\WINDOWS\system32\WS2_32.dll
0x00007ff8ad710000 - 0x00007ff8ad73c000 	C:\WINDOWS\SYSTEM32\WINMMBASE.dll
0x0000000072160000 - 0x000000007216f000 	C:\Program Files\Java\jdk1.8.0_60\jre\bin\verify.dll
0x0000000072130000 - 0x0000000072159000 	C:\Program Files\Java\jdk1.8.0_60\jre\bin\java.dll
0x0000000072110000 - 0x0000000072126000 	C:\Program Files\Java\jdk1.8.0_60\jre\bin\zip.dll
0x00007ff8b00d0000 - 0x00007ff8b162c000 	C:\WINDOWS\system32\SHELL32.dll
0x00007ff8afa80000 - 0x00007ff8b00c4000 	C:\WINDOWS\system32\windows.storage.dll
0x00007ff8b1d60000 - 0x00007ff8b1db2000 	C:\WINDOWS\system32\shlwapi.dll
0x00007ff8af300000 - 0x00007ff8af30f000 	C:\WINDOWS\system32\kernel.appcore.dll
0x00007ff8af7b0000 - 0x00007ff8af865000 	C:\WINDOWS\system32\shcore.dll
0x00007ff8af310000 - 0x00007ff8af35b000 	C:\WINDOWS\system32\powrprof.dll
0x00000000022a0000 - 0x00000000022b4000 	C:\WINDOWS\system32\profapi.dll

VM Arguments:
jvm_args: -Djava.awt.headless=true -Xmx1024M -Dfile.encoding=windows-1252 -Duser.country=ES -Duser.language=es -Duser.variant 
java_command: com.android.dx.command.Main --dex --force-jumbo --num-threads=4 --multi-dex --output C:\Users\USER\Desktop\Proyectos\cashPokerProgresive3\app\build\intermediates\transforms\dex\debug\folders\1000\10\com.android.support-support-v4-23.3.0_db429b5fb1ff99f13d532b27b3b3c879874f19c4 C:\Users\USER\Desktop\Proyectos\cashPokerProgresive3\app\build\intermediates\exploded-aar\com.android.support\support-v4\23.3.0\jars\classes.jar
java_class_path (initial): C:\Users\USER\AppData\Local\Android\sdk\build-tools\23.0.3\lib\dx.jar
Launcher Type: SUN_STANDARD

Environment Variables:
CLASSPATH=.;C:\Program Files (x86)\QuickTime\QTSystem\QTJava.zip
USERNAME=USER
OS=Windows_NT
PROCESSOR_IDENTIFIER=Intel64 Family 6 Model 58 Stepping 9, GenuineIntel



---------------  S Y S T E M  ---------------

OS: Windows 10.0 , 64 bit Build 10586 (10.0.10586.0)

CPU:total 4 (2 cores per cpu, 2 threads per core) family 6 model 58 stepping 9, cmov, cx8, fxsr, mmx, sse, sse2, sse3, ssse3, sse4.1, sse4.2, popcnt, avx, aes, clmul, erms, ht, tsc, tscinvbit, tscinv

Memory: 4k page, physical 6167652k(793968k free), swap 9308260k(11584k free)

vm_info: Java HotSpot(TM) 64-Bit Server VM (25.60-b23) for windows-amd64 JRE (1.8.0_60-b27), built on Aug  4 2015 11:06:27 by "java_re" with MS VC++ 10.0 (VS2010)

time: Sun Jun 05 16:29:37 2016
elapsed time: 0 seconds (0d 0h 0m 0s)

