#
# There is insufficient memory for the Java Runtime Environment to continue.
# Native memory allocation (malloc) failed to allocate 899776 bytes for Chunk::new
# Possible reasons:
#   The system is out of physical RAM or swap space
#   In 32 bit mode, the process size limit was hit
# Possible solutions:
#   Reduce memory load on the system
#   Increase physical memory or swap space
#   Check if swap backing store is full
#   Use 64 bit Java on a 64 bit OS
#   Decrease Java heap size (-Xmx/-Xms)
#   Decrease number of Java threads
#   Decrease Java thread stack sizes (-Xss)
#   Set larger code cache with -XX:ReservedCodeCacheSize=
# This output file may be truncated or incomplete.
#
#  Out of Memory Error (allocation.cpp:390), pid=11820, tid=9468
#
# JRE version: Java(TM) SE Runtime Environment (8.0_60-b27) (build 1.8.0_60-b27)
# Java VM: Java HotSpot(TM) 64-Bit Server VM (25.60-b23 mixed mode windows-amd64 compressed oops)
# Failed to write core dump. Minidumps are not enabled by default on client versions of Windows
#

---------------  T H R E A D  ---------------

Current thread (0x0000000014913800):  JavaThread "C2 CompilerThread1" daemon [_thread_in_native, id=9468, stack(0x0000000016030000,0x0000000016130000)]

Stack: [0x0000000016030000,0x0000000016130000]
[error occurred during error reporting (printing stack bounds), id 0xc0000005]

Native frames: (J=compiled Java code, j=interpreted, Vv=VM code, C=native code)


Current CompileTask:
C2:  12338 1097       4       com.android.dx.ssa.SCCP::simulateStmt (481 bytes)


---------------  P R O C E S S  ---------------

Java Threads: ( => current thread )
  0x0000000016382000 JavaThread "pool-2-thread-4" [_thread_in_Java, id=10368, stack(0x0000000016c30000,0x0000000016d30000)]
  0x0000000016381800 JavaThread "pool-2-thread-3" [_thread_in_Java, id=4772, stack(0x0000000016b30000,0x0000000016c30000)]
  0x00000000162ad800 JavaThread "pool-2-thread-2" [_thread_in_Java, id=10220, stack(0x0000000016a30000,0x0000000016b30000)]
  0x00000000162a3000 JavaThread "pool-3-thread-1" [_thread_blocked, id=8976, stack(0x0000000016930000,0x0000000016a30000)]
  0x0000000016265000 JavaThread "pool-2-thread-1" [_thread_in_Java, id=10016, stack(0x0000000016830000,0x0000000016930000)]
  0x0000000016139000 JavaThread "Service Thread" daemon [_thread_blocked, id=10640, stack(0x0000000016630000,0x0000000016730000)]
  0x0000000016138800 JavaThread "C1 CompilerThread2" daemon [_thread_blocked, id=9220, stack(0x0000000016530000,0x0000000016630000)]
=>0x0000000014913800 JavaThread "C2 CompilerThread1" daemon [_thread_in_native, id=9468, stack(0x0000000016030000,0x0000000016130000)]
  0x00000000148d0000 JavaThread "C2 CompilerThread0" daemon [_thread_in_native, id=5676, stack(0x0000000015f30000,0x0000000016030000)]
  0x00000000148ce000 JavaThread "Attach Listener" daemon [_thread_blocked, id=9872, stack(0x0000000015e30000,0x0000000015f30000)]
  0x00000000148cd000 JavaThread "Signal Dispatcher" daemon [_thread_blocked, id=5444, stack(0x0000000015d30000,0x0000000015e30000)]
  0x00000000021f2800 JavaThread "Finalizer" daemon [_thread_blocked, id=9712, stack(0x0000000015b30000,0x0000000015c30000)]
  0x00000000021ef800 JavaThread "Reference Handler" daemon [_thread_blocked, id=11692, stack(0x0000000015a30000,0x0000000015b30000)]
  0x0000000002102800 JavaThread "main" [_thread_blocked, id=1636, stack(0x0000000001fb0000,0x00000000020b0000)]

Other Threads:
  0x0000000014898800 VMThread [stack: 0x0000000015930000,0x0000000015a30000] [id=11600]
  0x000000001613b000 WatcherThread [stack: 0x0000000016730000,0x0000000016830000] [id=1676]

VM state:not at safepoint (normal execution)

VM Mutex/Monitor currently owned by a thread: None

Heap:
 PSYoungGen      total 28672K, used 11350K [0x00000000eab00000, 0x00000000ecb00000, 0x0000000100000000)
  eden space 24576K, 29% used [0x00000000eab00000,0x00000000eb219a80,0x00000000ec300000)
  from space 4096K, 99% used [0x00000000ec300000,0x00000000ec6fc048,0x00000000ec700000)
  to   space 4096K, 0% used [0x00000000ec700000,0x00000000ec700000,0x00000000ecb00000)
 ParOldGen       total 65536K, used 1714K [0x00000000c0000000, 0x00000000c4000000, 0x00000000eab00000)
  object space 65536K, 2% used [0x00000000c0000000,0x00000000c01ac970,0x00000000c4000000)
 Metaspace       used 5977K, capacity 6962K, committed 7040K, reserved 1056768K
  class space    used 604K, capacity 618K, committed 640K, reserved 1048576K

Card table byte_map: [0x00000000115c0000,0x00000000117d0000] byte_map_base: 0x0000000010fc0000

Marking Bits: (ParMarkBitMap*) 0x0000000051aba5b0
 Begin Bits: [0x0000000011d30000, 0x0000000012d30000)
 End Bits:   [0x0000000012d30000, 0x0000000013d30000)

Polling page: 0x00000000004e0000

CodeCache: size=245760Kb used=4831Kb max_used=4831Kb free=240928Kb
 bounds [0x0000000002200000, 0x00000000026c0000, 0x0000000011200000]
 total_blobs=1421 nmethods=1152 adapters=182
 compilation: enabled

Compilation events (10 events):
Event: 12.305 Thread 0x0000000016138800 1158       3       com.android.dx.cf.code.ExecutionStack::<init> (34 bytes)
Event: 12.305 Thread 0x0000000016138800 nmethod 1158 0x00000000026b8a10 code [0x00000000026b8b80, 0x00000000026b8f30]
Event: 12.305 Thread 0x0000000016138800 1160       3       com.android.dx.rop.cst.CstKnownNull::getType (4 bytes)
Event: 12.305 Thread 0x0000000016138800 nmethod 1160 0x00000000026b9050 code [0x00000000026b91a0, 0x00000000026b92f0]
Event: 12.305 Thread 0x0000000016138800 1162       3       com.android.dx.rop.code.RopMethod::<init> (53 bytes)
Event: 12.305 Thread 0x0000000016138800 nmethod 1162 0x00000000026b9390 code [0x00000000026b9520, 0x00000000026b98f8]
Event: 12.305 Thread 0x0000000016138800 1163       3       com.android.dx.ssa.LocalVariableInfo::addAssignment (43 bytes)
Event: 12.306 Thread 0x0000000016138800 nmethod 1163 0x00000000026b9a50 code [0x00000000026b9c20, 0x00000000026ba218]
Event: 12.306 Thread 0x0000000016138800 1164       3       com.android.dx.rop.code.AccessFlags::isStatic (13 bytes)
Event: 12.306 Thread 0x0000000016138800 nmethod 1164 0x00000000026ba490 code [0x00000000026ba5e0, 0x00000000026ba770]

GC Heap History (2 events):
Event: 12.207 GC heap before
{Heap before GC invocations=1 (full 0):
 PSYoungGen      total 28672K, used 24576K [0x00000000eab00000, 0x00000000ecb00000, 0x0000000100000000)
  eden space 24576K, 100% used [0x00000000eab00000,0x00000000ec300000,0x00000000ec300000)
  from space 4096K, 0% used [0x00000000ec700000,0x00000000ec700000,0x00000000ecb00000)
  to   space 4096K, 0% used [0x00000000ec300000,0x00000000ec300000,0x00000000ec700000)
 ParOldGen       total 65536K, used 0K [0x00000000c0000000, 0x00000000c4000000, 0x00000000eab00000)
  object space 65536K, 0% used [0x00000000c0000000,0x00000000c0000000,0x00000000c4000000)
 Metaspace       used 5911K, capacity 6898K, committed 7040K, reserved 1056768K
  class space    used 604K, capacity 618K, committed 640K, reserved 1048576K
Event: 12.215 GC heap after
Heap after GC invocations=1 (full 0):
 PSYoungGen      total 28672K, used 4080K [0x00000000eab00000, 0x00000000ecb00000, 0x0000000100000000)
  eden space 24576K, 0% used [0x00000000eab00000,0x00000000eab00000,0x00000000ec300000)
  from space 4096K, 99% used [0x00000000ec300000,0x00000000ec6fc048,0x00000000ec700000)
  to   space 4096K, 0% used [0x00000000ec700000,0x00000000ec700000,0x00000000ecb00000)
 ParOldGen       total 65536K, used 1714K [0x00000000c0000000, 0x00000000c4000000, 0x00000000eab00000)
  object space 65536K, 2% used [0x00000000c0000000,0x00000000c01ac970,0x00000000c4000000)
 Metaspace       used 5911K, capacity 6898K, committed 7040K, reserved 1056768K
  class space    used 604K, capacity 618K, committed 640K, reserved 1048576K
}

Deoptimization events (6 events):
Event: 11.462 Thread 0x0000000002102800 Uncommon trap: reason=unstable_if action=reinterpret pc=0x00000000023fd5fc method=java.util.HashMap.getNode(ILjava/lang/Object;)Ljava/util/HashMap$Node; @ 62
Event: 11.606 Thread 0x0000000002102800 Uncommon trap: reason=unstable_if action=reinterpret pc=0x000000000245f510 method=java.util.HashMap.getNode(ILjava/lang/Object;)Ljava/util/HashMap$Node; @ 129
Event: 12.194 Thread 0x0000000016382000 Uncommon trap: reason=unstable_if action=reinterpret pc=0x0000000002602afc method=com.android.dx.util.IntList.binarysearch(I)I @ 105
Event: 12.249 Thread 0x0000000016381800 Uncommon trap: reason=null_check action=make_not_entrant pc=0x0000000002510360 method=com.android.dx.rop.type.Type.equals(Ljava/lang/Object;)Z @ 8
Event: 12.259 Thread 0x0000000016381800 Uncommon trap: reason=unstable_if action=reinterpret pc=0x0000000002507d60 method=com.android.dx.rop.code.RegisterSpec.equals(ILcom/android/dx/rop/type/TypeBearer;Lcom/android/dx/rop/code/LocalItem;)Z @ 42
Event: 12.260 Thread 0x0000000016382000 Uncommon trap: reason=class_check action=maybe_recompile pc=0x0000000002606400 method=java.util.HashMap.putVal(ILjava/lang/Object;Ljava/lang/Object;ZZ)Ljava/lang/Object; @ 203

Internal exceptions (3 events):
Event: 0.306 Thread 0x0000000002102800 Exception <a 'java/lang/NoSuchMethodError': Method sun.misc.Unsafe.defineClass(Ljava/lang/String;[BII)Ljava/lang/Class; name or signature does not match> (0x00000000eab0e560) thrown at [C:\re\workspace\8-2-build-windows-amd64-cygwin\jdk8u60\4407\hotspot\sr)iJ O’Ó?
Event: 0.306 Thread 0x0000000002102800 Exception <a 'java/lang/NoSuchMethodError': Method sun.misc.Unsafe.prefetchRead(Ljava/lang/Object;J)V name or signature does not match> (0x00000000eab0e848) thrown at [C:\re\workspace\8-2-build-windows-amd64-cygwin\jdk8u60\4407\hotspot\src\share\vm\prims\jùa·›(@
Event: 12.249 Thread 0x0000000016381800 Implicit null exception at 0x0000000002510262 to 0x0000000002510352

Events (10 events):
Event: 12.249 Thread 0x0000000016381800 DEOPT PACKING pc=0x0000000002510360 sp=0x0000000016c2e980
Event: 12.249 Thread 0x0000000016381800 DEOPT UNPACKING pc=0x000000000224582a sp=0x0000000016c2e908 mode 2
Event: 12.259 Thread 0x0000000016381800 Uncommon trap: trap_request=0xffffff65 fr.pc=0x0000000002507d60
Event: 12.259 Thread 0x0000000016381800 DEOPT PACKING pc=0x0000000002507d60 sp=0x0000000016c2eca0
Event: 12.259 Thread 0x0000000016381800 DEOPT UNPACKING pc=0x000000000224582a sp=0x0000000016c2ec28 mode 2
Event: 12.260 Thread 0x0000000016382000 Uncommon trap: trap_request=0xffffffde fr.pc=0x0000000002606400
Event: 12.260 Thread 0x0000000016382000 DEOPT PACKING pc=0x0000000002606400 sp=0x0000000016d2ead0
Event: 12.260 Thread 0x0000000016382000 DEOPT UNPACKING pc=0x000000000224582a sp=0x0000000016d2ea58 mode 2
Event: 12.262 Thread 0x0000000016381800 DEOPT PACKING pc=0x0000000002562d8f sp=0x0000000016c2ec00
Event: 12.262 Thread 0x0000000016381800 DEOPT UNPACKING pc=0x000000000224787f sp=0x0000000016c2e9e0 mode 0


Dynamic libraries:
0x00007ff6bab00000 - 0x00007ff6bab37000 	C:\Program Files\Java\jdk1.8.0_60\bin\java.exe
0x00007ff8699b0000 - 0x00007ff869b71000 	C:\WINDOWS\SYSTEM32\ntdll.dll
0x00007ff869900000 - 0x00007ff8699ad000 	C:\WINDOWS\system32\KERNEL32.DLL
0x00007ff866ba0000 - 0x00007ff866d88000 	C:\WINDOWS\system32\KERNELBASE.dll
0x00007ff8672c0000 - 0x00007ff867367000 	C:\WINDOWS\system32\ADVAPI32.dll
0x00007ff868a50000 - 0x00007ff868aed000 	C:\WINDOWS\system32\msvcrt.dll
0x00007ff8698a0000 - 0x00007ff8698fb000 	C:\WINDOWS\system32\sechost.dll
0x00007ff867160000 - 0x00007ff86727c000 	C:\WINDOWS\system32\RPCRT4.dll
0x00007ff868fe0000 - 0x00007ff869136000 	C:\WINDOWS\system32\USER32.dll
0x00007ff868d60000 - 0x00007ff868ee6000 	C:\WINDOWS\system32\GDI32.dll
0x00007ff860260000 - 0x00007ff8604d4000 	C:\WINDOWS\WinSxS\amd64_microsoft.windows.common-controls_6595b64144ccf1df_6.0.10586.0_none_8c15ae12515e1c22\COMCTL32.dll
0x00007ff866ee0000 - 0x00007ff86715d000 	C:\WINDOWS\system32\combase.dll
0x00007ff866180000 - 0x00007ff8661ea000 	C:\WINDOWS\system32\bcryptPrimitives.dll
0x00007ff867280000 - 0x00007ff8672bb000 	C:\WINDOWS\system32\IMM32.DLL
0x00007ff865ea0000 - 0x00007ff865ed1000 	C:\Windows\system32\nvinitx.dll
0x00007ff865e90000 - 0x00007ff865e9a000 	C:\WINDOWS\SYSTEM32\VERSION.dll
0x0000000054bf0000 - 0x0000000054bf6000 	C:\Program Files\NVIDIA Corporation\CoProcManager\_etoured.dll
0x00007ff863520000 - 0x00007ff863553000 	C:\Program Files\NVIDIA Corporation\CoProcManager\nvd3d9wrapx.dll
0x00007ff8693a0000 - 0x00007ff8697c9000 	C:\WINDOWS\system32\SETUPAPI.dll
0x00007ff866920000 - 0x00007ff866963000 	C:\WINDOWS\system32\CFGMGR32.dll
0x00007ff863260000 - 0x00007ff863282000 	C:\Program Files\NVIDIA Corporation\CoProcManager\nvdxgiwrapx.dll
0x00000000522a0000 - 0x0000000052372000 	C:\Program Files\Java\jdk1.8.0_60\jre\bin\msvcr100.dll
0x00000000512b0000 - 0x0000000051b39000 	C:\Program Files\Java\jdk1.8.0_60\jre\bin\server\jvm.dll
0x00007ff869160000 - 0x00007ff869168000 	C:\WINDOWS\system32\PSAPI.DLL
0x00007ff858430000 - 0x00007ff858439000 	C:\WINDOWS\SYSTEM32\WSOCK32.dll
0x00007ff8697d0000 - 0x00007ff86983b000 	C:\WINDOWS\system32\WS2_32.dll
0x00007ff863d30000 - 0x00007ff863d53000 	C:\WINDOWS\SYSTEM32\WINMM.dll
0x00007ff863d00000 - 0x00007ff863d2c000 	C:\WINDOWS\SYSTEM32\WINMMBASE.dll
0x0000000052290000 - 0x000000005229f000 	C:\Program Files\Java\jdk1.8.0_60\jre\bin\verify.dll
0x0000000052260000 - 0x0000000052289000 	C:\Program Files\Java\jdk1.8.0_60\jre\bin\java.dll
0x0000000052240000 - 0x0000000052256000 	C:\Program Files\Java\jdk1.8.0_60\jre\bin\zip.dll
0x00007ff8674f0000 - 0x00007ff868a4c000 	C:\WINDOWS\system32\SHELL32.dll
0x00007ff8662d0000 - 0x00007ff866914000 	C:\WINDOWS\system32\windows.storage.dll
0x00007ff869320000 - 0x00007ff869372000 	C:\WINDOWS\system32\shlwapi.dll
0x00007ff866030000 - 0x00007ff86603f000 	C:\WINDOWS\system32\kernel.appcore.dll
0x00007ff8661f0000 - 0x00007ff8662a5000 	C:\WINDOWS\system32\shcore.dll
0x00007ff865fd0000 - 0x00007ff86601b000 	C:\WINDOWS\system32\powrprof.dll
0x00007ff865fb0000 - 0x00007ff865fc4000 	C:\WINDOWS\system32\profapi.dll

VM Arguments:
jvm_args: -Djava.awt.headless=true -Xmx1024M -Dfile.encoding=windows-1252 -Duser.country=ES -Duser.language=es -Duser.variant 
java_command: com.android.dx.command.Main --dex --force-jumbo --num-threads=4 --multi-dex --output C:\Users\USER\Desktop\Proyectos\cashPokerProgresive3\app\build\intermediates\transforms\dex\debug\folders\1000\10\com.android.support-support-vector-drawable-23.3.0_2daaa299f6715d9a10e24a886bff321a64802aa0 C:\Users\USER\Desktop\Proyectos\cashPokerProgresive3\app\build\intermediates\exploded-aar\com.android.support\support-vector-drawable\23.3.0\jars\classes.jar
java_class_path (initial): C:\Users\USER\AppData\Local\Android\sdk\build-tools\23.0.3\lib\dx.jar
Launcher Type: SUN_STANDARD

Environment Variables:
CLASSPATH=.;C:\Program Files (x86)\QuickTime\QTSystem\QTJava.zip
USERNAME=USER
OS=Windows_NT
PROCESSOR_IDENTIFIER=Intel64 Family 6 Model 58 Stepping 9, GenuineIntel



---------------  S Y S T E M  ---------------

OS: Windows 10.0 , 64 bit Build 10586 (10.0.10586.0)

CPU:total 4 (2 cores per cpu, 2 threads per core) family 6 model 58 stepping 9, cmov, cx8, fxsr, mmx, sse, sse2, sse3, ssse3, sse4.1, sse4.2, popcnt, avx, aes, clmul, erms, ht, tsc, tscinvbit, tscinv

Memory: 4k page, physical 6167652k(279464k free), swap 9308260k(5704k free)

vm_info: Java HotSpot(TM) 64-Bit Server VM (25.60-b23) for windows-amd64 JRE (1.8.0_60-b27), built on Aug  4 2015 11:06:27 by "java_re" with MS VC++ 10.0 (VS2010)

time: Wed Aug 31 22:57:39 2016
elapsed time: 12 seconds (0d 0h 0m 12s)

