#
# There is insufficient memory for the Java Runtime Environment to continue.
# Native memory allocation (malloc) failed to allocate 40976 bytes for Chunk::new
# Possible reasons:
#   The system is out of physical RAM or swap space
#   In 32 bit mode, the process size limit was hit
# Possible solutions:
#   Reduce memory load on the system
#   Increase physical memory or swap space
#   Check if swap backing store is full
#   Use 64 bit Java on a 64 bit OS
#   Decrease Java heap size (-Xmx/-Xms)
#   Decrease number of Java threads
#   Decrease Java thread stack sizes (-Xss)
#   Set larger code cache with -XX:ReservedCodeCacheSize=
# This output file may be truncated or incomplete.
#
#  Out of Memory Error (allocation.cpp:390), pid=8028, tid=8332
#
# JRE version: Java(TM) SE Runtime Environment (8.0_60-b27) (build 1.8.0_60-b27)
# Java VM: Java HotSpot(TM) 64-Bit Server VM (25.60-b23 mixed mode windows-amd64 compressed oops)
# Failed to write core dump. Minidumps are not enabled by default on client versions of Windows
#

---------------  T H R E A D  ---------------

Current thread (0x0000000014ac6000):  JavaThread "C1 CompilerThread2" daemon [_thread_in_native, id=8332, stack(0x0000000016300000,0x0000000016400000)]

Stack: [0x0000000016300000,0x0000000016400000]
[error occurred during error reporting (printing stack bounds), id 0xc0000005]

Native frames: (J=compiled Java code, j=interpreted, Vv=VM code, C=native code)


Current CompileTask:
C1:  11511  300   !   3       com.android.dx.cf.code.BytecodeArray::parseInstruction (2764 bytes)


---------------  P R O C E S S  ---------------

Java Threads: ( => current thread )
  0x0000000016718000 JavaThread "pool-2-thread-4" [_thread_in_native, id=8984, stack(0x0000000016e00000,0x0000000016f00000)]
  0x000000001668d800 JavaThread "pool-2-thread-3" [_thread_blocked, id=9732, stack(0x0000000016d00000,0x0000000016e00000)]
  0x0000000016680000 JavaThread "pool-2-thread-2" [_thread_blocked, id=9664, stack(0x0000000016c00000,0x0000000016d00000)]
  0x0000000016665000 JavaThread "pool-3-thread-1" [_thread_blocked, id=3980, stack(0x0000000016b00000,0x0000000016c00000)]
  0x0000000016648000 JavaThread "pool-2-thread-1" [_thread_blocked, id=1444, stack(0x0000000016a00000,0x0000000016b00000)]
  0x0000000014ae8800 JavaThread "Service Thread" daemon [_thread_blocked, id=2236, stack(0x0000000016400000,0x0000000016500000)]
=>0x0000000014ac6000 JavaThread "C1 CompilerThread2" daemon [_thread_in_native, id=8332, stack(0x0000000016300000,0x0000000016400000)]
  0x0000000014abe000 JavaThread "C2 CompilerThread1" daemon [_thread_blocked, id=9676, stack(0x0000000016200000,0x0000000016300000)]
  0x0000000014aa0000 JavaThread "C2 CompilerThread0" daemon [_thread_blocked, id=5116, stack(0x0000000016100000,0x0000000016200000)]
  0x0000000014a9e800 JavaThread "Attach Listener" daemon [_thread_blocked, id=4040, stack(0x0000000016000000,0x0000000016100000)]
  0x0000000014a9d000 JavaThread "Signal Dispatcher" daemon [_thread_blocked, id=4860, stack(0x0000000015f00000,0x0000000016000000)]
  0x00000000023c8000 JavaThread "Finalizer" daemon [_thread_blocked, id=1468, stack(0x0000000015d00000,0x0000000015e00000)]
  0x00000000023bf800 JavaThread "Reference Handler" daemon [_thread_blocked, id=9836, stack(0x0000000015c00000,0x0000000015d00000)]
  0x000000000097e800 JavaThread "main" [_thread_blocked, id=6064, stack(0x00000000020f0000,0x00000000021f0000)]

Other Threads:
  0x0000000014a67800 VMThread [stack: 0x0000000015b00000,0x0000000015c00000] [id=7388]
  0x0000000016529000 WatcherThread [stack: 0x0000000016900000,0x0000000016a00000] [id=6888]

VM state:not at safepoint (normal execution)

VM Mutex/Monitor currently owned by a thread: None

Heap:
 PSYoungGen      total 28672K, used 8868K [0x00000000eab00000, 0x00000000ecb00000, 0x0000000100000000)
  eden space 24576K, 36% used [0x00000000eab00000,0x00000000eb3a91e0,0x00000000ec300000)
  from space 4096K, 0% used [0x00000000ec700000,0x00000000ec700000,0x00000000ecb00000)
  to   space 4096K, 0% used [0x00000000ec300000,0x00000000ec300000,0x00000000ec700000)
 ParOldGen       total 65536K, used 0K [0x00000000c0000000, 0x00000000c4000000, 0x00000000eab00000)
  object space 65536K, 0% used [0x00000000c0000000,0x00000000c0000000,0x00000000c4000000)
 Metaspace       used 4474K, capacity 5744K, committed 6016K, reserved 1056768K
  class space    used 491K, capacity 552K, committed 640K, reserved 1048576K

Card table byte_map: [0x0000000011790000,0x00000000119a0000] byte_map_base: 0x0000000011190000

Marking Bits: (ParMarkBitMap*) 0x000000005154a5b0
 Begin Bits: [0x0000000011f00000, 0x0000000012f00000)
 End Bits:   [0x0000000012f00000, 0x0000000013f00000)

Polling page: 0x00000000001f0000

CodeCache: size=245760Kb used=1780Kb max_used=1792Kb free=243979Kb
 bounds [0x00000000023d0000, 0x0000000002640000, 0x00000000113d0000]
 total_blobs=560 nmethods=303 adapters=170
 compilation: enabled

Compilation events (10 events):
Event: 11.473 Thread 0x0000000014ac6000  303       3       com.android.dx.rop.type.Type::getCategory (36 bytes)
Event: 11.473 Thread 0x0000000014ac6000 nmethod 303 0x000000000258d990 code [0x000000000258dae0, 0x000000000258dc50]
Event: 11.473 Thread 0x0000000014ac6000  305       3       java.util.ArrayList$Itr::hasNext (20 bytes)
Event: 11.473 Thread 0x0000000014aa0000 nmethod 304 0x000000000258f450 code [0x000000000258f580, 0x000000000258f5f8]
Event: 11.473 Thread 0x0000000014ac6000 nmethod 305 0x000000000258d590 code [0x000000000258d700, 0x000000000258d8d0]
Event: 11.473 Thread 0x0000000014ac6000  300   !   3       com.android.dx.cf.code.BytecodeArray::parseInstruction (2764 bytes)
Event: 11.476 Thread 0x0000000014aa0000  316       4       java.lang.String::replace (127 bytes)
Event: 11.480 Thread 0x0000000014abe000  319       4       java.util.ArrayList::get (11 bytes)
Event: 11.481 Thread 0x0000000014abe000 nmethod 319 0x000000000258d290 code [0x000000000258d3c0, 0x000000000258d478]
Event: 11.487 Thread 0x0000000014aa0000 nmethod 316 0x000000000258cad0 code [0x000000000258cc20, 0x000000000258d0b8]

GC Heap History (0 events):
No events

Deoptimization events (1 events):
Event: 11.154 Thread 0x000000000097e800 Uncommon trap: reason=unstable_if action=reinterpret pc=0x0000000002552d10 method=java.lang.String.<init>([CII)V @ 18

Internal exceptions (2 events):
Event: 1.314 Thread 0x000000000097e800 Exception <a 'java/lang/NoSuchMethodError': Method sun.misc.Unsafe.defineClass(Ljava/lang/String;[BII)Ljava/lang/Class; name or signature does not match> (0x00000000eab0e480) thrown at [C:\re\workspace\8-2-build-windows-amd64-cygwin\jdk8u60\4407\hotspot\sr`ƒüÃõ?
Event: 1.314 Thread 0x000000000097e800 Exception <a 'java/lang/NoSuchMethodError': Method sun.misc.Unsafe.prefetchRead(Ljava/lang/Object;J)V name or signature does not match> (0x00000000eab0e768) thrown at [C:\re\workspace\8-2-build-windows-amd64-cygwin\jdk8u60\4407\hotspot\src\share\vm\prims\j

Events (10 events):
Event: 11.478 loading class com/android/dx/ssa/Optimizer done
Event: 11.478 Executing VM operation: RevokeBias
Event: 11.478 Executing VM operation: RevokeBias done
Event: 11.479 loading class com/android/dx/ssa/Optimizer$OptionalStep
Event: 11.479 loading class com/android/dx/ssa/Optimizer$OptionalStep done
Event: 11.479 loading class java/util/EnumSet
Event: 11.482 Executing VM operation: RevokeBias
Event: 11.482 Executing VM operation: RevokeBias done
Event: 11.494 loading class java/util/EnumSet done
Event: 11.494 loading class java/lang/Class$4


Dynamic libraries:
0x00007ff6653b0000 - 0x00007ff6653e7000 	C:\Program Files\Java\jdk1.8.0_60\bin\java.exe
0x00007ff8699b0000 - 0x00007ff869b71000 	C:\WINDOWS\SYSTEM32\ntdll.dll
0x00007ff869900000 - 0x00007ff8699ad000 	C:\WINDOWS\system32\KERNEL32.DLL
0x00007ff866ba0000 - 0x00007ff866d88000 	C:\WINDOWS\system32\KERNELBASE.dll
0x00007ff8672c0000 - 0x00007ff867367000 	C:\WINDOWS\system32\ADVAPI32.dll
0x00007ff868a50000 - 0x00007ff868aed000 	C:\WINDOWS\system32\msvcrt.dll
0x00007ff8698a0000 - 0x00007ff8698fb000 	C:\WINDOWS\system32\sechost.dll
0x00007ff867160000 - 0x00007ff86727c000 	C:\WINDOWS\system32\RPCRT4.dll
0x00007ff868fe0000 - 0x00007ff869136000 	C:\WINDOWS\system32\USER32.dll
0x00007ff868d60000 - 0x00007ff868ee6000 	C:\WINDOWS\system32\GDI32.dll
0x00007ff860260000 - 0x00007ff8604d4000 	C:\WINDOWS\WinSxS\amd64_microsoft.windows.common-controls_6595b64144ccf1df_6.0.10586.0_none_8c15ae12515e1c22\COMCTL32.dll
0x00007ff866ee0000 - 0x00007ff86715d000 	C:\WINDOWS\system32\combase.dll
0x00007ff866180000 - 0x00007ff8661ea000 	C:\WINDOWS\system32\bcryptPrimitives.dll
0x00007ff867280000 - 0x00007ff8672bb000 	C:\WINDOWS\system32\IMM32.DLL
0x00007ff865ea0000 - 0x00007ff865ed1000 	C:\Windows\system32\nvinitx.dll
0x00007ff865e90000 - 0x00007ff865e9a000 	C:\WINDOWS\SYSTEM32\VERSION.dll
0x0000000054bf0000 - 0x0000000054bf6000 	C:\Program Files\NVIDIA Corporation\CoProcManager\_etoured.dll
0x00007ff863520000 - 0x00007ff863553000 	C:\Program Files\NVIDIA Corporation\CoProcManager\nvd3d9wrapx.dll
0x00007ff8693a0000 - 0x00007ff8697c9000 	C:\WINDOWS\system32\SETUPAPI.dll
0x00007ff866920000 - 0x00007ff866963000 	C:\WINDOWS\system32\CFGMGR32.dll
0x00007ff863260000 - 0x00007ff863282000 	C:\Program Files\NVIDIA Corporation\CoProcManager\nvdxgiwrapx.dll
0x00000000515d0000 - 0x00000000516a2000 	C:\Program Files\Java\jdk1.8.0_60\jre\bin\msvcr100.dll
0x0000000050d40000 - 0x00000000515c9000 	C:\Program Files\Java\jdk1.8.0_60\jre\bin\server\jvm.dll
0x00007ff869160000 - 0x00007ff869168000 	C:\WINDOWS\system32\PSAPI.DLL
0x00007ff858430000 - 0x00007ff858439000 	C:\WINDOWS\SYSTEM32\WSOCK32.dll
0x00007ff8697d0000 - 0x00007ff86983b000 	C:\WINDOWS\system32\WS2_32.dll
0x00007ff863d30000 - 0x00007ff863d53000 	C:\WINDOWS\SYSTEM32\WINMM.dll
0x00007ff863d00000 - 0x00007ff863d2c000 	C:\WINDOWS\SYSTEM32\WINMMBASE.dll
0x0000000050d30000 - 0x0000000050d3f000 	C:\Program Files\Java\jdk1.8.0_60\jre\bin\verify.dll
0x0000000050d00000 - 0x0000000050d29000 	C:\Program Files\Java\jdk1.8.0_60\jre\bin\java.dll
0x0000000050ce0000 - 0x0000000050cf6000 	C:\Program Files\Java\jdk1.8.0_60\jre\bin\zip.dll
0x00007ff8674f0000 - 0x00007ff868a4c000 	C:\WINDOWS\system32\SHELL32.dll
0x00007ff8662d0000 - 0x00007ff866914000 	C:\WINDOWS\system32\windows.storage.dll
0x00007ff869320000 - 0x00007ff869372000 	C:\WINDOWS\system32\shlwapi.dll
0x00007ff866030000 - 0x00007ff86603f000 	C:\WINDOWS\system32\kernel.appcore.dll
0x00007ff8661f0000 - 0x00007ff8662a5000 	C:\WINDOWS\system32\shcore.dll
0x00007ff865fd0000 - 0x00007ff86601b000 	C:\WINDOWS\system32\powrprof.dll
0x00007ff865fb0000 - 0x00007ff865fc4000 	C:\WINDOWS\system32\profapi.dll

VM Arguments:
jvm_args: -Djava.awt.headless=true -Xmx1024M -Dfile.encoding=windows-1252 -Duser.country=ES -Duser.language=es -Duser.variant 
java_command: com.android.dx.command.Main --dex --force-jumbo --num-threads=4 --multi-dex --output C:\Users\USER\Desktop\Proyectos\cashPokerProgresive3\app\build\intermediates\transforms\dex\debug\folders\1000\5\slice_1 C:\Users\USER\Desktop\Proyectos\cashPokerProgresive3\app\build\intermediates\transforms\instantRunSlicer\debug\folders\1\5\slice_1
java_class_path (initial): C:\Users\USER\AppData\Local\Android\sdk\build-tools\23.0.3\lib\dx.jar
Launcher Type: SUN_STANDARD

Environment Variables:
CLASSPATH=.;C:\Program Files (x86)\QuickTime\QTSystem\QTJava.zip
USERNAME=USER
OS=Windows_NT
PROCESSOR_IDENTIFIER=Intel64 Family 6 Model 58 Stepping 9, GenuineIntel



---------------  S Y S T E M  ---------------

OS: Windows 10.0 , 64 bit Build 10586 (10.0.10586.0)

CPU:total 4 (2 cores per cpu, 2 threads per core) family 6 model 58 stepping 9, cmov, cx8, fxsr, mmx, sse, sse2, sse3, ssse3, sse4.1, sse4.2, popcnt, avx, aes, clmul, erms, ht, tsc, tscinvbit, tscinv

Memory: 4k page, physical 6167652k(671752k free), swap 9308260k(5536k free)

vm_info: Java HotSpot(TM) 64-Bit Server VM (25.60-b23) for windows-amd64 JRE (1.8.0_60-b27), built on Aug  4 2015 11:06:27 by "java_re" with MS VC++ 10.0 (VS2010)

time: Tue Aug 30 16:11:58 2016
elapsed time: 11 seconds (0d 0h 0m 11s)

