#
# There is insufficient memory for the Java Runtime Environment to continue.
# Native memory allocation (malloc) failed to allocate 625456 bytes for Chunk::new
# Possible reasons:
#   The system is out of physical RAM or swap space
#   In 32 bit mode, the process size limit was hit
# Possible solutions:
#   Reduce memory load on the system
#   Increase physical memory or swap space
#   Check if swap backing store is full
#   Use 64 bit Java on a 64 bit OS
#   Decrease Java heap size (-Xmx/-Xms)
#   Decrease number of Java threads
#   Decrease Java thread stack sizes (-Xss)
#   Set larger code cache with -XX:ReservedCodeCacheSize=
# This output file may be truncated or incomplete.
#
#  Out of Memory Error (allocation.cpp:390), pid=5160, tid=10984
#
# JRE version: Java(TM) SE Runtime Environment (8.0_60-b27) (build 1.8.0_60-b27)
# Java VM: Java HotSpot(TM) 64-Bit Server VM (25.60-b23 mixed mode windows-amd64 compressed oops)
# Failed to write core dump. Minidumps are not enabled by default on client versions of Windows
#

---------------  T H R E A D  ---------------

Current thread (0x0000000014a32000):  JavaThread "C2 CompilerThread1" daemon [_thread_in_native, id=10984, stack(0x0000000016260000,0x0000000016360000)]

Stack: [0x0000000016260000,0x0000000016360000]
[error occurred during error reporting (printing stack bounds), id 0xc0000005]

Native frames: (J=compiled Java code, j=interpreted, Vv=VM code, C=native code)


Current CompileTask:
C2:  11289 1526       4       com.android.dx.ssa.back.FirstFitLocalCombiningAllocator$1::processInsn (169 bytes)


---------------  P R O C E S S  ---------------

Java Threads: ( => current thread )
  0x00000000165c4000 JavaThread "pool-2-thread-4" [_thread_in_vm, id=6228, stack(0x0000000016e60000,0x0000000016f60000)]
  0x00000000165c1800 JavaThread "pool-2-thread-3" [_thread_in_Java, id=8124, stack(0x0000000016d60000,0x0000000016e60000)]
  0x00000000164e3000 JavaThread "pool-2-thread-2" [_thread_in_Java, id=748, stack(0x0000000016c60000,0x0000000016d60000)]
  0x00000000164d2000 JavaThread "pool-3-thread-1" [_thread_blocked, id=9224, stack(0x0000000016b60000,0x0000000016c60000)]
  0x00000000164ce800 JavaThread "pool-2-thread-1" [_thread_blocked, id=5900, stack(0x0000000016a60000,0x0000000016b60000)]
  0x0000000016368800 JavaThread "Service Thread" daemon [_thread_blocked, id=10248, stack(0x0000000016860000,0x0000000016960000)]
  0x0000000016362000 JavaThread "C1 CompilerThread2" daemon [_thread_blocked, id=8724, stack(0x0000000016760000,0x0000000016860000)]
=>0x0000000014a32000 JavaThread "C2 CompilerThread1" daemon [_thread_in_native, id=10984, stack(0x0000000016260000,0x0000000016360000)]
  0x0000000014a30000 JavaThread "C2 CompilerThread0" daemon [_thread_in_native, id=10232, stack(0x0000000016160000,0x0000000016260000)]
  0x0000000014a2e000 JavaThread "Attach Listener" daemon [_thread_blocked, id=8820, stack(0x0000000016060000,0x0000000016160000)]
  0x0000000014a2d000 JavaThread "Signal Dispatcher" daemon [_thread_blocked, id=5980, stack(0x0000000015f60000,0x0000000016060000)]
  0x0000000002352800 JavaThread "Finalizer" daemon [_thread_blocked, id=10980, stack(0x0000000015ca0000,0x0000000015da0000)]
  0x000000000234f800 JavaThread "Reference Handler" daemon [_thread_blocked, id=7316, stack(0x0000000015ba0000,0x0000000015ca0000)]
  0x0000000002262800 JavaThread "main" [_thread_blocked, id=1928, stack(0x0000000002150000,0x0000000002250000)]

Other Threads:
  0x00000000149f8800 VMThread [stack: 0x0000000015aa0000,0x0000000015ba0000] [id=4032]
  0x000000001636c000 WatcherThread [stack: 0x0000000016960000,0x0000000016a60000] [id=4708]

VM state:not at safepoint (normal execution)

VM Mutex/Monitor currently owned by a thread: None

Heap:
 PSYoungGen      total 53248K, used 28292K [0x00000000eab00000, 0x00000000ee300000, 0x0000000100000000)
  eden space 49152K, 49% used [0x00000000eab00000,0x00000000ec2a6310,0x00000000edb00000)
  from space 4096K, 99% used [0x00000000edb00000,0x00000000edefae78,0x00000000edf00000)
  to   space 4096K, 0% used [0x00000000edf00000,0x00000000edf00000,0x00000000ee300000)
 ParOldGen       total 65536K, used 23155K [0x00000000c0000000, 0x00000000c4000000, 0x00000000eab00000)
  object space 65536K, 35% used [0x00000000c0000000,0x00000000c169cda8,0x00000000c4000000)
 Metaspace       used 5886K, capacity 6960K, committed 7040K, reserved 1056768K
  class space    used 585K, capacity 616K, committed 640K, reserved 1048576K

Card table byte_map: [0x0000000011720000,0x0000000011930000] byte_map_base: 0x0000000011120000

Marking Bits: (ParMarkBitMap*) 0x0000000065c2a5b0
 Begin Bits: [0x0000000011e90000, 0x0000000012e90000)
 End Bits:   [0x0000000012e90000, 0x0000000013e90000)

Polling page: 0x00000000001f0000

CodeCache: size=245760Kb used=6527Kb max_used=6527Kb free=239232Kb
 bounds [0x0000000002360000, 0x00000000029d0000, 0x0000000011360000]
 total_blobs=1723 nmethods=1461 adapters=175
 compilation: enabled

Compilation events (10 events):
Event: 11.270 Thread 0x0000000016362000 1532       3       java.lang.Integer::bitCount (49 bytes)
Event: 11.270 Thread 0x0000000016362000 nmethod 1532 0x00000000029b8b90 code [0x00000000029b8ce0, 0x00000000029b8e50]
Event: 11.271 Thread 0x0000000016362000 1535 %     3       com.android.dx.util.Bits::or @ 2 (24 bytes)
Event: 11.272 Thread 0x0000000016362000 nmethod 1535% 0x00000000029b8550 code [0x00000000029b86c0, 0x00000000029b8950]
Event: 11.272 Thread 0x0000000016362000 1536       3       com.android.dx.util.BitIntSet::merge (148 bytes)
Event: 11.273 Thread 0x0000000016362000 nmethod 1536 0x00000000029c2b50 code [0x00000000029c2dc0, 0x00000000029c3d78]
Event: 11.283 Thread 0x0000000016362000 1537       3       java.util.TreeMap::getFirstEntry (26 bytes)
Event: 11.283 Thread 0x0000000016362000 nmethod 1537 0x00000000029c26d0 code [0x00000000029c2840, 0x00000000029c2a70]
Event: 11.283 Thread 0x0000000016362000 1538       3       java.util.TreeMap$PrivateEntryIterator::<init> (28 bytes)
Event: 11.283 Thread 0x0000000016362000 nmethod 1538 0x00000000029c2250 code [0x00000000029c23c0, 0x00000000029c25d0]

GC Heap History (6 events):
Event: 3.871 GC heap before
{Heap before GC invocations=1 (full 0):
 PSYoungGen      total 28672K, used 24576K [0x00000000eab00000, 0x00000000ecb00000, 0x0000000100000000)
  eden space 24576K, 100% used [0x00000000eab00000,0x00000000ec300000,0x00000000ec300000)
  from space 4096K, 0% used [0x00000000ec700000,0x00000000ec700000,0x00000000ecb00000)
  to   space 4096K, 0% used [0x00000000ec300000,0x00000000ec300000,0x00000000ec700000)
 ParOldGen       total 65536K, used 0K [0x00000000c0000000, 0x00000000c4000000, 0x00000000eab00000)
  object space 65536K, 0% used [0x00000000c0000000,0x00000000c0000000,0x00000000c4000000)
 Metaspace       used 5676K, capacity 6832K, committed 7040K, reserved 1056768K
  class space    used 578K, capacity 616K, committed 640K, reserved 1048576K
Event: 4.330 GC heap after
Heap after GC invocations=1 (full 0):
 PSYoungGen      total 28672K, used 4072K [0x00000000eab00000, 0x00000000ee300000, 0x0000000100000000)
  eden space 24576K, 0% used [0x00000000eab00000,0x00000000eab00000,0x00000000ec300000)
  from space 4096K, 99% used [0x00000000ec300000,0x00000000ec6fa238,0x00000000ec700000)
  to   space 4096K, 0% used [0x00000000edf00000,0x00000000edf00000,0x00000000ee300000)
 ParOldGen       total 65536K, used 2105K [0x00000000c0000000, 0x00000000c4000000, 0x00000000eab00000)
  object space 65536K, 3% used [0x00000000c0000000,0x00000000c020e6d0,0x00000000c4000000)
 Metaspace       used 5676K, capacity 6832K, committed 7040K, reserved 1056768K
  class space    used 578K, capacity 616K, committed 640K, reserved 1048576K
}
Event: 6.614 GC heap before
{Heap before GC invocations=2 (full 0):
 PSYoungGen      total 28672K, used 28648K [0x00000000eab00000, 0x00000000ee300000, 0x0000000100000000)
  eden space 24576K, 100% used [0x00000000eab00000,0x00000000ec300000,0x00000000ec300000)
  from space 4096K, 99% used [0x00000000ec300000,0x00000000ec6fa238,0x00000000ec700000)
  to   space 4096K, 0% used [0x00000000edf00000,0x00000000edf00000,0x00000000ee300000)
 ParOldGen       total 65536K, used 2105K [0x00000000c0000000, 0x00000000c4000000, 0x00000000eab00000)
  object space 65536K, 3% used [0x00000000c0000000,0x00000000c020e6d0,0x00000000c4000000)
 Metaspace       used 5727K, capacity 6832K, committed 7040K, reserved 1056768K
  class space    used 578K, capacity 616K, committed 640K, reserved 1048576K
Event: 6.632 GC heap after
Heap after GC invocations=2 (full 0):
 PSYoungGen      total 53248K, used 4068K [0x00000000eab00000, 0x00000000ee300000, 0x0000000100000000)
  eden space 49152K, 0% used [0x00000000eab00000,0x00000000eab00000,0x00000000edb00000)
  from space 4096K, 99% used [0x00000000edf00000,0x00000000ee2f90d0,0x00000000ee300000)
  to   space 4096K, 0% used [0x00000000edb00000,0x00000000edb00000,0x00000000edf00000)
 ParOldGen       total 65536K, used 10474K [0x00000000c0000000, 0x00000000c4000000, 0x00000000eab00000)
  object space 65536K, 15% used [0x00000000c0000000,0x00000000c0a3aba0,0x00000000c4000000)
 Metaspace       used 5727K, capacity 6832K, committed 7040K, reserved 1056768K
  class space    used 578K, capacity 616K, committed 640K, reserved 1048576K
}
Event: 9.620 GC heap before
{Heap before GC invocations=3 (full 0):
 PSYoungGen      total 53248K, used 53220K [0x00000000eab00000, 0x00000000ee300000, 0x0000000100000000)
  eden space 49152K, 100% used [0x00000000eab00000,0x00000000edb00000,0x00000000edb00000)
  from space 4096K, 99% used [0x00000000edf00000,0x00000000ee2f90d0,0x00000000ee300000)
  to   space 4096K, 0% used [0x00000000edb00000,0x00000000edb00000,0x00000000edf00000)
 ParOldGen       total 65536K, used 10474K [0x00000000c0000000, 0x00000000c4000000, 0x00000000eab00000)
  object space 65536K, 15% used [0x00000000c0000000,0x00000000c0a3aba0,0x00000000c4000000)
 Metaspace       used 5860K, capacity 6960K, committed 7040K, reserved 1056768K
  class space    used 580K, capacity 616K, committed 640K, reserved 1048576K
Event: 10.050 GC heap after
Heap after GC invocations=3 (full 0):
 PSYoungGen      total 53248K, used 4075K [0x00000000eab00000, 0x00000000ee300000, 0x0000000100000000)
  eden space 49152K, 0% used [0x00000000eab00000,0x00000000eab00000,0x00000000edb00000)
  from space 4096K, 99% used [0x00000000edb00000,0x00000000edefae78,0x00000000edf00000)
  to   space 4096K, 0% used [0x00000000edf00000,0x00000000edf00000,0x00000000ee300000)
 ParOldGen       total 65536K, used 23155K [0x00000000c0000000, 0x00000000c4000000, 0x00000000eab00000)
  object space 65536K, 35% used [0x00000000c0000000,0x00000000c169cda8,0x00000000c4000000)
 Metaspace       used 5860K, capacity 6960K, committed 7040K, reserved 1056768K
  class space    used 580K, capacity 616K, committed 640K, reserved 1048576K
}

Deoptimization events (10 events):
Event: 9.023 Thread 0x00000000164ce800 Uncommon trap: reason=bimorphic action=maybe_recompile pc=0x00000000028a5c98 method=com.android.dx.cf.code.RopperMachine.run(Lcom/android/dx/cf/code/Frame;II)V @ 988
Event: 9.023 Thread 0x00000000164ce800 Uncommon trap: reason=bimorphic action=maybe_recompile pc=0x00000000028a5c98 method=com.android.dx.cf.code.RopperMachine.run(Lcom/android/dx/cf/code/Frame;II)V @ 988
Event: 9.402 Thread 0x0000000002262800 Uncommon trap: reason=bimorphic action=maybe_recompile pc=0x0000000002802a70 method=com.android.dx.cf.code.BytecodeArray.parseInstruction(ILcom/android/dx/cf/code/BytecodeArray$Visitor;)I @ 1130
Event: 9.402 Thread 0x0000000002262800 Uncommon trap: reason=bimorphic action=maybe_recompile pc=0x0000000002802664 method=com.android.dx.cf.code.BytecodeArray.parseInstruction(ILcom/android/dx/cf/code/BytecodeArray$Visitor;)I @ 955
Event: 9.402 Thread 0x0000000002262800 Uncommon trap: reason=bimorphic action=maybe_recompile pc=0x00000000028026f0 method=com.android.dx.cf.code.BytecodeArray.parseInstruction(ILcom/android/dx/cf/code/BytecodeArray$Visitor;)I @ 971
Event: 9.402 Thread 0x0000000002262800 Uncommon trap: reason=bimorphic action=maybe_recompile pc=0x0000000002802780 method=com.android.dx.cf.code.BytecodeArray.parseInstruction(ILcom/android/dx/cf/code/BytecodeArray$Visitor;)I @ 987
Event: 9.402 Thread 0x0000000002262800 Uncommon trap: reason=bimorphic action=maybe_recompile pc=0x0000000002802a70 method=com.android.dx.cf.code.BytecodeArray.parseInstruction(ILcom/android/dx/cf/code/BytecodeArray$Visitor;)I @ 1130
Event: 9.415 Thread 0x0000000002262800 Uncommon trap: reason=unstable_if action=reinterpret pc=0x0000000002897c38 method=com.android.dx.cf.code.OneLocalsArray.<init>(I)V @ 2
Event: 9.415 Thread 0x0000000002262800 Uncommon trap: reason=unstable_if action=reinterpret pc=0x00000000028a6118 method=com.android.dx.cf.code.RopperMachine.run(Lcom/android/dx/cf/code/Frame;II)V @ 1500
Event: 10.899 Thread 0x00000000165c4000 Uncommon trap: reason=unstable_if action=reinterpret pc=0x0000000002954174 method=com.android.dx.ssa.SCCP.simulateBranch(Lcom/android/dx/ssa/SsaInsn;)V @ 64

Internal exceptions (3 events):
Event: 0.051 Thread 0x0000000002262800 Exception <a 'java/lang/NoSuchMethodError': Method sun.misc.Unsafe.defineClass(Ljava/lang/String;[BII)Ljava/lang/Class; name or signature does not match> (0x00000000eab0e480) thrown at [C:\re\workspace\8-2-build-windows-amd64-cygwin\jdk8u60\4407\hotspot\sr¨µk ü™?
Event: 0.051 Thread 0x0000000002262800 Exception <a 'java/lang/NoSuchMethodError': Method sun.misc.Unsafe.prefetchRead(Ljava/lang/Object;J)V name or signature does not match> (0x00000000eab0e768) thrown at [C:\re\workspace\8-2-build-windows-amd64-cygwin\jdk8u60\4407\hotspot\src\share\vm\prims\jÉfΩïÕè@
Event: 2.820 Thread 0x00000000165c4000 Implicit null exception at 0x0000000002602371 to 0x0000000002603d05

Events (10 events):
Event: 11.270 Thread 0x00000000164e3000 DEOPT PACKING pc=0x000000000265a461 sp=0x0000000016d5e860
Event: 11.270 Thread 0x00000000164e3000 DEOPT UNPACKING pc=0x00000000023a787f sp=0x0000000016d5e5d0 mode 0
Event: 11.273 Thread 0x00000000164e3000 DEOPT PACKING pc=0x000000000288eb8b sp=0x0000000016d5e9c0
Event: 11.273 Thread 0x00000000164e3000 DEOPT UNPACKING pc=0x00000000023a787f sp=0x0000000016d5e6c0 mode 0
Event: 11.275 Thread 0x00000000164e3000 DEOPT PACKING pc=0x000000000265a461 sp=0x0000000016d5e860
Event: 11.275 Thread 0x00000000164e3000 DEOPT UNPACKING pc=0x00000000023a787f sp=0x0000000016d5e5d0 mode 0
Event: 11.278 Thread 0x00000000164e3000 DEOPT PACKING pc=0x000000000265a461 sp=0x0000000016d5e860
Event: 11.278 Thread 0x00000000164e3000 DEOPT UNPACKING pc=0x00000000023a787f sp=0x0000000016d5e5d0 mode 0
Event: 11.282 Thread 0x00000000164e3000 DEOPT PACKING pc=0x000000000265a461 sp=0x0000000016d5e860
Event: 11.282 Thread 0x00000000164e3000 DEOPT UNPACKING pc=0x00000000023a787f sp=0x0000000016d5e5d0 mode 0


Dynamic libraries:
0x00007ff737830000 - 0x00007ff737867000 	C:\Program Files\Java\jdk1.8.0_60\bin\java.exe
0x00007ffc30620000 - 0x00007ffc307e1000 	C:\WINDOWS\SYSTEM32\ntdll.dll
0x00007ffc30140000 - 0x00007ffc301ed000 	C:\WINDOWS\system32\KERNEL32.DLL
0x00007ffc2d0c0000 - 0x00007ffc2d2a8000 	C:\WINDOWS\system32\KERNELBASE.dll
0x00007ffc2df10000 - 0x00007ffc2dfb7000 	C:\WINDOWS\system32\ADVAPI32.dll
0x00007ffc2e3f0000 - 0x00007ffc2e48d000 	C:\WINDOWS\system32\msvcrt.dll
0x00007ffc2fb80000 - 0x00007ffc2fbdb000 	C:\WINDOWS\system32\sechost.dll
0x00007ffc2fbe0000 - 0x00007ffc2fcfc000 	C:\WINDOWS\system32\RPCRT4.dll
0x00007ffc2fa10000 - 0x00007ffc2fb66000 	C:\WINDOWS\system32\USER32.dll
0x00007ffc2ffb0000 - 0x00007ffc30136000 	C:\WINDOWS\system32\GDI32.dll
0x00007ffc278e0000 - 0x00007ffc27b54000 	C:\WINDOWS\WinSxS\amd64_microsoft.windows.common-controls_6595b64144ccf1df_6.0.10586.0_none_8c15ae12515e1c22\COMCTL32.dll
0x00007ffc30250000 - 0x00007ffc304cd000 	C:\WINDOWS\system32\combase.dll
0x00007ffc2cf10000 - 0x00007ffc2cf7a000 	C:\WINDOWS\system32\bcryptPrimitives.dll
0x00007ffc2feb0000 - 0x00007ffc2feeb000 	C:\WINDOWS\system32\IMM32.DLL
0x00007ffc2cb10000 - 0x00007ffc2cb41000 	C:\Windows\system32\nvinitx.dll
0x00007ffc2cb00000 - 0x00007ffc2cb0a000 	C:\WINDOWS\SYSTEM32\VERSION.dll
0x0000000068770000 - 0x0000000068776000 	C:\Program Files\NVIDIA Corporation\CoProcManager\_etoured.dll
0x00007ffc29bb0000 - 0x00007ffc29be3000 	C:\Program Files\NVIDIA Corporation\CoProcManager\nvd3d9wrapx.dll
0x00007ffc2dfc0000 - 0x00007ffc2e3e9000 	C:\WINDOWS\system32\SETUPAPI.dll
0x00007ffc2d9b0000 - 0x00007ffc2d9f3000 	C:\WINDOWS\system32\CFGMGR32.dll
0x00007ffc29a80000 - 0x00007ffc29aa2000 	C:\Program Files\NVIDIA Corporation\CoProcManager\nvdxgiwrapx.dll
0x0000000065cb0000 - 0x0000000065d82000 	C:\Program Files\Java\jdk1.8.0_60\jre\bin\msvcr100.dll
0x0000000065420000 - 0x0000000065ca9000 	C:\Program Files\Java\jdk1.8.0_60\jre\bin\server\jvm.dll
0x00007ffc2ffa0000 - 0x00007ffc2ffa8000 	C:\WINDOWS\system32\PSAPI.DLL
0x00007ffc21950000 - 0x00007ffc21959000 	C:\WINDOWS\SYSTEM32\WSOCK32.dll
0x00007ffc2dbc0000 - 0x00007ffc2dc2b000 	C:\WINDOWS\system32\WS2_32.dll
0x00007ffc2aca0000 - 0x00007ffc2acc3000 	C:\WINDOWS\SYSTEM32\WINMM.dll
0x00007ffc2ac70000 - 0x00007ffc2ac9c000 	C:\WINDOWS\SYSTEM32\WINMMBASE.dll
0x0000000065410000 - 0x000000006541f000 	C:\Program Files\Java\jdk1.8.0_60\jre\bin\verify.dll
0x00000000653e0000 - 0x0000000065409000 	C:\Program Files\Java\jdk1.8.0_60\jre\bin\java.dll
0x00000000653c0000 - 0x00000000653d6000 	C:\Program Files\Java\jdk1.8.0_60\jre\bin\zip.dll
0x00007ffc2e490000 - 0x00007ffc2f9ec000 	C:\WINDOWS\system32\SHELL32.dll
0x00007ffc2d360000 - 0x00007ffc2d9a4000 	C:\WINDOWS\system32\windows.storage.dll
0x00007ffc2da70000 - 0x00007ffc2dac2000 	C:\WINDOWS\system32\shlwapi.dll
0x00007ffc2cc80000 - 0x00007ffc2cc8f000 	C:\WINDOWS\system32\kernel.appcore.dll
0x0000000015ea0000 - 0x0000000015f55000 	C:\WINDOWS\system32\shcore.dll
0x00007ffc2cc30000 - 0x00007ffc2cc7b000 	C:\WINDOWS\system32\powrprof.dll
0x00007ffc2cc90000 - 0x00007ffc2cca4000 	C:\WINDOWS\system32\profapi.dll

VM Arguments:
jvm_args: -Djava.awt.headless=true -Xmx1024M -Dfile.encoding=windows-1252 -Duser.country=ES -Duser.language=es -Duser.variant 
java_command: com.android.dx.command.Main --dex --force-jumbo --num-threads=4 --multi-dex --output C:\Users\USER\Desktop\Proyectos\cashPokerProgresive3\app\build\intermediates\transforms\dex\debug\folders\1000\5\slice_8 C:\Users\USER\Desktop\Proyectos\cashPokerProgresive3\app\build\intermediates\transforms\instantRunSlicer\debug\folders\1\5\slice_8
java_class_path (initial): C:\Users\USER\AppData\Local\Android\sdk\build-tools\23.0.3\lib\dx.jar
Launcher Type: SUN_STANDARD

Environment Variables:
CLASSPATH=.;C:\Program Files (x86)\QuickTime\QTSystem\QTJava.zip
USERNAME=USER
OS=Windows_NT
PROCESSOR_IDENTIFIER=Intel64 Family 6 Model 58 Stepping 9, GenuineIntel



---------------  S Y S T E M  ---------------

OS: Windows 10.0 , 64 bit Build 10586 (10.0.10586.0)

CPU:total 4 (2 cores per cpu, 2 threads per core) family 6 model 58 stepping 9, cmov, cx8, fxsr, mmx, sse, sse2, sse3, ssse3, sse4.1, sse4.2, popcnt, avx, aes, clmul, erms, ht, tsc, tscinvbit, tscinv

Memory: 4k page, physical 6167652k(542364k free), swap 9308260k(5168k free)

vm_info: Java HotSpot(TM) 64-Bit Server VM (25.60-b23) for windows-amd64 JRE (1.8.0_60-b27), built on Aug  4 2015 11:06:27 by "java_re" with MS VC++ 10.0 (VS2010)

time: Fri Aug 26 18:58:46 2016
elapsed time: 11 seconds (0d 0h 0m 11s)

