#
# There is insufficient memory for the Java Runtime Environment to continue.
# Native memory allocation (malloc) failed to allocate 1048576 bytes for AllocateHeap
# Possible reasons:
#   The system is out of physical RAM or swap space
#   In 32 bit mode, the process size limit was hit
# Possible solutions:
#   Reduce memory load on the system
#   Increase physical memory or swap space
#   Check if swap backing store is full
#   Use 64 bit Java on a 64 bit OS
#   Decrease Java heap size (-Xmx/-Xms)
#   Decrease number of Java threads
#   Decrease Java thread stack sizes (-Xss)
#   Set larger code cache with -XX:ReservedCodeCacheSize=
# This output file may be truncated or incomplete.
#
#  Out of Memory Error (memory/allocation.inline.hpp:61), pid=10752, tid=9724
#
# JRE version:  (8.0_60-b27) (build )
# Java VM: Java HotSpot(TM) 64-Bit Server VM (25.60-b23 mixed mode windows-amd64 compressed oops)
# Failed to write core dump. Minidumps are not enabled by default on client versions of Windows
#

---------------  T H R E A D  ---------------

Current thread (0x0000000002322800):  JavaThread "Unknown thread" [_thread_in_vm, id=9724, stack(0x0000000002220000,0x0000000002320000)]

Stack: [0x0000000002220000,0x0000000002320000]
[error occurred during error reporting (printing stack bounds), id 0xc0000005]

Native frames: (J=compiled Java code, j=interpreted, Vv=VM code, C=native code)


---------------  P R O C E S S  ---------------

Java Threads: ( => current thread )

Other Threads:

=>0x0000000002322800 (exited) JavaThread "Unknown thread" [_thread_in_vm, id=9724, stack(0x0000000002220000,0x0000000002320000)]

VM state:not at safepoint (normal execution)

VM Mutex/Monitor currently owned by a thread: None

Heap:
 PSYoungGen      total 28672K, used 491K [0x00000000eab00000, 0x00000000ecb00000, 0x0000000100000000)
  eden space 24576K, 2% used [0x00000000eab00000,0x00000000eab7ae20,0x00000000ec300000)
  from space 4096K, 0% used [0x00000000ec700000,0x00000000ec700000,0x00000000ecb00000)
  to   space 4096K, 0% used [0x00000000ec300000,0x00000000ec300000,0x00000000ec700000)
 ParOldGen       total 65536K, used 0K [0x00000000c0000000, 0x00000000c4000000, 0x00000000eab00000)
  object space 65536K, 0% used [0x00000000c0000000,0x00000000c0000000,0x00000000c4000000)
 Metaspace       used 767K, capacity 4480K, committed 4480K, reserved 1056768K
  class space    used 75K, capacity 384K, committed 384K, reserved 1048576K

Card table byte_map: [0x00000000117e0000,0x00000000119f0000] byte_map_base: 0x00000000111e0000

Marking Bits: (ParMarkBitMap*) 0x0000000059dba5b0
 Begin Bits: [0x0000000011f50000, 0x0000000012f50000)
 End Bits:   [0x0000000012f50000, 0x0000000013f50000)

Polling page: 0x00000000001f0000

CodeCache: size=245760Kb used=328Kb max_used=328Kb free=245431Kb
 bounds [0x0000000002420000, 0x0000000002690000, 0x0000000011420000]
 total_blobs=57 nmethods=0 adapters=37
 compilation: enabled

Compilation events (0 events):
No events

GC Heap History (0 events):
No events

Deoptimization events (0 events):
No events

Internal exceptions (0 events):
No events

Events (10 events):
Event: 2.561 loading class java/lang/Short
Event: 2.561 loading class java/lang/Short done
Event: 2.561 loading class java/lang/Integer
Event: 2.561 loading class java/lang/Integer done
Event: 2.561 loading class java/lang/Long
Event: 2.561 loading class java/lang/Long done
Event: 2.562 loading class java/lang/NullPointerException
Event: 2.562 loading class java/lang/NullPointerException done
Event: 2.562 loading class java/lang/ArithmeticException
Event: 2.562 loading class java/lang/ArithmeticException done


Dynamic libraries:
0x00007ff698750000 - 0x00007ff698787000 	C:\Program Files\Java\jdk1.8.0_60\bin\java.exe
0x00007ffc77de0000 - 0x00007ffc77fa1000 	C:\WINDOWS\SYSTEM32\ntdll.dll
0x00007ffc762b0000 - 0x00007ffc7635d000 	C:\WINDOWS\system32\KERNEL32.DLL
0x00007ffc746f0000 - 0x00007ffc748d8000 	C:\WINDOWS\system32\KERNELBASE.dll
0x00007ffc755c0000 - 0x00007ffc75667000 	C:\WINDOWS\system32\ADVAPI32.dll
0x00007ffc751c0000 - 0x00007ffc7525d000 	C:\WINDOWS\system32\msvcrt.dll
0x00007ffc75490000 - 0x00007ffc754eb000 	C:\WINDOWS\system32\sechost.dll
0x00007ffc77cc0000 - 0x00007ffc77ddc000 	C:\WINDOWS\system32\RPCRT4.dll
0x00007ffc77a90000 - 0x00007ffc77be6000 	C:\WINDOWS\system32\USER32.dll
0x00007ffc75ee0000 - 0x00007ffc76066000 	C:\WINDOWS\system32\GDI32.dll
0x00007ffc6f020000 - 0x00007ffc6f294000 	C:\WINDOWS\WinSxS\amd64_microsoft.windows.common-controls_6595b64144ccf1df_6.0.10586.0_none_8c15ae12515e1c22\COMCTL32.dll
0x00007ffc75670000 - 0x00007ffc758ed000 	C:\WINDOWS\system32\combase.dll
0x00007ffc748e0000 - 0x00007ffc7494a000 	C:\WINDOWS\system32\bcryptPrimitives.dll
0x00007ffc75910000 - 0x00007ffc7594b000 	C:\WINDOWS\system32\IMM32.DLL
0x00007ffc742d0000 - 0x00007ffc74301000 	C:\Windows\system32\nvinitx.dll
0x00007ffc742c0000 - 0x00007ffc742ca000 	C:\WINDOWS\SYSTEM32\VERSION.dll
0x000000005cdd0000 - 0x000000005cdd6000 	C:\Program Files\NVIDIA Corporation\CoProcManager\_etoured.dll
0x00007ffc72330000 - 0x00007ffc72363000 	C:\Program Files\NVIDIA Corporation\CoProcManager\nvd3d9wrapx.dll
0x00007ffc75950000 - 0x00007ffc75d79000 	C:\WINDOWS\system32\SETUPAPI.dll
0x00007ffc74a10000 - 0x00007ffc74a53000 	C:\WINDOWS\system32\CFGMGR32.dll
0x00007ffc72300000 - 0x00007ffc72322000 	C:\Program Files\NVIDIA Corporation\CoProcManager\nvdxgiwrapx.dll
0x0000000059e40000 - 0x0000000059f12000 	C:\Program Files\Java\jdk1.8.0_60\jre\bin\msvcr100.dll
0x00000000595b0000 - 0x0000000059e39000 	C:\Program Files\Java\jdk1.8.0_60\jre\bin\server\jvm.dll
0x00007ffc76120000 - 0x00007ffc76128000 	C:\WINDOWS\system32\PSAPI.DLL
0x00007ffc68de0000 - 0x00007ffc68de9000 	C:\WINDOWS\SYSTEM32\WSOCK32.dll
0x00007ffc726a0000 - 0x00007ffc726c3000 	C:\WINDOWS\SYSTEM32\WINMM.dll
0x00007ffc75260000 - 0x00007ffc752cb000 	C:\WINDOWS\system32\WS2_32.dll
0x00007ffc72670000 - 0x00007ffc7269c000 	C:\WINDOWS\SYSTEM32\WINMMBASE.dll
0x00000000595a0000 - 0x00000000595af000 	C:\Program Files\Java\jdk1.8.0_60\jre\bin\verify.dll
0x0000000059570000 - 0x0000000059599000 	C:\Program Files\Java\jdk1.8.0_60\jre\bin\java.dll
0x0000000059550000 - 0x0000000059566000 	C:\Program Files\Java\jdk1.8.0_60\jre\bin\zip.dll

VM Arguments:
jvm_args: -Djava.awt.headless=true -Xmx1024M -Dfile.encoding=windows-1252 -Duser.country=ES -Duser.language=es -Duser.variant 
java_command: com.android.dx.command.Main --dex --force-jumbo --num-threads=4 --multi-dex --output C:\Users\USER\Desktop\Proyectos\cashPokerProgresive3\app\build\intermediates\transforms\dex\debug\folders\1000\10\com.android.support-appcompat-v7-23.3.0_1b10ca2b1f613f1179a1cb7f362d709a5b3a5277 C:\Users\USER\Desktop\Proyectos\cashPokerProgresive3\app\build\intermediates\exploded-aar\com.android.support\appcompat-v7\23.3.0\jars\classes.jar
java_class_path (initial): C:\Users\USER\AppData\Local\Android\sdk\build-tools\23.0.3\lib\dx.jar
Launcher Type: SUN_STANDARD

Environment Variables:
CLASSPATH=.;C:\Program Files (x86)\QuickTime\QTSystem\QTJava.zip
USERNAME=USER
OS=Windows_NT
PROCESSOR_IDENTIFIER=Intel64 Family 6 Model 58 Stepping 9, GenuineIntel



---------------  S Y S T E M  ---------------

OS: Windows 10.0 , 64 bit Build 10586 (10.0.10586.0)

CPU:total 4 (2 cores per cpu, 2 threads per core) family 6 model 58 stepping 9, cmov, cx8, fxsr, mmx, sse, sse2, sse3, ssse3, sse4.1, sse4.2, popcnt, avx, aes, clmul, erms, ht, tsc, tscinvbit, tscinv

Memory: 4k page, physical 6167652k(780004k free), swap 9308260k(260284k free)

vm_info: Java HotSpot(TM) 64-Bit Server VM (25.60-b23) for windows-amd64 JRE (1.8.0_60-b27), built on Aug  4 2015 11:06:27 by "java_re" with MS VC++ 10.0 (VS2010)

time: Tue May 17 21:34:20 2016
elapsed time: 2 seconds (0d 0h 0m 2s)

