#
# There is insufficient memory for the Java Runtime Environment to continue.
# Native memory allocation (malloc) failed to allocate 263376 bytes for Chunk::new
# Possible reasons:
#   The system is out of physical RAM or swap space
#   In 32 bit mode, the process size limit was hit
# Possible solutions:
#   Reduce memory load on the system
#   Increase physical memory or swap space
#   Check if swap backing store is full
#   Use 64 bit Java on a 64 bit OS
#   Decrease Java heap size (-Xmx/-Xms)
#   Decrease number of Java threads
#   Decrease Java thread stack sizes (-Xss)
#   Set larger code cache with -XX:ReservedCodeCacheSize=
# This output file may be truncated or incomplete.
#
#  Out of Memory Error (allocation.cpp:390), pid=9620, tid=9916
#
# JRE version: Java(TM) SE Runtime Environment (8.0_60-b27) (build 1.8.0_60-b27)
# Java VM: Java HotSpot(TM) 64-Bit Server VM (25.60-b23 mixed mode windows-amd64 compressed oops)
# Failed to write core dump. Minidumps are not enabled by default on client versions of Windows
#

---------------  T H R E A D  ---------------

Current thread (0x0000000014ac1000):  JavaThread "C2 CompilerThread0" daemon [_thread_in_native, id=9916, stack(0x0000000016130000,0x0000000016230000)]

Stack: [0x0000000016130000,0x0000000016230000]
[error occurred during error reporting (printing stack bounds), id 0xc0000005]

Native frames: (J=compiled Java code, j=interpreted, Vv=VM code, C=native code)


Current CompileTask:
C2:   4049  744       4       com.android.dx.ssa.NormalSsaInsn::accept (25 bytes)


---------------  P R O C E S S  ---------------

Java Threads: ( => current thread )
  0x0000000016b09000 JavaThread "pool-2-thread-4" [_thread_in_vm, id=6824, stack(0x0000000017630000,0x0000000017730000)]
  0x0000000016b3a800 JavaThread "pool-2-thread-3" [_thread_blocked, id=4984, stack(0x0000000017530000,0x0000000017630000)]
  0x0000000016b39800 JavaThread "pool-2-thread-2" [_thread_in_Java, id=2372, stack(0x0000000017430000,0x0000000017530000)]
  0x0000000016b38000 JavaThread "pool-3-thread-1" [_thread_blocked, id=5596, stack(0x0000000017330000,0x0000000017430000)]
  0x000000001661b800 JavaThread "pool-2-thread-1" [_thread_in_vm, id=9208, stack(0x0000000017230000,0x0000000017330000)]
  0x000000001633a000 JavaThread "Service Thread" daemon [_thread_blocked, id=10092, stack(0x0000000016830000,0x0000000016930000)]
  0x0000000014b19800 JavaThread "C1 CompilerThread2" daemon [_thread_blocked, id=936, stack(0x0000000016730000,0x0000000016830000)]
  0x0000000014acc000 JavaThread "C2 CompilerThread1" daemon [_thread_in_native, id=7220, stack(0x0000000016230000,0x0000000016330000)]
=>0x0000000014ac1000 JavaThread "C2 CompilerThread0" daemon [_thread_in_native, id=9916, stack(0x0000000016130000,0x0000000016230000)]
  0x0000000014abf800 JavaThread "Attach Listener" daemon [_thread_blocked, id=4524, stack(0x0000000016030000,0x0000000016130000)]
  0x0000000014abe000 JavaThread "Signal Dispatcher" daemon [_thread_blocked, id=7492, stack(0x0000000015f30000,0x0000000016030000)]
  0x00000000023e3800 JavaThread "Finalizer" daemon [_thread_blocked, id=9488, stack(0x0000000015d30000,0x0000000015e30000)]
  0x00000000023e0000 JavaThread "Reference Handler" daemon [_thread_blocked, id=9644, stack(0x0000000015c30000,0x0000000015d30000)]
  0x00000000008ce800 JavaThread "main" [_thread_in_vm, id=4216, stack(0x00000000021f0000,0x00000000022f0000)]

Other Threads:
  0x0000000014a87800 VMThread [stack: 0x0000000015b30000,0x0000000015c30000] [id=9548]
  0x000000001633c800 WatcherThread [stack: 0x0000000016930000,0x0000000016a30000] [id=6708]

VM state:not at safepoint (normal execution)

VM Mutex/Monitor currently owned by a thread: None

Heap:
 PSYoungGen      total 28672K, used 7233K [0x00000000eab00000, 0x00000000ee300000, 0x0000000100000000)
  eden space 24576K, 17% used [0x00000000eab00000,0x00000000eaf47920,0x00000000ec300000)
  from space 4096K, 69% used [0x00000000ec300000,0x00000000ec5c8e58,0x00000000ec700000)
  to   space 4096K, 0% used [0x00000000edf00000,0x00000000edf00000,0x00000000ee300000)
 ParOldGen       total 65536K, used 0K [0x00000000c0000000, 0x00000000c4000000, 0x00000000eab00000)
  object space 65536K, 0% used [0x00000000c0000000,0x00000000c0000000,0x00000000c4000000)
 Metaspace       used 5672K, capacity 6640K, committed 6784K, reserved 1056768K
  class space    used 592K, capacity 616K, committed 640K, reserved 1048576K

Card table byte_map: [0x00000000117b0000,0x00000000119c0000] byte_map_base: 0x00000000111b0000

Marking Bits: (ParMarkBitMap*) 0x0000000067e7a5b0
 Begin Bits: [0x0000000011f20000, 0x0000000012f20000)
 End Bits:   [0x0000000012f20000, 0x0000000013f20000)

Polling page: 0x00000000001f0000

CodeCache: size=245760Kb used=3054Kb max_used=3054Kb free=242705Kb
 bounds [0x00000000023f0000, 0x00000000026f0000, 0x00000000113f0000]
 total_blobs=1014 nmethods=745 adapters=182
 compilation: enabled

Compilation events (10 events):
Event: 4.018 Thread 0x0000000014b19800  728       3       com.android.dx.rop.code.LocalVariableInfo::getStarts (9 bytes)
Event: 4.019 Thread 0x0000000014b19800 nmethod 728 0x00000000026c2390 code [0x00000000026c2520, 0x00000000026c29c8]
Event: 4.019 Thread 0x0000000014b19800  729       3       com.android.dx.rop.code.LocalVariableInfo::getStarts (19 bytes)
Event: 4.019 Thread 0x0000000014b19800 nmethod 729 0x00000000026c1cd0 code [0x00000000026c1e60, 0x00000000026c2188]
Event: 4.019 Thread 0x0000000014b19800  746       3       com.android.dx.ssa.SsaConverter::needsNewSuccessor (53 bytes)
Event: 4.020 Thread 0x0000000014b19800 nmethod 746 0x00000000026cbc50 code [0x00000000026cbe60, 0x00000000026cc918]
Event: 4.020 Thread 0x0000000014b19800  736       3       com.android.dx.cf.code.BaseMachine::getLocalTarget (151 bytes)
Event: 4.022 Thread 0x0000000014b19800 nmethod 736 0x00000000026eb810 code [0x00000000026ebac0, 0x00000000026ecc88]
Event: 4.028 Thread 0x0000000014b19800  739       3       com.android.dx.ssa.LocalVariableInfo::mergeStarts (59 bytes)
Event: 4.028 Thread 0x0000000014b19800 nmethod 739 0x00000000026caf10 code [0x00000000026cb0e0, 0x00000000026cb7f8]

GC Heap History (2 events):
Event: 3.558 GC heap before
{Heap before GC invocations=1 (full 0):
 PSYoungGen      total 28672K, used 24576K [0x00000000eab00000, 0x00000000ecb00000, 0x0000000100000000)
  eden space 24576K, 100% used [0x00000000eab00000,0x00000000ec300000,0x00000000ec300000)
  from space 4096K, 0% used [0x00000000ec700000,0x00000000ec700000,0x00000000ecb00000)
  to   space 4096K, 0% used [0x00000000ec300000,0x00000000ec300000,0x00000000ec700000)
 ParOldGen       total 65536K, used 0K [0x00000000c0000000, 0x00000000c4000000, 0x00000000eab00000)
  object space 65536K, 0% used [0x00000000c0000000,0x00000000c0000000,0x00000000c4000000)
 Metaspace       used 5174K, capacity 6160K, committed 6272K, reserved 1056768K
  class space    used 570K, capacity 584K, committed 640K, reserved 1048576K
Event: 3.793 GC heap after
Heap after GC invocations=1 (full 0):
 PSYoungGen      total 28672K, used 2851K [0x00000000eab00000, 0x00000000ee300000, 0x0000000100000000)
  eden space 24576K, 0% used [0x00000000eab00000,0x00000000eab00000,0x00000000ec300000)
  from space 4096K, 69% used [0x00000000ec300000,0x00000000ec5c8e58,0x00000000ec700000)
  to   space 4096K, 0% used [0x00000000edf00000,0x00000000edf00000,0x00000000ee300000)
 ParOldGen       total 65536K, used 0K [0x00000000c0000000, 0x00000000c4000000, 0x00000000eab00000)
  object space 65536K, 0% used [0x00000000c0000000,0x00000000c0000000,0x00000000c4000000)
 Metaspace       used 5174K, capacity 6160K, committed 6272K, reserved 1056768K
  class space    used 570K, capacity 584K, committed 640K, reserved 1048576K
}

Deoptimization events (1 events):
Event: 3.950 Thread 0x0000000016b3a800 Uncommon trap: reason=unstable_if action=reinterpret pc=0x0000000002624968 method=java.util.HashMap.getNode(ILjava/lang/Object;)Ljava/util/HashMap$Node; @ 129

Internal exceptions (2 events):
Event: 0.181 Thread 0x00000000008ce800 Exception <a 'java/lang/NoSuchMethodError': Method sun.misc.Unsafe.defineClass(Ljava/lang/String;[BII)Ljava/lang/Class; name or signature does not match> (0x00000000eab0e568) thrown at [C:\re\workspace\8-2-build-windows-amd64-cygwin\jdk8u60\4407\hotspot\srª3Åš1Ç?
Event: 0.181 Thread 0x00000000008ce800 Exception <a 'java/lang/NoSuchMethodError': Method sun.misc.Unsafe.prefetchRead(Ljava/lang/Object;J)V name or signature does not match> (0x00000000eab0e850) thrown at [C:\re\workspace\8-2-build-windows-amd64-cygwin\jdk8u60\4407\hotspot\src\share\vm\prims\j

Events (10 events):
Event: 3.933 loading class java/util/TreeMap$EntrySet done
Event: 3.933 loading class java/util/TreeMap$EntryIterator
Event: 3.933 loading class java/util/TreeMap$EntryIterator done
Event: 3.940 loading class com/android/dx/cf/code/SwitchList
Event: 3.940 loading class com/android/dx/cf/code/SwitchList done
Event: 3.947 loading class com/android/dx/ssa/back/FirstFitLocalCombiningAllocator$Multiset
Event: 3.947 loading class com/android/dx/ssa/back/FirstFitLocalCombiningAllocator$Multiset done
Event: 3.950 Thread 0x0000000016b3a800 Uncommon trap: trap_request=0xffffff65 fr.pc=0x0000000002624968
Event: 3.950 Thread 0x0000000016b3a800 DEOPT PACKING pc=0x0000000002624968 sp=0x000000001762e310
Event: 3.950 Thread 0x0000000016b3a800 DEOPT UNPACKING pc=0x000000000243582a sp=0x000000001762e288 mode 2


Dynamic libraries:
0x00007ff7f5c30000 - 0x00007ff7f5c67000 	C:\Program Files\Java\jdk1.8.0_60\bin\java.exe
0x00007ffc1c420000 - 0x00007ffc1c5e1000 	C:\WINDOWS\SYSTEM32\ntdll.dll
0x00007ffc1b9b0000 - 0x00007ffc1ba5d000 	C:\WINDOWS\system32\KERNEL32.DLL
0x00007ffc18f00000 - 0x00007ffc190e8000 	C:\WINDOWS\system32\KERNELBASE.dll
0x00007ffc1b5d0000 - 0x00007ffc1b677000 	C:\WINDOWS\system32\ADVAPI32.dll
0x00007ffc19a80000 - 0x00007ffc19b1d000 	C:\WINDOWS\system32\msvcrt.dll
0x00007ffc19b20000 - 0x00007ffc19b7b000 	C:\WINDOWS\system32\sechost.dll
0x00007ffc1b430000 - 0x00007ffc1b54c000 	C:\WINDOWS\system32\RPCRT4.dll
0x00007ffc1c210000 - 0x00007ffc1c366000 	C:\WINDOWS\system32\USER32.dll
0x00007ffc1b680000 - 0x00007ffc1b806000 	C:\WINDOWS\system32\GDI32.dll
0x00007ffc10260000 - 0x00007ffc104d4000 	C:\WINDOWS\WinSxS\amd64_microsoft.windows.common-controls_6595b64144ccf1df_6.0.10586.0_none_8c15ae12515e1c22\COMCTL32.dll
0x00007ffc1bae0000 - 0x00007ffc1bd5d000 	C:\WINDOWS\system32\combase.dll
0x00007ffc19140000 - 0x00007ffc191aa000 	C:\WINDOWS\system32\bcryptPrimitives.dll
0x00007ffc1b970000 - 0x00007ffc1b9ab000 	C:\WINDOWS\system32\IMM32.DLL
0x00007ffc18910000 - 0x00007ffc18941000 	C:\Windows\system32\nvinitx.dll
0x00007ffc18900000 - 0x00007ffc1890a000 	C:\WINDOWS\SYSTEM32\VERSION.dll
0x000000006b3b0000 - 0x000000006b3b6000 	C:\Program Files\NVIDIA Corporation\CoProcManager\_etoured.dll
0x00007ffc16970000 - 0x00007ffc169a3000 	C:\Program Files\NVIDIA Corporation\CoProcManager\nvd3d9wrapx.dll
0x00007ffc1bdc0000 - 0x00007ffc1c1e9000 	C:\WINDOWS\system32\SETUPAPI.dll
0x00007ffc190f0000 - 0x00007ffc19133000 	C:\WINDOWS\system32\CFGMGR32.dll
0x00007ffc16840000 - 0x00007ffc16862000 	C:\Program Files\NVIDIA Corporation\CoProcManager\nvdxgiwrapx.dll
0x0000000067f00000 - 0x0000000067fd2000 	C:\Program Files\Java\jdk1.8.0_60\jre\bin\msvcr100.dll
0x0000000067670000 - 0x0000000067ef9000 	C:\Program Files\Java\jdk1.8.0_60\jre\bin\server\jvm.dll
0x00007ffc19b90000 - 0x00007ffc19b98000 	C:\WINDOWS\system32\PSAPI.DLL
0x00007ffc0d3a0000 - 0x00007ffc0d3a9000 	C:\WINDOWS\SYSTEM32\WSOCK32.dll
0x00007ffc16ed0000 - 0x00007ffc16ef3000 	C:\WINDOWS\SYSTEM32\WINMM.dll
0x00007ffc1ba70000 - 0x00007ffc1badb000 	C:\WINDOWS\system32\WS2_32.dll
0x00007ffc16e70000 - 0x00007ffc16e9c000 	C:\WINDOWS\SYSTEM32\WINMMBASE.dll
0x0000000067660000 - 0x000000006766f000 	C:\Program Files\Java\jdk1.8.0_60\jre\bin\verify.dll
0x0000000067630000 - 0x0000000067659000 	C:\Program Files\Java\jdk1.8.0_60\jre\bin\java.dll
0x0000000067610000 - 0x0000000067626000 	C:\Program Files\Java\jdk1.8.0_60\jre\bin\zip.dll
0x00007ffc19e60000 - 0x00007ffc1b3bc000 	C:\WINDOWS\system32\SHELL32.dll
0x00007ffc191b0000 - 0x00007ffc197f4000 	C:\WINDOWS\system32\windows.storage.dll
0x00007ffc19800000 - 0x00007ffc19852000 	C:\WINDOWS\system32\shlwapi.dll
0x00007ffc18a30000 - 0x00007ffc18a3f000 	C:\WINDOWS\system32\kernel.appcore.dll
0x00007ffc18d90000 - 0x00007ffc18e45000 	C:\WINDOWS\system32\shcore.dll
0x00007ffc18a40000 - 0x00007ffc18a8b000 	C:\WINDOWS\system32\powrprof.dll
0x00007ffc18a90000 - 0x00007ffc18aa4000 	C:\WINDOWS\system32\profapi.dll

VM Arguments:
jvm_args: -Djava.awt.headless=true -Xmx1024M -Dfile.encoding=windows-1252 -Duser.country=ES -Duser.language=es -Duser.variant 
java_command: com.android.dx.command.Main --dex --force-jumbo --num-threads=4 --multi-dex --output C:\Users\USER\Desktop\Proyectos\cashPokerProgresive3\app\build\intermediates\transforms\dex\debug\folders\1000\10\com.google.android.gms-play-services-basement-8.1.0_76ba1d26682c7f626d936944a75a060331f7fd2d C:\Users\USER\Desktop\Proyectos\cashPokerProgresive3\app\build\intermediates\exploded-aar\com.google.android.gms\play-services-basement\8.1.0\jars\classes.jar
java_class_path (initial): C:\Users\USER\AppData\Local\Android\sdk\build-tools\23.0.3\lib\dx.jar
Launcher Type: SUN_STANDARD

Environment Variables:
CLASSPATH=.;C:\Program Files (x86)\QuickTime\QTSystem\QTJava.zip
USERNAME=USER
OS=Windows_NT
PROCESSOR_IDENTIFIER=Intel64 Family 6 Model 58 Stepping 9, GenuineIntel



---------------  S Y S T E M  ---------------

OS: Windows 10.0 , 64 bit Build 10586 (10.0.10586.0)

CPU:total 4 (2 cores per cpu, 2 threads per core) family 6 model 58 stepping 9, cmov, cx8, fxsr, mmx, sse, sse2, sse3, ssse3, sse4.1, sse4.2, popcnt, avx, aes, clmul, erms, ht, tsc, tscinvbit, tscinv

Memory: 4k page, physical 6167652k(675508k free), swap 9308260k(5212k free)

vm_info: Java HotSpot(TM) 64-Bit Server VM (25.60-b23) for windows-amd64 JRE (1.8.0_60-b27), built on Aug  4 2015 11:06:27 by "java_re" with MS VC++ 10.0 (VS2010)

time: Thu May 26 17:57:22 2016
elapsed time: 4 seconds (0d 0h 0m 4s)

