#
# There is insufficient memory for the Java Runtime Environment to continue.
# Native memory allocation (malloc) failed to allocate 369856 bytes for Chunk::new
# Possible reasons:
#   The system is out of physical RAM or swap space
#   In 32 bit mode, the process size limit was hit
# Possible solutions:
#   Reduce memory load on the system
#   Increase physical memory or swap space
#   Check if swap backing store is full
#   Use 64 bit Java on a 64 bit OS
#   Decrease Java heap size (-Xmx/-Xms)
#   Decrease number of Java threads
#   Decrease Java thread stack sizes (-Xss)
#   Set larger code cache with -XX:ReservedCodeCacheSize=
# This output file may be truncated or incomplete.
#
#  Out of Memory Error (allocation.cpp:390), pid=9052, tid=8948
#
# JRE version: Java(TM) SE Runtime Environment (8.0_60-b27) (build 1.8.0_60-b27)
# Java VM: Java HotSpot(TM) 64-Bit Server VM (25.60-b23 mixed mode windows-amd64 compressed oops)
# Failed to write core dump. Minidumps are not enabled by default on client versions of Windows
#

---------------  T H R E A D  ---------------

Current thread (0x00000000149f1800):  JavaThread "C2 CompilerThread0" daemon [_thread_in_native, id=8948, stack(0x0000000016050000,0x0000000016150000)]

Stack: [0x0000000016050000,0x0000000016150000]
[error occurred during error reporting (printing stack bounds), id 0xc0000005]

Native frames: (J=compiled Java code, j=interpreted, Vv=VM code, C=native code)


Current CompileTask:
C2:    904  628       4       com.android.dx.ssa.SsaBasicBlock::forEachInsn (37 bytes)


---------------  P R O C E S S  ---------------

Java Threads: ( => current thread )
  0x000000001657a000 JavaThread "pool-2-thread-4" [_thread_in_Java, id=4048, stack(0x0000000016d50000,0x0000000016e50000)]
  0x00000000164f7000 JavaThread "pool-2-thread-3" [_thread_in_vm, id=4656, stack(0x0000000016c50000,0x0000000016d50000)]
  0x00000000164e9800 JavaThread "pool-2-thread-2" [_thread_in_Java, id=5144, stack(0x0000000016b50000,0x0000000016c50000)]
  0x00000000164ab000 JavaThread "pool-3-thread-1" [_thread_blocked, id=4964, stack(0x0000000016a50000,0x0000000016b50000)]
  0x00000000164b3800 JavaThread "pool-2-thread-1" [_thread_in_Java, id=5648, stack(0x0000000016950000,0x0000000016a50000)]
  0x0000000016375000 JavaThread "Service Thread" daemon [_thread_blocked, id=9988, stack(0x0000000016750000,0x0000000016850000)]
  0x0000000014a33800 JavaThread "C1 CompilerThread2" daemon [_thread_in_vm, id=9764, stack(0x0000000016250000,0x0000000016350000)]
  0x00000000149f3800 JavaThread "C2 CompilerThread1" daemon [_thread_in_native, id=9892, stack(0x0000000016150000,0x0000000016250000)]
=>0x00000000149f1800 JavaThread "C2 CompilerThread0" daemon [_thread_in_native, id=8948, stack(0x0000000016050000,0x0000000016150000)]
  0x00000000149f0000 JavaThread "Attach Listener" daemon [_thread_blocked, id=5432, stack(0x0000000015f50000,0x0000000016050000)]
  0x00000000149ef000 JavaThread "Signal Dispatcher" daemon [_thread_blocked, id=8060, stack(0x0000000015e50000,0x0000000015f50000)]
  0x00000000022a9800 JavaThread "Finalizer" daemon [_thread_blocked, id=2628, stack(0x0000000015c50000,0x0000000015d50000)]
  0x00000000022a1000 JavaThread "Reference Handler" daemon [_thread_blocked, id=8280, stack(0x0000000015b50000,0x0000000015c50000)]
  0x000000000247e800 JavaThread "main" [_thread_blocked, id=4320, stack(0x0000000000940000,0x0000000000a40000)]

Other Threads:
  0x00000000149b7800 VMThread [stack: 0x0000000015a50000,0x0000000015b50000] [id=740]
  0x0000000016377000 WatcherThread [stack: 0x0000000016850000,0x0000000016950000] [id=9800]

VM state:not at safepoint (normal execution)

VM Mutex/Monitor currently owned by a thread: None

Heap:
 PSYoungGen      total 28672K, used 10510K [0x00000000eab00000, 0x00000000ecb00000, 0x0000000100000000)
  eden space 24576K, 42% used [0x00000000eab00000,0x00000000eb5439c8,0x00000000ec300000)
  from space 4096K, 0% used [0x00000000ec300000,0x00000000ec300000,0x00000000ec700000)
  to   space 4096K, 0% used [0x00000000ec700000,0x00000000ec700000,0x00000000ecb00000)
 ParOldGen       total 45568K, used 933K [0x00000000c0000000, 0x00000000c2c80000, 0x00000000eab00000)
  object space 45568K, 2% used [0x00000000c0000000,0x00000000c00e9420,0x00000000c2c80000)
 Metaspace       used 5538K, capacity 6704K, committed 6784K, reserved 1058816K
  class space    used 578K, capacity 616K, committed 640K, reserved 1048576K

Card table byte_map: [0x0000000011840000,0x0000000011a50000] byte_map_base: 0x0000000011240000

Marking Bits: (ParMarkBitMap*) 0x000000005154a5b0
 Begin Bits: [0x0000000011e50000, 0x0000000012e50000)
 End Bits:   [0x0000000012e50000, 0x0000000013e50000)

Polling page: 0x00000000001f0000

CodeCache: size=245760Kb used=2773Kb max_used=2780Kb free=242986Kb
 bounds [0x0000000002480000, 0x0000000002740000, 0x0000000011480000]
 total_blobs=912 nmethods=650 adapters=175
 compilation: enabled

Compilation events (10 events):
Event: 0.888 Thread 0x0000000014a33800 nmethod 642 0x0000000002719550 code [0x0000000002719740, 0x000000000271a018]
Event: 0.888 Thread 0x0000000014a33800  647       1       com.android.dx.rop.cst.CstInteger::getType (4 bytes)
Event: 0.888 Thread 0x0000000014a33800 nmethod 647 0x00000000026ed750 code [0x00000000026ed8a0, 0x00000000026ed9b0]
Event: 0.888 Thread 0x0000000014a33800  643       3       com.android.dx.ssa.back.FirstFitLocalCombiningAllocator$1::processInsn (169 bytes)
Event: 0.891 Thread 0x0000000014a33800 nmethod 643 0x000000000271a410 code [0x000000000271a7c0, 0x000000000271cd08]
Event: 0.891 Thread 0x0000000014a33800  644       3       com.android.dx.ssa.back.FirstFitLocalCombiningAllocator$1::visitNonMoveInsn (6 bytes)
Event: 0.891 Thread 0x0000000014a33800 nmethod 644 0x0000000002709b10 code [0x0000000002709c80, 0x0000000002709e08]
Event: 0.891 Thread 0x0000000014a33800  635       3       com.android.dx.rop.code.ThrowingCstInsn::accept (8 bytes)
Event: 0.891 Thread 0x0000000014a33800 nmethod 635 0x00000000027095d0 code [0x0000000002709740, 0x0000000002709968]
Event: 0.891 Thread 0x0000000014a33800  639       3       com.android.dx.cf.code.BaseMachine::getLocalTarget (151 bytes)

GC Heap History (4 events):
Event: 0.498 GC heap before
{Heap before GC invocations=1 (full 0):
 PSYoungGen      total 28672K, used 4424K [0x00000000eab00000, 0x00000000ecb00000, 0x0000000100000000)
  eden space 24576K, 18% used [0x00000000eab00000,0x00000000eaf52380,0x00000000ec300000)
  from space 4096K, 0% used [0x00000000ec700000,0x00000000ec700000,0x00000000ecb00000)
  to   space 4096K, 0% used [0x00000000ec300000,0x00000000ec300000,0x00000000ec700000)
 ParOldGen       total 65536K, used 0K [0x00000000c0000000, 0x00000000c4000000, 0x00000000eab00000)
  object space 65536K, 0% used [0x00000000c0000000,0x00000000c0000000,0x00000000c4000000)
 Metaspace       used 3695K, capacity 5008K, committed 5120K, reserved 1062912K
  class space    used 417K, capacity 456K, committed 512K, reserved 1048576K
Event: 0.500 GC heap after
Heap after GC invocations=1 (full 0):
 PSYoungGen      total 28672K, used 1085K [0x00000000eab00000, 0x00000000ecb00000, 0x0000000100000000)
  eden space 24576K, 0% used [0x00000000eab00000,0x00000000eab00000,0x00000000ec300000)
  from space 4096K, 26% used [0x00000000ec300000,0x00000000ec40f640,0x00000000ec700000)
  to   space 4096K, 0% used [0x00000000ec700000,0x00000000ec700000,0x00000000ecb00000)
 ParOldGen       total 65536K, used 8K [0x00000000c0000000, 0x00000000c4000000, 0x00000000eab00000)
  object space 65536K, 0% used [0x00000000c0000000,0x00000000c0002000,0x00000000c4000000)
 Metaspace       used 3695K, capacity 5008K, committed 5120K, reserved 1062912K
  class space    used 417K, capacity 456K, committed 512K, reserved 1048576K
}
Event: 0.500 GC heap before
{Heap before GC invocations=2 (full 1):
 PSYoungGen      total 28672K, used 1085K [0x00000000eab00000, 0x00000000ecb00000, 0x0000000100000000)
  eden space 24576K, 0% used [0x00000000eab00000,0x00000000eab00000,0x00000000ec300000)
  from space 4096K, 26% used [0x00000000ec300000,0x00000000ec40f640,0x00000000ec700000)
  to   space 4096K, 0% used [0x00000000ec700000,0x00000000ec700000,0x00000000ecb00000)
 ParOldGen       total 65536K, used 8K [0x00000000c0000000, 0x00000000c4000000, 0x00000000eab00000)
  object space 65536K, 0% used [0x00000000c0000000,0x00000000c0002000,0x00000000c4000000)
 Metaspace       used 3695K, capacity 5008K, committed 5120K, reserved 1062912K
  class space    used 417K, capacity 456K, committed 512K, reserved 1048576K
Event: 0.507 GC heap after
Heap after GC invocations=2 (full 1):
 PSYoungGen      total 28672K, used 0K [0x00000000eab00000, 0x00000000ecb00000, 0x0000000100000000)
  eden space 24576K, 0% used [0x00000000eab00000,0x00000000eab00000,0x00000000ec300000)
  from space 4096K, 0% used [0x00000000ec300000,0x00000000ec300000,0x00000000ec700000)
  to   space 4096K, 0% used [0x00000000ec700000,0x00000000ec700000,0x00000000ecb00000)
 ParOldGen       total 45568K, used 933K [0x00000000c0000000, 0x00000000c2c80000, 0x00000000eab00000)
  object space 45568K, 2% used [0x00000000c0000000,0x00000000c00e9420,0x00000000c2c80000)
 Metaspace       used 3695K, capacity 5008K, committed 5120K, reserved 1058816K
  class space    used 417K, capacity 456K, committed 512K, reserved 1048576K
}

Deoptimization events (1 events):
Event: 0.725 Thread 0x000000000247e800 Uncommon trap: reason=unstable_if action=reinterpret pc=0x0000000002668674 method=java.util.HashMap.getNode(ILjava/lang/Object;)Ljava/util/HashMap$Node; @ 62

Internal exceptions (2 events):
Event: 0.045 Thread 0x000000000247e800 Exception <a 'java/lang/NoSuchMethodError': Method sun.misc.Unsafe.defineClass(Ljava/lang/String;[BII)Ljava/lang/Class; name or signature does not match> (0x00000000eab0e150) thrown at [C:\re\workspace\8-2-build-windows-amd64-cygwin\jdk8u60\4407\hotspot\srvd-kN§?
Event: 0.046 Thread 0x000000000247e800 Exception <a 'java/lang/NoSuchMethodError': Method sun.misc.Unsafe.prefetchRead(Ljava/lang/Object;J)V name or signature does not match> (0x00000000eab0e438) thrown at [C:\re\workspace\8-2-build-windows-amd64-cygwin\jdk8u60\4407\hotspot\src\share\vm\prims\j

Events (10 events):
Event: 0.797 loading class com/android/dx/dex/file/DebugInfoItem done
Event: 0.798 loading class com/android/dx/rop/annotation/AnnotationsList
Event: 0.798 loading class com/android/dx/rop/annotation/AnnotationsList done
Event: 0.799 loading class com/android/dx/dex/file/MethodIdItem
Event: 0.799 loading class com/android/dx/dex/file/MethodIdItem done
Event: 0.800 loading class com/android/dx/cf/code/SwitchList
Event: 0.800 loading class com/android/dx/cf/code/SwitchList done
Event: 0.843 loading class com/android/dx/dex/file/MethodAnnotationStruct
Event: 0.843 loading class com/android/dx/dex/file/MethodAnnotationStruct done
Event: 0.862 loading class java/util/ArrayList$1


Dynamic libraries:
0x00007ff6653b0000 - 0x00007ff6653e7000 	C:\Program Files\Java\jdk1.8.0_60\bin\java.exe
0x00007ff8699b0000 - 0x00007ff869b71000 	C:\WINDOWS\SYSTEM32\ntdll.dll
0x00007ff869900000 - 0x00007ff8699ad000 	C:\WINDOWS\system32\KERNEL32.DLL
0x00007ff866ba0000 - 0x00007ff866d88000 	C:\WINDOWS\system32\KERNELBASE.dll
0x00007ff8672c0000 - 0x00007ff867367000 	C:\WINDOWS\system32\ADVAPI32.dll
0x00007ff868a50000 - 0x00007ff868aed000 	C:\WINDOWS\system32\msvcrt.dll
0x00007ff8698a0000 - 0x00007ff8698fb000 	C:\WINDOWS\system32\sechost.dll
0x00007ff867160000 - 0x00007ff86727c000 	C:\WINDOWS\system32\RPCRT4.dll
0x00007ff868fe0000 - 0x00007ff869136000 	C:\WINDOWS\system32\USER32.dll
0x00007ff868d60000 - 0x00007ff868ee6000 	C:\WINDOWS\system32\GDI32.dll
0x00007ff860260000 - 0x00007ff8604d4000 	C:\WINDOWS\WinSxS\amd64_microsoft.windows.common-controls_6595b64144ccf1df_6.0.10586.0_none_8c15ae12515e1c22\COMCTL32.dll
0x00007ff866ee0000 - 0x00007ff86715d000 	C:\WINDOWS\system32\combase.dll
0x00007ff866180000 - 0x00007ff8661ea000 	C:\WINDOWS\system32\bcryptPrimitives.dll
0x00007ff867280000 - 0x00007ff8672bb000 	C:\WINDOWS\system32\IMM32.DLL
0x00007ff865ea0000 - 0x00007ff865ed1000 	C:\Windows\system32\nvinitx.dll
0x00007ff865e90000 - 0x00007ff865e9a000 	C:\WINDOWS\SYSTEM32\VERSION.dll
0x0000000054bf0000 - 0x0000000054bf6000 	C:\Program Files\NVIDIA Corporation\CoProcManager\_etoured.dll
0x00007ff863520000 - 0x00007ff863553000 	C:\Program Files\NVIDIA Corporation\CoProcManager\nvd3d9wrapx.dll
0x00007ff8693a0000 - 0x00007ff8697c9000 	C:\WINDOWS\system32\SETUPAPI.dll
0x00007ff866920000 - 0x00007ff866963000 	C:\WINDOWS\system32\CFGMGR32.dll
0x00007ff863260000 - 0x00007ff863282000 	C:\Program Files\NVIDIA Corporation\CoProcManager\nvdxgiwrapx.dll
0x00000000515d0000 - 0x00000000516a2000 	C:\Program Files\Java\jdk1.8.0_60\jre\bin\msvcr100.dll
0x0000000050d40000 - 0x00000000515c9000 	C:\Program Files\Java\jdk1.8.0_60\jre\bin\server\jvm.dll
0x00007ff869160000 - 0x00007ff869168000 	C:\WINDOWS\system32\PSAPI.DLL
0x00007ff858430000 - 0x00007ff858439000 	C:\WINDOWS\SYSTEM32\WSOCK32.dll
0x00007ff8697d0000 - 0x00007ff86983b000 	C:\WINDOWS\system32\WS2_32.dll
0x00007ff863d30000 - 0x00007ff863d53000 	C:\WINDOWS\SYSTEM32\WINMM.dll
0x00007ff863d00000 - 0x00007ff863d2c000 	C:\WINDOWS\SYSTEM32\WINMMBASE.dll
0x0000000050d30000 - 0x0000000050d3f000 	C:\Program Files\Java\jdk1.8.0_60\jre\bin\verify.dll
0x0000000050d00000 - 0x0000000050d29000 	C:\Program Files\Java\jdk1.8.0_60\jre\bin\java.dll
0x0000000050ce0000 - 0x0000000050cf6000 	C:\Program Files\Java\jdk1.8.0_60\jre\bin\zip.dll
0x00007ff8674f0000 - 0x00007ff868a4c000 	C:\WINDOWS\system32\SHELL32.dll
0x00007ff8662d0000 - 0x00007ff866914000 	C:\WINDOWS\system32\windows.storage.dll
0x00007ff869320000 - 0x00007ff869372000 	C:\WINDOWS\system32\shlwapi.dll
0x00007ff866030000 - 0x00007ff86603f000 	C:\WINDOWS\system32\kernel.appcore.dll
0x00007ff8661f0000 - 0x00007ff8662a5000 	C:\WINDOWS\system32\shcore.dll
0x00007ff865fd0000 - 0x00007ff86601b000 	C:\WINDOWS\system32\powrprof.dll
0x00007ff865fb0000 - 0x00007ff865fc4000 	C:\WINDOWS\system32\profapi.dll

VM Arguments:
jvm_args: -Djava.awt.headless=true -Xmx1024M -Dfile.encoding=windows-1252 -Duser.country=ES -Duser.language=es -Duser.variant 
java_command: com.android.dx.command.Main --dex --force-jumbo --num-threads=4 --multi-dex --output C:\Users\USER\Desktop\Proyectos\cashPokerProgresive3\app\build\intermediates\transforms\dex\debug\folders\1000\5\slice_5 C:\Users\USER\Desktop\Proyectos\cashPokerProgresive3\app\build\intermediates\transforms\instantRunSlicer\debug\folders\1\5\slice_5
java_class_path (initial): C:\Users\USER\AppData\Local\Android\sdk\build-tools\23.0.3\lib\dx.jar
Launcher Type: SUN_STANDARD

Environment Variables:
CLASSPATH=.;C:\Program Files (x86)\QuickTime\QTSystem\QTJava.zip
USERNAME=USER
OS=Windows_NT
PROCESSOR_IDENTIFIER=Intel64 Family 6 Model 58 Stepping 9, GenuineIntel



---------------  S Y S T E M  ---------------

OS: Windows 10.0 , 64 bit Build 10586 (10.0.10586.0)

CPU:total 4 (2 cores per cpu, 2 threads per core) family 6 model 58 stepping 9, cmov, cx8, fxsr, mmx, sse, sse2, sse3, ssse3, sse4.1, sse4.2, popcnt, avx, aes, clmul, erms, ht, tsc, tscinvbit, tscinv

Memory: 4k page, physical 6167652k(641340k free), swap 9308260k(6580k free)

vm_info: Java HotSpot(TM) 64-Bit Server VM (25.60-b23) for windows-amd64 JRE (1.8.0_60-b27), built on Aug  4 2015 11:06:27 by "java_re" with MS VC++ 10.0 (VS2010)

time: Tue Aug 30 16:12:00 2016
elapsed time: 0 seconds (0d 0h 0m 0s)

