#
# There is insufficient memory for the Java Runtime Environment to continue.
# Native memory allocation (malloc) failed to allocate 433856 bytes for Chunk::new
# Possible reasons:
#   The system is out of physical RAM or swap space
#   In 32 bit mode, the process size limit was hit
# Possible solutions:
#   Reduce memory load on the system
#   Increase physical memory or swap space
#   Check if swap backing store is full
#   Use 64 bit Java on a 64 bit OS
#   Decrease Java heap size (-Xmx/-Xms)
#   Decrease number of Java threads
#   Decrease Java thread stack sizes (-Xss)
#   Set larger code cache with -XX:ReservedCodeCacheSize=
# This output file may be truncated or incomplete.
#
#  Out of Memory Error (allocation.cpp:390), pid=10108, tid=8496
#
# JRE version: Java(TM) SE Runtime Environment (8.0_60-b27) (build 1.8.0_60-b27)
# Java VM: Java HotSpot(TM) 64-Bit Server VM (25.60-b23 mixed mode windows-amd64 compressed oops)
# Failed to write core dump. Minidumps are not enabled by default on client versions of Windows
#

---------------  T H R E A D  ---------------

Current thread (0x00000000148be000):  JavaThread "C2 CompilerThread1" daemon [_thread_in_native, id=8496, stack(0x0000000016020000,0x0000000016120000)]

Stack: [0x0000000016020000,0x0000000016120000]
[error occurred during error reporting (printing stack bounds), id 0xc0000005]

Native frames: (J=compiled Java code, j=interpreted, Vv=VM code, C=native code)


Current CompileTask:
C2:   3010 1196       4       com.android.dx.ssa.back.LivenessAnalyzer::run (231 bytes)


---------------  P R O C E S S  ---------------

Java Threads: ( => current thread )
  0x000000001638c000 JavaThread "pool-2-thread-4" [_thread_blocked, id=7884, stack(0x0000000016c20000,0x0000000016d20000)]
  0x0000000016382800 JavaThread "pool-2-thread-3" [_thread_blocked, id=9732, stack(0x0000000016b20000,0x0000000016c20000)]
  0x000000001637c000 JavaThread "pool-2-thread-2" [_thread_in_Java, id=5192, stack(0x0000000016a20000,0x0000000016b20000)]
  0x0000000016348800 JavaThread "pool-3-thread-1" [_thread_blocked, id=960, stack(0x0000000016920000,0x0000000016a20000)]
  0x0000000016344800 JavaThread "pool-2-thread-1" [_thread_in_Java, id=9084, stack(0x0000000016820000,0x0000000016920000)]
  0x0000000016289800 JavaThread "Service Thread" daemon [_thread_blocked, id=7000, stack(0x0000000016620000,0x0000000016720000)]
  0x000000001490f000 JavaThread "C1 CompilerThread2" daemon [_thread_in_native, id=5108, stack(0x0000000016120000,0x0000000016220000)]
=>0x00000000148be000 JavaThread "C2 CompilerThread1" daemon [_thread_in_native, id=8496, stack(0x0000000016020000,0x0000000016120000)]
  0x00000000148bb800 JavaThread "C2 CompilerThread0" daemon [_thread_in_native, id=5520, stack(0x0000000015f20000,0x0000000016020000)]
  0x00000000148ba000 JavaThread "Attach Listener" daemon [_thread_blocked, id=3552, stack(0x0000000015e20000,0x0000000015f20000)]
  0x00000000148b8800 JavaThread "Signal Dispatcher" daemon [_thread_blocked, id=10116, stack(0x0000000015d20000,0x0000000015e20000)]
  0x000000001489c000 JavaThread "Finalizer" daemon [_thread_blocked, id=7028, stack(0x0000000015b20000,0x0000000015c20000)]
  0x0000000014898800 JavaThread "Reference Handler" daemon [_thread_blocked, id=4860, stack(0x0000000015a20000,0x0000000015b20000)]
  0x0000000001ffe800 JavaThread "main" [_thread_in_Java, id=7984, stack(0x0000000002000000,0x0000000002100000)]

Other Threads:
  0x00000000021cc800 VMThread [stack: 0x0000000015920000,0x0000000015a20000] [id=3168]
  0x000000001628f800 WatcherThread [stack: 0x0000000016720000,0x0000000016820000] [id=448]

VM state:not at safepoint (normal execution)

VM Mutex/Monitor currently owned by a thread: None

Heap:
 PSYoungGen      total 28672K, used 16561K [0x00000000eab00000, 0x00000000ecb00000, 0x0000000100000000)
  eden space 24576K, 50% used [0x00000000eab00000,0x00000000eb730500,0x00000000ec300000)
  from space 4096K, 99% used [0x00000000ec300000,0x00000000ec6fc088,0x00000000ec700000)
  to   space 4096K, 0% used [0x00000000ec700000,0x00000000ec700000,0x00000000ecb00000)
 ParOldGen       total 65536K, used 1077K [0x00000000c0000000, 0x00000000c4000000, 0x00000000eab00000)
  object space 65536K, 1% used [0x00000000c0000000,0x00000000c010d420,0x00000000c4000000)
 Metaspace       used 5800K, capacity 6960K, committed 7040K, reserved 1056768K
  class space    used 584K, capacity 616K, committed 640K, reserved 1048576K

Card table byte_map: [0x00000000115c0000,0x00000000117d0000] byte_map_base: 0x0000000010fc0000

Marking Bits: (ParMarkBitMap*) 0x000000005154a5b0
 Begin Bits: [0x0000000011d30000, 0x0000000012d30000)
 End Bits:   [0x0000000012d30000, 0x0000000013d30000)

Polling page: 0x0000000000990000

CodeCache: size=245760Kb used=4874Kb max_used=4874Kb free=240885Kb
 bounds [0x0000000002200000, 0x00000000026d0000, 0x0000000011200000]
 total_blobs=1468 nmethods=1205 adapters=175
 compilation: enabled

Compilation events (10 events):
Event: 3.003 Thread 0x000000001490f000 nmethod 1209 0x00000000026a0d50 code [0x00000000026a0ec0, 0x00000000026a10e8]
Event: 3.004 Thread 0x000000001490f000 1212       3       com.android.dx.rop.code.SourcePosition::equals (46 bytes)
Event: 3.004 Thread 0x000000001490f000 nmethod 1212 0x00000000026b7f90 code [0x00000000026b8120, 0x00000000026b8648]
Event: 3.004 Thread 0x000000001490f000 1213       3       com.android.dx.ssa.SsaConverter::edgeSplitPredecessors (44 bytes)
Event: 3.005 Thread 0x000000001490f000 nmethod 1213 0x00000000026c1390 code [0x00000000026c15a0, 0x00000000026c1f68]
Event: 3.005 Thread 0x000000001490f000 1214       3       com.android.dx.ssa.PhiTypeResolver::run (179 bytes)
Event: 3.006 Thread 0x000000001490f000 nmethod 1214 0x00000000026c24d0 code [0x00000000026c2760, 0x00000000026c3908]
Event: 3.006 Thread 0x000000001490f000 1215       3       com.android.dx.ssa.PhiTypeResolver::equalsHandlesNulls (23 bytes)
Event: 3.007 Thread 0x000000001490f000 nmethod 1215 0x00000000026b7890 code [0x00000000026b7a20, 0x00000000026b7e68]
Event: 3.007 Thread 0x000000001490f000 1217       3       java.util.HashMap::<init> (8 bytes)

GC Heap History (2 events):
Event: 2.081 GC heap before
{Heap before GC invocations=1 (full 0):
 PSYoungGen      total 28672K, used 24576K [0x00000000eab00000, 0x00000000ecb00000, 0x0000000100000000)
  eden space 24576K, 100% used [0x00000000eab00000,0x00000000ec300000,0x00000000ec300000)
  from space 4096K, 0% used [0x00000000ec700000,0x00000000ec700000,0x00000000ecb00000)
  to   space 4096K, 0% used [0x00000000ec300000,0x00000000ec300000,0x00000000ec700000)
 ParOldGen       total 65536K, used 0K [0x00000000c0000000, 0x00000000c4000000, 0x00000000eab00000)
  object space 65536K, 0% used [0x00000000c0000000,0x00000000c0000000,0x00000000c4000000)
 Metaspace       used 5711K, capacity 6832K, committed 7040K, reserved 1056768K
  class space    used 584K, capacity 616K, committed 640K, reserved 1048576K
Event: 2.236 GC heap after
Heap after GC invocations=1 (full 0):
 PSYoungGen      total 28672K, used 4080K [0x00000000eab00000, 0x00000000ecb00000, 0x0000000100000000)
  eden space 24576K, 0% used [0x00000000eab00000,0x00000000eab00000,0x00000000ec300000)
  from space 4096K, 99% used [0x00000000ec300000,0x00000000ec6fc088,0x00000000ec700000)
  to   space 4096K, 0% used [0x00000000ec700000,0x00000000ec700000,0x00000000ecb00000)
 ParOldGen       total 65536K, used 1077K [0x00000000c0000000, 0x00000000c4000000, 0x00000000eab00000)
  object space 65536K, 1% used [0x00000000c0000000,0x00000000c010d420,0x00000000c4000000)
 Metaspace       used 5711K, capacity 6832K, committed 7040K, reserved 1056768K
  class space    used 584K, capacity 616K, committed 640K, reserved 1048576K
}

Deoptimization events (3 events):
Event: 2.014 Thread 0x0000000016344800 Uncommon trap: reason=unstable_if action=reinterpret pc=0x000000000255a3a4 method=com.android.dx.ssa.SsaRenamer$BlockRenamer.addMapping(ILcom/android/dx/rop/code/RegisterSpec;)V @ 120
Event: 2.014 Thread 0x0000000016344800 Uncommon trap: reason=null_check action=make_not_entrant pc=0x000000000252cd50 method=com.android.dx.ssa.SsaRenamer.getLocalForNewReg(I)Lcom/android/dx/rop/code/LocalItem; @ 19
Event: 2.015 Thread 0x0000000016344800 Uncommon trap: reason=null_check action=make_not_entrant pc=0x0000000002596cbc method=com.android.dx.ssa.SsaRenamer.getLocalForNewReg(I)Lcom/android/dx/rop/code/LocalItem; @ 19

Internal exceptions (4 events):
Event: 0.054 Thread 0x0000000001ffe800 Exception <a 'java/lang/NoSuchMethodError': Method sun.misc.Unsafe.defineClass(Ljava/lang/String;[BII)Ljava/lang/Class; name or signature does not match> (0x00000000eab0e480) thrown at [C:\re\workspace\8-2-build-windows-amd64-cygwin\jdk8u60\4407\hotspot\sr–}:Ê∞°´?
Event: 0.054 Thread 0x0000000001ffe800 Exception <a 'java/lang/NoSuchMethodError': Method sun.misc.Unsafe.prefetchRead(Ljava/lang/Object;J)V name or signature does not match> (0x00000000eab0e768) thrown at [C:\re\workspace\8-2-build-windows-amd64-cygwin\jdk8u60\4407\hotspot\src\share\vm\prims\j_PÅ7ñ
Event: 2.014 Thread 0x0000000016344800 Implicit null exception at 0x000000000252b14c to 0x000000000252cd0d
Event: 2.015 Thread 0x0000000016344800 Implicit null exception at 0x0000000002594b8d to 0x0000000002596c9d

Events (10 events):
Event: 2.015 Thread 0x0000000016344800 DEOPT PACKING pc=0x0000000002596cbc sp=0x000000001691e860
Event: 2.015 Thread 0x0000000016344800 DEOPT UNPACKING pc=0x000000000224582a sp=0x000000001691e738 mode 2
Event: 2.073 Thread 0x000000001637c000 DEOPT PACKING pc=0x00000000025473b8 sp=0x0000000016b1e550
Event: 2.073 Thread 0x000000001637c000 DEOPT UNPACKING pc=0x000000000224787f sp=0x0000000016b1e330 mode 0
Event: 2.077 Executing VM operation: ParallelGCFailedAllocation
Event: 2.237 Executing VM operation: ParallelGCFailedAllocation done
Event: 2.462 Thread 0x0000000016344800 DEOPT PACKING pc=0x000000000253de92 sp=0x000000001691e8e0
Event: 2.462 Thread 0x0000000016344800 DEOPT UNPACKING pc=0x000000000224787f sp=0x000000001691e648 mode 0
Event: 3.003 Thread 0x0000000016344800 DEOPT PACKING pc=0x0000000002503561 sp=0x000000001691ea60
Event: 3.003 Thread 0x0000000016344800 DEOPT UNPACKING pc=0x000000000224787f sp=0x000000001691e7e0 mode 0


Dynamic libraries:
0x00007ff6653b0000 - 0x00007ff6653e7000 	C:\Program Files\Java\jdk1.8.0_60\bin\java.exe
0x00007ff8699b0000 - 0x00007ff869b71000 	C:\WINDOWS\SYSTEM32\ntdll.dll
0x00007ff869900000 - 0x00007ff8699ad000 	C:\WINDOWS\system32\KERNEL32.DLL
0x00007ff866ba0000 - 0x00007ff866d88000 	C:\WINDOWS\system32\KERNELBASE.dll
0x00007ff8672c0000 - 0x00007ff867367000 	C:\WINDOWS\system32\ADVAPI32.dll
0x00007ff868a50000 - 0x00007ff868aed000 	C:\WINDOWS\system32\msvcrt.dll
0x00007ff8698a0000 - 0x00007ff8698fb000 	C:\WINDOWS\system32\sechost.dll
0x00007ff867160000 - 0x00007ff86727c000 	C:\WINDOWS\system32\RPCRT4.dll
0x00007ff868fe0000 - 0x00007ff869136000 	C:\WINDOWS\system32\USER32.dll
0x00007ff868d60000 - 0x00007ff868ee6000 	C:\WINDOWS\system32\GDI32.dll
0x00007ff860260000 - 0x00007ff8604d4000 	C:\WINDOWS\WinSxS\amd64_microsoft.windows.common-controls_6595b64144ccf1df_6.0.10586.0_none_8c15ae12515e1c22\COMCTL32.dll
0x00007ff866ee0000 - 0x00007ff86715d000 	C:\WINDOWS\system32\combase.dll
0x00007ff866180000 - 0x00007ff8661ea000 	C:\WINDOWS\system32\bcryptPrimitives.dll
0x00007ff867280000 - 0x00007ff8672bb000 	C:\WINDOWS\system32\IMM32.DLL
0x00007ff865ea0000 - 0x00007ff865ed1000 	C:\Windows\system32\nvinitx.dll
0x00007ff865e90000 - 0x00007ff865e9a000 	C:\WINDOWS\SYSTEM32\VERSION.dll
0x0000000054bf0000 - 0x0000000054bf6000 	C:\Program Files\NVIDIA Corporation\CoProcManager\_etoured.dll
0x00007ff863520000 - 0x00007ff863553000 	C:\Program Files\NVIDIA Corporation\CoProcManager\nvd3d9wrapx.dll
0x00007ff8693a0000 - 0x00007ff8697c9000 	C:\WINDOWS\system32\SETUPAPI.dll
0x00007ff866920000 - 0x00007ff866963000 	C:\WINDOWS\system32\CFGMGR32.dll
0x00007ff863260000 - 0x00007ff863282000 	C:\Program Files\NVIDIA Corporation\CoProcManager\nvdxgiwrapx.dll
0x00000000515d0000 - 0x00000000516a2000 	C:\Program Files\Java\jdk1.8.0_60\jre\bin\msvcr100.dll
0x0000000050d40000 - 0x00000000515c9000 	C:\Program Files\Java\jdk1.8.0_60\jre\bin\server\jvm.dll
0x00007ff869160000 - 0x00007ff869168000 	C:\WINDOWS\system32\PSAPI.DLL
0x00007ff858430000 - 0x00007ff858439000 	C:\WINDOWS\SYSTEM32\WSOCK32.dll
0x00007ff8697d0000 - 0x00007ff86983b000 	C:\WINDOWS\system32\WS2_32.dll
0x00007ff863d30000 - 0x00007ff863d53000 	C:\WINDOWS\SYSTEM32\WINMM.dll
0x00007ff863d00000 - 0x00007ff863d2c000 	C:\WINDOWS\SYSTEM32\WINMMBASE.dll
0x0000000050d30000 - 0x0000000050d3f000 	C:\Program Files\Java\jdk1.8.0_60\jre\bin\verify.dll
0x0000000050d00000 - 0x0000000050d29000 	C:\Program Files\Java\jdk1.8.0_60\jre\bin\java.dll
0x0000000050ce0000 - 0x0000000050cf6000 	C:\Program Files\Java\jdk1.8.0_60\jre\bin\zip.dll
0x00007ff8674f0000 - 0x00007ff868a4c000 	C:\WINDOWS\system32\SHELL32.dll
0x00007ff8662d0000 - 0x00007ff866914000 	C:\WINDOWS\system32\windows.storage.dll
0x00007ff869320000 - 0x00007ff869372000 	C:\WINDOWS\system32\shlwapi.dll
0x00007ff866030000 - 0x00007ff86603f000 	C:\WINDOWS\system32\kernel.appcore.dll
0x00007ff8661f0000 - 0x00007ff8662a5000 	C:\WINDOWS\system32\shcore.dll
0x00007ff865fd0000 - 0x00007ff86601b000 	C:\WINDOWS\system32\powrprof.dll
0x00007ff865fb0000 - 0x00007ff865fc4000 	C:\WINDOWS\system32\profapi.dll

VM Arguments:
jvm_args: -Djava.awt.headless=true -Xmx1024M -Dfile.encoding=windows-1252 -Duser.country=ES -Duser.language=es -Duser.variant 
java_command: com.android.dx.command.Main --dex --force-jumbo --num-threads=4 --multi-dex --output C:\Users\USER\Desktop\Proyectos\cashPokerProgresive3\app\build\intermediates\transforms\dex\debug\folders\1000\5\slice_6 C:\Users\USER\Desktop\Proyectos\cashPokerProgresive3\app\build\intermediates\transforms\instantRunSlicer\debug\folders\1\5\slice_6
java_class_path (initial): C:\Users\USER\AppData\Local\Android\sdk\build-tools\23.0.3\lib\dx.jar
Launcher Type: SUN_STANDARD

Environment Variables:
CLASSPATH=.;C:\Program Files (x86)\QuickTime\QTSystem\QTJava.zip
USERNAME=USER
OS=Windows_NT
PROCESSOR_IDENTIFIER=Intel64 Family 6 Model 58 Stepping 9, GenuineIntel



---------------  S Y S T E M  ---------------

OS: Windows 10.0 , 64 bit Build 10586 (10.0.10586.0)

CPU:total 4 (2 cores per cpu, 2 threads per core) family 6 model 58 stepping 9, cmov, cx8, fxsr, mmx, sse, sse2, sse3, ssse3, sse4.1, sse4.2, popcnt, avx, aes, clmul, erms, ht, tsc, tscinvbit, tscinv

Memory: 4k page, physical 6167652k(306816k free), swap 9308260k(5288k free)

vm_info: Java HotSpot(TM) 64-Bit Server VM (25.60-b23) for windows-amd64 JRE (1.8.0_60-b27), built on Aug  4 2015 11:06:27 by "java_re" with MS VC++ 10.0 (VS2010)

time: Tue Aug 30 16:04:13 2016
elapsed time: 3 seconds (0d 0h 0m 3s)

