#
# There is insufficient memory for the Java Runtime Environment to continue.
# Native memory allocation (malloc) failed to allocate 77776 bytes for Chunk::new
# Possible reasons:
#   The system is out of physical RAM or swap space
#   In 32 bit mode, the process size limit was hit
# Possible solutions:
#   Reduce memory load on the system
#   Increase physical memory or swap space
#   Check if swap backing store is full
#   Use 64 bit Java on a 64 bit OS
#   Decrease Java heap size (-Xmx/-Xms)
#   Decrease number of Java threads
#   Decrease Java thread stack sizes (-Xss)
#   Set larger code cache with -XX:ReservedCodeCacheSize=
# This output file may be truncated or incomplete.
#
#  Out of Memory Error (allocation.cpp:390), pid=10412, tid=10364
#
# JRE version: Java(TM) SE Runtime Environment (8.0_60-b27) (build 1.8.0_60-b27)
# Java VM: Java HotSpot(TM) 64-Bit Server VM (25.60-b23 mixed mode windows-amd64 compressed oops)
# Failed to write core dump. Minidumps are not enabled by default on client versions of Windows
#

---------------  T H R E A D  ---------------

Current thread (0x000000001489c000):  JavaThread "C2 CompilerThread0" daemon [_thread_in_native, id=10364, stack(0x0000000015fb0000,0x00000000160b0000)]

Stack: [0x0000000015fb0000,0x00000000160b0000]
[error occurred during error reporting (printing stack bounds), id 0xc0000005]

Native frames: (J=compiled Java code, j=interpreted, Vv=VM code, C=native code)


Current CompileTask:
C2:   7469 1808 %     4       com.android.dx.ssa.SCCP::run @ 133 (298 bytes)


---------------  P R O C E S S  ---------------

Java Threads: ( => current thread )
  0x000000001690b000 JavaThread "pool-2-thread-4" [_thread_blocked, id=9780, stack(0x00000000174b0000,0x00000000175b0000)]
  0x000000001690a000 JavaThread "pool-2-thread-3" [_thread_in_Java, id=9068, stack(0x00000000173b0000,0x00000000174b0000)]
  0x00000000168ce800 JavaThread "pool-2-thread-2" [_thread_blocked, id=11260, stack(0x00000000172b0000,0x00000000173b0000)]
  0x00000000168c8800 JavaThread "pool-3-thread-1" [_thread_blocked, id=4896, stack(0x00000000171b0000,0x00000000172b0000)]
  0x0000000016cf3800 JavaThread "pool-2-thread-1" [_thread_in_Java, id=6788, stack(0x00000000170b0000,0x00000000171b0000)]
  0x00000000148ee800 JavaThread "Service Thread" daemon [_thread_blocked, id=9800, stack(0x00000000166b0000,0x00000000167b0000)]
  0x00000000148e8000 JavaThread "C1 CompilerThread2" daemon [_thread_blocked, id=2600, stack(0x00000000165b0000,0x00000000166b0000)]
  0x000000001489e000 JavaThread "C2 CompilerThread1" daemon [_thread_in_native, id=7384, stack(0x00000000160b0000,0x00000000161b0000)]
=>0x000000001489c000 JavaThread "C2 CompilerThread0" daemon [_thread_in_native, id=10364, stack(0x0000000015fb0000,0x00000000160b0000)]
  0x000000001489a000 JavaThread "Attach Listener" daemon [_thread_blocked, id=10932, stack(0x0000000015eb0000,0x0000000015fb0000)]
  0x0000000014899000 JavaThread "Signal Dispatcher" daemon [_thread_blocked, id=496, stack(0x0000000015db0000,0x0000000015eb0000)]
  0x00000000021b2800 JavaThread "Finalizer" daemon [_thread_blocked, id=5176, stack(0x0000000015af0000,0x0000000015bf0000)]
  0x00000000021af800 JavaThread "Reference Handler" daemon [_thread_blocked, id=7448, stack(0x00000000159f0000,0x0000000015af0000)]
  0x00000000020c2800 JavaThread "main" [_thread_blocked, id=9592, stack(0x0000000001fb0000,0x00000000020b0000)]

Other Threads:
  0x0000000014858800 VMThread [stack: 0x00000000158f0000,0x00000000159f0000] [id=8680]
  0x00000000161c4800 WatcherThread [stack: 0x00000000167b0000,0x00000000168b0000] [id=6904]

VM state:not at safepoint (normal execution)

VM Mutex/Monitor currently owned by a thread: None

Heap:
 PSYoungGen      total 53248K, used 15846K [0x00000000eab00000, 0x00000000f1300000, 0x0000000100000000)
  eden space 49152K, 23% used [0x00000000eab00000,0x00000000eb679a40,0x00000000edb00000)
  from space 4096K, 100% used [0x00000000edb00000,0x00000000edf00000,0x00000000edf00000)
  to   space 4096K, 0% used [0x00000000f0f00000,0x00000000f0f00000,0x00000000f1300000)
 ParOldGen       total 65536K, used 9294K [0x00000000c0000000, 0x00000000c4000000, 0x00000000eab00000)
  object space 65536K, 14% used [0x00000000c0000000,0x00000000c09138e8,0x00000000c4000000)
 Metaspace       used 6274K, capacity 7088K, committed 7296K, reserved 1056768K
  class space    used 597K, capacity 616K, committed 640K, reserved 1048576K

Card table byte_map: [0x0000000011580000,0x0000000011790000] byte_map_base: 0x0000000010f80000

Marking Bits: (ParMarkBitMap*) 0x0000000065c2a5b0
 Begin Bits: [0x0000000011cf0000, 0x0000000012cf0000)
 End Bits:   [0x0000000012cf0000, 0x0000000013cf0000)

Polling page: 0x00000000001f0000

CodeCache: size=245760Kb used=8114Kb max_used=8114Kb free=237645Kb
 bounds [0x00000000021c0000, 0x00000000029c0000, 0x00000000111c0000]
 total_blobs=2090 nmethods=1820 adapters=182
 compilation: enabled

Compilation events (10 events):
Event: 7.441 Thread 0x00000000148e8000 nmethod 1832 0x00000000029ae710 code [0x00000000029ae880, 0x00000000029aeaa8]
Event: 7.443 Thread 0x00000000148e8000 1833       3       com.android.dx.cf.direct.DirectClassFile::makeTypeList (47 bytes)
Event: 7.443 Thread 0x00000000148e8000 nmethod 1833 0x00000000029aeb50 code [0x00000000029aece0, 0x00000000029af038]
Event: 7.447 Thread 0x00000000148e8000 1834   !   3       java.util.concurrent.locks.AbstractQueuedSynchronizer::acquireQueued (93 bytes)
Event: 7.448 Thread 0x00000000148e8000 nmethod 1834 0x00000000029af190 code [0x00000000029af3c0, 0x00000000029afed8]
Event: 7.451 Thread 0x00000000148e8000 1835       1       java.util.concurrent.locks.AbstractQueuedSynchronizer::compareAndSetState (13 bytes)
Event: 7.451 Thread 0x00000000148e8000 nmethod 1835 0x000000000298a8d0 code [0x000000000298aa20, 0x000000000298ab50]
Event: 7.459 Thread 0x00000000148e8000 1836       3       java.util.concurrent.locks.AbstractQueuedSynchronizer::isOnSyncQueue (33 bytes)
Event: 7.459 Thread 0x00000000148e8000 nmethod 1836 0x00000000029b0550 code [0x00000000029b06c0, 0x00000000029b0a50]
Event: 7.463 Thread 0x00000000148e8000 1837       3       com.android.dx.rop.code.Rops::opPutField (97 bytes)

GC Heap History (6 events):
Event: 2.106 GC heap before
{Heap before GC invocations=1 (full 0):
 PSYoungGen      total 28672K, used 24576K [0x00000000eab00000, 0x00000000ecb00000, 0x0000000100000000)
  eden space 24576K, 100% used [0x00000000eab00000,0x00000000ec300000,0x00000000ec300000)
  from space 4096K, 0% used [0x00000000ec700000,0x00000000ec700000,0x00000000ecb00000)
  to   space 4096K, 0% used [0x00000000ec300000,0x00000000ec300000,0x00000000ec700000)
 ParOldGen       total 65536K, used 0K [0x00000000c0000000, 0x00000000c4000000, 0x00000000eab00000)
  object space 65536K, 0% used [0x00000000c0000000,0x00000000c0000000,0x00000000c4000000)
 Metaspace       used 5427K, capacity 6448K, committed 6528K, reserved 1056768K
  class space    used 590K, capacity 616K, committed 640K, reserved 1048576K
Event: 2.447 GC heap after
Heap after GC invocations=1 (full 0):
 PSYoungGen      total 28672K, used 3377K [0x00000000eab00000, 0x00000000ee300000, 0x0000000100000000)
  eden space 24576K, 0% used [0x00000000eab00000,0x00000000eab00000,0x00000000ec300000)
  from space 4096K, 82% used [0x00000000ec300000,0x00000000ec64c658,0x00000000ec700000)
  to   space 4096K, 0% used [0x00000000edf00000,0x00000000edf00000,0x00000000ee300000)
 ParOldGen       total 65536K, used 8K [0x00000000c0000000, 0x00000000c4000000, 0x00000000eab00000)
  object space 65536K, 0% used [0x00000000c0000000,0x00000000c0002000,0x00000000c4000000)
 Metaspace       used 5427K, capacity 6448K, committed 6528K, reserved 1056768K
  class space    used 590K, capacity 616K, committed 640K, reserved 1048576K
}
Event: 3.855 GC heap before
{Heap before GC invocations=2 (full 0):
 PSYoungGen      total 28672K, used 27953K [0x00000000eab00000, 0x00000000ee300000, 0x0000000100000000)
  eden space 24576K, 100% used [0x00000000eab00000,0x00000000ec300000,0x00000000ec300000)
  from space 4096K, 82% used [0x00000000ec300000,0x00000000ec64c658,0x00000000ec700000)
  to   space 4096K, 0% used [0x00000000edf00000,0x00000000edf00000,0x00000000ee300000)
 ParOldGen       total 65536K, used 8K [0x00000000c0000000, 0x00000000c4000000, 0x00000000eab00000)
  object space 65536K, 0% used [0x00000000c0000000,0x00000000c0002000,0x00000000c4000000)
 Metaspace       used 6075K, capacity 6960K, committed 7040K, reserved 1056768K
  class space    used 597K, capacity 616K, committed 640K, reserved 1048576K
Event: 3.991 GC heap after
Heap after GC invocations=2 (full 0):
 PSYoungGen      total 53248K, used 4074K [0x00000000eab00000, 0x00000000ee300000, 0x0000000100000000)
  eden space 49152K, 0% used [0x00000000eab00000,0x00000000eab00000,0x00000000edb00000)
  from space 4096K, 99% used [0x00000000edf00000,0x00000000ee2faab8,0x00000000ee300000)
  to   space 4096K, 0% used [0x00000000edb00000,0x00000000edb00000,0x00000000edf00000)
 ParOldGen       total 65536K, used 1400K [0x00000000c0000000, 0x00000000c4000000, 0x00000000eab00000)
  object space 65536K, 2% used [0x00000000c0000000,0x00000000c015e000,0x00000000c4000000)
 Metaspace       used 6075K, capacity 6960K, committed 7040K, reserved 1056768K
  class space    used 597K, capacity 616K, committed 640K, reserved 1048576K
}
Event: 6.605 GC heap before
{Heap before GC invocations=3 (full 0):
 PSYoungGen      total 53248K, used 53226K [0x00000000eab00000, 0x00000000ee300000, 0x0000000100000000)
  eden space 49152K, 100% used [0x00000000eab00000,0x00000000edb00000,0x00000000edb00000)
  from space 4096K, 99% used [0x00000000edf00000,0x00000000ee2faab8,0x00000000ee300000)
  to   space 4096K, 0% used [0x00000000edb00000,0x00000000edb00000,0x00000000edf00000)
 ParOldGen       total 65536K, used 1400K [0x00000000c0000000, 0x00000000c4000000, 0x00000000eab00000)
  object space 65536K, 2% used [0x00000000c0000000,0x00000000c015e000,0x00000000c4000000)
 Metaspace       used 6262K, capacity 7088K, committed 7296K, reserved 1056768K
  class space    used 597K, capacity 616K, committed 640K, reserved 1048576K
Event: 7.085 GC heap after
Heap after GC invocations=3 (full 0):
 PSYoungGen      total 53248K, used 4096K [0x00000000eab00000, 0x00000000f1300000, 0x0000000100000000)
  eden space 49152K, 0% used [0x00000000eab00000,0x00000000eab00000,0x00000000edb00000)
  from space 4096K, 100% used [0x00000000edb00000,0x00000000edf00000,0x00000000edf00000)
  to   space 4096K, 0% used [0x00000000f0f00000,0x00000000f0f00000,0x00000000f1300000)
 ParOldGen       total 65536K, used 9294K [0x00000000c0000000, 0x00000000c4000000, 0x00000000eab00000)
  object space 65536K, 14% used [0x00000000c0000000,0x00000000c09138e8,0x00000000c4000000)
 Metaspace       used 6262K, capacity 7088K, committed 7296K, reserved 1056768K
  class space    used 597K, capacity 616K, committed 640K, reserved 1048576K
}

Deoptimization events (10 events):
Event: 6.339 Thread 0x000000001690a000 Uncommon trap: reason=unstable_if action=reinterpret pc=0x0000000002928210 method=com.android.dx.cf.code.BytecodeArray.parseInstruction(ILcom/android/dx/cf/code/BytecodeArray$Visitor;)I @ 1198
Event: 6.341 Thread 0x000000001690a000 Uncommon trap: reason=class_check action=maybe_recompile pc=0x00000000028804c0 method=com.android.dx.ssa.SCCP.setLatticeValueTo(IILcom/android/dx/rop/cst/Constant;)Z @ 43
Event: 6.344 Thread 0x000000001690a000 Uncommon trap: reason=unstable_if action=reinterpret pc=0x0000000002777d1c method=com.android.dx.ssa.SsaInsn.getLocalAssignment()Lcom/android/dx/rop/code/RegisterSpec; @ 14
Event: 6.345 Thread 0x000000001690a000 Uncommon trap: reason=unstable_if action=reinterpret pc=0x000000000282a1fc method=com.android.dx.ssa.SsaMethod.isRegALocal(Lcom/android/dx/rop/code/RegisterSpec;)Z @ 80
Event: 6.345 Thread 0x000000001690a000 Uncommon trap: reason=unstable_if action=reinterpret pc=0x000000000279af3c method=com.android.dx.ssa.SsaInsn.getLocalAssignment()Lcom/android/dx/rop/code/RegisterSpec; @ 14
Event: 6.355 Thread 0x000000001690a000 Uncommon trap: reason=class_check action=maybe_recompile pc=0x00000000028804c0 method=com.android.dx.ssa.SCCP.setLatticeValueTo(IILcom/android/dx/rop/cst/Constant;)Z @ 43
Event: 7.433 Thread 0x000000001690a000 Uncommon trap: reason=unstable_if action=reinterpret pc=0x0000000002796e84 method=java.util.HashMap.putVal(ILjava/lang/Object;Ljava/lang/Object;ZZ)Ljava/lang/Object; @ 162
Event: 7.433 Thread 0x000000001690a000 Uncommon trap: reason=unstable_if action=reinterpret pc=0x00000000028de6dc method=java.util.HashMap.resize()[Ljava/util/HashMap$Node; @ 206
Event: 7.433 Thread 0x000000001690a000 Uncommon trap: reason=unstable_if action=reinterpret pc=0x00000000023e6048 method=java.util.HashMap.getNode(ILjava/lang/Object;)Ljava/util/HashMap$Node; @ 84
Event: 7.433 Thread 0x000000001690a000 Uncommon trap: reason=unstable_if action=reinterpret pc=0x0000000002646650 method=java.util.HashMap.getNode(ILjava/lang/Object;)Ljava/util/HashMap$Node; @ 84

Internal exceptions (3 events):
Event: 0.102 Thread 0x00000000020c2800 Exception <a 'java/lang/NoSuchMethodError': Method sun.misc.Unsafe.defineClass(Ljava/lang/String;[BII)Ljava/lang/Class; name or signature does not match> (0x00000000eab0e360) thrown at [C:\re\workspace\8-2-build-windows-amd64-cygwin\jdk8u60\4407\hotspot\sr®½0»+6º?
Event: 0.102 Thread 0x00000000020c2800 Exception <a 'java/lang/NoSuchMethodError': Method sun.misc.Unsafe.prefetchRead(Ljava/lang/Object;J)V name or signature does not match> (0x00000000eab0e648) thrown at [C:\re\workspace\8-2-build-windows-amd64-cygwin\jdk8u60\4407\hotspot\src\share\vm\prims\j¢ÛÝ¿Œ@
Event: 5.887 Thread 0x000000001690a000 Implicit null exception at 0x00000000026a8ca2 to 0x00000000026a8d92

Events (10 events):
Event: 7.433 Thread 0x000000001690a000 DEOPT UNPACKING pc=0x000000000220582a sp=0x00000000174ae7e8 mode 2
Event: 7.433 Thread 0x000000001690a000 Uncommon trap: trap_request=0xffffff65 fr.pc=0x00000000028de6dc
Event: 7.433 Thread 0x000000001690a000 DEOPT PACKING pc=0x00000000028de6dc sp=0x00000000174ae7b0
Event: 7.433 Thread 0x000000001690a000 DEOPT UNPACKING pc=0x000000000220582a sp=0x00000000174ae720 mode 2
Event: 7.433 Thread 0x000000001690a000 Uncommon trap: trap_request=0xffffff65 fr.pc=0x00000000023e6048
Event: 7.433 Thread 0x000000001690a000 DEOPT PACKING pc=0x00000000023e6048 sp=0x00000000174ae550
Event: 7.433 Thread 0x000000001690a000 DEOPT UNPACKING pc=0x000000000220582a sp=0x00000000174ae480 mode 2
Event: 7.433 Thread 0x000000001690a000 Uncommon trap: trap_request=0xffffff65 fr.pc=0x0000000002646650
Event: 7.433 Thread 0x000000001690a000 DEOPT PACKING pc=0x0000000002646650 sp=0x00000000174ae4d0
Event: 7.433 Thread 0x000000001690a000 DEOPT UNPACKING pc=0x000000000220582a sp=0x00000000174ae470 mode 2


Dynamic libraries:
0x00007ff737830000 - 0x00007ff737867000 	C:\Program Files\Java\jdk1.8.0_60\bin\java.exe
0x00007ffc30620000 - 0x00007ffc307e1000 	C:\WINDOWS\SYSTEM32\ntdll.dll
0x00007ffc30140000 - 0x00007ffc301ed000 	C:\WINDOWS\system32\KERNEL32.DLL
0x00007ffc2d0c0000 - 0x00007ffc2d2a8000 	C:\WINDOWS\system32\KERNELBASE.dll
0x00007ffc2df10000 - 0x00007ffc2dfb7000 	C:\WINDOWS\system32\ADVAPI32.dll
0x00007ffc2e3f0000 - 0x00007ffc2e48d000 	C:\WINDOWS\system32\msvcrt.dll
0x00007ffc2fb80000 - 0x00007ffc2fbdb000 	C:\WINDOWS\system32\sechost.dll
0x00007ffc2fbe0000 - 0x00007ffc2fcfc000 	C:\WINDOWS\system32\RPCRT4.dll
0x00007ffc2fa10000 - 0x00007ffc2fb66000 	C:\WINDOWS\system32\USER32.dll
0x00007ffc2ffb0000 - 0x00007ffc30136000 	C:\WINDOWS\system32\GDI32.dll
0x00007ffc278e0000 - 0x00007ffc27b54000 	C:\WINDOWS\WinSxS\amd64_microsoft.windows.common-controls_6595b64144ccf1df_6.0.10586.0_none_8c15ae12515e1c22\COMCTL32.dll
0x00007ffc30250000 - 0x00007ffc304cd000 	C:\WINDOWS\system32\combase.dll
0x00007ffc2cf10000 - 0x00007ffc2cf7a000 	C:\WINDOWS\system32\bcryptPrimitives.dll
0x00007ffc2feb0000 - 0x00007ffc2feeb000 	C:\WINDOWS\system32\IMM32.DLL
0x00007ffc2cb10000 - 0x00007ffc2cb41000 	C:\Windows\system32\nvinitx.dll
0x00007ffc2cb00000 - 0x00007ffc2cb0a000 	C:\WINDOWS\SYSTEM32\VERSION.dll
0x0000000068770000 - 0x0000000068776000 	C:\Program Files\NVIDIA Corporation\CoProcManager\_etoured.dll
0x00007ffc29bb0000 - 0x00007ffc29be3000 	C:\Program Files\NVIDIA Corporation\CoProcManager\nvd3d9wrapx.dll
0x00007ffc2dfc0000 - 0x00007ffc2e3e9000 	C:\WINDOWS\system32\SETUPAPI.dll
0x00007ffc2d9b0000 - 0x00007ffc2d9f3000 	C:\WINDOWS\system32\CFGMGR32.dll
0x00007ffc29a80000 - 0x00007ffc29aa2000 	C:\Program Files\NVIDIA Corporation\CoProcManager\nvdxgiwrapx.dll
0x0000000065cb0000 - 0x0000000065d82000 	C:\Program Files\Java\jdk1.8.0_60\jre\bin\msvcr100.dll
0x0000000065420000 - 0x0000000065ca9000 	C:\Program Files\Java\jdk1.8.0_60\jre\bin\server\jvm.dll
0x00007ffc2ffa0000 - 0x00007ffc2ffa8000 	C:\WINDOWS\system32\PSAPI.DLL
0x00007ffc21950000 - 0x00007ffc21959000 	C:\WINDOWS\SYSTEM32\WSOCK32.dll
0x00007ffc2dbc0000 - 0x00007ffc2dc2b000 	C:\WINDOWS\system32\WS2_32.dll
0x00007ffc2aca0000 - 0x00007ffc2acc3000 	C:\WINDOWS\SYSTEM32\WINMM.dll
0x00007ffc2ac70000 - 0x00007ffc2ac9c000 	C:\WINDOWS\SYSTEM32\WINMMBASE.dll
0x0000000065410000 - 0x000000006541f000 	C:\Program Files\Java\jdk1.8.0_60\jre\bin\verify.dll
0x00000000653e0000 - 0x0000000065409000 	C:\Program Files\Java\jdk1.8.0_60\jre\bin\java.dll
0x00000000653c0000 - 0x00000000653d6000 	C:\Program Files\Java\jdk1.8.0_60\jre\bin\zip.dll
0x00007ffc2e490000 - 0x00007ffc2f9ec000 	C:\WINDOWS\system32\SHELL32.dll
0x00007ffc2d360000 - 0x00007ffc2d9a4000 	C:\WINDOWS\system32\windows.storage.dll
0x00007ffc2da70000 - 0x00007ffc2dac2000 	C:\WINDOWS\system32\shlwapi.dll
0x00007ffc2cc80000 - 0x00007ffc2cc8f000 	C:\WINDOWS\system32\kernel.appcore.dll
0x0000000015cf0000 - 0x0000000015da5000 	C:\WINDOWS\system32\shcore.dll
0x00007ffc2cc30000 - 0x00007ffc2cc7b000 	C:\WINDOWS\system32\powrprof.dll
0x00007ffc2cc90000 - 0x00007ffc2cca4000 	C:\WINDOWS\system32\profapi.dll

VM Arguments:
jvm_args: -Djava.awt.headless=true -Xmx1024M -Dfile.encoding=windows-1252 -Duser.country=ES -Duser.language=es -Duser.variant 
java_command: com.android.dx.command.Main --dex --force-jumbo --num-threads=4 --multi-dex --output C:\Users\USER\Desktop\Proyectos\cashPokerProgresive3\app\build\intermediates\transforms\dex\debug\folders\1000\10\com.google.android.gms-play-services-basement-8.1.0_76ba1d26682c7f626d936944a75a060331f7fd2d C:\Users\USER\Desktop\Proyectos\cashPokerProgresive3\app\build\intermediates\exploded-aar\com.google.android.gms\play-services-basement\8.1.0\jars\classes.jar
java_class_path (initial): C:\Users\USER\AppData\Local\Android\sdk\build-tools\23.0.3\lib\dx.jar
Launcher Type: SUN_STANDARD

Environment Variables:
CLASSPATH=.;C:\Program Files (x86)\QuickTime\QTSystem\QTJava.zip
USERNAME=USER
OS=Windows_NT
PROCESSOR_IDENTIFIER=Intel64 Family 6 Model 58 Stepping 9, GenuineIntel



---------------  S Y S T E M  ---------------

OS: Windows 10.0 , 64 bit Build 10586 (10.0.10586.0)

CPU:total 4 (2 cores per cpu, 2 threads per core) family 6 model 58 stepping 9, cmov, cx8, fxsr, mmx, sse, sse2, sse3, ssse3, sse4.1, sse4.2, popcnt, avx, aes, clmul, erms, ht, tsc, tscinvbit, tscinv

Memory: 4k page, physical 6167652k(691600k free), swap 9308260k(5468k free)

vm_info: Java HotSpot(TM) 64-Bit Server VM (25.60-b23) for windows-amd64 JRE (1.8.0_60-b27), built on Aug  4 2015 11:06:27 by "java_re" with MS VC++ 10.0 (VS2010)

time: Fri Aug 26 18:58:18 2016
elapsed time: 7 seconds (0d 0h 0m 7s)

