#
# There is insufficient memory for the Java Runtime Environment to continue.
# Native memory allocation (malloc) failed to allocate 131088 bytes for Chunk::new
# Possible reasons:
#   The system is out of physical RAM or swap space
#   In 32 bit mode, the process size limit was hit
# Possible solutions:
#   Reduce memory load on the system
#   Increase physical memory or swap space
#   Check if swap backing store is full
#   Use 64 bit Java on a 64 bit OS
#   Decrease Java heap size (-Xmx/-Xms)
#   Decrease number of Java threads
#   Decrease Java thread stack sizes (-Xss)
#   Set larger code cache with -XX:ReservedCodeCacheSize=
# This output file may be truncated or incomplete.
#
#  Out of Memory Error (allocation.cpp:390), pid=808, tid=7960
#
# JRE version: Java(TM) SE Runtime Environment (8.0_60-b27) (build 1.8.0_60-b27)
# Java VM: Java HotSpot(TM) 64-Bit Server VM (25.60-b23 mixed mode windows-amd64 compressed oops)
# Failed to write core dump. Minidumps are not enabled by default on client versions of Windows
#

---------------  T H R E A D  ---------------

Current thread (0x0000000014963800):  JavaThread "C2 CompilerThread1" daemon [_thread_in_native, id=7960, stack(0x00000000160d0000,0x00000000161d0000)]

Stack: [0x00000000160d0000,0x00000000161d0000]
[error occurred during error reporting (printing stack bounds), id 0xc0000005]

Native frames: (J=compiled Java code, j=interpreted, Vv=VM code, C=native code)


Current CompileTask:
C2:  20620 1459       4       com.android.dx.dex.code.RopToDop::dopFor (792 bytes)


---------------  P R O C E S S  ---------------

Java Threads: ( => current thread )
  0x000000001656b000 JavaThread "pool-1-thread-4" [_thread_blocked, id=7984, stack(0x0000000016cd0000,0x0000000016dd0000)]
  0x000000001656a800 JavaThread "pool-1-thread-3" [_thread_blocked, id=6500, stack(0x0000000016bd0000,0x0000000016cd0000)]
  0x00000000164ef800 JavaThread "pool-1-thread-2" [_thread_blocked, id=7268, stack(0x0000000016ad0000,0x0000000016bd0000)]
  0x00000000164ec800 JavaThread "pool-2-thread-1" [_thread_blocked, id=4712, stack(0x00000000169d0000,0x0000000016ad0000)]
  0x00000000164ec000 JavaThread "pool-1-thread-1" [_thread_blocked, id=9020, stack(0x00000000168d0000,0x00000000169d0000)]
  0x0000000016308800 JavaThread "Service Thread" daemon [_thread_blocked, id=3412, stack(0x00000000166d0000,0x00000000167d0000)]
  0x0000000014968800 JavaThread "C1 CompilerThread2" daemon [_thread_blocked, id=8112, stack(0x00000000161d0000,0x00000000162d0000)]
=>0x0000000014963800 JavaThread "C2 CompilerThread1" daemon [_thread_in_native, id=7960, stack(0x00000000160d0000,0x00000000161d0000)]
  0x0000000014961000 JavaThread "C2 CompilerThread0" daemon [_thread_in_native, id=9036, stack(0x0000000015fd0000,0x00000000160d0000)]
  0x000000001495f000 JavaThread "Attach Listener" daemon [_thread_blocked, id=8108, stack(0x0000000015ed0000,0x0000000015fd0000)]
  0x000000001495e000 JavaThread "Signal Dispatcher" daemon [_thread_blocked, id=7460, stack(0x0000000015dd0000,0x0000000015ed0000)]
  0x0000000002282800 JavaThread "Finalizer" daemon [_thread_blocked, id=4676, stack(0x0000000015bd0000,0x0000000015cd0000)]
  0x000000000227f800 JavaThread "Reference Handler" daemon [_thread_blocked, id=2332, stack(0x0000000015ad0000,0x0000000015bd0000)]
  0x0000000002192800 JavaThread "main" [_thread_in_native, id=6732, stack(0x0000000001fe0000,0x00000000020e0000)]

Other Threads:
  0x0000000014928800 VMThread [stack: 0x00000000159d0000,0x0000000015ad0000] [id=6420]
  0x000000001631c800 WatcherThread [stack: 0x00000000167d0000,0x00000000168d0000] [id=8708]

VM state:not at safepoint (normal execution)

VM Mutex/Monitor currently owned by a thread: None

Heap:
 PSYoungGen      total 110592K, used 55262K [0x00000000eab00000, 0x00000000f9100000, 0x0000000100000000)
  eden space 97280K, 43% used [0x00000000eab00000,0x00000000ed3fa198,0x00000000f0a00000)
  from space 13312K, 99% used [0x00000000f0a00000,0x00000000f16fd710,0x00000000f1700000)
  to   space 20480K, 0% used [0x00000000f7d00000,0x00000000f7d00000,0x00000000f9100000)
 ParOldGen       total 65536K, used 29013K [0x00000000c0000000, 0x00000000c4000000, 0x00000000eab00000)
  object space 65536K, 44% used [0x00000000c0000000,0x00000000c1c55580,0x00000000c4000000)
 Metaspace       used 6468K, capacity 7256K, committed 7424K, reserved 1056768K
  class space    used 623K, capacity 656K, committed 768K, reserved 1048576K

Card table byte_map: [0x0000000011650000,0x0000000011860000] byte_map_base: 0x0000000011050000

Marking Bits: (ParMarkBitMap*) 0x0000000069fea5b0
 Begin Bits: [0x0000000011dc0000, 0x0000000012dc0000)
 End Bits:   [0x0000000012dc0000, 0x0000000013dc0000)

Polling page: 0x00000000001f0000

CodeCache: size=245760Kb used=7220Kb max_used=7220Kb free=238539Kb
 bounds [0x0000000002290000, 0x00000000029b0000, 0x0000000011290000]
 total_blobs=2094 nmethods=1824 adapters=182
 compilation: enabled

Compilation events (10 events):
Event: 15.041 Thread 0x0000000014968800 1457       3       java.util.concurrent.locks.AbstractQueuedSynchronizer::compareAndSetState (13 bytes)
Event: 15.041 Thread 0x0000000014968800 nmethod 1457 0x0000000002860dd0 code [0x0000000002860f20, 0x0000000002861090]
Event: 15.150 Thread 0x0000000014961000 nmethod 1379 0x00000000028674d0 code [0x0000000002867820, 0x000000000286ae10]
Event: 15.151 Thread 0x0000000014961000 1407       4       com.android.dx.ssa.back.LivenessAnalyzer::run (231 bytes)
Event: 15.229 Thread 0x0000000014961000 nmethod 1407 0x000000000286fcd0 code [0x000000000286ffe0, 0x0000000002871be0]
Event: 15.229 Thread 0x0000000014961000 1380       4       com.android.dx.ssa.Dominators$DfsWalker::visitBlock (59 bytes)
Event: 15.238 Thread 0x0000000014961000 nmethod 1380 0x00000000028637d0 code [0x0000000002863940, 0x0000000002863eb8]
Event: 15.276 Thread 0x0000000014963800 nmethod 1381 0x000000000287aa50 code [0x000000000287af40, 0x000000000287ff30]
Event: 15.326 Thread 0x0000000014961000 1458       4       com.android.dx.ssa.back.FirstFitLocalCombiningAllocator$1::processInsn (169 bytes)
Event: 15.327 Thread 0x0000000014963800 1459       4       com.android.dx.dex.code.RopToDop::dopFor (792 bytes)

GC Heap History (4 events):
Event: 13.881 GC heap before
{Heap before GC invocations=1 (full 0):
 PSYoungGen      total 28672K, used 24576K [0x00000000eab00000, 0x00000000ecb00000, 0x0000000100000000)
  eden space 24576K, 100% used [0x00000000eab00000,0x00000000ec300000,0x00000000ec300000)
  from space 4096K, 0% used [0x00000000ec700000,0x00000000ec700000,0x00000000ecb00000)
  to   space 4096K, 0% used [0x00000000ec300000,0x00000000ec300000,0x00000000ec700000)
 ParOldGen       total 65536K, used 0K [0x00000000c0000000, 0x00000000c4000000, 0x00000000eab00000)
  object space 65536K, 0% used [0x00000000c0000000,0x00000000c0000000,0x00000000c4000000)
 Metaspace       used 5877K, capacity 6832K, committed 7040K, reserved 1056768K
  class space    used 601K, capacity 616K, committed 640K, reserved 1048576K
Event: 13.956 GC heap after
Heap after GC invocations=1 (full 0):
 PSYoungGen      total 28672K, used 4090K [0x00000000eab00000, 0x00000000ecb00000, 0x0000000100000000)
  eden space 24576K, 0% used [0x00000000eab00000,0x00000000eab00000,0x00000000ec300000)
  from space 4096K, 99% used [0x00000000ec300000,0x00000000ec6fe928,0x00000000ec700000)
  to   space 4096K, 0% used [0x00000000ec700000,0x00000000ec700000,0x00000000ecb00000)
 ParOldGen       total 65536K, used 674K [0x00000000c0000000, 0x00000000c4000000, 0x00000000eab00000)
  object space 65536K, 1% used [0x00000000c0000000,0x00000000c00a8b30,0x00000000c4000000)
 Metaspace       used 5877K, capacity 6832K, committed 7040K, reserved 1056768K
  class space    used 601K, capacity 616K, committed 640K, reserved 1048576K
}
Event: 14.929 GC heap before
{Heap before GC invocations=2 (full 0):
 PSYoungGen      total 28672K, used 28666K [0x00000000eab00000, 0x00000000ecb00000, 0x0000000100000000)
  eden space 24576K, 100% used [0x00000000eab00000,0x00000000ec300000,0x00000000ec300000)
  from space 4096K, 99% used [0x00000000ec300000,0x00000000ec6fe928,0x00000000ec700000)
  to   space 4096K, 0% used [0x00000000ec700000,0x00000000ec700000,0x00000000ecb00000)
 ParOldGen       total 65536K, used 674K [0x00000000c0000000, 0x00000000c4000000, 0x00000000eab00000)
  object space 65536K, 1% used [0x00000000c0000000,0x00000000c00a8b30,0x00000000c4000000)
 Metaspace       used 6115K, capacity 7024K, committed 7296K, reserved 1056768K
  class space    used 602K, capacity 616K, committed 640K, reserved 1048576K
Event: 14.951 GC heap after
Heap after GC invocations=2 (full 0):
 PSYoungGen      total 28672K, used 4077K [0x00000000eab00000, 0x00000000ee300000, 0x0000000100000000)
  eden space 24576K, 0% used [0x00000000eab00000,0x00000000eab00000,0x00000000ec300000)
  from space 4096K, 99% used [0x00000000ec700000,0x00000000ecafb6e8,0x00000000ecb00000)
  to   space 4096K, 0% used [0x00000000ec300000,0x00000000ec300000,0x00000000ec700000)
 ParOldGen       total 65536K, used 3045K [0x00000000c0000000, 0x00000000c4000000, 0x00000000eab00000)
  object space 65536K, 4% used [0x00000000c0000000,0x00000000c02f9760,0x00000000c4000000)
 Metaspace       used 6115K, capacity 7024K, committed 7296K, reserved 1056768K
  class space    used 602K, capacity 616K, committed 640K, reserved 1048576K
}

Deoptimization events (10 events):
Event: 13.070 Thread 0x000000001656b000 Uncommon trap: reason=class_check action=maybe_recompile pc=0x00000000024ee370 method=com.android.dx.ssa.NormalSsaInsn.accept(Lcom/android/dx/ssa/SsaInsn$Visitor;)V @ 9
Event: 13.070 Thread 0x000000001656b000 Uncommon trap: reason=class_check action=maybe_recompile pc=0x00000000024ee370 method=com.android.dx.ssa.NormalSsaInsn.accept(Lcom/android/dx/ssa/SsaInsn$Visitor;)V @ 9
Event: 13.176 Thread 0x0000000002192800 Uncommon trap: reason=unstable_if action=reinterpret pc=0x00000000024d6df0 method=java.util.BitSet.nextSetBit(I)I @ 87
Event: 13.184 Thread 0x0000000002192800 Uncommon trap: reason=unstable_if action=reinterpret pc=0x00000000024e38f4 method=java.util.BitSet.ensureCapacity(I)V @ 6
Event: 13.665 Thread 0x000000001656b000 Uncommon trap: reason=unstable_if action=reinterpret pc=0x000000000256dcdc method=com.android.dx.rop.code.LocalItem.hashCode()I @ 25
Event: 13.772 Thread 0x00000000164ef800 Uncommon trap: reason=unstable_if action=reinterpret pc=0x00000000024eed70 method=java.util.BitSet.ensureCapacity(I)V @ 6
Event: 13.806 Thread 0x00000000164ec000 Uncommon trap: reason=unstable_if action=reinterpret pc=0x000000000262efec method=com.android.dx.rop.code.RegisterSpecSet.put(Lcom/android/dx/rop/code/RegisterSpec;)V @ 77
Event: 14.439 Thread 0x000000001656a800 Uncommon trap: reason=unstable_if action=reinterpret pc=0x00000000025a78a0 method=com.android.dx.rop.code.RegisterSpec.equals(ILcom/android/dx/rop/type/TypeBearer;Lcom/android/dx/rop/code/LocalItem;)Z @ 42
Event: 14.764 Thread 0x0000000002192800 Uncommon trap: reason=unstable_if action=reinterpret pc=0x0000000002608e5c method=com.android.dx.rop.cst.Constant.compareTo(Lcom/android/dx/rop/cst/Constant;)I @ 12
Event: 14.795 Thread 0x0000000002192800 Uncommon trap: reason=unstable_if action=reinterpret pc=0x00000000027f842c method=com.android.dx.ssa.SCCP.simulateBranch(Lcom/android/dx/ssa/SsaInsn;)V @ 107

Internal exceptions (2 events):
Event: 0.331 Thread 0x0000000002192800 Exception <a 'java/lang/NoSuchMethodError': Method sun.misc.Unsafe.defineClass(Ljava/lang/String;[BII)Ljava/lang/Class; name or signature does not match> (0x00000000eab0e500) thrown at [C:\re\workspace\8-2-build-windows-amd64-cygwin\jdk8u60\4407\hotspot\sr5ù(î).’?
Event: 0.331 Thread 0x0000000002192800 Exception <a 'java/lang/NoSuchMethodError': Method sun.misc.Unsafe.prefetchRead(Ljava/lang/Object;J)V name or signature does not match> (0x00000000eab0e7e8) thrown at [C:\re\workspace\8-2-build-windows-amd64-cygwin\jdk8u60\4407\hotspot\src\share\vm\prims\j

Events (10 events):
Event: 14.757 Executing VM operation: ForceSafepoint
Event: 14.760 Executing VM operation: ForceSafepoint done
Event: 14.764 Thread 0x0000000002192800 Uncommon trap: trap_request=0xffffff65 fr.pc=0x0000000002608e5c
Event: 14.764 Thread 0x0000000002192800 DEOPT PACKING pc=0x0000000002608e5c sp=0x00000000020de420
Event: 14.764 Thread 0x0000000002192800 DEOPT UNPACKING pc=0x00000000022d582a sp=0x00000000020de3c0 mode 2
Event: 14.795 Thread 0x0000000002192800 Uncommon trap: trap_request=0xffffff65 fr.pc=0x00000000027f842c
Event: 14.795 Thread 0x0000000002192800 DEOPT PACKING pc=0x00000000027f842c sp=0x00000000020de6e0
Event: 14.795 Thread 0x0000000002192800 DEOPT UNPACKING pc=0x00000000022d582a sp=0x00000000020de6a8 mode 2
Event: 14.838 Executing VM operation: ParallelGCFailedAllocation
Event: 14.951 Executing VM operation: ParallelGCFailedAllocation done


Dynamic libraries:
0x00007ff7efe90000 - 0x00007ff7efec7000 	C:\Program Files\Java\jdk1.8.0_60\bin\java.exe
0x00007ffaf7bd0000 - 0x00007ffaf7d91000 	C:\WINDOWS\SYSTEM32\ntdll.dll
0x00007ffaf5170000 - 0x00007ffaf521d000 	C:\WINDOWS\system32\KERNEL32.DLL
0x00007ffaf4310000 - 0x00007ffaf44f8000 	C:\WINDOWS\system32\KERNELBASE.dll
0x00007ffaf6d10000 - 0x00007ffaf6db7000 	C:\WINDOWS\system32\ADVAPI32.dll
0x00007ffaf6b50000 - 0x00007ffaf6bed000 	C:\WINDOWS\system32\msvcrt.dll
0x00007ffaf6ca0000 - 0x00007ffaf6cfb000 	C:\WINDOWS\system32\sechost.dll
0x00007ffaf5250000 - 0x00007ffaf536c000 	C:\WINDOWS\system32\RPCRT4.dll
0x00007ffaf4fb0000 - 0x00007ffaf5106000 	C:\WINDOWS\system32\USER32.dll
0x00007ffaf7890000 - 0x00007ffaf7a16000 	C:\WINDOWS\system32\GDI32.dll
0x00007ffaeb240000 - 0x00007ffaeb4b4000 	C:\WINDOWS\WinSxS\amd64_microsoft.windows.common-controls_6595b64144ccf1df_6.0.10586.0_none_8c15ae12515e1c22\COMCTL32.dll
0x00007ffaf72b0000 - 0x00007ffaf752d000 	C:\WINDOWS\system32\combase.dll
0x00007ffaf4f40000 - 0x00007ffaf4faa000 	C:\WINDOWS\system32\bcryptPrimitives.dll
0x00007ffaf6bf0000 - 0x00007ffaf6c2b000 	C:\WINDOWS\system32\IMM32.DLL
0x00007ffaf40c0000 - 0x00007ffaf40f1000 	C:\Windows\system32\nvinitx.dll
0x00007ffaf40b0000 - 0x00007ffaf40ba000 	C:\WINDOWS\SYSTEM32\VERSION.dll
0x000000006f790000 - 0x000000006f796000 	C:\Program Files\NVIDIA Corporation\CoProcManager\_etoured.dll
0x00007ffaf16a0000 - 0x00007ffaf16d3000 	C:\Program Files\NVIDIA Corporation\CoProcManager\nvd3d9wrapx.dll
0x00007ffaf6dc0000 - 0x00007ffaf71e9000 	C:\WINDOWS\system32\SETUPAPI.dll
0x00007ffaf4760000 - 0x00007ffaf47a3000 	C:\WINDOWS\system32\CFGMGR32.dll
0x00007ffaefd40000 - 0x00007ffaefd62000 	C:\Program Files\NVIDIA Corporation\CoProcManager\nvdxgiwrapx.dll
0x000000006a070000 - 0x000000006a142000 	C:\Program Files\Java\jdk1.8.0_60\jre\bin\msvcr100.dll
0x00000000697e0000 - 0x000000006a069000 	C:\Program Files\Java\jdk1.8.0_60\jre\bin\server\jvm.dll
0x00007ffaf6d00000 - 0x00007ffaf6d08000 	C:\WINDOWS\system32\PSAPI.DLL
0x00007ffae7f20000 - 0x00007ffae7f29000 	C:\WINDOWS\SYSTEM32\WSOCK32.dll
0x00007ffaf6c30000 - 0x00007ffaf6c9b000 	C:\WINDOWS\system32\WS2_32.dll
0x00007ffaf2850000 - 0x00007ffaf2873000 	C:\WINDOWS\SYSTEM32\WINMM.dll
0x00007ffaf27c0000 - 0x00007ffaf27ec000 	C:\WINDOWS\SYSTEM32\WINMMBASE.dll
0x00000000697d0000 - 0x00000000697df000 	C:\Program Files\Java\jdk1.8.0_60\jre\bin\verify.dll
0x00000000697a0000 - 0x00000000697c9000 	C:\Program Files\Java\jdk1.8.0_60\jre\bin\java.dll
0x0000000069780000 - 0x0000000069796000 	C:\Program Files\Java\jdk1.8.0_60\jre\bin\zip.dll
0x00007ffaf5370000 - 0x00007ffaf68cc000 	C:\WINDOWS\system32\SHELL32.dll
0x00007ffaf48d0000 - 0x00007ffaf4f14000 	C:\WINDOWS\system32\windows.storage.dll
0x00007ffaf5110000 - 0x00007ffaf5162000 	C:\WINDOWS\system32\shlwapi.dll
0x00007ffaf4250000 - 0x00007ffaf425f000 	C:\WINDOWS\system32\kernel.appcore.dll
0x00007ffaf4810000 - 0x00007ffaf48c5000 	C:\WINDOWS\system32\shcore.dll
0x00007ffaf41f0000 - 0x00007ffaf423b000 	C:\WINDOWS\system32\powrprof.dll
0x00007ffaf41d0000 - 0x00007ffaf41e4000 	C:\WINDOWS\system32\profapi.dll

VM Arguments:
jvm_args: -Djava.awt.headless=true -Xmx1024M -Dfile.encoding=windows-1252 -Duser.country=ES -Duser.language=es -Duser.variant 
java_command: com.android.dx.command.Main --dex --force-jumbo --num-threads=4 --output C:\Users\USER\Desktop\Proyectos\cashPokerProgresive3\app\build\intermediates\pre-dexed\debug\com.android.support-appcompat-v7-23.3.0_1b10ca2b1f613f1179a1cb7f362d709a5b3a5277.jar C:\Users\USER\Desktop\Proyectos\cashPokerProgresive3\app\build\intermediates\exploded-aar\com.android.support\appcompat-v7\23.3.0\jars\classes.jar
java_class_path (initial): C:\Users\USER\AppData\Local\Android\sdk\build-tools\23.0.3\lib\dx.jar
Launcher Type: SUN_STANDARD

Environment Variables:
CLASSPATH=.;C:\Program Files (x86)\QuickTime\QTSystem\QTJava.zip
USERNAME=USER
OS=Windows_NT
PROCESSOR_IDENTIFIER=Intel64 Family 6 Model 58 Stepping 9, GenuineIntel



---------------  S Y S T E M  ---------------

OS: Windows 10.0 , 64 bit Build 10586 (10.0.10586.0)

CPU:total 4 (2 cores per cpu, 2 threads per core) family 6 model 58 stepping 9, cmov, cx8, fxsr, mmx, sse, sse2, sse3, ssse3, sse4.1, sse4.2, popcnt, avx, aes, clmul, erms, ht, tsc, tscinvbit, tscinv

Memory: 4k page, physical 6167652k(407476k free), swap 9308260k(29864k free)

vm_info: Java HotSpot(TM) 64-Bit Server VM (25.60-b23) for windows-amd64 JRE (1.8.0_60-b27), built on Aug  4 2015 11:06:27 by "java_re" with MS VC++ 10.0 (VS2010)

time: Thu Sep 15 11:57:33 2016
elapsed time: 20 seconds (0d 0h 0m 20s)

