#
# There is insufficient memory for the Java Runtime Environment to continue.
# Native memory allocation (malloc) failed to allocate 32744 bytes for ChunkPool::allocate
# Possible reasons:
#   The system is out of physical RAM or swap space
#   In 32 bit mode, the process size limit was hit
# Possible solutions:
#   Reduce memory load on the system
#   Increase physical memory or swap space
#   Check if swap backing store is full
#   Use 64 bit Java on a 64 bit OS
#   Decrease Java heap size (-Xmx/-Xms)
#   Decrease number of Java threads
#   Decrease Java thread stack sizes (-Xss)
#   Set larger code cache with -XX:ReservedCodeCacheSize=
# This output file may be truncated or incomplete.
#
#  Out of Memory Error (allocation.cpp:273), pid=2912, tid=9172
#
# JRE version: Java(TM) SE Runtime Environment (8.0_60-b27) (build 1.8.0_60-b27)
# Java VM: Java HotSpot(TM) 64-Bit Server VM (25.60-b23 mixed mode windows-amd64 compressed oops)
# Failed to write core dump. Minidumps are not enabled by default on client versions of Windows
#

---------------  T H R E A D  ---------------

Current thread (0x0000000014a5a000):  JavaThread "C1 CompilerThread2" daemon [_thread_in_native, id=9172, stack(0x00000000162c0000,0x00000000163c0000)]

Stack: [0x00000000162c0000,0x00000000163c0000]
[error occurred during error reporting (printing stack bounds), id 0xc0000005]

Native frames: (J=compiled Java code, j=interpreted, Vv=VM code, C=native code)


Current CompileTask:
C1:   1117  288   !   3       com.android.dx.cf.code.BytecodeArray::parseInstruction (2764 bytes)


---------------  P R O C E S S  ---------------

Java Threads: ( => current thread )
  0x0000000016637000 JavaThread "pool-2-thread-4" [_thread_blocked, id=9996, stack(0x0000000016dc0000,0x0000000016ec0000)]
  0x00000000165bf800 JavaThread "pool-2-thread-3" [_thread_in_vm, id=6652, stack(0x0000000016cc0000,0x0000000016dc0000)]
  0x0000000016518800 JavaThread "pool-2-thread-2" [_thread_blocked, id=7756, stack(0x0000000016bc0000,0x0000000016cc0000)]
  0x000000001650a800 JavaThread "pool-3-thread-1" [_thread_blocked, id=3096, stack(0x0000000016ac0000,0x0000000016bc0000)]
  0x0000000016509800 JavaThread "pool-2-thread-1" [_thread_blocked, id=10956, stack(0x00000000169c0000,0x0000000016ac0000)]
  0x0000000014aad000 JavaThread "Service Thread" daemon [_thread_blocked, id=9020, stack(0x00000000167c0000,0x00000000168c0000)]
=>0x0000000014a5a000 JavaThread "C1 CompilerThread2" daemon [_thread_in_native, id=9172, stack(0x00000000162c0000,0x00000000163c0000)]
  0x0000000014a52800 JavaThread "C2 CompilerThread1" daemon [_thread_in_vm, id=6764, stack(0x00000000161c0000,0x00000000162c0000)]
  0x0000000014a50000 JavaThread "C2 CompilerThread0" daemon [_thread_in_native, id=9652, stack(0x00000000160c0000,0x00000000161c0000)]
  0x0000000014a4e000 JavaThread "Attach Listener" daemon [_thread_blocked, id=10516, stack(0x0000000015fc0000,0x00000000160c0000)]
  0x0000000014a4d000 JavaThread "Signal Dispatcher" daemon [_thread_blocked, id=2392, stack(0x0000000015ec0000,0x0000000015fc0000)]
  0x0000000002379000 JavaThread "Finalizer" daemon [_thread_blocked, id=5524, stack(0x0000000015cc0000,0x0000000015dc0000)]
  0x0000000002370000 JavaThread "Reference Handler" daemon [_thread_blocked, id=9744, stack(0x0000000015bc0000,0x0000000015cc0000)]
  0x00000000020ee800 JavaThread "main" [_thread_in_vm, id=9740, stack(0x0000000002180000,0x0000000002280000)]

Other Threads:
  0x0000000014a17800 VMThread [stack: 0x0000000015ac0000,0x0000000015bc0000] [id=3020]
  0x00000000163f0000 WatcherThread [stack: 0x00000000168c0000,0x00000000169c0000] [id=6908]

VM state:not at safepoint (normal execution)

VM Mutex/Monitor currently owned by a thread: None

Heap:
 PSYoungGen      total 28672K, used 8863K [0x00000000eab00000, 0x00000000ecb00000, 0x0000000100000000)
  eden space 24576K, 36% used [0x00000000eab00000,0x00000000eb3a7e60,0x00000000ec300000)
  from space 4096K, 0% used [0x00000000ec700000,0x00000000ec700000,0x00000000ecb00000)
  to   space 4096K, 0% used [0x00000000ec300000,0x00000000ec300000,0x00000000ec700000)
 ParOldGen       total 65536K, used 0K [0x00000000c0000000, 0x00000000c4000000, 0x00000000eab00000)
  object space 65536K, 0% used [0x00000000c0000000,0x00000000c0000000,0x00000000c4000000)
 Metaspace       used 4593K, capacity 5872K, committed 6016K, reserved 1056768K
  class space    used 501K, capacity 552K, committed 640K, reserved 1048576K

Card table byte_map: [0x0000000011740000,0x0000000011950000] byte_map_base: 0x0000000011140000

Marking Bits: (ParMarkBitMap*) 0x0000000064a9a5b0
 Begin Bits: [0x0000000011eb0000, 0x0000000012eb0000)
 End Bits:   [0x0000000012eb0000, 0x0000000013eb0000)

Polling page: 0x00000000001f0000

CodeCache: size=245760Kb used=1791Kb max_used=1791Kb free=243968Kb
 bounds [0x0000000002380000, 0x00000000025f0000, 0x0000000011380000]
 total_blobs=544 nmethods=287 adapters=170
 compilation: enabled

Compilation events (10 events):
Event: 1.081 Thread 0x0000000014a5a000 nmethod 283 0x000000000253efd0 code [0x000000000253f120, 0x000000000253f230]
Event: 1.081 Thread 0x0000000014a5a000  284       1       com.android.dx.rop.code.BasicBlock::getLabel (5 bytes)
Event: 1.081 Thread 0x0000000014a5a000 nmethod 284 0x000000000253f290 code [0x000000000253f3e0, 0x000000000253f4f0]
Event: 1.081 Thread 0x0000000014a5a000  285       1       com.android.dx.cf.code.Frame::getStack (5 bytes)
Event: 1.081 Thread 0x0000000014a5a000 nmethod 285 0x000000000253f550 code [0x000000000253f6a0, 0x000000000253f7b0]
Event: 1.081 Thread 0x0000000014a5a000  286       3       com.android.dx.rop.type.Type::equals (31 bytes)
Event: 1.082 Thread 0x0000000014a5a000 nmethod 286 0x000000000253f810 code [0x000000000253f9a0, 0x000000000253fe28]
Event: 1.082 Thread 0x0000000014a5a000  287       3       com.android.dx.rop.type.Type::getType (2 bytes)
Event: 1.082 Thread 0x0000000014a5a000 nmethod 287 0x000000000253ff50 code [0x00000000025400a0, 0x00000000025401f0]
Event: 1.082 Thread 0x0000000014a5a000  288   !   3       com.android.dx.cf.code.BytecodeArray::parseInstruction (2764 bytes)

GC Heap History (0 events):
No events

Deoptimization events (0 events):
No events

Internal exceptions (2 events):
Event: 0.802 Thread 0x00000000020ee800 Exception <a 'java/lang/NoSuchMethodError': Method sun.misc.Unsafe.defineClass(Ljava/lang/String;[BII)Ljava/lang/Class; name or signature does not match> (0x00000000eab0e480) thrown at [C:\re\workspace\8-2-build-windows-amd64-cygwin\jdk8u60\4407\hotspot\sr_o∆=y©È?
Event: 0.802 Thread 0x00000000020ee800 Exception <a 'java/lang/NoSuchMethodError': Method sun.misc.Unsafe.prefetchRead(Ljava/lang/Object;J)V name or signature does not match> (0x00000000eab0e768) thrown at [C:\re\workspace\8-2-build-windows-amd64-cygwin\jdk8u60\4407\hotspot\src\share\vm\prims\j

Events (10 events):
Event: 1.088 loading class com/android/dx/ssa/SsaMethod
Event: 1.088 loading class com/android/dx/ssa/SsaMethod done
Event: 1.089 loading class com/android/dx/ssa/SsaInsn$Visitor
Event: 1.089 loading class com/android/dx/ssa/SsaInsn$Visitor done
Event: 1.089 loading class com/android/dx/ssa/SsaInsn
Event: 1.089 loading class com/android/dx/ssa/SsaInsn done
Event: 1.090 loading class com/android/dx/ssa/NormalSsaInsn
Event: 1.090 loading class com/android/dx/ssa/NormalSsaInsn done
Event: 1.090 loading class com/android/dx/rop/code/BasicBlockList$RegCountVisitor
Event: 1.090 loading class com/android/dx/rop/code/BasicBlockList$RegCountVisitor done


Dynamic libraries:
0x00007ff79f110000 - 0x00007ff79f147000 	C:\Program Files\Java\jdk1.8.0_60\bin\java.exe
0x00007ffb55420000 - 0x00007ffb555e1000 	C:\WINDOWS\SYSTEM32\ntdll.dll
0x00007ffb552a0000 - 0x00007ffb5534d000 	C:\WINDOWS\system32\KERNEL32.DLL
0x00007ffb52460000 - 0x00007ffb52648000 	C:\WINDOWS\system32\KERNELBASE.dll
0x00007ffb55190000 - 0x00007ffb55237000 	C:\WINDOWS\system32\ADVAPI32.dll
0x00007ffb55350000 - 0x00007ffb553ed000 	C:\WINDOWS\system32\msvcrt.dll
0x00007ffb52ad0000 - 0x00007ffb52b2b000 	C:\WINDOWS\system32\sechost.dll
0x00007ffb53410000 - 0x00007ffb5352c000 	C:\WINDOWS\system32\RPCRT4.dll
0x00007ffb52b30000 - 0x00007ffb52c86000 	C:\WINDOWS\system32\USER32.dll
0x00007ffb531a0000 - 0x00007ffb53326000 	C:\WINDOWS\system32\GDI32.dll
0x00007ffb4c0e0000 - 0x00007ffb4c354000 	C:\WINDOWS\WinSxS\amd64_microsoft.windows.common-controls_6595b64144ccf1df_6.0.10586.0_none_8c15ae12515e1c22\COMCTL32.dll
0x00007ffb54f10000 - 0x00007ffb5518d000 	C:\WINDOWS\system32\combase.dll
0x00007ffb52790000 - 0x00007ffb527fa000 	C:\WINDOWS\system32\bcryptPrimitives.dll
0x00007ffb536b0000 - 0x00007ffb536eb000 	C:\WINDOWS\system32\IMM32.DLL
0x00007ffb51910000 - 0x00007ffb51941000 	C:\Windows\system32\nvinitx.dll
0x00007ffb51900000 - 0x00007ffb5190a000 	C:\WINDOWS\SYSTEM32\VERSION.dll
0x0000000067ab0000 - 0x0000000067ab6000 	C:\Program Files\NVIDIA Corporation\CoProcManager\_etoured.dll
0x00007ffb4f020000 - 0x00007ffb4f053000 	C:\Program Files\NVIDIA Corporation\CoProcManager\nvd3d9wrapx.dll
0x00007ffb52d60000 - 0x00007ffb53189000 	C:\WINDOWS\system32\SETUPAPI.dll
0x00007ffb526e0000 - 0x00007ffb52723000 	C:\WINDOWS\system32\CFGMGR32.dll
0x00007ffb4eee0000 - 0x00007ffb4ef02000 	C:\Program Files\NVIDIA Corporation\CoProcManager\nvdxgiwrapx.dll
0x0000000064b20000 - 0x0000000064bf2000 	C:\Program Files\Java\jdk1.8.0_60\jre\bin\msvcr100.dll
0x0000000064290000 - 0x0000000064b19000 	C:\Program Files\Java\jdk1.8.0_60\jre\bin\server\jvm.dll
0x00007ffb53190000 - 0x00007ffb53198000 	C:\WINDOWS\system32\PSAPI.DLL
0x00007ffb45130000 - 0x00007ffb45139000 	C:\WINDOWS\SYSTEM32\WSOCK32.dll
0x00007ffb4ffb0000 - 0x00007ffb4ffd3000 	C:\WINDOWS\SYSTEM32\WINMM.dll
0x00007ffb52cf0000 - 0x00007ffb52d5b000 	C:\WINDOWS\system32\WS2_32.dll
0x0000000002150000 - 0x000000000217c000 	C:\WINDOWS\SYSTEM32\WINMMBASE.dll
0x0000000064280000 - 0x000000006428f000 	C:\Program Files\Java\jdk1.8.0_60\jre\bin\verify.dll
0x0000000064250000 - 0x0000000064279000 	C:\Program Files\Java\jdk1.8.0_60\jre\bin\java.dll
0x0000000064230000 - 0x0000000064246000 	C:\Program Files\Java\jdk1.8.0_60\jre\bin\zip.dll
0x00007ffb536f0000 - 0x00007ffb54c4c000 	C:\WINDOWS\system32\SHELL32.dll
0x00007ffb51df0000 - 0x00007ffb52434000 	C:\WINDOWS\system32\windows.storage.dll
0x00007ffb54c50000 - 0x00007ffb54ca2000 	C:\WINDOWS\system32\shlwapi.dll
0x00007ffb51aa0000 - 0x00007ffb51aaf000 	C:\WINDOWS\system32\kernel.appcore.dll
0x00007ffb51b60000 - 0x00007ffb51c15000 	C:\WINDOWS\system32\shcore.dll
0x00007ffb51a50000 - 0x00007ffb51a9b000 	C:\WINDOWS\system32\powrprof.dll
0x00007ffb51a20000 - 0x00007ffb51a34000 	C:\WINDOWS\system32\profapi.dll

VM Arguments:
jvm_args: -Djava.awt.headless=true -Xmx1024M -Dfile.encoding=windows-1252 -Duser.country=ES -Duser.language=es -Duser.variant 
java_command: com.android.dx.command.Main --dex --force-jumbo --num-threads=4 --multi-dex --output C:\Users\USER\Desktop\Proyectos\cashPokerProgresive3\app\build\intermediates\transforms\dex\debug\folders\1000\5\slice_2 C:\Users\USER\Desktop\Proyectos\cashPokerProgresive3\app\build\intermediates\transforms\instantRunSlicer\debug\folders\1\5\slice_2
java_class_path (initial): C:\Users\USER\AppData\Local\Android\sdk\build-tools\23.0.3\lib\dx.jar
Launcher Type: SUN_STANDARD

Environment Variables:
CLASSPATH=.;C:\Program Files (x86)\QuickTime\QTSystem\QTJava.zip
USERNAME=USER
OS=Windows_NT
PROCESSOR_IDENTIFIER=Intel64 Family 6 Model 58 Stepping 9, GenuineIntel



---------------  S Y S T E M  ---------------

OS: Windows 10.0 , 64 bit Build 10586 (10.0.10586.0)

CPU:total 4 (2 cores per cpu, 2 threads per core) family 6 model 58 stepping 9, cmov, cx8, fxsr, mmx, sse, sse2, sse3, ssse3, sse4.1, sse4.2, popcnt, avx, aes, clmul, erms, ht, tsc, tscinvbit, tscinv

Memory: 4k page, physical 6167652k(667608k free), swap 9308260k(4732k free)

vm_info: Java HotSpot(TM) 64-Bit Server VM (25.60-b23) for windows-amd64 JRE (1.8.0_60-b27), built on Aug  4 2015 11:06:27 by "java_re" with MS VC++ 10.0 (VS2010)

time: Thu May 19 15:06:33 2016
elapsed time: 1 seconds (0d 0h 0m 1s)

