#
# There is insufficient memory for the Java Runtime Environment to continue.
# Native memory allocation (malloc) failed to allocate 419984 bytes for Chunk::new
# Possible reasons:
#   The system is out of physical RAM or swap space
#   In 32 bit mode, the process size limit was hit
# Possible solutions:
#   Reduce memory load on the system
#   Increase physical memory or swap space
#   Check if swap backing store is full
#   Use 64 bit Java on a 64 bit OS
#   Decrease Java heap size (-Xmx/-Xms)
#   Decrease number of Java threads
#   Decrease Java thread stack sizes (-Xss)
#   Set larger code cache with -XX:ReservedCodeCacheSize=
# This output file may be truncated or incomplete.
#
#  Out of Memory Error (allocation.cpp:390), pid=7720, tid=1212
#
# JRE version: Java(TM) SE Runtime Environment (8.0_60-b27) (build 1.8.0_60-b27)
# Java VM: Java HotSpot(TM) 64-Bit Server VM (25.60-b23 mixed mode windows-amd64 compressed oops)
# Failed to write core dump. Minidumps are not enabled by default on client versions of Windows
#

---------------  T H R E A D  ---------------

Current thread (0x0000000014a01000):  JavaThread "C2 CompilerThread0" daemon [_thread_in_native, id=1212, stack(0x0000000016110000,0x0000000016210000)]

Stack: [0x0000000016110000,0x0000000016210000]
[error occurred during error reporting (printing stack bounds), id 0xc0000005]

Native frames: (J=compiled Java code, j=interpreted, Vv=VM code, C=native code)


Current CompileTask:
C2:   1895  217   !   4       com.android.dx.cf.cst.ConstantPoolParser::parse0 (731 bytes)


---------------  P R O C E S S  ---------------

Java Threads: ( => current thread )
  0x000000001657a800 JavaThread "pool-2-thread-4" [_thread_in_native, id=10900, stack(0x0000000016e10000,0x0000000016f10000)]
  0x000000001656f800 JavaThread "pool-2-thread-3" [_thread_blocked, id=10456, stack(0x0000000016d10000,0x0000000016e10000)]
  0x0000000016466000 JavaThread "pool-2-thread-2" [_thread_in_native, id=5464, stack(0x0000000016c10000,0x0000000016d10000)]
  0x0000000016439000 JavaThread "pool-3-thread-1" [_thread_blocked, id=6432, stack(0x0000000016b10000,0x0000000016c10000)]
  0x0000000016434000 JavaThread "pool-2-thread-1" [_thread_blocked, id=3892, stack(0x0000000016a10000,0x0000000016b10000)]
  0x0000000014a5e800 JavaThread "Service Thread" daemon [_thread_blocked, id=9472, stack(0x0000000016810000,0x0000000016910000)]
  0x0000000016318800 JavaThread "C1 CompilerThread2" daemon [_thread_blocked, id=5532, stack(0x0000000016710000,0x0000000016810000)]
  0x0000000014a03000 JavaThread "C2 CompilerThread1" daemon [_thread_blocked, id=9712, stack(0x0000000016210000,0x0000000016310000)]
=>0x0000000014a01000 JavaThread "C2 CompilerThread0" daemon [_thread_in_native, id=1212, stack(0x0000000016110000,0x0000000016210000)]
  0x00000000149ff800 JavaThread "Attach Listener" daemon [_thread_blocked, id=2600, stack(0x0000000016010000,0x0000000016110000)]
  0x00000000149fd000 JavaThread "Signal Dispatcher" daemon [_thread_blocked, id=6940, stack(0x0000000015f10000,0x0000000016010000)]
  0x0000000002323800 JavaThread "Finalizer" daemon [_thread_blocked, id=10228, stack(0x0000000015c50000,0x0000000015d50000)]
  0x0000000002320000 JavaThread "Reference Handler" daemon [_thread_blocked, id=7928, stack(0x0000000015b50000,0x0000000015c50000)]
  0x0000000002232800 JavaThread "main" [_thread_in_vm, id=8816, stack(0x0000000002130000,0x0000000002230000)]

Other Threads:
  0x00000000149c7800 VMThread [stack: 0x0000000015a50000,0x0000000015b50000] [id=8140]
  0x0000000016325800 WatcherThread [stack: 0x0000000016910000,0x0000000016a10000] [id=11216]

VM state:not at safepoint (normal execution)

VM Mutex/Monitor currently owned by a thread: None

Heap:
 PSYoungGen      total 28672K, used 7373K [0x00000000eab00000, 0x00000000ecb00000, 0x0000000100000000)
  eden space 24576K, 30% used [0x00000000eab00000,0x00000000eb233798,0x00000000ec300000)
  from space 4096K, 0% used [0x00000000ec700000,0x00000000ec700000,0x00000000ecb00000)
  to   space 4096K, 0% used [0x00000000ec300000,0x00000000ec300000,0x00000000ec700000)
 ParOldGen       total 65536K, used 0K [0x00000000c0000000, 0x00000000c4000000, 0x00000000eab00000)
  object space 65536K, 0% used [0x00000000c0000000,0x00000000c0000000,0x00000000c4000000)
 Metaspace       used 3983K, capacity 5232K, committed 5376K, reserved 1056768K
  class space    used 444K, capacity 488K, committed 512K, reserved 1048576K

Card table byte_map: [0x00000000116f0000,0x0000000011900000] byte_map_base: 0x00000000110f0000

Marking Bits: (ParMarkBitMap*) 0x0000000055e3a5b0
 Begin Bits: [0x0000000011e60000, 0x0000000012e60000)
 End Bits:   [0x0000000012e60000, 0x0000000013e60000)

Polling page: 0x00000000001f0000

CodeCache: size=245760Kb used=1649Kb max_used=1649Kb free=244110Kb
 bounds [0x0000000002330000, 0x00000000025a0000, 0x0000000011330000]
 total_blobs=492 nmethods=237 adapters=168
 compilation: enabled

Compilation events (10 events):
Event: 1.877 Thread 0x0000000016318800  233       3       com.android.dx.cf.direct.DirectClassFile::getConstantPool (9 bytes)
Event: 1.878 Thread 0x0000000016318800 nmethod 233 0x00000000024b99d0 code [0x00000000024b9b40, 0x00000000024b9d88]
Event: 1.878 Thread 0x0000000014a03000 nmethod 221 0x00000000024b9590 code [0x00000000024b96e0, 0x00000000024b9838]
Event: 1.881 Thread 0x0000000016318800  234       3       java.io.DataInputStream::readUnsignedShort (39 bytes)
Event: 1.881 Thread 0x0000000016318800 nmethod 234 0x00000000024bf950 code [0x00000000024bfae0, 0x00000000024bfe88]
Event: 1.881 Thread 0x0000000016318800  235       3       com.android.dx.util.MutabilityControl::setImmutable (6 bytes)
Event: 1.881 Thread 0x0000000016318800 nmethod 235 0x00000000024b9250 code [0x00000000024b93a0, 0x00000000024b94f0]
Event: 1.882 Thread 0x0000000016318800  236   !   3       com.android.dx.cf.direct.AttributeFactory::parse (248 bytes)
Event: 1.887 Thread 0x0000000016318800 nmethod 236 0x00000000024bffd0 code [0x00000000024c05c0, 0x00000000024c4428]
Event: 1.887 Thread 0x0000000016318800  237       3       com.android.dx.cf.direct.StdAttributeFactory::parse0 (532 bytes)

GC Heap History (0 events):
No events

Deoptimization events (0 events):
No events

Internal exceptions (2 events):
Event: 0.063 Thread 0x0000000002232800 Exception <a 'java/lang/NoSuchMethodError': Method sun.misc.Unsafe.defineClass(Ljava/lang/String;[BII)Ljava/lang/Class; name or signature does not match> (0x00000000eab0e348) thrown at [C:\re\workspace\8-2-build-windows-amd64-cygwin\jdk8u60\4407\hotspot\srVÑ„‡§∞?
Event: 0.063 Thread 0x0000000002232800 Exception <a 'java/lang/NoSuchMethodError': Method sun.misc.Unsafe.prefetchRead(Ljava/lang/Object;J)V name or signature does not match> (0x00000000eab0e630) thrown at [C:\re\workspace\8-2-build-windows-amd64-cygwin\jdk8u60\4407\hotspot\src\share\vm\prims\j

Events (10 events):
Event: 1.863 loading class com/android/dx/rop/cst/CstAnnotation
Event: 1.863 loading class com/android/dx/rop/cst/CstAnnotation done
Event: 1.864 loading class com/android/dx/rop/cst/CstArray
Event: 1.864 loading class com/android/dx/rop/cst/CstArray done
Event: 1.865 loading class com/android/dx/rop/annotation/Annotation
Event: 1.865 loading class com/android/dx/rop/annotation/Annotation done
Event: 1.866 loading class com/android/dx/dex/file/EncodedMember
Event: 1.866 loading class com/android/dx/dex/file/EncodedMember done
Event: 1.885 loading class com/android/dx/rop/annotation/AnnotationVisibility
Event: 1.885 loading class com/android/dx/rop/annotation/AnnotationVisibility done


Dynamic libraries:
0x00007ff686e30000 - 0x00007ff686e67000 	C:\Program Files\Java\jdk1.8.0_60\bin\java.exe
0x00007fff3bea0000 - 0x00007fff3c061000 	C:\WINDOWS\SYSTEM32\ntdll.dll
0x00007fff3bab0000 - 0x00007fff3bb5d000 	C:\WINDOWS\system32\KERNEL32.DLL
0x00007fff386c0000 - 0x00007fff388a8000 	C:\WINDOWS\system32\KERNELBASE.dll
0x00007fff3acf0000 - 0x00007fff3ad97000 	C:\WINDOWS\system32\ADVAPI32.dll
0x00007fff3bc70000 - 0x00007fff3bd0d000 	C:\WINDOWS\system32\msvcrt.dll
0x00007fff3a800000 - 0x00007fff3a85b000 	C:\WINDOWS\system32\sechost.dll
0x00007fff3b980000 - 0x00007fff3ba9c000 	C:\WINDOWS\system32\RPCRT4.dll
0x00007fff3b410000 - 0x00007fff3b566000 	C:\WINDOWS\system32\USER32.dll
0x00007fff3bd10000 - 0x00007fff3be96000 	C:\WINDOWS\system32\GDI32.dll
0x00007fff32600000 - 0x00007fff32874000 	C:\WINDOWS\WinSxS\amd64_microsoft.windows.common-controls_6595b64144ccf1df_6.0.10586.0_none_8c15ae12515e1c22\COMCTL32.dll
0x00007fff3a860000 - 0x00007fff3aadd000 	C:\WINDOWS\system32\combase.dll
0x00007fff38590000 - 0x00007fff385fa000 	C:\WINDOWS\system32\bcryptPrimitives.dll
0x00007fff3bc30000 - 0x00007fff3bc6b000 	C:\WINDOWS\system32\IMM32.DLL
0x00007fff38390000 - 0x00007fff383c1000 	C:\Windows\system32\nvinitx.dll
0x00007fff38380000 - 0x00007fff3838a000 	C:\WINDOWS\SYSTEM32\VERSION.dll
0x0000000059370000 - 0x0000000059376000 	C:\Program Files\NVIDIA Corporation\CoProcManager\_etoured.dll
0x00007fff35e90000 - 0x00007fff35ec3000 	C:\Program Files\NVIDIA Corporation\CoProcManager\nvd3d9wrapx.dll
0x00007fff3ada0000 - 0x00007fff3b1c9000 	C:\WINDOWS\system32\SETUPAPI.dll
0x00007fff38960000 - 0x00007fff389a3000 	C:\WINDOWS\system32\CFGMGR32.dll
0x00007fff35a40000 - 0x00007fff35a62000 	C:\Program Files\NVIDIA Corporation\CoProcManager\nvdxgiwrapx.dll
0x0000000055ec0000 - 0x0000000055f92000 	C:\Program Files\Java\jdk1.8.0_60\jre\bin\msvcr100.dll
0x0000000055630000 - 0x0000000055eb9000 	C:\Program Files\Java\jdk1.8.0_60\jre\bin\server\jvm.dll
0x00007fff3baa0000 - 0x00007fff3baa8000 	C:\WINDOWS\system32\PSAPI.DLL
0x00007fff2c420000 - 0x00007fff2c429000 	C:\WINDOWS\SYSTEM32\WSOCK32.dll
0x00007fff366a0000 - 0x00007fff366c3000 	C:\WINDOWS\SYSTEM32\WINMM.dll
0x00007fff3b590000 - 0x00007fff3b5fb000 	C:\WINDOWS\system32\WS2_32.dll
0x00007fff36610000 - 0x00007fff3663c000 	C:\WINDOWS\SYSTEM32\WINMMBASE.dll
0x0000000055620000 - 0x000000005562f000 	C:\Program Files\Java\jdk1.8.0_60\jre\bin\verify.dll
0x00000000555f0000 - 0x0000000055619000 	C:\Program Files\Java\jdk1.8.0_60\jre\bin\java.dll
0x00000000555d0000 - 0x00000000555e6000 	C:\Program Files\Java\jdk1.8.0_60\jre\bin\zip.dll
0x00007fff39280000 - 0x00007fff3a7dc000 	C:\WINDOWS\system32\SHELL32.dll
0x00007fff38a60000 - 0x00007fff390a4000 	C:\WINDOWS\system32\windows.storage.dll
0x00007fff3b1d0000 - 0x00007fff3b222000 	C:\WINDOWS\system32\shlwapi.dll
0x00007fff38520000 - 0x00007fff3852f000 	C:\WINDOWS\system32\kernel.appcore.dll
0x0000000015e50000 - 0x0000000015f05000 	C:\WINDOWS\system32\shcore.dll
0x00007fff384d0000 - 0x00007fff3851b000 	C:\WINDOWS\system32\powrprof.dll
0x00007fff384a0000 - 0x00007fff384b4000 	C:\WINDOWS\system32\profapi.dll

VM Arguments:
jvm_args: -Djava.awt.headless=true -Xmx1024M -Dfile.encoding=windows-1252 -Duser.country=ES -Duser.language=es -Duser.variant 
java_command: com.android.dx.command.Main --dex --force-jumbo --num-threads=4 --multi-dex --output C:\Users\USER\Desktop\Proyectos\cashPokerProgresive3\app\build\intermediates\transforms\dex\debug\folders\1000\5\slice_8 C:\Users\USER\Desktop\Proyectos\cashPokerProgresive3\app\build\intermediates\transforms\instantRunSlicer\debug\folders\1\5\slice_8
java_class_path (initial): C:\Users\USER\AppData\Local\Android\sdk\build-tools\23.0.3\lib\dx.jar
Launcher Type: SUN_STANDARD

Environment Variables:
CLASSPATH=.;C:\Program Files (x86)\QuickTime\QTSystem\QTJava.zip
USERNAME=USER
OS=Windows_NT
PROCESSOR_IDENTIFIER=Intel64 Family 6 Model 58 Stepping 9, GenuineIntel



---------------  S Y S T E M  ---------------

OS: Windows 10.0 , 64 bit Build 10586 (10.0.10586.0)

CPU:total 4 (2 cores per cpu, 2 threads per core) family 6 model 58 stepping 9, cmov, cx8, fxsr, mmx, sse, sse2, sse3, ssse3, sse4.1, sse4.2, popcnt, avx, aes, clmul, erms, ht, tsc, tscinvbit, tscinv

Memory: 4k page, physical 6167652k(784160k free), swap 9308260k(5124k free)

vm_info: Java HotSpot(TM) 64-Bit Server VM (25.60-b23) for windows-amd64 JRE (1.8.0_60-b27), built on Aug  4 2015 11:06:27 by "java_re" with MS VC++ 10.0 (VS2010)

time: Tue May 24 16:41:26 2016
elapsed time: 1 seconds (0d 0h 0m 1s)

