#
# There is insufficient memory for the Java Runtime Environment to continue.
# Native memory allocation (malloc) failed to allocate 1636096 bytes for Chunk::new
# Possible reasons:
#   The system is out of physical RAM or swap space
#   In 32 bit mode, the process size limit was hit
# Possible solutions:
#   Reduce memory load on the system
#   Increase physical memory or swap space
#   Check if swap backing store is full
#   Use 64 bit Java on a 64 bit OS
#   Decrease Java heap size (-Xmx/-Xms)
#   Decrease number of Java threads
#   Decrease Java thread stack sizes (-Xss)
#   Set larger code cache with -XX:ReservedCodeCacheSize=
# This output file may be truncated or incomplete.
#
#  Out of Memory Error (allocation.cpp:390), pid=8764, tid=7228
#
# JRE version: Java(TM) SE Runtime Environment (8.0_60-b27) (build 1.8.0_60-b27)
# Java VM: Java HotSpot(TM) 64-Bit Server VM (25.60-b23 mixed mode windows-amd64 compressed oops)
# Failed to write core dump. Minidumps are not enabled by default on client versions of Windows
#

---------------  T H R E A D  ---------------

Current thread (0x0000000014a90000):  JavaThread "C2 CompilerThread0" daemon [_thread_in_native, id=7228, stack(0x00000000160e0000,0x00000000161e0000)]

Stack: [0x00000000160e0000,0x00000000161e0000]
[error occurred during error reporting (printing stack bounds), id 0xc0000005]

Native frames: (J=compiled Java code, j=interpreted, Vv=VM code, C=native code)


Current CompileTask:
C2:  23258 1967   !   4       com.android.dx.cf.code.Ropper::processBlock (1101 bytes)


---------------  P R O C E S S  ---------------

Java Threads: ( => current thread )
  0x0000000016536000 JavaThread "pool-1-thread-1" [_thread_in_vm, id=1740, stack(0x0000000019790000,0x0000000019890000)]
  0x00000000161e7800 JavaThread "Service Thread" daemon [_thread_blocked, id=2040, stack(0x00000000167e0000,0x00000000168e0000)]
  0x00000000161e2800 JavaThread "C1 CompilerThread2" daemon [_thread_blocked, id=11244, stack(0x00000000166e0000,0x00000000167e0000)]
  0x0000000014aeb800 JavaThread "C2 CompilerThread1" daemon [_thread_in_native, id=1404, stack(0x00000000165e0000,0x00000000166e0000)]
=>0x0000000014a90000 JavaThread "C2 CompilerThread0" daemon [_thread_in_native, id=7228, stack(0x00000000160e0000,0x00000000161e0000)]
  0x0000000014a8e000 JavaThread "Attach Listener" daemon [_thread_blocked, id=9672, stack(0x0000000015fe0000,0x00000000160e0000)]
  0x0000000014a8d000 JavaThread "Signal Dispatcher" daemon [_thread_blocked, id=4660, stack(0x0000000015ee0000,0x0000000015fe0000)]
  0x0000000002302800 JavaThread "Finalizer" daemon [_thread_blocked, id=10032, stack(0x0000000015ce0000,0x0000000015de0000)]
  0x00000000022ff800 JavaThread "Reference Handler" daemon [_thread_blocked, id=5128, stack(0x0000000015be0000,0x0000000015ce0000)]
  0x000000000251e800 JavaThread "main" [_thread_blocked, id=4276, stack(0x00000000009a0000,0x0000000000aa0000)]

Other Threads:
  0x0000000014a58000 VMThread [stack: 0x0000000015ae0000,0x0000000015be0000] [id=11592]
  0x00000000161eb000 WatcherThread [stack: 0x00000000168e0000,0x00000000169e0000] [id=5540]

VM state:not at safepoint (normal execution)

VM Mutex/Monitor currently owned by a thread: None

Heap:
 PSYoungGen      total 218624K, used 26987K [0x00000000eab00000, 0x00000000f9c00000, 0x0000000100000000)
  eden space 193536K, 0% used [0x00000000eab00000,0x00000000eacdc168,0x00000000f6800000)
  from space 25088K, 99% used [0x00000000f6800000,0x00000000f807eda0,0x00000000f8080000)
  to   space 22016K, 0% used [0x00000000f8080000,0x00000000f8080000,0x00000000f9600000)
 ParOldGen       total 65536K, used 40709K [0x00000000c0000000, 0x00000000c4000000, 0x00000000eab00000)
  object space 65536K, 62% used [0x00000000c0000000,0x00000000c27c1430,0x00000000c4000000)
 Metaspace       used 6886K, capacity 7544K, committed 7680K, reserved 1056768K
  class space    used 643K, capacity 688K, committed 768K, reserved 1048576K

Card table byte_map: [0x00000000118e0000,0x0000000011af0000] byte_map_base: 0x00000000112e0000

Marking Bits: (ParMarkBitMap*) 0x00000000627aa5b0
 Begin Bits: [0x0000000011ef0000, 0x0000000012ef0000)
 End Bits:   [0x0000000012ef0000, 0x0000000013ef0000)

Polling page: 0x00000000001f0000

CodeCache: size=245760Kb used=12372Kb max_used=12391Kb free=233387Kb
 bounds [0x0000000002520000, 0x0000000003150000, 0x0000000011520000]
 total_blobs=2891 nmethods=2620 adapters=183
 compilation: enabled

Compilation events (10 events):
Event: 22.301 Thread 0x00000000161e2800 2781       3       com.android.dx.dex.code.form.Form35c::compatibleRegs (69 bytes)
Event: 22.302 Thread 0x00000000161e2800 nmethod 2781 0x000000000310ba10 code [0x000000000310bc20, 0x000000000310c7b8]
Event: 22.303 Thread 0x00000000161e2800 2782       3       com.android.dx.dex.code.SimpleInsn::withOpcode (17 bytes)
Event: 22.304 Thread 0x00000000161e2800 nmethod 2782 0x000000000310cd10 code [0x000000000310ce80, 0x000000000310d268]
Event: 22.377 Thread 0x0000000014aeb800 nmethod 2742 0x0000000003118050 code [0x00000000031186a0, 0x0000000003120468]
Event: 22.378 Thread 0x0000000014aeb800 2756       4       com.android.dx.dex.code.LocalList$MakeState::snapshot (110 bytes)
Event: 22.652 Thread 0x00000000161e2800 2786       2       com.android.dx.rop.cst.CstLiteral64::fitsInInt (20 bytes)
Event: 22.652 Thread 0x00000000161e2800 nmethod 2786 0x0000000003117d10 code [0x0000000003117e60, 0x0000000003117fd0]
Event: 23.229 Thread 0x00000000161e2800 2788       2       com.android.dx.dex.code.form.Form22t::compatibleRegs (48 bytes)
Event: 23.230 Thread 0x00000000161e2800 nmethod 2788 0x0000000003115fd0 code [0x0000000003116180, 0x0000000003116508]

GC Heap History (10 events):
Event: 4.340 GC heap before
{Heap before GC invocations=3 (full 0):
 PSYoungGen      total 53248K, used 53231K [0x00000000eab00000, 0x00000000ee300000, 0x0000000100000000)
  eden space 49152K, 100% used [0x00000000eab00000,0x00000000edb00000,0x00000000edb00000)
  from space 4096K, 99% used [0x00000000edf00000,0x00000000ee2fbec8,0x00000000ee300000)
  to   space 4096K, 0% used [0x00000000edb00000,0x00000000edb00000,0x00000000edf00000)
 ParOldGen       total 65536K, used 2068K [0x00000000c0000000, 0x00000000c4000000, 0x00000000eab00000)
  object space 65536K, 3% used [0x00000000c0000000,0x00000000c0205380,0x00000000c4000000)
 Metaspace       used 6216K, capacity 7088K, committed 7296K, reserved 1056768K
  class space    used 604K, capacity 616K, committed 640K, reserved 1048576K
Event: 4.356 GC heap after
Heap after GC invocations=3 (full 0):
 PSYoungGen      total 53248K, used 4086K [0x00000000eab00000, 0x00000000f1300000, 0x0000000100000000)
  eden space 49152K, 0% used [0x00000000eab00000,0x00000000eab00000,0x00000000edb00000)
  from space 4096K, 99% used [0x00000000edb00000,0x00000000edefd800,0x00000000edf00000)
  to   space 4096K, 0% used [0x00000000f0f00000,0x00000000f0f00000,0x00000000f1300000)
 ParOldGen       total 65536K, used 9861K [0x00000000c0000000, 0x00000000c4000000, 0x00000000eab00000)
  object space 65536K, 15% used [0x00000000c0000000,0x00000000c09a1688,0x00000000c4000000)
 Metaspace       used 6216K, capacity 7088K, committed 7296K, reserved 1056768K
  class space    used 604K, capacity 616K, committed 640K, reserved 1048576K
}
Event: 4.867 GC heap before
{Heap before GC invocations=4 (full 0):
 PSYoungGen      total 53248K, used 53238K [0x00000000eab00000, 0x00000000f1300000, 0x0000000100000000)
  eden space 49152K, 100% used [0x00000000eab00000,0x00000000edb00000,0x00000000edb00000)
  from space 4096K, 99% used [0x00000000edb00000,0x00000000edefd800,0x00000000edf00000)
  to   space 4096K, 0% used [0x00000000f0f00000,0x00000000f0f00000,0x00000000f1300000)
 ParOldGen       total 65536K, used 9861K [0x00000000c0000000, 0x00000000c4000000, 0x00000000eab00000)
  object space 65536K, 15% used [0x00000000c0000000,0x00000000c09a1688,0x00000000c4000000)
 Metaspace       used 6280K, capacity 7152K, committed 7296K, reserved 1056768K
  class space    used 604K, capacity 616K, committed 640K, reserved 1048576K
Event: 4.885 GC heap after
Heap after GC invocations=4 (full 0):
 PSYoungGen      total 102400K, used 4083K [0x00000000eab00000, 0x00000000f1300000, 0x0000000100000000)
  eden space 98304K, 0% used [0x00000000eab00000,0x00000000eab00000,0x00000000f0b00000)
  from space 4096K, 99% used [0x00000000f0f00000,0x00000000f12fcd40,0x00000000f1300000)
  to   space 4096K, 0% used [0x00000000f0b00000,0x00000000f0b00000,0x00000000f0f00000)
 ParOldGen       total 65536K, used 17544K [0x00000000c0000000, 0x00000000c4000000, 0x00000000eab00000)
  object space 65536K, 26% used [0x00000000c0000000,0x00000000c1122158,0x00000000c4000000)
 Metaspace       used 6280K, capacity 7152K, committed 7296K, reserved 1056768K
  class space    used 604K, capacity 616K, committed 640K, reserved 1048576K
}
Event: 5.930 GC heap before
{Heap before GC invocations=5 (full 0):
 PSYoungGen      total 102400K, used 102387K [0x00000000eab00000, 0x00000000f1300000, 0x0000000100000000)
  eden space 98304K, 100% used [0x00000000eab00000,0x00000000f0b00000,0x00000000f0b00000)
  from space 4096K, 99% used [0x00000000f0f00000,0x00000000f12fcd40,0x00000000f1300000)
  to   space 4096K, 0% used [0x00000000f0b00000,0x00000000f0b00000,0x00000000f0f00000)
 ParOldGen       total 65536K, used 17544K [0x00000000c0000000, 0x00000000c4000000, 0x00000000eab00000)
  object space 65536K, 26% used [0x00000000c0000000,0x00000000c1122158,0x00000000c4000000)
 Metaspace       used 6424K, capacity 7216K, committed 7296K, reserved 1056768K
  class space    used 604K, capacity 616K, committed 640K, reserved 1048576K
Event: 5.959 GC heap after
Heap after GC invocations=5 (full 0):
 PSYoungGen      total 102400K, used 4067K [0x00000000eab00000, 0x00000000f9600000, 0x0000000100000000)
  eden space 98304K, 0% used [0x00000000eab00000,0x00000000eab00000,0x00000000f0b00000)
  from space 4096K, 99% used [0x00000000f0b00000,0x00000000f0ef8f20,0x00000000f0f00000)
  to   space 22016K, 0% used [0x00000000f8080000,0x00000000f8080000,0x00000000f9600000)
 ParOldGen       total 65536K, used 33447K [0x00000000c0000000, 0x00000000c4000000, 0x00000000eab00000)
  object space 65536K, 51% used [0x00000000c0000000,0x00000000c20a9d50,0x00000000c4000000)
 Metaspace       used 6424K, capacity 7216K, committed 7296K, reserved 1056768K
  class space    used 604K, capacity 616K, committed 640K, reserved 1048576K
}
Event: 6.821 GC heap before
{Heap before GC invocations=6 (full 0):
 PSYoungGen      total 102400K, used 102371K [0x00000000eab00000, 0x00000000f9600000, 0x0000000100000000)
  eden space 98304K, 100% used [0x00000000eab00000,0x00000000f0b00000,0x00000000f0b00000)
  from space 4096K, 99% used [0x00000000f0b00000,0x00000000f0ef8f20,0x00000000f0f00000)
  to   space 22016K, 0% used [0x00000000f8080000,0x00000000f8080000,0x00000000f9600000)
 ParOldGen       total 65536K, used 33447K [0x00000000c0000000, 0x00000000c4000000, 0x00000000eab00000)
  object space 65536K, 51% used [0x00000000c0000000,0x00000000c20a9d50,0x00000000c4000000)
 Metaspace       used 6540K, capacity 7256K, committed 7424K, reserved 1056768K
  class space    used 624K, capacity 656K, committed 768K, reserved 1048576K
Event: 6.852 GC heap after
Heap after GC invocations=6 (full 0):
 PSYoungGen      total 215552K, used 19293K [0x00000000eab00000, 0x00000000f9c00000, 0x0000000100000000)
  eden space 193536K, 0% used [0x00000000eab00000,0x00000000eab00000,0x00000000f6800000)
  from space 22016K, 87% used [0x00000000f8080000,0x00000000f93577c8,0x00000000f9600000)
  to   space 25088K, 0% used [0x00000000f6800000,0x00000000f6800000,0x00000000f8080000)
 ParOldGen       total 65536K, used 33447K [0x00000000c0000000, 0x00000000c4000000, 0x00000000eab00000)
  object space 65536K, 51% used [0x00000000c0000000,0x00000000c20a9d50,0x00000000c4000000)
 Metaspace       used 6540K, capacity 7256K, committed 7424K, reserved 1056768K
  class space    used 624K, capacity 656K, committed 768K, reserved 1048576K
}
Event: 22.667 GC heap before
{Heap before GC invocations=7 (full 0):
 PSYoungGen      total 215552K, used 212829K [0x00000000eab00000, 0x00000000f9c00000, 0x0000000100000000)
  eden space 193536K, 100% used [0x00000000eab00000,0x00000000f6800000,0x00000000f6800000)
  from space 22016K, 87% used [0x00000000f8080000,0x00000000f93577c8,0x00000000f9600000)
  to   space 25088K, 0% used [0x00000000f6800000,0x00000000f6800000,0x00000000f8080000)
 ParOldGen       total 65536K, used 33447K [0x00000000c0000000, 0x00000000c4000000, 0x00000000eab00000)
  object space 65536K, 51% used [0x00000000c0000000,0x00000000c20a9d50,0x00000000c4000000)
 Metaspace       used 6880K, capacity 7544K, committed 7680K, reserved 1056768K
  class space    used 643K, capacity 688K, committed 768K, reserved 1048576K
Event: 23.221 GC heap after
Heap after GC invocations=7 (full 0):
 PSYoungGen      total 218624K, used 25083K [0x00000000eab00000, 0x00000000f9c00000, 0x0000000100000000)
  eden space 193536K, 0% used [0x00000000eab00000,0x00000000eab00000,0x00000000f6800000)
  from space 25088K, 99% used [0x00000000f6800000,0x00000000f807eda0,0x00000000f8080000)
  to   space 22016K, 0% used [0x00000000f8080000,0x00000000f8080000,0x00000000f9600000)
 ParOldGen       total 65536K, used 40709K [0x00000000c0000000, 0x00000000c4000000, 0x00000000eab00000)
  object space 65536K, 62% used [0x00000000c0000000,0x00000000c27c1430,0x00000000c4000000)
 Metaspace       used 6880K, capacity 7544K, committed 7680K, reserved 1056768K
  class space    used 643K, capacity 688K, committed 768K, reserved 1048576K
}

Deoptimization events (10 events):
Event: 20.381 Thread 0x0000000016536000 Uncommon trap: reason=unstable_if action=reinterpret pc=0x00000000028e1a78 method=java.util.Arrays.equals([Ljava/lang/Object;[Ljava/lang/Object;)Z @ 23
Event: 20.383 Thread 0x0000000016536000 Uncommon trap: reason=unstable_if action=reinterpret pc=0x0000000002e111a8 method=java.util.TreeMap.put(Ljava/lang/Object;Ljava/lang/Object;)Ljava/lang/Object; @ 163
Event: 20.414 Thread 0x0000000016536000 Uncommon trap: reason=unstable_if action=reinterpret pc=0x000000000307298c method=com.android.dx.dex.code.OutputFinisher.findOpcodeForInsn(Lcom/android/dx/dex/code/DalvInsn;Lcom/android/dx/dex/code/Dop;)Lcom/android/dx/dex/code/Dop; @ 1
Event: 20.734 Thread 0x0000000016536000 Uncommon trap: reason=unstable_if action=reinterpret pc=0x0000000003085714 method=com.android.dx.rop.code.RegisterSpec.matchesVariable(Lcom/android/dx/rop/code/RegisterSpec;)Z @ 59
Event: 21.021 Thread 0x0000000016536000 Uncommon trap: reason=unstable_if action=reinterpret pc=0x00000000030b5e1c method=com.android.dx.dex.code.OutputFinisher.align64bits([Lcom/android/dx/dex/code/Dop;)V @ 100
Event: 21.021 Thread 0x0000000016536000 Uncommon trap: reason=array_check action=maybe_recompile pc=0x00000000030a8a64 method=java.util.ComparableTimSort.binarySort([Ljava/lang/Object;III)V @ 183
Event: 21.222 Thread 0x0000000016536000 Uncommon trap: reason=array_check action=maybe_recompile pc=0x00000000030a899c method=java.util.ComparableTimSort.binarySort([Ljava/lang/Object;III)V @ 193
Event: 21.417 Thread 0x0000000016536000 Uncommon trap: reason=array_check action=maybe_recompile pc=0x00000000030a899c method=java.util.ComparableTimSort.binarySort([Ljava/lang/Object;III)V @ 193
Event: 21.572 Thread 0x0000000016536000 Uncommon trap: reason=unstable_if action=reinterpret pc=0x00000000030963f8 method=com.android.dx.dex.code.LocalList$MakeState.snapshot(ILcom/android/dx/rop/code/RegisterSpecSet;)V @ 86
Event: 21.788 Thread 0x0000000016536000 Uncommon trap: reason=array_check action=maybe_recompile pc=0x00000000030a899c method=java.util.ComparableTimSort.binarySort([Ljava/lang/Object;III)V @ 193

Internal exceptions (6 events):
Event: 0.071 Thread 0x000000000251e800 Exception <a 'java/lang/NoSuchMethodError': Method sun.misc.Unsafe.defineClass(Ljava/lang/String;[BII)Ljava/lang/Class; name or signature does not match> (0x00000000eab0e530) thrown at [C:\re\workspace\8-2-build-windows-amd64-cygwin\jdk8u60\4407\hotspot\sr½ú0¥þI²?
Event: 0.071 Thread 0x000000000251e800 Exception <a 'java/lang/NoSuchMethodError': Method sun.misc.Unsafe.prefetchRead(Ljava/lang/Object;J)V name or signature does not match> (0x00000000eab0e818) thrown at [C:\re\workspace\8-2-build-windows-amd64-cygwin\jdk8u60\4407\hotspot\src\share\vm\prims\j.Á!%@
Event: 5.786 Thread 0x0000000016439000 Implicit null exception at 0x0000000002bb36f6 to 0x0000000002bb4f19
Event: 6.295 Thread 0x000000001652e800 Exception <a 'java/lang/ArrayIndexOutOfBoundsException': 18> (0x00000000ed0be4a0) thrown at [C:\re\workspace\8-2-build-windows-amd64-cygwin\jdk8u60\4407\hotspot\src\share\vm\interpreter\interpreterRuntime.cpp, line 366]
Event: 6.296 Thread 0x000000001652e800 Exception <a 'java/lang/ArrayIndexOutOfBoundsException': 145> (0x00000000ed0c0020) thrown at [C:\re\workspace\8-2-build-windows-amd64-cygwin\jdk8u60\4407\hotspot\src\share\vm\interpreter\interpreterRuntime.cpp, line 366]
Event: 6.313 Thread 0x000000001652e800 Exception <a 'java/lang/ArrayIndexOutOfBoundsException'> (0x00000000ed0c1308) thrown at [C:\re\workspace\8-2-build-windows-amd64-cygwin\jdk8u60\4407\hotspot\src\share\vm\runtime\sharedRuntime.cpp, line 605]

Events (10 events):
Event: 22.638 Thread 0x0000000016536000 DEOPT PACKING pc=0x00000000030660bb sp=0x000000001988e5f0
Event: 22.638 Thread 0x0000000016536000 DEOPT UNPACKING pc=0x000000000256787f sp=0x000000001988e368 mode 0
Event: 22.652 Thread 0x0000000016536000 DEOPT PACKING pc=0x00000000030660bb sp=0x000000001988e5f0
Event: 22.652 Thread 0x0000000016536000 DEOPT UNPACKING pc=0x000000000256787f sp=0x000000001988e368 mode 0
Event: 22.662 Thread 0x0000000016536000 DEOPT PACKING pc=0x00000000030660bb sp=0x000000001988e5f0
Event: 22.662 Thread 0x0000000016536000 DEOPT UNPACKING pc=0x000000000256787f sp=0x000000001988e368 mode 0
Event: 22.667 Executing VM operation: ParallelGCFailedAllocation
Event: 23.221 Executing VM operation: ParallelGCFailedAllocation done
Event: 23.224 Thread 0x0000000016536000 DEOPT PACKING pc=0x00000000030660bb sp=0x000000001988e470
Event: 23.224 Thread 0x0000000016536000 DEOPT UNPACKING pc=0x000000000256787f sp=0x000000001988e1e8 mode 0


Dynamic libraries:
0x00007ff7d17f0000 - 0x00007ff7d1827000 	C:\Program Files\Java\jdk1.8.0_60\bin\java.exe
0x00007ff8a6fb0000 - 0x00007ff8a7171000 	C:\WINDOWS\SYSTEM32\ntdll.dll
0x00007ff8a4fc0000 - 0x00007ff8a506d000 	C:\WINDOWS\system32\KERNEL32.DLL
0x00007ff8a3aa0000 - 0x00007ff8a3c88000 	C:\WINDOWS\system32\KERNELBASE.dll
0x00007ff8a44a0000 - 0x00007ff8a4547000 	C:\WINDOWS\system32\ADVAPI32.dll
0x00007ff8a4cd0000 - 0x00007ff8a4d6d000 	C:\WINDOWS\system32\msvcrt.dll
0x00007ff8a5140000 - 0x00007ff8a519b000 	C:\WINDOWS\system32\sechost.dll
0x00007ff8a4ea0000 - 0x00007ff8a4fbc000 	C:\WINDOWS\system32\RPCRT4.dll
0x00007ff8a5360000 - 0x00007ff8a54b6000 	C:\WINDOWS\system32\USER32.dll
0x00007ff8a4b40000 - 0x00007ff8a4cc6000 	C:\WINDOWS\system32\GDI32.dll
0x00007ff89e030000 - 0x00007ff89e2a4000 	C:\WINDOWS\WinSxS\amd64_microsoft.windows.common-controls_6595b64144ccf1df_6.0.10586.0_none_8c15ae12515e1c22\COMCTL32.dll
0x00007ff8a6d30000 - 0x00007ff8a6fad000 	C:\WINDOWS\system32\combase.dll
0x00007ff8a3640000 - 0x00007ff8a36aa000 	C:\WINDOWS\system32\bcryptPrimitives.dll
0x00007ff8a4dd0000 - 0x00007ff8a4e0b000 	C:\WINDOWS\system32\IMM32.DLL
0x00007ff8a34a0000 - 0x00007ff8a34d1000 	C:\Windows\system32\nvinitx.dll
0x00007ff8a3490000 - 0x00007ff8a349a000 	C:\WINDOWS\SYSTEM32\VERSION.dll
0x00000000651d0000 - 0x00000000651d6000 	C:\Program Files\NVIDIA Corporation\CoProcManager\_etoured.dll
0x00007ff8a0720000 - 0x00007ff8a0753000 	C:\Program Files\NVIDIA Corporation\CoProcManager\nvd3d9wrapx.dll
0x00007ff8a4700000 - 0x00007ff8a4b29000 	C:\WINDOWS\system32\SETUPAPI.dll
0x00007ff8a3c90000 - 0x00007ff8a3cd3000 	C:\WINDOWS\system32\CFGMGR32.dll
0x00007ff8a06f0000 - 0x00007ff8a0712000 	C:\Program Files\NVIDIA Corporation\CoProcManager\nvdxgiwrapx.dll
0x0000000062830000 - 0x0000000062902000 	C:\Program Files\Java\jdk1.8.0_60\jre\bin\msvcr100.dll
0x0000000061fa0000 - 0x0000000062829000 	C:\Program Files\Java\jdk1.8.0_60\jre\bin\server\jvm.dll
0x00007ff8a54c0000 - 0x00007ff8a54c8000 	C:\WINDOWS\system32\PSAPI.DLL
0x00007ff898040000 - 0x00007ff898049000 	C:\WINDOWS\SYSTEM32\WSOCK32.dll
0x00007ff8a4e10000 - 0x00007ff8a4e7b000 	C:\WINDOWS\system32\WS2_32.dll
0x00007ff8a1860000 - 0x00007ff8a1883000 	C:\WINDOWS\SYSTEM32\WINMM.dll
0x00000000021e0000 - 0x000000000220c000 	C:\WINDOWS\SYSTEM32\WINMMBASE.dll
0x0000000062970000 - 0x000000006297f000 	C:\Program Files\Java\jdk1.8.0_60\jre\bin\verify.dll
0x0000000062940000 - 0x0000000062969000 	C:\Program Files\Java\jdk1.8.0_60\jre\bin\java.dll
0x0000000061f80000 - 0x0000000061f96000 	C:\Program Files\Java\jdk1.8.0_60\jre\bin\zip.dll
0x00007ff8a54f0000 - 0x00007ff8a6a4c000 	C:\WINDOWS\system32\SHELL32.dll
0x00007ff8a3d40000 - 0x00007ff8a4384000 	C:\WINDOWS\system32\windows.storage.dll
0x00007ff8a4d70000 - 0x00007ff8a4dc2000 	C:\WINDOWS\system32\shlwapi.dll
0x00007ff8a3610000 - 0x00007ff8a361f000 	C:\WINDOWS\system32\kernel.appcore.dll
0x00007ff8a37f0000 - 0x00007ff8a38a5000 	C:\WINDOWS\system32\shcore.dll
0x00007ff8a35b0000 - 0x00007ff8a35fb000 	C:\WINDOWS\system32\powrprof.dll
0x00007ff8a3620000 - 0x00007ff8a3634000 	C:\WINDOWS\system32\profapi.dll

VM Arguments:
jvm_args: -Djava.awt.headless=true -Xmx1024M -Dfile.encoding=windows-1252 -Duser.country=ES -Duser.language=es -Duser.variant 
java_command: com.android.dx.command.Main --dex --force-jumbo --num-threads=4 --multi-dex --output C:\Users\USER\Desktop\Proyectos\cashPokerProgresive3\app\build\intermediates\transforms\dex\debug\folders\1000\10\com.android.support-support-v4-23.3.0_db429b5fb1ff99f13d532b27b3b3c879874f19c4 C:\Users\USER\Desktop\Proyectos\cashPokerProgresive3\app\build\intermediates\exploded-aar\com.android.support\support-v4\23.3.0\jars\classes.jar
java_class_path (initial): C:\Users\USER\AppData\Local\Android\sdk\build-tools\23.0.3\lib\dx.jar
Launcher Type: SUN_STANDARD

Environment Variables:
CLASSPATH=.;C:\Program Files (x86)\QuickTime\QTSystem\QTJava.zip
USERNAME=USER
OS=Windows_NT
PROCESSOR_IDENTIFIER=Intel64 Family 6 Model 58 Stepping 9, GenuineIntel



---------------  S Y S T E M  ---------------

OS: Windows 10.0 , 64 bit Build 10586 (10.0.10586.0)

CPU:total 4 (2 cores per cpu, 2 threads per core) family 6 model 58 stepping 9, cmov, cx8, fxsr, mmx, sse, sse2, sse3, ssse3, sse4.1, sse4.2, popcnt, avx, aes, clmul, erms, ht, tsc, tscinvbit, tscinv

Memory: 4k page, physical 6167652k(329684k free), swap 9308260k(5128k free)

vm_info: Java HotSpot(TM) 64-Bit Server VM (25.60-b23) for windows-amd64 JRE (1.8.0_60-b27), built on Aug  4 2015 11:06:27 by "java_re" with MS VC++ 10.0 (VS2010)

time: Thu Aug 25 18:56:24 2016
elapsed time: 23 seconds (0d 0h 0m 23s)

