#
# There is insufficient memory for the Java Runtime Environment to continue.
# Native memory allocation (malloc) failed to allocate 1577696 bytes for Chunk::new
# Possible reasons:
#   The system is out of physical RAM or swap space
#   In 32 bit mode, the process size limit was hit
# Possible solutions:
#   Reduce memory load on the system
#   Increase physical memory or swap space
#   Check if swap backing store is full
#   Use 64 bit Java on a 64 bit OS
#   Decrease Java heap size (-Xmx/-Xms)
#   Decrease number of Java threads
#   Decrease Java thread stack sizes (-Xss)
#   Set larger code cache with -XX:ReservedCodeCacheSize=
# This output file may be truncated or incomplete.
#
#  Out of Memory Error (allocation.cpp:390), pid=11484, tid=7332
#
# JRE version: Java(TM) SE Runtime Environment (8.0_60-b27) (build 1.8.0_60-b27)
# Java VM: Java HotSpot(TM) 64-Bit Server VM (25.60-b23 mixed mode windows-amd64 compressed oops)
# Failed to write core dump. Minidumps are not enabled by default on client versions of Windows
#

---------------  T H R E A D  ---------------

Current thread (0x0000000014a70000):  JavaThread "C2 CompilerThread0" daemon [_thread_in_native, id=7332, stack(0x00000000160e0000,0x00000000161e0000)]

Stack: [0x00000000160e0000,0x00000000161e0000]
[error occurred during error reporting (printing stack bounds), id 0xc0000005]

Native frames: (J=compiled Java code, j=interpreted, Vv=VM code, C=native code)


Current CompileTask:
C2:  18139 2061   !   4       com.android.dx.cf.code.Ropper::processBlock (1101 bytes)


---------------  P R O C E S S  ---------------

Java Threads: ( => current thread )
  0x00000000165b7800 JavaThread "pool-1-thread-1" [_thread_in_Java, id=11880, stack(0x00000000186b0000,0x00000000187b0000)]
  0x00000000162f0800 JavaThread "Service Thread" daemon [_thread_blocked, id=880, stack(0x00000000167e0000,0x00000000168e0000)]
  0x00000000162e2000 JavaThread "C1 CompilerThread2" daemon [_thread_blocked, id=9588, stack(0x00000000166e0000,0x00000000167e0000)]
  0x0000000014ac0800 JavaThread "C2 CompilerThread1" daemon [_thread_in_native, id=10748, stack(0x00000000161e0000,0x00000000162e0000)]
=>0x0000000014a70000 JavaThread "C2 CompilerThread0" daemon [_thread_in_native, id=7332, stack(0x00000000160e0000,0x00000000161e0000)]
  0x0000000014a6e800 JavaThread "Attach Listener" daemon [_thread_blocked, id=5980, stack(0x0000000015fe0000,0x00000000160e0000)]
  0x0000000014a6d000 JavaThread "Signal Dispatcher" daemon [_thread_blocked, id=11876, stack(0x0000000015ee0000,0x0000000015fe0000)]
  0x00000000022d3800 JavaThread "Finalizer" daemon [_thread_blocked, id=2124, stack(0x0000000015ce0000,0x0000000015de0000)]
  0x00000000022d0000 JavaThread "Reference Handler" daemon [_thread_blocked, id=8888, stack(0x0000000015be0000,0x0000000015ce0000)]
  0x00000000021e2800 JavaThread "main" [_thread_blocked, id=8188, stack(0x0000000002090000,0x0000000002190000)]

Other Threads:
  0x0000000014a38000 VMThread [stack: 0x0000000015ae0000,0x0000000015be0000] [id=6596]
  0x00000000162f4000 WatcherThread [stack: 0x00000000168e0000,0x00000000169e0000] [id=5624]

VM state:not at safepoint (normal execution)

VM Mutex/Monitor currently owned by a thread: None

Heap:
 PSYoungGen      total 219136K, used 39961K [0x00000000eab00000, 0x0000000100000000, 0x0000000100000000)
  eden space 193536K, 7% used [0x00000000eab00000,0x00000000eb90b018,0x00000000f6800000)
  from space 25600K, 99% used [0x00000000f6800000,0x00000000f80fb528,0x00000000f8100000)
  to   space 34304K, 0% used [0x00000000fde80000,0x00000000fde80000,0x0000000100000000)
 ParOldGen       total 65536K, used 41065K [0x00000000c0000000, 0x00000000c4000000, 0x00000000eab00000)
  object space 65536K, 62% used [0x00000000c0000000,0x00000000c281a4b0,0x00000000c4000000)
 Metaspace       used 7310K, capacity 7768K, committed 7936K, reserved 1056768K
  class space    used 676K, capacity 720K, committed 768K, reserved 1048576K

Card table byte_map: [0x0000000011760000,0x0000000011970000] byte_map_base: 0x0000000011160000

Marking Bits: (ParMarkBitMap*) 0x0000000059dba5b0
 Begin Bits: [0x0000000011ed0000, 0x0000000012ed0000)
 End Bits:   [0x0000000012ed0000, 0x0000000013ed0000)

Polling page: 0x00000000001f0000

CodeCache: size=245760Kb used=9959Kb max_used=11167Kb free=235800Kb
 bounds [0x00000000023a0000, 0x0000000002ea0000, 0x00000000113a0000]
 total_blobs=2739 nmethods=2462 adapters=189
 compilation: enabled

Compilation events (10 events):
Event: 17.547 Thread 0x00000000162e2000 nmethod 2986 0x000000000264ec50 code [0x000000000264f040, 0x0000000002651538]
Event: 17.549 Thread 0x00000000162e2000 2989       3       com.android.dx.dex.file.ClassDataItem::writeTo0 (31 bytes)
Event: 17.550 Thread 0x0000000014ac0800 nmethod 2978 0x00000000025d1f90 code [0x00000000025d2100, 0x00000000025d27b8]
Event: 17.550 Thread 0x00000000162e2000 nmethod 2989 0x00000000025d1790 code [0x00000000025d1920, 0x00000000025d1d78]
Event: 17.550 Thread 0x0000000014ac0800 2987       4       com.android.dx.util.ByteArrayAnnotatedOutput::write (129 bytes)
Event: 17.552 Thread 0x0000000014ac0800 nmethod 2987 0x000000000278b550 code [0x000000000278b6a0, 0x000000000278b8b8]
Event: 17.552 Thread 0x0000000014ac0800 2988       4       com.android.dx.util.ByteArrayAnnotatedOutput::write (9 bytes)
Event: 17.554 Thread 0x0000000014ac0800 nmethod 2988 0x00000000027cb850 code [0x00000000027cb9a0, 0x00000000027cbaf8]
Event: 17.554 Thread 0x0000000014ac0800 2970       4       com.android.dx.rop.cst.CstString::getUtf16Size (8 bytes)
Event: 17.555 Thread 0x0000000014ac0800 nmethod 2970 0x000000000260ea90 code [0x000000000260ebc0, 0x000000000260ec38]

GC Heap History (10 events):
Event: 2.459 GC heap before
{Heap before GC invocations=3 (full 0):
 PSYoungGen      total 53248K, used 53226K [0x00000000eab00000, 0x00000000ee300000, 0x0000000100000000)
  eden space 49152K, 100% used [0x00000000eab00000,0x00000000edb00000,0x00000000edb00000)
  from space 4096K, 99% used [0x00000000edf00000,0x00000000ee2fa8e8,0x00000000ee300000)
  to   space 4096K, 0% used [0x00000000edb00000,0x00000000edb00000,0x00000000edf00000)
 ParOldGen       total 65536K, used 1304K [0x00000000c0000000, 0x00000000c4000000, 0x00000000eab00000)
  object space 65536K, 1% used [0x00000000c0000000,0x00000000c0146280,0x00000000c4000000)
 Metaspace       used 6224K, capacity 7088K, committed 7296K, reserved 1056768K
  class space    used 604K, capacity 616K, committed 640K, reserved 1048576K
Event: 2.481 GC heap after
Heap after GC invocations=3 (full 0):
 PSYoungGen      total 53248K, used 4077K [0x00000000eab00000, 0x00000000f1300000, 0x0000000100000000)
  eden space 49152K, 0% used [0x00000000eab00000,0x00000000eab00000,0x00000000edb00000)
  from space 4096K, 99% used [0x00000000edb00000,0x00000000edefb498,0x00000000edf00000)
  to   space 4096K, 0% used [0x00000000f0f00000,0x00000000f0f00000,0x00000000f1300000)
 ParOldGen       total 65536K, used 9853K [0x00000000c0000000, 0x00000000c4000000, 0x00000000eab00000)
  object space 65536K, 15% used [0x00000000c0000000,0x00000000c099f488,0x00000000c4000000)
 Metaspace       used 6224K, capacity 7088K, committed 7296K, reserved 1056768K
  class space    used 604K, capacity 616K, committed 640K, reserved 1048576K
}
Event: 2.968 GC heap before
{Heap before GC invocations=4 (full 0):
 PSYoungGen      total 53248K, used 53229K [0x00000000eab00000, 0x00000000f1300000, 0x0000000100000000)
  eden space 49152K, 100% used [0x00000000eab00000,0x00000000edb00000,0x00000000edb00000)
  from space 4096K, 99% used [0x00000000edb00000,0x00000000edefb498,0x00000000edf00000)
  to   space 4096K, 0% used [0x00000000f0f00000,0x00000000f0f00000,0x00000000f1300000)
 ParOldGen       total 65536K, used 9853K [0x00000000c0000000, 0x00000000c4000000, 0x00000000eab00000)
  object space 65536K, 15% used [0x00000000c0000000,0x00000000c099f488,0x00000000c4000000)
 Metaspace       used 6272K, capacity 7152K, committed 7296K, reserved 1056768K
  class space    used 604K, capacity 616K, committed 640K, reserved 1048576K
Event: 2.989 GC heap after
Heap after GC invocations=4 (full 0):
 PSYoungGen      total 102400K, used 4080K [0x00000000eab00000, 0x00000000f1300000, 0x0000000100000000)
  eden space 98304K, 0% used [0x00000000eab00000,0x00000000eab00000,0x00000000f0b00000)
  from space 4096K, 99% used [0x00000000f0f00000,0x00000000f12fc0f8,0x00000000f1300000)
  to   space 4096K, 0% used [0x00000000f0b00000,0x00000000f0b00000,0x00000000f0f00000)
 ParOldGen       total 65536K, used 17554K [0x00000000c0000000, 0x00000000c4000000, 0x00000000eab00000)
  object space 65536K, 26% used [0x00000000c0000000,0x00000000c1124ad0,0x00000000c4000000)
 Metaspace       used 6272K, capacity 7152K, committed 7296K, reserved 1056768K
  class space    used 604K, capacity 616K, committed 640K, reserved 1048576K
}
Event: 4.765 GC heap before
{Heap before GC invocations=5 (full 0):
 PSYoungGen      total 102400K, used 102384K [0x00000000eab00000, 0x00000000f1300000, 0x0000000100000000)
  eden space 98304K, 100% used [0x00000000eab00000,0x00000000f0b00000,0x00000000f0b00000)
  from space 4096K, 99% used [0x00000000f0f00000,0x00000000f12fc0f8,0x00000000f1300000)
  to   space 4096K, 0% used [0x00000000f0b00000,0x00000000f0b00000,0x00000000f0f00000)
 ParOldGen       total 65536K, used 17554K [0x00000000c0000000, 0x00000000c4000000, 0x00000000eab00000)
  object space 65536K, 26% used [0x00000000c0000000,0x00000000c1124ad0,0x00000000c4000000)
 Metaspace       used 6395K, capacity 7152K, committed 7296K, reserved 1056768K
  class space    used 604K, capacity 616K, committed 640K, reserved 1048576K
Event: 5.020 GC heap after
Heap after GC invocations=5 (full 0):
 PSYoungGen      total 102400K, used 4082K [0x00000000eab00000, 0x00000000f9700000, 0x0000000100000000)
  eden space 98304K, 0% used [0x00000000eab00000,0x00000000eab00000,0x00000000f0b00000)
  from space 4096K, 99% used [0x00000000f0b00000,0x00000000f0efc8d8,0x00000000f0f00000)
  to   space 22528K, 0% used [0x00000000f8100000,0x00000000f8100000,0x00000000f9700000)
 ParOldGen       total 65536K, used 33554K [0x00000000c0000000, 0x00000000c4000000, 0x00000000eab00000)
  object space 65536K, 51% used [0x00000000c0000000,0x00000000c20c4b58,0x00000000c4000000)
 Metaspace       used 6395K, capacity 7152K, committed 7296K, reserved 1056768K
  class space    used 604K, capacity 616K, committed 640K, reserved 1048576K
}
Event: 6.946 GC heap before
{Heap before GC invocations=6 (full 0):
 PSYoungGen      total 102400K, used 102386K [0x00000000eab00000, 0x00000000f9700000, 0x0000000100000000)
  eden space 98304K, 100% used [0x00000000eab00000,0x00000000f0b00000,0x00000000f0b00000)
  from space 4096K, 99% used [0x00000000f0b00000,0x00000000f0efc8d8,0x00000000f0f00000)
  to   space 22528K, 0% used [0x00000000f8100000,0x00000000f8100000,0x00000000f9700000)
 ParOldGen       total 65536K, used 33554K [0x00000000c0000000, 0x00000000c4000000, 0x00000000eab00000)
  object space 65536K, 51% used [0x00000000c0000000,0x00000000c20c4b58,0x00000000c4000000)
 Metaspace       used 6535K, capacity 7256K, committed 7424K, reserved 1056768K
  class space    used 625K, capacity 656K, committed 768K, reserved 1048576K
Event: 7.061 GC heap after
Heap after GC invocations=6 (full 0):
 PSYoungGen      total 216064K, used 19348K [0x00000000eab00000, 0x00000000f9d00000, 0x0000000100000000)
  eden space 193536K, 0% used [0x00000000eab00000,0x00000000eab00000,0x00000000f6800000)
  from space 22528K, 85% used [0x00000000f8100000,0x00000000f93e53b8,0x00000000f9700000)
  to   space 25600K, 0% used [0x00000000f6800000,0x00000000f6800000,0x00000000f8100000)
 ParOldGen       total 65536K, used 33554K [0x00000000c0000000, 0x00000000c4000000, 0x00000000eab00000)
  object space 65536K, 51% used [0x00000000c0000000,0x00000000c20c4b58,0x00000000c4000000)
 Metaspace       used 6535K, capacity 7256K, committed 7424K, reserved 1056768K
  class space    used 625K, capacity 656K, committed 768K, reserved 1048576K
}
Event: 15.976 GC heap before
{Heap before GC invocations=7 (full 0):
 PSYoungGen      total 216064K, used 212884K [0x00000000eab00000, 0x00000000f9d00000, 0x0000000100000000)
  eden space 193536K, 100% used [0x00000000eab00000,0x00000000f6800000,0x00000000f6800000)
  from space 22528K, 85% used [0x00000000f8100000,0x00000000f93e53b8,0x00000000f9700000)
  to   space 25600K, 0% used [0x00000000f6800000,0x00000000f6800000,0x00000000f8100000)
 ParOldGen       total 65536K, used 33554K [0x00000000c0000000, 0x00000000c4000000, 0x00000000eab00000)
  object space 65536K, 51% used [0x00000000c0000000,0x00000000c20c4b58,0x00000000c4000000)
 Metaspace       used 6873K, capacity 7544K, committed 7680K, reserved 1056768K
  class space    used 643K, capacity 688K, committed 768K, reserved 1048576K
Event: 16.367 GC heap after
Heap after GC invocations=7 (full 0):
 PSYoungGen      total 219136K, used 25581K [0x00000000eab00000, 0x0000000100000000, 0x0000000100000000)
  eden space 193536K, 0% used [0x00000000eab00000,0x00000000eab00000,0x00000000f6800000)
  from space 25600K, 99% used [0x00000000f6800000,0x00000000f80fb528,0x00000000f8100000)
  to   space 34304K, 0% used [0x00000000fde80000,0x00000000fde80000,0x0000000100000000)
 ParOldGen       total 65536K, used 41065K [0x00000000c0000000, 0x00000000c4000000, 0x00000000eab00000)
  object space 65536K, 62% used [0x00000000c0000000,0x00000000c281a4b0,0x00000000c4000000)
 Metaspace       used 6873K, capacity 7544K, committed 7680K, reserved 1056768K
  class space    used 643K, capacity 688K, committed 768K, reserved 1048576K
}

Deoptimization events (10 events):
Event: 13.582 Thread 0x00000000165b7800 Uncommon trap: reason=unstable_if action=reinterpret pc=0x0000000002bc3dec method=java.util.TreeMap.put(Ljava/lang/Object;Ljava/lang/Object;)Ljava/lang/Object; @ 163
Event: 13.627 Thread 0x00000000165b7800 Uncommon trap: reason=unstable_if action=reinterpret pc=0x00000000024eba0c method=com.android.dx.dex.code.OutputFinisher.findOpcodeForInsn(Lcom/android/dx/dex/code/DalvInsn;Lcom/android/dx/dex/code/Dop;)Lcom/android/dx/dex/code/Dop; @ 1
Event: 13.777 Thread 0x00000000165b7800 Uncommon trap: reason=unstable_if action=reinterpret pc=0x00000000024fa0a8 method=com.android.dx.rop.code.RegisterSpec.matchesVariable(Lcom/android/dx/rop/code/RegisterSpec;)Z @ 59
Event: 14.450 Thread 0x00000000165b7800 Uncommon trap: reason=unstable_if action=reinterpret pc=0x0000000002e30660 method=com.android.dx.dex.code.OutputFinisher.align64bits([Lcom/android/dx/dex/code/Dop;)V @ 172
Event: 14.911 Thread 0x00000000165b7800 Uncommon trap: reason=unstable_if action=reinterpret pc=0x0000000002e07848 method=com.android.dx.dex.code.LocalList$MakeState.snapshot(ILcom/android/dx/rop/code/RegisterSpecSet;)V @ 86
Event: 16.561 Thread 0x00000000165b7800 Uncommon trap: reason=unstable_if action=reinterpret pc=0x00000000024ed4a4 method=java.util.ArrayList.<init>(I)V @ 5
Event: 16.947 Thread 0x00000000165b7800 Uncommon trap: reason=unstable_if action=reinterpret pc=0x0000000002702afc method=java.lang.Long.numberOfTrailingZeros(J)I @ 3
Event: 17.090 Thread 0x00000000165b7800 Uncommon trap: reason=unstable_if action=reinterpret pc=0x00000000025b2804 method=com.android.dx.util.ByteArrayAnnotatedOutput.writeByte(I)V @ 13
Event: 17.520 Thread 0x00000000165b7800 Uncommon trap: reason=unstable_if action=reinterpret pc=0x0000000002a69b5c method=com.android.dx.util.ByteArrayAnnotatedOutput.writeUleb128(I)I @ 4
Event: 17.520 Thread 0x00000000165b7800 Uncommon trap: reason=unstable_if action=reinterpret pc=0x00000000029572c8 method=com.android.dx.util.ByteArrayAnnotatedOutput.writeByte(I)V @ 13

Internal exceptions (7 events):
Event: 0.286 Thread 0x00000000021e2800 Exception <a 'java/lang/NoSuchMethodError': Method sun.misc.Unsafe.defineClass(Ljava/lang/String;[BII)Ljava/lang/Class; name or signature does not match> (0x00000000eab0e530) thrown at [C:\re\workspace\8-2-build-windows-amd64-cygwin\jdk8u60\4407\hotspot\srp4À0SÒ?
Event: 0.286 Thread 0x00000000021e2800 Exception <a 'java/lang/NoSuchMethodError': Method sun.misc.Unsafe.prefetchRead(Ljava/lang/Object;J)V name or signature does not match> (0x00000000eab0e818) thrown at [C:\re\workspace\8-2-build-windows-amd64-cygwin\jdk8u60\4407\hotspot\src\share\vm\prims\j éqrú?
Event: 1.653 Thread 0x000000001652e800 Implicit null exception at 0x0000000002701222 to 0x0000000002701321
Event: 4.504 Thread 0x000000001652f000 Implicit null exception at 0x00000000028af13d to 0x00000000028b08f9
Event: 5.783 Thread 0x00000000165b4800 Exception <a 'java/lang/ArrayIndexOutOfBoundsException': 18> (0x00000000ed0569b8) thrown at [C:\re\workspace\8-2-build-windows-amd64-cygwin\jdk8u60\4407\hotspot\src\share\vm\interpreter\interpreterRuntime.cpp, line 366]
Event: 5.784 Thread 0x00000000165b4800 Exception <a 'java/lang/ArrayIndexOutOfBoundsException': 145> (0x00000000ed058538) thrown at [C:\re\workspace\8-2-build-windows-amd64-cygwin\jdk8u60\4407\hotspot\src\share\vm\interpreter\interpreterRuntime.cpp, line 366]
Event: 6.106 Thread 0x00000000165b4800 Exception <a 'java/lang/ArrayIndexOutOfBoundsException'> (0x00000000ed059820) thrown at [C:\re\workspace\8-2-build-windows-amd64-cygwin\jdk8u60\4407\hotspot\src\share\vm\runtime\sharedRuntime.cpp, line 605]

Events (10 events):
Event: 17.550 loading class java/security/MessageDigest
Event: 17.551 loading class java/security/MessageDigestSpi
Event: 17.551 loading class java/security/MessageDigestSpi done
Event: 17.551 loading class java/security/MessageDigest done
Event: 17.551 loading class java/security/Security
Event: 17.551 loading class java/security/Security done
Event: 17.551 loading class java/security/Security$1
Event: 17.553 loading class java/security/Security$1 done
Event: 17.900 loading class java/util/Properties$LineReader
Event: 17.901 loading class java/util/Properties$LineReader done


Dynamic libraries:
0x00007ff698750000 - 0x00007ff698787000 	C:\Program Files\Java\jdk1.8.0_60\bin\java.exe
0x00007ffc77de0000 - 0x00007ffc77fa1000 	C:\WINDOWS\SYSTEM32\ntdll.dll
0x00007ffc762b0000 - 0x00007ffc7635d000 	C:\WINDOWS\system32\KERNEL32.DLL
0x00007ffc746f0000 - 0x00007ffc748d8000 	C:\WINDOWS\system32\KERNELBASE.dll
0x00007ffc755c0000 - 0x00007ffc75667000 	C:\WINDOWS\system32\ADVAPI32.dll
0x00007ffc751c0000 - 0x00007ffc7525d000 	C:\WINDOWS\system32\msvcrt.dll
0x00007ffc75490000 - 0x00007ffc754eb000 	C:\WINDOWS\system32\sechost.dll
0x00007ffc77cc0000 - 0x00007ffc77ddc000 	C:\WINDOWS\system32\RPCRT4.dll
0x00007ffc77a90000 - 0x00007ffc77be6000 	C:\WINDOWS\system32\USER32.dll
0x00007ffc75ee0000 - 0x00007ffc76066000 	C:\WINDOWS\system32\GDI32.dll
0x00007ffc6f020000 - 0x00007ffc6f294000 	C:\WINDOWS\WinSxS\amd64_microsoft.windows.common-controls_6595b64144ccf1df_6.0.10586.0_none_8c15ae12515e1c22\COMCTL32.dll
0x00007ffc75670000 - 0x00007ffc758ed000 	C:\WINDOWS\system32\combase.dll
0x00007ffc748e0000 - 0x00007ffc7494a000 	C:\WINDOWS\system32\bcryptPrimitives.dll
0x00007ffc75910000 - 0x00007ffc7594b000 	C:\WINDOWS\system32\IMM32.DLL
0x00007ffc742d0000 - 0x00007ffc74301000 	C:\Windows\system32\nvinitx.dll
0x00007ffc742c0000 - 0x00007ffc742ca000 	C:\WINDOWS\SYSTEM32\VERSION.dll
0x000000005cdd0000 - 0x000000005cdd6000 	C:\Program Files\NVIDIA Corporation\CoProcManager\_etoured.dll
0x00007ffc72330000 - 0x00007ffc72363000 	C:\Program Files\NVIDIA Corporation\CoProcManager\nvd3d9wrapx.dll
0x00007ffc75950000 - 0x00007ffc75d79000 	C:\WINDOWS\system32\SETUPAPI.dll
0x00007ffc74a10000 - 0x00007ffc74a53000 	C:\WINDOWS\system32\CFGMGR32.dll
0x00007ffc72300000 - 0x00007ffc72322000 	C:\Program Files\NVIDIA Corporation\CoProcManager\nvdxgiwrapx.dll
0x0000000059e40000 - 0x0000000059f12000 	C:\Program Files\Java\jdk1.8.0_60\jre\bin\msvcr100.dll
0x00000000595b0000 - 0x0000000059e39000 	C:\Program Files\Java\jdk1.8.0_60\jre\bin\server\jvm.dll
0x00007ffc76120000 - 0x00007ffc76128000 	C:\WINDOWS\system32\PSAPI.DLL
0x00007ffc68de0000 - 0x00007ffc68de9000 	C:\WINDOWS\SYSTEM32\WSOCK32.dll
0x00007ffc726a0000 - 0x00007ffc726c3000 	C:\WINDOWS\SYSTEM32\WINMM.dll
0x00007ffc75260000 - 0x00007ffc752cb000 	C:\WINDOWS\system32\WS2_32.dll
0x00007ffc72670000 - 0x00007ffc7269c000 	C:\WINDOWS\SYSTEM32\WINMMBASE.dll
0x00000000595a0000 - 0x00000000595af000 	C:\Program Files\Java\jdk1.8.0_60\jre\bin\verify.dll
0x0000000059570000 - 0x0000000059599000 	C:\Program Files\Java\jdk1.8.0_60\jre\bin\java.dll
0x0000000059550000 - 0x0000000059566000 	C:\Program Files\Java\jdk1.8.0_60\jre\bin\zip.dll
0x00007ffc76360000 - 0x00007ffc778bc000 	C:\WINDOWS\system32\SHELL32.dll
0x00007ffc74b10000 - 0x00007ffc75154000 	C:\WINDOWS\system32\windows.storage.dll
0x00007ffc76240000 - 0x00007ffc76292000 	C:\WINDOWS\system32\shlwapi.dll
0x00007ffc74430000 - 0x00007ffc7443f000 	C:\WINDOWS\system32\kernel.appcore.dll
0x00007ffc74950000 - 0x00007ffc74a05000 	C:\WINDOWS\system32\shcore.dll
0x00007ffc743e0000 - 0x00007ffc7442b000 	C:\WINDOWS\system32\powrprof.dll
0x00007ffc74450000 - 0x00007ffc74464000 	C:\WINDOWS\system32\profapi.dll

VM Arguments:
jvm_args: -Djava.awt.headless=true -Xmx1024M -Dfile.encoding=windows-1252 -Duser.country=ES -Duser.language=es -Duser.variant 
java_command: com.android.dx.command.Main --dex --force-jumbo --num-threads=4 --multi-dex --output C:\Users\USER\Desktop\Proyectos\cashPokerProgresive3\app\build\intermediates\transforms\dex\debug\folders\1000\10\com.android.support-support-v4-23.3.0_db429b5fb1ff99f13d532b27b3b3c879874f19c4 C:\Users\USER\Desktop\Proyectos\cashPokerProgresive3\app\build\intermediates\exploded-aar\com.android.support\support-v4\23.3.0\jars\classes.jar
java_class_path (initial): C:\Users\USER\AppData\Local\Android\sdk\build-tools\23.0.3\lib\dx.jar
Launcher Type: SUN_STANDARD

Environment Variables:
CLASSPATH=.;C:\Program Files (x86)\QuickTime\QTSystem\QTJava.zip
USERNAME=USER
OS=Windows_NT
PROCESSOR_IDENTIFIER=Intel64 Family 6 Model 58 Stepping 9, GenuineIntel



---------------  S Y S T E M  ---------------

OS: Windows 10.0 , 64 bit Build 10586 (10.0.10586.0)

CPU:total 4 (2 cores per cpu, 2 threads per core) family 6 model 58 stepping 9, cmov, cx8, fxsr, mmx, sse, sse2, sse3, ssse3, sse4.1, sse4.2, popcnt, avx, aes, clmul, erms, ht, tsc, tscinvbit, tscinv

Memory: 4k page, physical 6167652k(779316k free), swap 9308260k(258740k free)

vm_info: Java HotSpot(TM) 64-Bit Server VM (25.60-b23) for windows-amd64 JRE (1.8.0_60-b27), built on Aug  4 2015 11:06:27 by "java_re" with MS VC++ 10.0 (VS2010)

time: Tue May 17 21:34:20 2016
elapsed time: 18 seconds (0d 0h 0m 18s)

