#
# There is insufficient memory for the Java Runtime Environment to continue.
# Native memory allocation (malloc) failed to allocate 65552 bytes for Chunk::new
# Possible reasons:
#   The system is out of physical RAM or swap space
#   In 32 bit mode, the process size limit was hit
# Possible solutions:
#   Reduce memory load on the system
#   Increase physical memory or swap space
#   Check if swap backing store is full
#   Use 64 bit Java on a 64 bit OS
#   Decrease Java heap size (-Xmx/-Xms)
#   Decrease number of Java threads
#   Decrease Java thread stack sizes (-Xss)
#   Set larger code cache with -XX:ReservedCodeCacheSize=
# This output file may be truncated or incomplete.
#
#  Out of Memory Error (allocation.cpp:390), pid=9024, tid=3196
#
# JRE version: Java(TM) SE Runtime Environment (8.0_60-b27) (build 1.8.0_60-b27)
# Java VM: Java HotSpot(TM) 64-Bit Server VM (25.60-b23 mixed mode windows-amd64 compressed oops)
# Failed to write core dump. Minidumps are not enabled by default on client versions of Windows
#

---------------  T H R E A D  ---------------

Current thread (0x00000000149f0000):  JavaThread "C2 CompilerThread0" daemon [_thread_in_native, id=3196, stack(0x0000000016110000,0x0000000016210000)]

Stack: [0x0000000016110000,0x0000000016210000]
[error occurred during error reporting (printing stack bounds), id 0xc0000005]

Native frames: (J=compiled Java code, j=interpreted, Vv=VM code, C=native code)


Current CompileTask:
C2:   4038 1084       4       com.android.dx.dex.code.OutputFinisher::addConstants (93 bytes)


---------------  P R O C E S S  ---------------

Java Threads: ( => current thread )
  0x0000000016551800 JavaThread "pool-1-thread-1" [_thread_in_vm, id=6752, stack(0x0000000017710000,0x0000000017810000)]
  0x0000000016411000 JavaThread "Service Thread" daemon [_thread_blocked, id=7540, stack(0x0000000016810000,0x0000000016910000)]
  0x0000000014a4d000 JavaThread "C1 CompilerThread2" daemon [_thread_blocked, id=8044, stack(0x0000000016310000,0x0000000016410000)]
  0x00000000149f2000 JavaThread "C2 CompilerThread1" daemon [_thread_in_vm, id=11068, stack(0x0000000016210000,0x0000000016310000)]
=>0x00000000149f0000 JavaThread "C2 CompilerThread0" daemon [_thread_in_native, id=3196, stack(0x0000000016110000,0x0000000016210000)]
  0x00000000149ee000 JavaThread "Attach Listener" daemon [_thread_blocked, id=4580, stack(0x0000000016010000,0x0000000016110000)]
  0x00000000149ed000 JavaThread "Signal Dispatcher" daemon [_thread_blocked, id=7796, stack(0x0000000015f10000,0x0000000016010000)]
  0x0000000002312800 JavaThread "Finalizer" daemon [_thread_blocked, id=10500, stack(0x0000000015c50000,0x0000000015d50000)]
  0x000000000230f800 JavaThread "Reference Handler" daemon [_thread_blocked, id=3628, stack(0x0000000015b50000,0x0000000015c50000)]
  0x0000000002222800 JavaThread "main" [_thread_blocked, id=5772, stack(0x0000000002020000,0x0000000002120000)]

Other Threads:
  0x00000000149b8000 VMThread [stack: 0x0000000015a50000,0x0000000015b50000] [id=8152]
  0x0000000016415000 WatcherThread [stack: 0x0000000016910000,0x0000000016a10000] [id=1224]

VM state:not at safepoint (normal execution)

VM Mutex/Monitor currently owned by a thread:  ([mutex/lock_event])
[0x000000000045ced0] CodeCache_lock - owner thread: 0x0000000000000000

Heap:
 PSYoungGen      total 28672K, used 23423K [0x00000000eab00000, 0x00000000ecb00000, 0x0000000100000000)
  eden space 24576K, 95% used [0x00000000eab00000,0x00000000ec1dfdd8,0x00000000ec300000)
  from space 4096K, 0% used [0x00000000ec700000,0x00000000ec700000,0x00000000ecb00000)
  to   space 4096K, 0% used [0x00000000ec300000,0x00000000ec300000,0x00000000ec700000)
 ParOldGen       total 65536K, used 0K [0x00000000c0000000, 0x00000000c4000000, 0x00000000eab00000)
  object space 65536K, 0% used [0x00000000c0000000,0x00000000c0000000,0x00000000c4000000)
 Metaspace       used 5854K, capacity 6960K, committed 7040K, reserved 1056768K
  class space    used 598K, capacity 616K, committed 640K, reserved 1048576K

Card table byte_map: [0x00000000116e0000,0x00000000118f0000] byte_map_base: 0x00000000110e0000

Marking Bits: (ParMarkBitMap*) 0x0000000065c2a5b0
 Begin Bits: [0x0000000011e50000, 0x0000000012e50000)
 End Bits:   [0x0000000012e50000, 0x0000000013e50000)

Polling page: 0x00000000001f0000

CodeCache: size=245760Kb used=4441Kb max_used=4452Kb free=241318Kb
 bounds [0x0000000002320000, 0x0000000002780000, 0x0000000011320000]
 total_blobs=1377 nmethods=1115 adapters=175
 compilation: enabled

Compilation events (10 events):
Event: 4.021 Thread 0x0000000014a4d000 1099       3       com.android.dx.rop.type.Prototype::compareTo (9 bytes)
Event: 4.021 Thread 0x0000000014a4d000 nmethod 1099 0x000000000276b2d0 code [0x000000000276b440, 0x000000000276b728]
Event: 4.021 Thread 0x0000000014a4d000 1100       1       com.android.dx.dex.file.MemberIdItem::getRef (5 bytes)
Event: 4.021 Thread 0x0000000014a4d000 nmethod 1100 0x0000000002770dd0 code [0x0000000002770f20, 0x0000000002771030]
Event: 4.022 Thread 0x0000000014a4d000 1101       1       com.android.dx.dex.file.DexFile::getStringIds (5 bytes)
Event: 4.022 Thread 0x0000000014a4d000 nmethod 1101 0x0000000002771090 code [0x00000000027711e0, 0x00000000027712f0]
Event: 4.022 Thread 0x0000000014a4d000 1102       3       com.android.dx.dex.file.StringIdsSection::intern (13 bytes)
Event: 4.022 Thread 0x0000000014a4d000 nmethod 1102 0x0000000002771350 code [0x0000000002771500, 0x0000000002771a18]
Event: 4.022 Thread 0x0000000014a4d000 1103       3       com.android.dx.dex.file.Section::validateAlignment (23 bytes)
Event: 4.023 Thread 0x0000000014a4d000 nmethod 1103 0x0000000002771c90 code [0x0000000002771e00, 0x0000000002772068]

GC Heap History (0 events):
No events

Deoptimization events (10 events):
Event: 2.447 Thread 0x0000000016551800 Uncommon trap: reason=unstable_if action=reinterpret pc=0x00000000026312a8 method=com.android.dx.ssa.SsaRenamer$BlockRenamer.addMapping(ILcom/android/dx/rop/code/RegisterSpec;)V @ 120
Event: 2.447 Thread 0x0000000016551800 Uncommon trap: reason=null_check action=make_not_entrant pc=0x00000000025d2650 method=com.android.dx.ssa.SsaRenamer.getLocalForNewReg(I)Lcom/android/dx/rop/code/LocalItem; @ 19
Event: 2.447 Thread 0x0000000016551800 Uncommon trap: reason=null_check action=make_not_entrant pc=0x00000000025e558c method=com.android.dx.ssa.SsaRenamer.getLocalForNewReg(I)Lcom/android/dx/rop/code/LocalItem; @ 19
Event: 4.003 Thread 0x0000000016551800 Uncommon trap: reason=class_check action=maybe_recompile pc=0x000000000275e348 method=java.util.Arrays.hashCode([Ljava/lang/Object;)I @ 43
Event: 4.003 Thread 0x0000000016551800 Uncommon trap: reason=class_check action=maybe_recompile pc=0x000000000275e348 method=java.util.Arrays.hashCode([Ljava/lang/Object;)I @ 43
Event: 4.004 Thread 0x0000000016551800 Uncommon trap: reason=class_check action=maybe_recompile pc=0x000000000275e348 method=java.util.Arrays.hashCode([Ljava/lang/Object;)I @ 43
Event: 4.004 Thread 0x0000000016551800 Uncommon trap: reason=class_check action=maybe_recompile pc=0x000000000275e348 method=java.util.Arrays.hashCode([Ljava/lang/Object;)I @ 43
Event: 4.004 Thread 0x0000000016551800 Uncommon trap: reason=class_check action=maybe_recompile pc=0x000000000275e928 method=java.util.Arrays.hashCode([Ljava/lang/Object;)I @ 43
Event: 4.006 Thread 0x0000000016551800 Uncommon trap: reason=unstable_if action=reinterpret pc=0x00000000026fc110 method=java.util.HashMap.putVal(ILjava/lang/Object;Ljava/lang/Object;ZZ)Ljava/lang/Object; @ 94
Event: 4.007 Thread 0x0000000016551800 Uncommon trap: reason=unstable_if action=reinterpret pc=0x00000000026f3474 method=java.util.HashMap.putVal(ILjava/lang/Object;Ljava/lang/Object;ZZ)Ljava/lang/Object; @ 94

Internal exceptions (4 events):
Event: 0.153 Thread 0x0000000002222800 Exception <a 'java/lang/NoSuchMethodError': Method sun.misc.Unsafe.defineClass(Ljava/lang/String;[BII)Ljava/lang/Class; name or signature does not match> (0x00000000eab0e480) thrown at [C:\re\workspace\8-2-build-windows-amd64-cygwin\jdk8u60\4407\hotspot\sriƒx´ë¦Ã?
Event: 0.154 Thread 0x0000000002222800 Exception <a 'java/lang/NoSuchMethodError': Method sun.misc.Unsafe.prefetchRead(Ljava/lang/Object;J)V name or signature does not match> (0x00000000eab0e768) thrown at [C:\re\workspace\8-2-build-windows-amd64-cygwin\jdk8u60\4407\hotspot\src\share\vm\prims\jR¦’@
Event: 2.447 Thread 0x0000000016551800 Implicit null exception at 0x00000000025d1abf to 0x00000000025d2619
Event: 2.447 Thread 0x0000000016551800 Implicit null exception at 0x00000000025e3b26 to 0x00000000025e556d

Events (10 events):
Event: 4.006 Thread 0x0000000016551800 Uncommon trap: trap_request=0xffffff65 fr.pc=0x00000000026fc110
Event: 4.006 Thread 0x0000000016551800 DEOPT PACKING pc=0x00000000026fc110 sp=0x000000001780ed70
Event: 4.006 Thread 0x0000000016551800 DEOPT UNPACKING pc=0x000000000236582a sp=0x000000001780ec98 mode 2
Event: 4.007 Thread 0x0000000016551800 Uncommon trap: trap_request=0xffffff65 fr.pc=0x00000000026f3474
Event: 4.007 Thread 0x0000000016551800 DEOPT PACKING pc=0x00000000026f3474 sp=0x000000001780ecd0
Event: 4.007 Thread 0x0000000016551800 DEOPT UNPACKING pc=0x000000000236582a sp=0x000000001780ec90 mode 2
Event: 4.017 loading class com/android/dx/dex/file/CatchStructs
Event: 4.017 loading class com/android/dx/dex/file/CatchStructs done
Event: 4.019 loading class com/android/dx/dex/file/ProtoIdItem
Event: 4.019 loading class com/android/dx/dex/file/ProtoIdItem done


Dynamic libraries:
0x00007ff737830000 - 0x00007ff737867000 	C:\Program Files\Java\jdk1.8.0_60\bin\java.exe
0x00007ffc30620000 - 0x00007ffc307e1000 	C:\WINDOWS\SYSTEM32\ntdll.dll
0x00007ffc30140000 - 0x00007ffc301ed000 	C:\WINDOWS\system32\KERNEL32.DLL
0x00007ffc2d0c0000 - 0x00007ffc2d2a8000 	C:\WINDOWS\system32\KERNELBASE.dll
0x00007ffc2df10000 - 0x00007ffc2dfb7000 	C:\WINDOWS\system32\ADVAPI32.dll
0x00007ffc2e3f0000 - 0x00007ffc2e48d000 	C:\WINDOWS\system32\msvcrt.dll
0x00007ffc2fb80000 - 0x00007ffc2fbdb000 	C:\WINDOWS\system32\sechost.dll
0x00007ffc2fbe0000 - 0x00007ffc2fcfc000 	C:\WINDOWS\system32\RPCRT4.dll
0x00007ffc2fa10000 - 0x00007ffc2fb66000 	C:\WINDOWS\system32\USER32.dll
0x00007ffc2ffb0000 - 0x00007ffc30136000 	C:\WINDOWS\system32\GDI32.dll
0x00007ffc278e0000 - 0x00007ffc27b54000 	C:\WINDOWS\WinSxS\amd64_microsoft.windows.common-controls_6595b64144ccf1df_6.0.10586.0_none_8c15ae12515e1c22\COMCTL32.dll
0x00007ffc30250000 - 0x00007ffc304cd000 	C:\WINDOWS\system32\combase.dll
0x00007ffc2cf10000 - 0x00007ffc2cf7a000 	C:\WINDOWS\system32\bcryptPrimitives.dll
0x00007ffc2feb0000 - 0x00007ffc2feeb000 	C:\WINDOWS\system32\IMM32.DLL
0x00007ffc2cb10000 - 0x00007ffc2cb41000 	C:\Windows\system32\nvinitx.dll
0x00007ffc2cb00000 - 0x00007ffc2cb0a000 	C:\WINDOWS\SYSTEM32\VERSION.dll
0x0000000068770000 - 0x0000000068776000 	C:\Program Files\NVIDIA Corporation\CoProcManager\_etoured.dll
0x00007ffc29bb0000 - 0x00007ffc29be3000 	C:\Program Files\NVIDIA Corporation\CoProcManager\nvd3d9wrapx.dll
0x00007ffc2dfc0000 - 0x00007ffc2e3e9000 	C:\WINDOWS\system32\SETUPAPI.dll
0x00007ffc2d9b0000 - 0x00007ffc2d9f3000 	C:\WINDOWS\system32\CFGMGR32.dll
0x00007ffc29a80000 - 0x00007ffc29aa2000 	C:\Program Files\NVIDIA Corporation\CoProcManager\nvdxgiwrapx.dll
0x0000000065cb0000 - 0x0000000065d82000 	C:\Program Files\Java\jdk1.8.0_60\jre\bin\msvcr100.dll
0x0000000065420000 - 0x0000000065ca9000 	C:\Program Files\Java\jdk1.8.0_60\jre\bin\server\jvm.dll
0x00007ffc2ffa0000 - 0x00007ffc2ffa8000 	C:\WINDOWS\system32\PSAPI.DLL
0x00007ffc21950000 - 0x00007ffc21959000 	C:\WINDOWS\SYSTEM32\WSOCK32.dll
0x00007ffc2dbc0000 - 0x00007ffc2dc2b000 	C:\WINDOWS\system32\WS2_32.dll
0x00007ffc2aca0000 - 0x00007ffc2acc3000 	C:\WINDOWS\SYSTEM32\WINMM.dll
0x00007ffc2ac70000 - 0x00007ffc2ac9c000 	C:\WINDOWS\SYSTEM32\WINMMBASE.dll
0x0000000065410000 - 0x000000006541f000 	C:\Program Files\Java\jdk1.8.0_60\jre\bin\verify.dll
0x00000000653e0000 - 0x0000000065409000 	C:\Program Files\Java\jdk1.8.0_60\jre\bin\java.dll
0x00000000653c0000 - 0x00000000653d6000 	C:\Program Files\Java\jdk1.8.0_60\jre\bin\zip.dll
0x00007ffc2e490000 - 0x00007ffc2f9ec000 	C:\WINDOWS\system32\SHELL32.dll
0x00007ffc2d360000 - 0x00007ffc2d9a4000 	C:\WINDOWS\system32\windows.storage.dll
0x00007ffc2da70000 - 0x00007ffc2dac2000 	C:\WINDOWS\system32\shlwapi.dll
0x00007ffc2cc80000 - 0x00007ffc2cc8f000 	C:\WINDOWS\system32\kernel.appcore.dll
0x0000000015e50000 - 0x0000000015f05000 	C:\WINDOWS\system32\shcore.dll
0x00007ffc2cc30000 - 0x00007ffc2cc7b000 	C:\WINDOWS\system32\powrprof.dll
0x00007ffc2cc90000 - 0x00007ffc2cca4000 	C:\WINDOWS\system32\profapi.dll

VM Arguments:
jvm_args: -Djava.awt.headless=true -Xmx1024M -Dfile.encoding=windows-1252 -Duser.country=ES -Duser.language=es -Duser.variant 
java_command: com.android.dx.command.Main --dex --force-jumbo --num-threads=4 --multi-dex --output C:\Users\USER\Desktop\Proyectos\cashPokerProgresive3\app\build\intermediates\transforms\dex\debug\folders\1000\5\slice_3 C:\Users\USER\Desktop\Proyectos\cashPokerProgresive3\app\build\intermediates\transforms\instantRunSlicer\debug\folders\1\5\slice_3
java_class_path (initial): C:\Users\USER\AppData\Local\Android\sdk\build-tools\23.0.3\lib\dx.jar
Launcher Type: SUN_STANDARD

Environment Variables:
CLASSPATH=.;C:\Program Files (x86)\QuickTime\QTSystem\QTJava.zip
USERNAME=USER
OS=Windows_NT
PROCESSOR_IDENTIFIER=Intel64 Family 6 Model 58 Stepping 9, GenuineIntel



---------------  S Y S T E M  ---------------

OS: Windows 10.0 , 64 bit Build 10586 (10.0.10586.0)

CPU:total 4 (2 cores per cpu, 2 threads per core) family 6 model 58 stepping 9, cmov, cx8, fxsr, mmx, sse, sse2, sse3, ssse3, sse4.1, sse4.2, popcnt, avx, aes, clmul, erms, ht, tsc, tscinvbit, tscinv

Memory: 4k page, physical 6167652k(671188k free), swap 9308260k(2696k free)

vm_info: Java HotSpot(TM) 64-Bit Server VM (25.60-b23) for windows-amd64 JRE (1.8.0_60-b27), built on Aug  4 2015 11:06:27 by "java_re" with MS VC++ 10.0 (VS2010)

time: Fri Aug 26 18:58:31 2016
elapsed time: 4 seconds (0d 0h 0m 4s)

