#
# There is insufficient memory for the Java Runtime Environment to continue.
# Native memory allocation (malloc) failed to allocate 684784 bytes for Chunk::new
# Possible reasons:
#   The system is out of physical RAM or swap space
#   In 32 bit mode, the process size limit was hit
# Possible solutions:
#   Reduce memory load on the system
#   Increase physical memory or swap space
#   Check if swap backing store is full
#   Use 64 bit Java on a 64 bit OS
#   Decrease Java heap size (-Xmx/-Xms)
#   Decrease number of Java threads
#   Decrease Java thread stack sizes (-Xss)
#   Set larger code cache with -XX:ReservedCodeCacheSize=
# This output file may be truncated or incomplete.
#
#  Out of Memory Error (allocation.cpp:390), pid=11452, tid=3092
#
# JRE version: Java(TM) SE Runtime Environment (8.0_60-b27) (build 1.8.0_60-b27)
# Java VM: Java HotSpot(TM) 64-Bit Server VM (25.60-b23 mixed mode windows-amd64 compressed oops)
# Failed to write core dump. Minidumps are not enabled by default on client versions of Windows
#

---------------  T H R E A D  ---------------

Current thread (0x0000000014ac2000):  JavaThread "C2 CompilerThread1" daemon [_thread_in_native, id=3092, stack(0x0000000016220000,0x0000000016320000)]

Stack: [0x0000000016220000,0x0000000016320000]
[error occurred during error reporting (printing stack bounds), id 0xc0000005]

Native frames: (J=compiled Java code, j=interpreted, Vv=VM code, C=native code)


Current CompileTask:
C2:   8147 1604   !   4       com.android.dx.cf.code.RopperMachine::run (1550 bytes)


---------------  P R O C E S S  ---------------

Java Threads: ( => current thread )
  0x000000001655f000 JavaThread "pool-2-thread-4" [_thread_blocked, id=11564, stack(0x0000000016e20000,0x0000000016f20000)]
  0x000000001655e000 JavaThread "pool-2-thread-3" [_thread_in_Java, id=840, stack(0x0000000016d20000,0x0000000016e20000)]
  0x000000001649e000 JavaThread "pool-2-thread-2" [_thread_blocked, id=6292, stack(0x0000000016c20000,0x0000000016d20000)]
  0x000000001649b800 JavaThread "pool-3-thread-1" [_thread_blocked, id=1464, stack(0x0000000016b20000,0x0000000016c20000)]
  0x0000000016494800 JavaThread "pool-2-thread-1" [_thread_blocked, id=6868, stack(0x0000000016a20000,0x0000000016b20000)]
  0x0000000016327800 JavaThread "Service Thread" daemon [_thread_blocked, id=9272, stack(0x0000000016820000,0x0000000016920000)]
  0x0000000016322000 JavaThread "C1 CompilerThread2" daemon [_thread_blocked, id=8208, stack(0x0000000016720000,0x0000000016820000)]
=>0x0000000014ac2000 JavaThread "C2 CompilerThread1" daemon [_thread_in_native, id=3092, stack(0x0000000016220000,0x0000000016320000)]
  0x0000000014ac0000 JavaThread "C2 CompilerThread0" daemon [_thread_in_native, id=10772, stack(0x0000000016120000,0x0000000016220000)]
  0x0000000014abe000 JavaThread "Attach Listener" daemon [_thread_blocked, id=7156, stack(0x0000000016020000,0x0000000016120000)]
  0x0000000014abd000 JavaThread "Signal Dispatcher" daemon [_thread_blocked, id=5348, stack(0x0000000015f20000,0x0000000016020000)]
  0x0000000002082800 JavaThread "Finalizer" daemon [_thread_blocked, id=9404, stack(0x0000000015d20000,0x0000000015e20000)]
  0x000000000207f800 JavaThread "Reference Handler" daemon [_thread_blocked, id=576, stack(0x0000000015c20000,0x0000000015d20000)]
  0x000000000043e800 JavaThread "main" [_thread_in_native, id=4256, stack(0x0000000002230000,0x0000000002330000)]

Other Threads:
  0x0000000014a87800 VMThread [stack: 0x0000000015b20000,0x0000000015c20000] [id=11256]
  0x000000001632b000 WatcherThread [stack: 0x0000000016920000,0x0000000016a20000] [id=10568]

VM state:not at safepoint (normal execution)

VM Mutex/Monitor currently owned by a thread: None

Heap:
 PSYoungGen      total 53248K, used 48813K [0x00000000eab00000, 0x00000000ee300000, 0x0000000100000000)
  eden space 49152K, 91% used [0x00000000eab00000,0x00000000ed6b3640,0x00000000edb00000)
  from space 4096K, 99% used [0x00000000edf00000,0x00000000ee2f8028,0x00000000ee300000)
  to   space 4096K, 0% used [0x00000000edb00000,0x00000000edb00000,0x00000000edf00000)
 ParOldGen       total 65536K, used 3886K [0x00000000c0000000, 0x00000000c4000000, 0x00000000eab00000)
  object space 65536K, 5% used [0x00000000c0000000,0x00000000c03cbb78,0x00000000c4000000)
 Metaspace       used 5995K, capacity 7088K, committed 7296K, reserved 1056768K
  class space    used 585K, capacity 616K, committed 640K, reserved 1048576K

Card table byte_map: [0x00000000117b0000,0x00000000119c0000] byte_map_base: 0x00000000111b0000

Marking Bits: (ParMarkBitMap*) 0x00000000627aa5b0
 Begin Bits: [0x0000000011f20000, 0x0000000012f20000)
 End Bits:   [0x0000000012f20000, 0x0000000013f20000)

Polling page: 0x00000000001f0000

CodeCache: size=245760Kb used=7545Kb max_used=7587Kb free=238214Kb
 bounds [0x00000000023f0000, 0x0000000002b70000, 0x00000000113f0000]
 total_blobs=1861 nmethods=1599 adapters=175
 compilation: enabled

Compilation events (10 events):
Event: 7.846 Thread 0x0000000016322000 1612       3       com.android.dx.cf.code.Merger::mergeLocals (122 bytes)
Event: 7.847 Thread 0x0000000016322000 nmethod 1612 0x0000000002b39f90 code [0x0000000002b3a200, 0x0000000002b3b2e8]
Event: 7.848 Thread 0x0000000016322000 1613       3       com.android.dx.util.IntList::equals (82 bytes)
Event: 7.848 Thread 0x0000000016322000 nmethod 1613 0x0000000002b3bf10 code [0x0000000002b3c0a0, 0x0000000002b3c650]
Event: 7.853 Thread 0x0000000016322000 1614       3       com.android.dx.rop.code.Rops::opInvokeStatic (17 bytes)
Event: 7.853 Thread 0x0000000016322000 nmethod 1614 0x0000000002b3c850 code [0x0000000002b3c9e0, 0x0000000002b3ccf8]
Event: 7.855 Thread 0x0000000016322000 1615       3       com.android.dx.dex.code.RopToDop::dopFor (792 bytes)
Event: 7.858 Thread 0x0000000016322000 nmethod 1615 0x0000000002b3ce50 code [0x0000000002b3d2c0, 0x0000000002b40828]
Event: 7.945 Thread 0x0000000014ac2000 nmethod 1549 0x0000000002b4bed0 code [0x0000000002b4d6c0, 0x0000000002b55a98]
Event: 7.946 Thread 0x0000000014ac2000 1604   !   4       com.android.dx.cf.code.RopperMachine::run (1550 bytes)

GC Heap History (4 events):
Event: 3.374 GC heap before
{Heap before GC invocations=1 (full 0):
 PSYoungGen      total 28672K, used 24576K [0x00000000eab00000, 0x00000000ecb00000, 0x0000000100000000)
  eden space 24576K, 100% used [0x00000000eab00000,0x00000000ec300000,0x00000000ec300000)
  from space 4096K, 0% used [0x00000000ec700000,0x00000000ec700000,0x00000000ecb00000)
  to   space 4096K, 0% used [0x00000000ec300000,0x00000000ec300000,0x00000000ec700000)
 ParOldGen       total 65536K, used 0K [0x00000000c0000000, 0x00000000c4000000, 0x00000000eab00000)
  object space 65536K, 0% used [0x00000000c0000000,0x00000000c0000000,0x00000000c4000000)
 Metaspace       used 5737K, capacity 6896K, committed 7040K, reserved 1056768K
  class space    used 584K, capacity 616K, committed 640K, reserved 1048576K
Event: 3.649 GC heap after
Heap after GC invocations=1 (full 0):
 PSYoungGen      total 28672K, used 4067K [0x00000000eab00000, 0x00000000ee300000, 0x0000000100000000)
  eden space 24576K, 0% used [0x00000000eab00000,0x00000000eab00000,0x00000000ec300000)
  from space 4096K, 99% used [0x00000000ec300000,0x00000000ec6f8d10,0x00000000ec700000)
  to   space 4096K, 0% used [0x00000000edf00000,0x00000000edf00000,0x00000000ee300000)
 ParOldGen       total 65536K, used 1186K [0x00000000c0000000, 0x00000000c4000000, 0x00000000eab00000)
  object space 65536K, 1% used [0x00000000c0000000,0x00000000c0128bb0,0x00000000c4000000)
 Metaspace       used 5737K, capacity 6896K, committed 7040K, reserved 1056768K
  class space    used 584K, capacity 616K, committed 640K, reserved 1048576K
}
Event: 5.820 GC heap before
{Heap before GC invocations=2 (full 0):
 PSYoungGen      total 28672K, used 28643K [0x00000000eab00000, 0x00000000ee300000, 0x0000000100000000)
  eden space 24576K, 100% used [0x00000000eab00000,0x00000000ec300000,0x00000000ec300000)
  from space 4096K, 99% used [0x00000000ec300000,0x00000000ec6f8d10,0x00000000ec700000)
  to   space 4096K, 0% used [0x00000000edf00000,0x00000000edf00000,0x00000000ee300000)
 ParOldGen       total 65536K, used 1186K [0x00000000c0000000, 0x00000000c4000000, 0x00000000eab00000)
  object space 65536K, 1% used [0x00000000c0000000,0x00000000c0128bb0,0x00000000c4000000)
 Metaspace       used 5891K, capacity 6960K, committed 7040K, reserved 1056768K
  class space    used 584K, capacity 616K, committed 640K, reserved 1048576K
Event: 5.926 GC heap after
Heap after GC invocations=2 (full 0):
 PSYoungGen      total 53248K, used 4064K [0x00000000eab00000, 0x00000000ee300000, 0x0000000100000000)
  eden space 49152K, 0% used [0x00000000eab00000,0x00000000eab00000,0x00000000edb00000)
  from space 4096K, 99% used [0x00000000edf00000,0x00000000ee2f8028,0x00000000ee300000)
  to   space 4096K, 0% used [0x00000000edb00000,0x00000000edb00000,0x00000000edf00000)
 ParOldGen       total 65536K, used 3886K [0x00000000c0000000, 0x00000000c4000000, 0x00000000eab00000)
  object space 65536K, 5% used [0x00000000c0000000,0x00000000c03cbb78,0x00000000c4000000)
 Metaspace       used 5891K, capacity 6960K, committed 7040K, reserved 1056768K
  class space    used 584K, capacity 616K, committed 640K, reserved 1048576K
}

Deoptimization events (10 events):
Event: 6.000 Thread 0x0000000016494800 Uncommon trap: reason=uninitialized action=reinterpret pc=0x000000000284957c method=com.android.dx.cf.code.BytecodeArray.parseInstruction(ILcom/android/dx/cf/code/BytecodeArray$Visitor;)I @ 1079
Event: 7.735 Thread 0x000000001649e000 Uncommon trap: reason=class_check action=maybe_recompile pc=0x0000000002ab83e4 method=com.android.dx.rop.code.RegisterSpec.withSimpleType()Lcom/android/dx/rop/code/RegisterSpec; @ 21
Event: 7.735 Thread 0x000000001649e000 Uncommon trap: reason=unstable_if action=reinterpret pc=0x0000000002ab6aa8 method=com.android.dx.rop.code.RegisterSpec.intersect(Lcom/android/dx/rop/code/RegisterSpec;Z)Lcom/android/dx/rop/code/RegisterSpec; @ 8
Event: 7.736 Thread 0x000000001649e000 Uncommon trap: reason=unstable_if action=reinterpret pc=0x000000000288a4f4 method=com.android.dx.ssa.SCCP.simulateBranch(Lcom/android/dx/ssa/SsaInsn;)V @ 64
Event: 7.741 Thread 0x000000001649e000 Uncommon trap: reason=unstable_if action=reinterpret pc=0x0000000002a1891c method=com.android.dx.rop.code.RegisterSpec.intersect(Lcom/android/dx/rop/code/RegisterSpec;Z)Lcom/android/dx/rop/code/RegisterSpec; @ 8
Event: 7.803 Thread 0x000000001655f000 Uncommon trap: reason=unstable_if action=reinterpret pc=0x0000000002a9bb90 method=com.android.dx.cf.code.Ropper.processBlock(Lcom/android/dx/cf/code/ByteBlock;Lcom/android/dx/cf/code/Frame;[I)V @ 413
Event: 7.851 Thread 0x000000001649e000 Uncommon trap: reason=bimorphic action=maybe_recompile pc=0x0000000002890b1c method=com.android.dx.ssa.LiteralOpUpgrader.tryReplacingWithConstant(Lcom/android/dx/ssa/NormalSsaInsn;)Z @ 52
Event: 7.851 Thread 0x000000001649e000 Uncommon trap: reason=bimorphic action=maybe_recompile pc=0x0000000002890b1c method=com.android.dx.ssa.LiteralOpUpgrader.tryReplacingWithConstant(Lcom/android/dx/ssa/NormalSsaInsn;)Z @ 52
Event: 7.851 Thread 0x000000001649e000 Uncommon trap: reason=bimorphic action=maybe_recompile pc=0x0000000002890b1c method=com.android.dx.ssa.LiteralOpUpgrader.tryReplacingWithConstant(Lcom/android/dx/ssa/NormalSsaInsn;)Z @ 52
Event: 7.851 Thread 0x000000001649e000 Uncommon trap: reason=unstable_if action=reinterpret pc=0x00000000029b6774 method=com.android.dx.dex.code.RopToDop.dopFor(Lcom/android/dx/rop/code/Insn;)Lcom/android/dx/dex/code/Dop; @ 747

Internal exceptions (2 events):
Event: 0.236 Thread 0x000000000043e800 Exception <a 'java/lang/NoSuchMethodError': Method sun.misc.Unsafe.defineClass(Ljava/lang/String;[BII)Ljava/lang/Class; name or signature does not match> (0x00000000eab0e480) thrown at [C:\re\workspace\8-2-build-windows-amd64-cygwin\jdk8u60\4407\hotspot\sroûÂ9Î?
Event: 0.236 Thread 0x000000000043e800 Exception <a 'java/lang/NoSuchMethodError': Method sun.misc.Unsafe.prefetchRead(Ljava/lang/Object;J)V name or signature does not match> (0x00000000eab0e768) thrown at [C:\re\workspace\8-2-build-windows-amd64-cygwin\jdk8u60\4407\hotspot\src\share\vm\prims\j

Events (10 events):
Event: 7.851 Thread 0x000000001649e000 DEOPT UNPACKING pc=0x000000000243582a sp=0x0000000016d1ebc8 mode 2
Event: 7.851 Thread 0x000000001649e000 Uncommon trap: trap_request=0xffffffc6 fr.pc=0x0000000002890b1c
Event: 7.851 Thread 0x000000001649e000 DEOPT PACKING pc=0x0000000002890b1c sp=0x0000000016d1ecf0
Event: 7.851 Thread 0x000000001649e000 DEOPT UNPACKING pc=0x000000000243582a sp=0x0000000016d1ebc8 mode 2
Event: 7.851 Thread 0x000000001649e000 Uncommon trap: trap_request=0xffffffc6 fr.pc=0x0000000002890b1c
Event: 7.851 Thread 0x000000001649e000 DEOPT PACKING pc=0x0000000002890b1c sp=0x0000000016d1ecf0
Event: 7.851 Thread 0x000000001649e000 DEOPT UNPACKING pc=0x000000000243582a sp=0x0000000016d1ebc8 mode 2
Event: 7.851 Thread 0x000000001649e000 Uncommon trap: trap_request=0xffffff65 fr.pc=0x00000000029b6774
Event: 7.851 Thread 0x000000001649e000 DEOPT PACKING pc=0x00000000029b6774 sp=0x0000000016d1ebe0
Event: 7.852 Thread 0x000000001649e000 DEOPT UNPACKING pc=0x000000000243582a sp=0x0000000016d1eb80 mode 2


Dynamic libraries:
0x00007ff7d17f0000 - 0x00007ff7d1827000 	C:\Program Files\Java\jdk1.8.0_60\bin\java.exe
0x00007ff8a6fb0000 - 0x00007ff8a7171000 	C:\WINDOWS\SYSTEM32\ntdll.dll
0x00007ff8a4fc0000 - 0x00007ff8a506d000 	C:\WINDOWS\system32\KERNEL32.DLL
0x00007ff8a3aa0000 - 0x00007ff8a3c88000 	C:\WINDOWS\system32\KERNELBASE.dll
0x00007ff8a44a0000 - 0x00007ff8a4547000 	C:\WINDOWS\system32\ADVAPI32.dll
0x00007ff8a4cd0000 - 0x00007ff8a4d6d000 	C:\WINDOWS\system32\msvcrt.dll
0x00007ff8a5140000 - 0x00007ff8a519b000 	C:\WINDOWS\system32\sechost.dll
0x00007ff8a4ea0000 - 0x00007ff8a4fbc000 	C:\WINDOWS\system32\RPCRT4.dll
0x00007ff8a5360000 - 0x00007ff8a54b6000 	C:\WINDOWS\system32\USER32.dll
0x00007ff8a4b40000 - 0x00007ff8a4cc6000 	C:\WINDOWS\system32\GDI32.dll
0x00007ff89e030000 - 0x00007ff89e2a4000 	C:\WINDOWS\WinSxS\amd64_microsoft.windows.common-controls_6595b64144ccf1df_6.0.10586.0_none_8c15ae12515e1c22\COMCTL32.dll
0x00007ff8a6d30000 - 0x00007ff8a6fad000 	C:\WINDOWS\system32\combase.dll
0x00007ff8a3640000 - 0x00007ff8a36aa000 	C:\WINDOWS\system32\bcryptPrimitives.dll
0x00007ff8a4dd0000 - 0x00007ff8a4e0b000 	C:\WINDOWS\system32\IMM32.DLL
0x00007ff8a34a0000 - 0x00007ff8a34d1000 	C:\Windows\system32\nvinitx.dll
0x00007ff8a3490000 - 0x00007ff8a349a000 	C:\WINDOWS\SYSTEM32\VERSION.dll
0x00000000651d0000 - 0x00000000651d6000 	C:\Program Files\NVIDIA Corporation\CoProcManager\_etoured.dll
0x00007ff8a0720000 - 0x00007ff8a0753000 	C:\Program Files\NVIDIA Corporation\CoProcManager\nvd3d9wrapx.dll
0x00007ff8a4700000 - 0x00007ff8a4b29000 	C:\WINDOWS\system32\SETUPAPI.dll
0x00007ff8a3c90000 - 0x00007ff8a3cd3000 	C:\WINDOWS\system32\CFGMGR32.dll
0x00007ff8a06f0000 - 0x00007ff8a0712000 	C:\Program Files\NVIDIA Corporation\CoProcManager\nvdxgiwrapx.dll
0x0000000062830000 - 0x0000000062902000 	C:\Program Files\Java\jdk1.8.0_60\jre\bin\msvcr100.dll
0x0000000061fa0000 - 0x0000000062829000 	C:\Program Files\Java\jdk1.8.0_60\jre\bin\server\jvm.dll
0x00007ff8a54c0000 - 0x00007ff8a54c8000 	C:\WINDOWS\system32\PSAPI.DLL
0x00007ff898040000 - 0x00007ff898049000 	C:\WINDOWS\SYSTEM32\WSOCK32.dll
0x00007ff8a4e10000 - 0x00007ff8a4e7b000 	C:\WINDOWS\system32\WS2_32.dll
0x00007ff8a1860000 - 0x00007ff8a1883000 	C:\WINDOWS\SYSTEM32\WINMM.dll
0x00007ff8a1670000 - 0x00007ff8a169c000 	C:\WINDOWS\SYSTEM32\WINMMBASE.dll
0x0000000062970000 - 0x000000006297f000 	C:\Program Files\Java\jdk1.8.0_60\jre\bin\verify.dll
0x0000000062940000 - 0x0000000062969000 	C:\Program Files\Java\jdk1.8.0_60\jre\bin\java.dll
0x0000000061f80000 - 0x0000000061f96000 	C:\Program Files\Java\jdk1.8.0_60\jre\bin\zip.dll
0x00007ff8a54f0000 - 0x00007ff8a6a4c000 	C:\WINDOWS\system32\SHELL32.dll
0x00007ff8a3d40000 - 0x00007ff8a4384000 	C:\WINDOWS\system32\windows.storage.dll
0x00007ff8a4d70000 - 0x00007ff8a4dc2000 	C:\WINDOWS\system32\shlwapi.dll
0x00007ff8a3610000 - 0x00007ff8a361f000 	C:\WINDOWS\system32\kernel.appcore.dll
0x00007ff8a37f0000 - 0x00007ff8a38a5000 	C:\WINDOWS\system32\shcore.dll
0x00007ff8a35b0000 - 0x00007ff8a35fb000 	C:\WINDOWS\system32\powrprof.dll
0x00007ff8a3620000 - 0x00007ff8a3634000 	C:\WINDOWS\system32\profapi.dll

VM Arguments:
jvm_args: -Djava.awt.headless=true -Xmx1024M -Dfile.encoding=windows-1252 -Duser.country=ES -Duser.language=es -Duser.variant 
java_command: com.android.dx.command.Main --dex --force-jumbo --num-threads=4 --multi-dex --output C:\Users\USER\Desktop\Proyectos\cashPokerProgresive3\app\build\intermediates\transforms\dex\debug\folders\1000\5\slice_7 C:\Users\USER\Desktop\Proyectos\cashPokerProgresive3\app\build\intermediates\transforms\instantRunSlicer\debug\folders\1\5\slice_7
java_class_path (initial): C:\Users\USER\AppData\Local\Android\sdk\build-tools\23.0.3\lib\dx.jar
Launcher Type: SUN_STANDARD

Environment Variables:
CLASSPATH=.;C:\Program Files (x86)\QuickTime\QTSystem\QTJava.zip
USERNAME=USER
OS=Windows_NT
PROCESSOR_IDENTIFIER=Intel64 Family 6 Model 58 Stepping 9, GenuineIntel



---------------  S Y S T E M  ---------------

OS: Windows 10.0 , 64 bit Build 10586 (10.0.10586.0)

CPU:total 4 (2 cores per cpu, 2 threads per core) family 6 model 58 stepping 9, cmov, cx8, fxsr, mmx, sse, sse2, sse3, ssse3, sse4.1, sse4.2, popcnt, avx, aes, clmul, erms, ht, tsc, tscinvbit, tscinv

Memory: 4k page, physical 6167652k(374092k free), swap 9308260k(13024k free)

vm_info: Java HotSpot(TM) 64-Bit Server VM (25.60-b23) for windows-amd64 JRE (1.8.0_60-b27), built on Aug  4 2015 11:06:27 by "java_re" with MS VC++ 10.0 (VS2010)

time: Thu Aug 25 18:59:13 2016
elapsed time: 8 seconds (0d 0h 0m 8s)

