#
# There is insufficient memory for the Java Runtime Environment to continue.
# Native memory allocation (malloc) failed to allocate 1575536 bytes for Chunk::new
# Possible reasons:
#   The system is out of physical RAM or swap space
#   In 32 bit mode, the process size limit was hit
# Possible solutions:
#   Reduce memory load on the system
#   Increase physical memory or swap space
#   Check if swap backing store is full
#   Use 64 bit Java on a 64 bit OS
#   Decrease Java heap size (-Xmx/-Xms)
#   Decrease number of Java threads
#   Decrease Java thread stack sizes (-Xss)
#   Set larger code cache with -XX:ReservedCodeCacheSize=
# This output file may be truncated or incomplete.
#
#  Out of Memory Error (allocation.cpp:390), pid=9676, tid=9832
#
# JRE version: Java(TM) SE Runtime Environment (8.0_60-b27) (build 1.8.0_60-b27)
# Java VM: Java HotSpot(TM) 64-Bit Server VM (25.60-b23 mixed mode windows-amd64 compressed oops)
# Failed to write core dump. Minidumps are not enabled by default on client versions of Windows
#

---------------  T H R E A D  ---------------

Current thread (0x000000001491c000):  JavaThread "C2 CompilerThread1" daemon [_thread_in_native, id=9832, stack(0x00000000164e0000,0x00000000165e0000)]

Stack: [0x00000000164e0000,0x00000000165e0000]
[error occurred during error reporting (printing stack bounds), id 0xc0000005]

Native frames: (J=compiled Java code, j=interpreted, Vv=VM code, C=native code)


Current CompileTask:
C2:   4521 1435   !   4       com.android.dx.cf.code.BytecodeArray::parseInstruction (2764 bytes)


---------------  P R O C E S S  ---------------

Java Threads: ( => current thread )
  0x000000001620f800 JavaThread "pool-1-thread-1" [_thread_new, id=7520, stack(0x0000000000000000,0x0000000000000000)]
  0x00000000160f0800 JavaThread "Service Thread" daemon [_thread_blocked, id=9908, stack(0x00000000166e0000,0x00000000167e0000)]
  0x00000000160e2800 JavaThread "C1 CompilerThread2" daemon [_thread_blocked, id=9884, stack(0x00000000165e0000,0x00000000166e0000)]
=>0x000000001491c000 JavaThread "C2 CompilerThread1" daemon [_thread_in_native, id=9832, stack(0x00000000164e0000,0x00000000165e0000)]
  0x00000000148cc000 JavaThread "C2 CompilerThread0" daemon [_thread_in_native, id=3644, stack(0x0000000015fe0000,0x00000000160e0000)]
  0x00000000148ca000 JavaThread "Attach Listener" daemon [_thread_blocked, id=9580, stack(0x0000000015ee0000,0x0000000015fe0000)]
  0x00000000148c9000 JavaThread "Signal Dispatcher" daemon [_thread_blocked, id=7872, stack(0x0000000015de0000,0x0000000015ee0000)]
  0x00000000021e2800 JavaThread "Finalizer" daemon [_thread_blocked, id=5648, stack(0x0000000015b20000,0x0000000015c20000)]
  0x00000000021df800 JavaThread "Reference Handler" daemon [_thread_blocked, id=2236, stack(0x0000000015a20000,0x0000000015b20000)]
  0x00000000020f2800 JavaThread "main" [_thread_blocked, id=9900, stack(0x0000000001f70000,0x0000000002070000)]

Other Threads:
  0x0000000014888000 VMThread [stack: 0x0000000015920000,0x0000000015a20000] [id=8516]
  0x00000000160e6800 WatcherThread [stack: 0x00000000167e0000,0x00000000168e0000] [id=9876]

VM state:not at safepoint (normal execution)

VM Mutex/Monitor currently owned by a thread: None

Heap:
 PSYoungGen      total 28672K, used 8394K [0x00000000eab00000, 0x00000000ee300000, 0x0000000100000000)
  eden space 24576K, 17% used [0x00000000eab00000,0x00000000eaf357f8,0x00000000ec300000)
  from space 4096K, 99% used [0x00000000ec300000,0x00000000ec6fd390,0x00000000ec700000)
  to   space 4096K, 0% used [0x00000000edf00000,0x00000000edf00000,0x00000000ee300000)
 ParOldGen       total 65536K, used 7434K [0x00000000c0000000, 0x00000000c4000000, 0x00000000eab00000)
  object space 65536K, 11% used [0x00000000c0000000,0x00000000c0742ab8,0x00000000c4000000)
 Metaspace       used 5988K, capacity 7088K, committed 7296K, reserved 1056768K
  class space    used 586K, capacity 616K, committed 640K, reserved 1048576K

Card table byte_map: [0x00000000115b0000,0x00000000117c0000] byte_map_base: 0x0000000010fb0000

Marking Bits: (ParMarkBitMap*) 0x000000006238a5b0
 Begin Bits: [0x0000000011d20000, 0x0000000012d20000)
 End Bits:   [0x0000000012d20000, 0x0000000013d20000)

Polling page: 0x0000000000510000

CodeCache: size=245760Kb used=6127Kb max_used=6127Kb free=239632Kb
 bounds [0x00000000021f0000, 0x0000000002800000, 0x00000000111f0000]
 total_blobs=1736 nmethods=1474 adapters=175
 compilation: enabled

Compilation events (10 events):
Event: 4.428 Thread 0x00000000160e2800 1504       2       com.android.dx.ssa.back.SsaToRop$PhiVisitor::visitPhiInsn (67 bytes)
Event: 4.429 Thread 0x00000000160e2800 nmethod 1504 0x00000000027ef490 code [0x00000000027ef680, 0x00000000027efc28]
Event: 4.474 Thread 0x00000000160e2800 1507       2       com.android.dx.rop.code.SwitchInsn::withNewRegisters (22 bytes)
Event: 4.475 Thread 0x00000000160e2800 nmethod 1507 0x00000000027e6610 code [0x00000000027e6780, 0x00000000027e6968]
Event: 4.475 Thread 0x00000000160e2800 1508       2       com.android.dx.rop.code.SwitchInsn::accept (8 bytes)
Event: 4.475 Thread 0x00000000160e2800 nmethod 1508 0x00000000027e6290 code [0x00000000027e6400, 0x00000000027e6588]
Event: 4.484 Thread 0x00000000160e2800 1509       2       java.util.concurrent.ThreadPoolExecutor::workerCountOf (5 bytes)
Event: 4.484 Thread 0x00000000160e2800 nmethod 1509 0x00000000027e8510 code [0x00000000027e8660, 0x00000000027e8790]
Event: 4.484 Thread 0x00000000160e2800 1510       2       com.android.dx.command.dexer.Main::access$1400 (4 bytes)
Event: 4.484 Thread 0x00000000160e2800 nmethod 1510 0x00000000027e8210 code [0x00000000027e8360, 0x00000000027e8490]

GC Heap History (6 events):
Event: 3.045 GC heap before
{Heap before GC invocations=1 (full 0):
 PSYoungGen      total 28672K, used 24576K [0x00000000eab00000, 0x00000000ecb00000, 0x0000000100000000)
  eden space 24576K, 100% used [0x00000000eab00000,0x00000000ec300000,0x00000000ec300000)
  from space 4096K, 0% used [0x00000000ec700000,0x00000000ec700000,0x00000000ecb00000)
  to   space 4096K, 0% used [0x00000000ec300000,0x00000000ec300000,0x00000000ec700000)
 ParOldGen       total 65536K, used 0K [0x00000000c0000000, 0x00000000c4000000, 0x00000000eab00000)
  object space 65536K, 0% used [0x00000000c0000000,0x00000000c0000000,0x00000000c4000000)
 Metaspace       used 5711K, capacity 6832K, committed 7040K, reserved 1056768K
  class space    used 582K, capacity 616K, committed 640K, reserved 1048576K
Event: 3.054 GC heap after
Heap after GC invocations=1 (full 0):
 PSYoungGen      total 28672K, used 4094K [0x00000000eab00000, 0x00000000ecb00000, 0x0000000100000000)
  eden space 24576K, 0% used [0x00000000eab00000,0x00000000eab00000,0x00000000ec300000)
  from space 4096K, 99% used [0x00000000ec300000,0x00000000ec6ff990,0x00000000ec700000)
  to   space 4096K, 0% used [0x00000000ec700000,0x00000000ec700000,0x00000000ecb00000)
 ParOldGen       total 65536K, used 1064K [0x00000000c0000000, 0x00000000c4000000, 0x00000000eab00000)
  object space 65536K, 1% used [0x00000000c0000000,0x00000000c010a220,0x00000000c4000000)
 Metaspace       used 5711K, capacity 6832K, committed 7040K, reserved 1056768K
  class space    used 582K, capacity 616K, committed 640K, reserved 1048576K
}
Event: 3.635 GC heap before
{Heap before GC invocations=2 (full 0):
 PSYoungGen      total 28672K, used 28670K [0x00000000eab00000, 0x00000000ecb00000, 0x0000000100000000)
  eden space 24576K, 100% used [0x00000000eab00000,0x00000000ec300000,0x00000000ec300000)
  from space 4096K, 99% used [0x00000000ec300000,0x00000000ec6ff990,0x00000000ec700000)
  to   space 4096K, 0% used [0x00000000ec700000,0x00000000ec700000,0x00000000ecb00000)
 ParOldGen       total 65536K, used 1064K [0x00000000c0000000, 0x00000000c4000000, 0x00000000eab00000)
  object space 65536K, 1% used [0x00000000c0000000,0x00000000c010a220,0x00000000c4000000)
 Metaspace       used 5879K, capacity 6960K, committed 7040K, reserved 1056768K
  class space    used 582K, capacity 616K, committed 640K, reserved 1048576K
Event: 3.660 GC heap after
Heap after GC invocations=2 (full 0):
 PSYoungGen      total 28672K, used 4068K [0x00000000eab00000, 0x00000000ee300000, 0x0000000100000000)
  eden space 24576K, 0% used [0x00000000eab00000,0x00000000eab00000,0x00000000ec300000)
  from space 4096K, 99% used [0x00000000ec700000,0x00000000ecaf93a0,0x00000000ecb00000)
  to   space 4096K, 0% used [0x00000000ec300000,0x00000000ec300000,0x00000000ec700000)
 ParOldGen       total 65536K, used 3955K [0x00000000c0000000, 0x00000000c4000000, 0x00000000eab00000)
  object space 65536K, 6% used [0x00000000c0000000,0x00000000c03dcdb0,0x00000000c4000000)
 Metaspace       used 5879K, capacity 6960K, committed 7040K, reserved 1056768K
  class space    used 582K, capacity 616K, committed 640K, reserved 1048576K
}
Event: 4.273 GC heap before
{Heap before GC invocations=3 (full 0):
 PSYoungGen      total 28672K, used 28644K [0x00000000eab00000, 0x00000000ee300000, 0x0000000100000000)
  eden space 24576K, 100% used [0x00000000eab00000,0x00000000ec300000,0x00000000ec300000)
  from space 4096K, 99% used [0x00000000ec700000,0x00000000ecaf93a0,0x00000000ecb00000)
  to   space 4096K, 0% used [0x00000000ec300000,0x00000000ec300000,0x00000000ec700000)
 ParOldGen       total 65536K, used 3955K [0x00000000c0000000, 0x00000000c4000000, 0x00000000eab00000)
  object space 65536K, 6% used [0x00000000c0000000,0x00000000c03dcdb0,0x00000000c4000000)
 Metaspace       used 5977K, capacity 7024K, committed 7296K, reserved 1056768K
  class space    used 585K, capacity 616K, committed 640K, reserved 1048576K
Event: 4.389 GC heap after
Heap after GC invocations=3 (full 0):
 PSYoungGen      total 28672K, used 4084K [0x00000000eab00000, 0x00000000ee300000, 0x0000000100000000)
  eden space 24576K, 0% used [0x00000000eab00000,0x00000000eab00000,0x00000000ec300000)
  from space 4096K, 99% used [0x00000000ec300000,0x00000000ec6fd390,0x00000000ec700000)
  to   space 4096K, 0% used [0x00000000edf00000,0x00000000edf00000,0x00000000ee300000)
 ParOldGen       total 65536K, used 7434K [0x00000000c0000000, 0x00000000c4000000, 0x00000000eab00000)
  object space 65536K, 11% used [0x00000000c0000000,0x00000000c0742ab8,0x00000000c4000000)
 Metaspace       used 5977K, capacity 7024K, committed 7296K, reserved 1056768K
  class space    used 585K, capacity 616K, committed 640K, reserved 1048576K
}

Deoptimization events (10 events):
Event: 3.144 Thread 0x0000000016213800 Uncommon trap: reason=class_check action=maybe_recompile pc=0x0000000002529854 method=com.android.dx.ssa.NormalSsaInsn.accept(Lcom/android/dx/ssa/SsaInsn$Visitor;)V @ 9
Event: 3.144 Thread 0x0000000016213800 Uncommon trap: reason=class_check action=maybe_recompile pc=0x000000000251b8b0 method=com.android.dx.ssa.NormalSsaInsn.accept(Lcom/android/dx/ssa/SsaInsn$Visitor;)V @ 9
Event: 3.203 Thread 0x00000000020f2800 Uncommon trap: reason=unstable_if action=reinterpret pc=0x00000000023954d0 method=java.lang.String.<init>([CII)V @ 18
Event: 3.662 Thread 0x0000000016204800 Uncommon trap: reason=unstable_if action=reinterpret pc=0x00000000025fa8bc method=com.android.dx.rop.code.RegisterSpec.withReg(I)Lcom/android/dx/rop/code/RegisterSpec; @ 5
Event: 3.663 Thread 0x00000000020f2800 Uncommon trap: reason=class_check action=maybe_recompile pc=0x0000000002686bb4 method=com.android.dx.cf.code.BytecodeArray.parseInstruction(ILcom/android/dx/cf/code/BytecodeArray$Visitor;)I @ 1501
Event: 3.663 Thread 0x00000000020f2800 Uncommon trap: reason=class_check action=maybe_recompile pc=0x0000000002686bb4 method=com.android.dx.cf.code.BytecodeArray.parseInstruction(ILcom/android/dx/cf/code/BytecodeArray$Visitor;)I @ 1501
Event: 3.740 Thread 0x0000000016213800 Uncommon trap: reason=class_check action=maybe_recompile pc=0x0000000002686bb4 method=com.android.dx.cf.code.BytecodeArray.parseInstruction(ILcom/android/dx/cf/code/BytecodeArray$Visitor;)I @ 1501
Event: 3.740 Thread 0x0000000016213800 Uncommon trap: reason=class_check action=maybe_recompile pc=0x0000000002686bb4 method=com.android.dx.cf.code.BytecodeArray.parseInstruction(ILcom/android/dx/cf/code/BytecodeArray$Visitor;)I @ 1501
Event: 3.743 Thread 0x000000001621b800 Uncommon trap: reason=unstable_if action=reinterpret pc=0x00000000026c02fc method=com.android.dx.ssa.SsaRenamer$BlockRenamer.visitMoveInsn(Lcom/android/dx/ssa/NormalSsaInsn;)V @ 104
Event: 4.090 Thread 0x0000000016204800 Uncommon trap: reason=unstable_if action=reinterpret pc=0x00000000026cf94c method=com.android.dx.ssa.SsaRenamer$BlockRenamer.visitMoveInsn(Lcom/android/dx/ssa/NormalSsaInsn;)V @ 104

Internal exceptions (3 events):
Event: 1.179 Thread 0x00000000020f2800 Exception <a 'java/lang/NoSuchMethodError': Method sun.misc.Unsafe.defineClass(Ljava/lang/String;[BII)Ljava/lang/Class; name or signature does not match> (0x00000000eab0e600) thrown at [C:\re\workspace\8-2-build-windows-amd64-cygwin\jdk8u60\4407\hotspot\sr8{ÈŸÛò?
Event: 1.179 Thread 0x00000000020f2800 Exception <a 'java/lang/NoSuchMethodError': Method sun.misc.Unsafe.prefetchRead(Ljava/lang/Object;J)V name or signature does not match> (0x00000000eab0e8e8) thrown at [C:\re\workspace\8-2-build-windows-amd64-cygwin\jdk8u60\4407\hotspot\src\share\vm\prims\j •Vœý«@
Event: 2.584 Thread 0x000000001621b800 Implicit null exception at 0x000000000247b8f1 to 0x000000000247d28d

Events (10 events):
Event: 4.425 Thread 0x0000000016204800 DEOPT PACKING pc=0x00000000025cd011 sp=0x00000000169dea40
Event: 4.425 Thread 0x0000000016204800 DEOPT UNPACKING pc=0x000000000223787f sp=0x00000000169de808 mode 0
Event: 4.472 Thread 0x0000000016204800 DEOPT PACKING pc=0x00000000026378c3 sp=0x00000000169deb50
Event: 4.472 Thread 0x0000000016204800 DEOPT UNPACKING pc=0x000000000223787f sp=0x00000000169de8d0 mode 0
Event: 4.476 Thread 0x0000000016204800 Thread exited: 0x0000000016204800
Event: 4.484 Thread 0x000000001621e000 Thread exited: 0x000000001621e000
Event: 4.484 Thread 0x000000001620f800 Thread exited: 0x000000001620f800
Event: 4.485 loading class com/android/dx/command/dexer/Main$DexWriter
Event: 4.485 loading class com/android/dx/command/dexer/Main$DexWriter done
Event: 4.485 Thread 0x000000001620f800 Thread added: 0x000000001620f800


Dynamic libraries:
0x00007ff736bc0000 - 0x00007ff736bf7000 	C:\Program Files\Java\jdk1.8.0_60\bin\java.exe
0x00007ffae6bb0000 - 0x00007ffae6d71000 	C:\WINDOWS\SYSTEM32\ntdll.dll
0x00007ffae5670000 - 0x00007ffae571d000 	C:\WINDOWS\system32\KERNEL32.DLL
0x00007ffae3950000 - 0x00007ffae3b38000 	C:\WINDOWS\system32\KERNELBASE.dll
0x00007ffae63a0000 - 0x00007ffae6447000 	C:\WINDOWS\system32\ADVAPI32.dll
0x00007ffae68c0000 - 0x00007ffae695d000 	C:\WINDOWS\system32\msvcrt.dll
0x00007ffae6b50000 - 0x00007ffae6bab000 	C:\WINDOWS\system32\sechost.dll
0x00007ffae6960000 - 0x00007ffae6a7c000 	C:\WINDOWS\system32\RPCRT4.dll
0x00007ffae5720000 - 0x00007ffae5876000 	C:\WINDOWS\system32\USER32.dll
0x00007ffae5880000 - 0x00007ffae5a06000 	C:\WINDOWS\system32\GDI32.dll
0x00007ffade460000 - 0x00007ffade6d4000 	C:\WINDOWS\WinSxS\amd64_microsoft.windows.common-controls_6595b64144ccf1df_6.0.10586.0_none_8c15ae12515e1c22\COMCTL32.dll
0x00007ffae6120000 - 0x00007ffae639d000 	C:\WINDOWS\system32\combase.dll
0x00007ffae3c40000 - 0x00007ffae3caa000 	C:\WINDOWS\system32\bcryptPrimitives.dll
0x00007ffae5630000 - 0x00007ffae566b000 	C:\WINDOWS\system32\IMM32.DLL
0x00007ffae30a0000 - 0x00007ffae30d1000 	C:\Windows\system32\nvinitx.dll
0x00007ffae3090000 - 0x00007ffae309a000 	C:\WINDOWS\SYSTEM32\VERSION.dll
0x00000000679e0000 - 0x00000000679e6000 	C:\Program Files\NVIDIA Corporation\CoProcManager\_etoured.dll
0x00007ffae0b10000 - 0x00007ffae0b43000 	C:\Program Files\NVIDIA Corporation\CoProcManager\nvd3d9wrapx.dll
0x00007ffae5c10000 - 0x00007ffae6039000 	C:\WINDOWS\system32\SETUPAPI.dll
0x00007ffae3b40000 - 0x00007ffae3b83000 	C:\WINDOWS\system32\CFGMGR32.dll
0x00007ffae0290000 - 0x00007ffae02b2000 	C:\Program Files\NVIDIA Corporation\CoProcManager\nvdxgiwrapx.dll
0x0000000062410000 - 0x00000000624e2000 	C:\Program Files\Java\jdk1.8.0_60\jre\bin\msvcr100.dll
0x0000000061b80000 - 0x0000000062409000 	C:\Program Files\Java\jdk1.8.0_60\jre\bin\server\jvm.dll
0x00007ffae68b0000 - 0x00007ffae68b8000 	C:\WINDOWS\system32\PSAPI.DLL
0x00007ffad8a40000 - 0x00007ffad8a49000 	C:\WINDOWS\SYSTEM32\WSOCK32.dll
0x00007ffae60b0000 - 0x00007ffae611b000 	C:\WINDOWS\system32\WS2_32.dll
0x00007ffae1330000 - 0x00007ffae1353000 	C:\WINDOWS\SYSTEM32\WINMM.dll
0x00007ffae1300000 - 0x00007ffae132c000 	C:\WINDOWS\SYSTEM32\WINMMBASE.dll
0x0000000061b70000 - 0x0000000061b7f000 	C:\Program Files\Java\jdk1.8.0_60\jre\bin\verify.dll
0x0000000061b40000 - 0x0000000061b69000 	C:\Program Files\Java\jdk1.8.0_60\jre\bin\java.dll
0x0000000061b20000 - 0x0000000061b36000 	C:\Program Files\Java\jdk1.8.0_60\jre\bin\zip.dll
0x00007ffae40c0000 - 0x00007ffae561c000 	C:\WINDOWS\system32\SHELL32.dll
0x00007ffae3240000 - 0x00007ffae3884000 	C:\WINDOWS\system32\windows.storage.dll
0x00007ffae3f90000 - 0x00007ffae3fe2000 	C:\WINDOWS\system32\shlwapi.dll
0x00007ffae31d0000 - 0x00007ffae31df000 	C:\WINDOWS\system32\kernel.appcore.dll
0x0000000015d20000 - 0x0000000015dd5000 	C:\WINDOWS\system32\shcore.dll
0x00007ffae31e0000 - 0x00007ffae322b000 	C:\WINDOWS\system32\powrprof.dll
0x00007ffae31b0000 - 0x00007ffae31c4000 	C:\WINDOWS\system32\profapi.dll

VM Arguments:
jvm_args: -Djava.awt.headless=true -Xmx1024M -Dfile.encoding=windows-1252 -Duser.country=ES -Duser.language=es -Duser.variant 
java_command: com.android.dx.command.Main --dex --force-jumbo --num-threads=4 --multi-dex --output C:\Users\USER\Desktop\Proyectos\cashPokerProgresive3\app\build\intermediates\transforms\dex\debug\folders\1000\5\slice_9 C:\Users\USER\Desktop\Proyectos\cashPokerProgresive3\app\build\intermediates\transforms\instantRunSlicer\debug\folders\1\5\slice_9
java_class_path (initial): C:\Users\USER\AppData\Local\Android\sdk\build-tools\23.0.3\lib\dx.jar
Launcher Type: SUN_STANDARD

Environment Variables:
CLASSPATH=.;C:\Program Files (x86)\QuickTime\QTSystem\QTJava.zip
USERNAME=USER
OS=Windows_NT
PROCESSOR_IDENTIFIER=Intel64 Family 6 Model 58 Stepping 9, GenuineIntel



---------------  S Y S T E M  ---------------

OS: Windows 10.0 , 64 bit Build 10586 (10.0.10586.0)

CPU:total 4 (2 cores per cpu, 2 threads per core) family 6 model 58 stepping 9, cmov, cx8, fxsr, mmx, sse, sse2, sse3, ssse3, sse4.1, sse4.2, popcnt, avx, aes, clmul, erms, ht, tsc, tscinvbit, tscinv

Memory: 4k page, physical 6167652k(817344k free), swap 9308260k(6008k free)

vm_info: Java HotSpot(TM) 64-Bit Server VM (25.60-b23) for windows-amd64 JRE (1.8.0_60-b27), built on Aug  4 2015 11:06:27 by "java_re" with MS VC++ 10.0 (VS2010)

time: Thu Sep 29 20:59:55 2016
elapsed time: 4 seconds (0d 0h 0m 4s)

