#
# There is insufficient memory for the Java Runtime Environment to continue.
# Native memory allocation (malloc) failed to allocate 40464 bytes for Chunk::new
# Possible reasons:
#   The system is out of physical RAM or swap space
#   In 32 bit mode, the process size limit was hit
# Possible solutions:
#   Reduce memory load on the system
#   Increase physical memory or swap space
#   Check if swap backing store is full
#   Use 64 bit Java on a 64 bit OS
#   Decrease Java heap size (-Xmx/-Xms)
#   Decrease number of Java threads
#   Decrease Java thread stack sizes (-Xss)
#   Set larger code cache with -XX:ReservedCodeCacheSize=
# This output file may be truncated or incomplete.
#
#  Out of Memory Error (allocation.cpp:390), pid=8828, tid=7700
#
# JRE version: Java(TM) SE Runtime Environment (8.0_60-b27) (build 1.8.0_60-b27)
# Java VM: Java HotSpot(TM) 64-Bit Server VM (25.60-b23 mixed mode windows-amd64 compressed oops)
# Failed to write core dump. Minidumps are not enabled by default on client versions of Windows
#

---------------  T H R E A D  ---------------

Current thread (0x000000001497d000):  JavaThread "C1 CompilerThread2" daemon [_thread_in_native, id=7700, stack(0x0000000016180000,0x0000000016280000)]

Stack: [0x0000000016180000,0x0000000016280000]
[error occurred during error reporting (printing stack bounds), id 0xc0000005]

Native frames: (J=compiled Java code, j=interpreted, Vv=VM code, C=native code)


Current CompileTask:
C1:   4009  351   !   3       com.android.dx.cf.code.BytecodeArray::parseInstruction (2764 bytes)


---------------  P R O C E S S  ---------------

Java Threads: ( => current thread )
  0x00000000164f8000 JavaThread "pool-2-thread-4" [_thread_blocked, id=1580, stack(0x0000000016c80000,0x0000000016d80000)]
  0x00000000164f6800 JavaThread "pool-2-thread-3" [_thread_in_vm, id=2204, stack(0x0000000016b80000,0x0000000016c80000)]
  0x00000000163de000 JavaThread "pool-2-thread-2" [_thread_in_vm, id=10940, stack(0x0000000016a80000,0x0000000016b80000)]
  0x00000000163db800 JavaThread "pool-3-thread-1" [_thread_blocked, id=7636, stack(0x0000000016980000,0x0000000016a80000)]
  0x00000000163da800 JavaThread "pool-2-thread-1" [_thread_in_Java, id=9820, stack(0x0000000016880000,0x0000000016980000)]
  0x0000000016281000 JavaThread "Service Thread" daemon [_thread_blocked, id=3680, stack(0x0000000016680000,0x0000000016780000)]
=>0x000000001497d000 JavaThread "C1 CompilerThread2" daemon [_thread_in_native, id=7700, stack(0x0000000016180000,0x0000000016280000)]
  0x0000000014978800 JavaThread "C2 CompilerThread1" daemon [_thread_blocked, id=4060, stack(0x0000000016080000,0x0000000016180000)]
  0x0000000014920000 JavaThread "C2 CompilerThread0" daemon [_thread_blocked, id=10280, stack(0x0000000015f80000,0x0000000016080000)]
  0x000000001491e000 JavaThread "Attach Listener" daemon [_thread_blocked, id=7432, stack(0x0000000015e80000,0x0000000015f80000)]
  0x000000001491d000 JavaThread "Signal Dispatcher" daemon [_thread_blocked, id=2100, stack(0x0000000015d80000,0x0000000015e80000)]
  0x0000000002242800 JavaThread "Finalizer" daemon [_thread_blocked, id=7880, stack(0x0000000015b70000,0x0000000015c70000)]
  0x000000000223f800 JavaThread "Reference Handler" daemon [_thread_blocked, id=9100, stack(0x0000000015a70000,0x0000000015b70000)]
  0x0000000002152800 JavaThread "main" [_thread_blocked, id=7144, stack(0x0000000001e50000,0x0000000001f50000)]

Other Threads:
  0x00000000148e8000 VMThread [stack: 0x0000000015970000,0x0000000015a70000] [id=9012]
  0x0000000016285800 WatcherThread [stack: 0x0000000016780000,0x0000000016880000] [id=6104]

VM state:not at safepoint (normal execution)

VM Mutex/Monitor currently owned by a thread: None

Heap:
 PSYoungGen      total 28672K, used 8859K [0x00000000eab00000, 0x00000000ecb00000, 0x0000000100000000)
  eden space 24576K, 36% used [0x00000000eab00000,0x00000000eb3a6de0,0x00000000ec300000)
  from space 4096K, 0% used [0x00000000ec700000,0x00000000ec700000,0x00000000ecb00000)
  to   space 4096K, 0% used [0x00000000ec300000,0x00000000ec300000,0x00000000ec700000)
 ParOldGen       total 65536K, used 0K [0x00000000c0000000, 0x00000000c4000000, 0x00000000eab00000)
  object space 65536K, 0% used [0x00000000c0000000,0x00000000c0000000,0x00000000c4000000)
 Metaspace       used 4661K, capacity 5936K, committed 6272K, reserved 1058816K
  class space    used 512K, capacity 552K, committed 640K, reserved 1048576K

Card table byte_map: [0x0000000011610000,0x0000000011820000] byte_map_base: 0x0000000011010000

Marking Bits: (ParMarkBitMap*) 0x0000000065c2a5b0
 Begin Bits: [0x0000000011d80000, 0x0000000012d80000)
 End Bits:   [0x0000000012d80000, 0x0000000013d80000)

Polling page: 0x0000000000420000

CodeCache: size=245760Kb used=1905Kb max_used=1916Kb free=243854Kb
 bounds [0x0000000002250000, 0x00000000024c0000, 0x0000000011250000]
 total_blobs=608 nmethods=351 adapters=170
 compilation: enabled

Compilation events (10 events):
Event: 3.994 Thread 0x000000001497d000 nmethod 343 0x000000000242b050 code [0x000000000242b1c0, 0x000000000242b3d0]
Event: 3.994 Thread 0x000000001497d000  347       3       com.android.dx.util.LabeledList::indexOfLabel (22 bytes)
Event: 3.994 Thread 0x000000001497d000 nmethod 347 0x000000000242b490 code [0x000000000242b600, 0x000000000242b8e8]
Event: 3.994 Thread 0x000000001497d000  348       1       com.android.dx.ssa.SsaBasicBlock::getSuccessors (5 bytes)
Event: 3.994 Thread 0x000000001497d000 nmethod 348 0x000000000242b9d0 code [0x000000000242bb20, 0x000000000242bc30]
Event: 3.995 Thread 0x000000001497d000  349       3       com.android.dx.rop.code.BasicBlockList$RegCountVisitor::processReg (19 bytes)
Event: 3.995 Thread 0x000000001497d000 nmethod 349 0x000000000242bc90 code [0x000000000242be20, 0x000000000242c2f8]
Event: 3.995 Thread 0x000000001497d000  351   !   3       com.android.dx.cf.code.BytecodeArray::parseInstruction (2764 bytes)
Event: 3.996 Thread 0x0000000014920000  358       4       java.util.ArrayList::get (11 bytes)
Event: 3.997 Thread 0x0000000014920000 nmethod 358 0x000000000242f1d0 code [0x000000000242f300, 0x000000000242f3b8]

GC Heap History (0 events):
No events

Deoptimization events (0 events):
No events

Internal exceptions (2 events):
Event: 0.346 Thread 0x0000000002152800 Exception <a 'java/lang/NoSuchMethodError': Method sun.misc.Unsafe.defineClass(Ljava/lang/String;[BII)Ljava/lang/Class; name or signature does not match> (0x00000000eab0e600) thrown at [C:\re\workspace\8-2-build-windows-amd64-cygwin\jdk8u60\4407\hotspot\srﬁNçf,÷?
Event: 0.346 Thread 0x0000000002152800 Exception <a 'java/lang/NoSuchMethodError': Method sun.misc.Unsafe.prefetchRead(Ljava/lang/Object;J)V name or signature does not match> (0x00000000eab0e8e8) thrown at [C:\re\workspace\8-2-build-windows-amd64-cygwin\jdk8u60\4407\hotspot\src\share\vm\prims\j

Events (10 events):
Event: 4.001 loading class com/android/dx/ssa/PhiInsn
Event: 4.001 loading class com/android/dx/ssa/PhiInsn done
Event: 4.002 loading class com/android/dx/ssa/SsaRenamer
Event: 4.002 loading class com/android/dx/ssa/SsaRenamer done
Event: 4.003 loading class com/android/dx/ssa/SsaRenamer$1
Event: 4.003 loading class com/android/dx/ssa/SsaRenamer$1 done
Event: 4.004 loading class com/android/dx/ssa/SsaRenamer$BlockRenamer
Event: 4.004 loading class com/android/dx/ssa/SsaRenamer$BlockRenamer done
Event: 4.004 loading class com/android/dx/ssa/RegisterMapper
Event: 4.004 loading class com/android/dx/ssa/RegisterMapper done


Dynamic libraries:
0x00007ff737830000 - 0x00007ff737867000 	C:\Program Files\Java\jdk1.8.0_60\bin\java.exe
0x00007ffc30620000 - 0x00007ffc307e1000 	C:\WINDOWS\SYSTEM32\ntdll.dll
0x00007ffc30140000 - 0x00007ffc301ed000 	C:\WINDOWS\system32\KERNEL32.DLL
0x00007ffc2d0c0000 - 0x00007ffc2d2a8000 	C:\WINDOWS\system32\KERNELBASE.dll
0x00007ffc2df10000 - 0x00007ffc2dfb7000 	C:\WINDOWS\system32\ADVAPI32.dll
0x00007ffc2e3f0000 - 0x00007ffc2e48d000 	C:\WINDOWS\system32\msvcrt.dll
0x00007ffc2fb80000 - 0x00007ffc2fbdb000 	C:\WINDOWS\system32\sechost.dll
0x00007ffc2fbe0000 - 0x00007ffc2fcfc000 	C:\WINDOWS\system32\RPCRT4.dll
0x00007ffc2fa10000 - 0x00007ffc2fb66000 	C:\WINDOWS\system32\USER32.dll
0x00007ffc2ffb0000 - 0x00007ffc30136000 	C:\WINDOWS\system32\GDI32.dll
0x00007ffc278e0000 - 0x00007ffc27b54000 	C:\WINDOWS\WinSxS\amd64_microsoft.windows.common-controls_6595b64144ccf1df_6.0.10586.0_none_8c15ae12515e1c22\COMCTL32.dll
0x00007ffc30250000 - 0x00007ffc304cd000 	C:\WINDOWS\system32\combase.dll
0x00007ffc2cf10000 - 0x00007ffc2cf7a000 	C:\WINDOWS\system32\bcryptPrimitives.dll
0x00007ffc2feb0000 - 0x00007ffc2feeb000 	C:\WINDOWS\system32\IMM32.DLL
0x00007ffc2cb10000 - 0x00007ffc2cb41000 	C:\Windows\system32\nvinitx.dll
0x00007ffc2cb00000 - 0x00007ffc2cb0a000 	C:\WINDOWS\SYSTEM32\VERSION.dll
0x0000000068770000 - 0x0000000068776000 	C:\Program Files\NVIDIA Corporation\CoProcManager\_etoured.dll
0x00007ffc29bb0000 - 0x00007ffc29be3000 	C:\Program Files\NVIDIA Corporation\CoProcManager\nvd3d9wrapx.dll
0x00007ffc2dfc0000 - 0x00007ffc2e3e9000 	C:\WINDOWS\system32\SETUPAPI.dll
0x00007ffc2d9b0000 - 0x00007ffc2d9f3000 	C:\WINDOWS\system32\CFGMGR32.dll
0x00007ffc29a80000 - 0x00007ffc29aa2000 	C:\Program Files\NVIDIA Corporation\CoProcManager\nvdxgiwrapx.dll
0x0000000065cb0000 - 0x0000000065d82000 	C:\Program Files\Java\jdk1.8.0_60\jre\bin\msvcr100.dll
0x0000000065420000 - 0x0000000065ca9000 	C:\Program Files\Java\jdk1.8.0_60\jre\bin\server\jvm.dll
0x00007ffc2ffa0000 - 0x00007ffc2ffa8000 	C:\WINDOWS\system32\PSAPI.DLL
0x00007ffc21950000 - 0x00007ffc21959000 	C:\WINDOWS\SYSTEM32\WSOCK32.dll
0x00007ffc2dbc0000 - 0x00007ffc2dc2b000 	C:\WINDOWS\system32\WS2_32.dll
0x00007ffc2aca0000 - 0x00007ffc2acc3000 	C:\WINDOWS\SYSTEM32\WINMM.dll
0x00007ffc2ac70000 - 0x00007ffc2ac9c000 	C:\WINDOWS\SYSTEM32\WINMMBASE.dll
0x0000000065410000 - 0x000000006541f000 	C:\Program Files\Java\jdk1.8.0_60\jre\bin\verify.dll
0x00000000653e0000 - 0x0000000065409000 	C:\Program Files\Java\jdk1.8.0_60\jre\bin\java.dll
0x00000000653c0000 - 0x00000000653d6000 	C:\Program Files\Java\jdk1.8.0_60\jre\bin\zip.dll
0x00007ffc2e490000 - 0x00007ffc2f9ec000 	C:\WINDOWS\system32\SHELL32.dll
0x00007ffc2d360000 - 0x00007ffc2d9a4000 	C:\WINDOWS\system32\windows.storage.dll
0x00007ffc2da70000 - 0x00007ffc2dac2000 	C:\WINDOWS\system32\shlwapi.dll
0x00007ffc2cc80000 - 0x00007ffc2cc8f000 	C:\WINDOWS\system32\kernel.appcore.dll
0x0000000001f80000 - 0x0000000002035000 	C:\WINDOWS\system32\shcore.dll
0x00007ffc2cc30000 - 0x00007ffc2cc7b000 	C:\WINDOWS\system32\powrprof.dll
0x00007ffc2cc90000 - 0x00007ffc2cca4000 	C:\WINDOWS\system32\profapi.dll

VM Arguments:
jvm_args: -Djava.awt.headless=true -Xmx1024M -Dfile.encoding=windows-1252 -Duser.country=ES -Duser.language=es -Duser.variant 
java_command: com.android.dx.command.Main --dex --force-jumbo --num-threads=4 --multi-dex --output C:\Users\USER\Desktop\Proyectos\cashPokerProgresive3\app\build\intermediates\transforms\dex\debug\folders\1000\5\slice_2 C:\Users\USER\Desktop\Proyectos\cashPokerProgresive3\app\build\intermediates\transforms\instantRunSlicer\debug\folders\1\5\slice_2
java_class_path (initial): C:\Users\USER\AppData\Local\Android\sdk\build-tools\23.0.3\lib\dx.jar
Launcher Type: SUN_STANDARD

Environment Variables:
CLASSPATH=.;C:\Program Files (x86)\QuickTime\QTSystem\QTJava.zip
USERNAME=USER
OS=Windows_NT
PROCESSOR_IDENTIFIER=Intel64 Family 6 Model 58 Stepping 9, GenuineIntel



---------------  S Y S T E M  ---------------

OS: Windows 10.0 , 64 bit Build 10586 (10.0.10586.0)

CPU:total 4 (2 cores per cpu, 2 threads per core) family 6 model 58 stepping 9, cmov, cx8, fxsr, mmx, sse, sse2, sse3, ssse3, sse4.1, sse4.2, popcnt, avx, aes, clmul, erms, ht, tsc, tscinvbit, tscinv

Memory: 4k page, physical 6167652k(670192k free), swap 9308260k(1672k free)

vm_info: Java HotSpot(TM) 64-Bit Server VM (25.60-b23) for windows-amd64 JRE (1.8.0_60-b27), built on Aug  4 2015 11:06:27 by "java_re" with MS VC++ 10.0 (VS2010)

time: Fri Aug 26 18:58:31 2016
elapsed time: 4 seconds (0d 0h 0m 4s)

