#
# There is insufficient memory for the Java Runtime Environment to continue.
# Native memory allocation (malloc) failed to allocate 32744 bytes for ChunkPool::allocate
# Possible reasons:
#   The system is out of physical RAM or swap space
#   In 32 bit mode, the process size limit was hit
# Possible solutions:
#   Reduce memory load on the system
#   Increase physical memory or swap space
#   Check if swap backing store is full
#   Use 64 bit Java on a 64 bit OS
#   Decrease Java heap size (-Xmx/-Xms)
#   Decrease number of Java threads
#   Decrease Java thread stack sizes (-Xss)
#   Set larger code cache with -XX:ReservedCodeCacheSize=
# This output file may be truncated or incomplete.
#
#  Out of Memory Error (allocation.cpp:273), pid=5540, tid=9444
#
# JRE version: Java(TM) SE Runtime Environment (8.0_60-b27) (build 1.8.0_60-b27)
# Java VM: Java HotSpot(TM) 64-Bit Server VM (25.60-b23 mixed mode windows-amd64 compressed oops)
# Failed to write core dump. Minidumps are not enabled by default on client versions of Windows
#

---------------  T H R E A D  ---------------

Current thread (0x00000000161b2000):  JavaThread "C1 CompilerThread2" daemon [_thread_in_native, id=9444, stack(0x00000000165b0000,0x00000000166b0000)]

Stack: [0x00000000165b0000,0x00000000166b0000]
[error occurred during error reporting (printing stack bounds), id 0xc0000005]

Native frames: (J=compiled Java code, j=interpreted, Vv=VM code, C=native code)


Current CompileTask:
C1:  10061  753   !   3       com.android.dx.cf.code.RopperMachine::run (1550 bytes)


---------------  P R O C E S S  ---------------

Java Threads: ( => current thread )
  0x0000000016331800 JavaThread "pool-2-thread-4" [_thread_blocked, id=2580, stack(0x0000000016cb0000,0x0000000016db0000)]
  0x0000000016329800 JavaThread "pool-2-thread-3" [_thread_in_vm, id=10860, stack(0x0000000016bb0000,0x0000000016cb0000)]
  0x0000000016328800 JavaThread "pool-2-thread-2" [_thread_in_Java, id=8592, stack(0x0000000016ab0000,0x0000000016bb0000)]
  0x00000000162ed800 JavaThread "pool-3-thread-1" [_thread_blocked, id=1088, stack(0x00000000169b0000,0x0000000016ab0000)]
  0x0000000016326000 JavaThread "pool-2-thread-1" [_thread_in_Java, id=8784, stack(0x00000000168b0000,0x00000000169b0000)]
  0x00000000161b5000 JavaThread "Service Thread" daemon [_thread_blocked, id=9088, stack(0x00000000166b0000,0x00000000167b0000)]
=>0x00000000161b2000 JavaThread "C1 CompilerThread2" daemon [_thread_in_native, id=9444, stack(0x00000000165b0000,0x00000000166b0000)]
  0x00000000148d0000 JavaThread "C2 CompilerThread1" daemon [_thread_in_native, id=3620, stack(0x00000000160b0000,0x00000000161b0000)]
  0x0000000014880000 JavaThread "C2 CompilerThread0" daemon [_thread_in_native, id=7828, stack(0x0000000015fb0000,0x00000000160b0000)]
  0x000000001487e000 JavaThread "Attach Listener" daemon [_thread_blocked, id=9020, stack(0x0000000015eb0000,0x0000000015fb0000)]
  0x000000001487d000 JavaThread "Signal Dispatcher" daemon [_thread_blocked, id=9372, stack(0x0000000015db0000,0x0000000015eb0000)]
  0x00000000021a2800 JavaThread "Finalizer" daemon [_thread_blocked, id=8556, stack(0x0000000015af0000,0x0000000015bf0000)]
  0x000000000219f800 JavaThread "Reference Handler" daemon [_thread_blocked, id=2464, stack(0x00000000159f0000,0x0000000015af0000)]
  0x00000000020b2800 JavaThread "main" [_thread_in_Java, id=7584, stack(0x0000000001f30000,0x0000000002030000)]

Other Threads:
  0x0000000014847000 VMThread [stack: 0x00000000158f0000,0x00000000159f0000] [id=7032]
  0x00000000161bc000 WatcherThread [stack: 0x00000000167b0000,0x00000000168b0000] [id=10952]

VM state:not at safepoint (normal execution)

VM Mutex/Monitor currently owned by a thread: None

Heap:
 PSYoungGen      total 28672K, used 17020K [0x00000000eab00000, 0x00000000ecb00000, 0x0000000100000000)
  eden space 24576K, 69% used [0x00000000eab00000,0x00000000ebb9f1d8,0x00000000ec300000)
  from space 4096K, 0% used [0x00000000ec700000,0x00000000ec700000,0x00000000ecb00000)
  to   space 4096K, 0% used [0x00000000ec300000,0x00000000ec300000,0x00000000ec700000)
 ParOldGen       total 65536K, used 0K [0x00000000c0000000, 0x00000000c4000000, 0x00000000eab00000)
  object space 65536K, 0% used [0x00000000c0000000,0x00000000c0000000,0x00000000c4000000)
 Metaspace       used 5727K, capacity 6704K, committed 6784K, reserved 1056768K
  class space    used 594K, capacity 616K, committed 640K, reserved 1048576K

Card table byte_map: [0x0000000011570000,0x0000000011780000] byte_map_base: 0x0000000010f70000

Marking Bits: (ParMarkBitMap*) 0x0000000065c2a5b0
 Begin Bits: [0x0000000011ce0000, 0x0000000012ce0000)
 End Bits:   [0x0000000012ce0000, 0x0000000013ce0000)

Polling page: 0x0000000002030000

CodeCache: size=245760Kb used=2986Kb max_used=2986Kb free=242773Kb
 bounds [0x00000000021b0000, 0x00000000024a0000, 0x00000000111b0000]
 total_blobs=1006 nmethods=737 adapters=182
 compilation: enabled

Compilation events (10 events):
Event: 9.994 Thread 0x00000000161b2000 nmethod 742 0x0000000002492410 code [0x00000000024925c0, 0x0000000002492ad0]
Event: 9.994 Thread 0x00000000161b2000  743       3       com.android.dx.cf.code.BasicBlocker::setPreviousOffset (6 bytes)
Event: 9.994 Thread 0x00000000161b2000 nmethod 743 0x0000000002492ed0 code [0x0000000002493020, 0x0000000002493170]
Event: 9.994 Thread 0x00000000161b2000  746       3       com.android.dx.ssa.SsaBasicBlock::<init> (109 bytes)
Event: 9.995 Thread 0x00000000161b2000 nmethod 746 0x0000000002493210 code [0x0000000002493400, 0x0000000002493de8]
Event: 9.995 Thread 0x00000000161b2000  754       3       com.android.dx.cf.code.RopperMachine::getSources (264 bytes)
Event: 9.999 Thread 0x00000000161b2000 nmethod 754 0x00000000024942d0 code [0x00000000024948e0, 0x0000000002499278]
Event: 9.999 Thread 0x00000000161b2000  756       1       com.android.dx.cf.code.OneLocalsArray::getOrNull (7 bytes)
Event: 9.999 Thread 0x00000000161b2000 nmethod 756 0x000000000249c890 code [0x000000000249c9e0, 0x000000000249cb10]
Event: 9.999 Thread 0x00000000161b2000  753   !   3       com.android.dx.cf.code.RopperMachine::run (1550 bytes)

GC Heap History (0 events):
No events

Deoptimization events (4 events):
Event: 9.977 Thread 0x00000000020b2800 Uncommon trap: reason=class_check action=maybe_recompile pc=0x00000000024372d4 method=com.android.dx.ssa.NormalSsaInsn.accept(Lcom/android/dx/ssa/SsaInsn$Visitor;)V @ 9
Event: 9.977 Thread 0x00000000020b2800 Uncommon trap: reason=class_check action=maybe_recompile pc=0x00000000024372d4 method=com.android.dx.ssa.NormalSsaInsn.accept(Lcom/android/dx/ssa/SsaInsn$Visitor;)V @ 9
Event: 9.977 Thread 0x00000000020b2800 Uncommon trap: reason=class_check action=maybe_recompile pc=0x00000000024372d4 method=com.android.dx.ssa.NormalSsaInsn.accept(Lcom/android/dx/ssa/SsaInsn$Visitor;)V @ 9
Event: 9.980 Thread 0x00000000020b2800 Uncommon trap: reason=class_check action=maybe_recompile pc=0x00000000024372d4 method=com.android.dx.ssa.NormalSsaInsn.accept(Lcom/android/dx/ssa/SsaInsn$Visitor;)V @ 9

Internal exceptions (2 events):
Event: 0.066 Thread 0x00000000020b2800 Exception <a 'java/lang/NoSuchMethodError': Method sun.misc.Unsafe.defineClass(Ljava/lang/String;[BII)Ljava/lang/Class; name or signature does not match> (0x00000000eab0e4d8) thrown at [C:\re\workspace\8-2-build-windows-amd64-cygwin\jdk8u60\4407\hotspot\srti¯Hý°?
Event: 0.066 Thread 0x00000000020b2800 Exception <a 'java/lang/NoSuchMethodError': Method sun.misc.Unsafe.prefetchRead(Ljava/lang/Object;J)V name or signature does not match> (0x00000000eab0e7c0) thrown at [C:\re\workspace\8-2-build-windows-amd64-cygwin\jdk8u60\4407\hotspot\src\share\vm\prims\j

Events (10 events):
Event: 9.977 Thread 0x00000000020b2800 DEOPT UNPACKING pc=0x00000000021f582a sp=0x000000000202e660 mode 2
Event: 9.977 Thread 0x00000000020b2800 Uncommon trap: trap_request=0xffffffde fr.pc=0x00000000024372d4
Event: 9.977 Thread 0x00000000020b2800 DEOPT PACKING pc=0x00000000024372d4 sp=0x000000000202e430
Event: 9.977 Thread 0x00000000020b2800 DEOPT UNPACKING pc=0x00000000021f582a sp=0x000000000202e380 mode 2
Event: 9.977 Thread 0x00000000020b2800 Uncommon trap: trap_request=0xffffffde fr.pc=0x00000000024372d4
Event: 9.977 Thread 0x00000000020b2800 DEOPT PACKING pc=0x00000000024372d4 sp=0x000000000202e320
Event: 9.977 Thread 0x00000000020b2800 DEOPT UNPACKING pc=0x00000000021f582a sp=0x000000000202e270 mode 2
Event: 9.980 Thread 0x00000000020b2800 Uncommon trap: trap_request=0xffffffde fr.pc=0x00000000024372d4
Event: 9.980 Thread 0x00000000020b2800 DEOPT PACKING pc=0x00000000024372d4 sp=0x000000000202e6e0
Event: 9.980 Thread 0x00000000020b2800 DEOPT UNPACKING pc=0x00000000021f582a sp=0x000000000202e630 mode 2


Dynamic libraries:
0x00007ff737830000 - 0x00007ff737867000 	C:\Program Files\Java\jdk1.8.0_60\bin\java.exe
0x00007ffc30620000 - 0x00007ffc307e1000 	C:\WINDOWS\SYSTEM32\ntdll.dll
0x00007ffc30140000 - 0x00007ffc301ed000 	C:\WINDOWS\system32\KERNEL32.DLL
0x00007ffc2d0c0000 - 0x00007ffc2d2a8000 	C:\WINDOWS\system32\KERNELBASE.dll
0x00007ffc2df10000 - 0x00007ffc2dfb7000 	C:\WINDOWS\system32\ADVAPI32.dll
0x00007ffc2e3f0000 - 0x00007ffc2e48d000 	C:\WINDOWS\system32\msvcrt.dll
0x00007ffc2fb80000 - 0x00007ffc2fbdb000 	C:\WINDOWS\system32\sechost.dll
0x00007ffc2fbe0000 - 0x00007ffc2fcfc000 	C:\WINDOWS\system32\RPCRT4.dll
0x00007ffc2fa10000 - 0x00007ffc2fb66000 	C:\WINDOWS\system32\USER32.dll
0x00007ffc2ffb0000 - 0x00007ffc30136000 	C:\WINDOWS\system32\GDI32.dll
0x00007ffc278e0000 - 0x00007ffc27b54000 	C:\WINDOWS\WinSxS\amd64_microsoft.windows.common-controls_6595b64144ccf1df_6.0.10586.0_none_8c15ae12515e1c22\COMCTL32.dll
0x00007ffc30250000 - 0x00007ffc304cd000 	C:\WINDOWS\system32\combase.dll
0x00007ffc2cf10000 - 0x00007ffc2cf7a000 	C:\WINDOWS\system32\bcryptPrimitives.dll
0x00007ffc2feb0000 - 0x00007ffc2feeb000 	C:\WINDOWS\system32\IMM32.DLL
0x00007ffc2cb10000 - 0x00007ffc2cb41000 	C:\Windows\system32\nvinitx.dll
0x00007ffc2cb00000 - 0x00007ffc2cb0a000 	C:\WINDOWS\SYSTEM32\VERSION.dll
0x0000000068770000 - 0x0000000068776000 	C:\Program Files\NVIDIA Corporation\CoProcManager\_etoured.dll
0x00007ffc29bb0000 - 0x00007ffc29be3000 	C:\Program Files\NVIDIA Corporation\CoProcManager\nvd3d9wrapx.dll
0x00007ffc2dfc0000 - 0x00007ffc2e3e9000 	C:\WINDOWS\system32\SETUPAPI.dll
0x00007ffc2d9b0000 - 0x00007ffc2d9f3000 	C:\WINDOWS\system32\CFGMGR32.dll
0x00007ffc29a80000 - 0x00007ffc29aa2000 	C:\Program Files\NVIDIA Corporation\CoProcManager\nvdxgiwrapx.dll
0x0000000065cb0000 - 0x0000000065d82000 	C:\Program Files\Java\jdk1.8.0_60\jre\bin\msvcr100.dll
0x0000000065420000 - 0x0000000065ca9000 	C:\Program Files\Java\jdk1.8.0_60\jre\bin\server\jvm.dll
0x00007ffc2ffa0000 - 0x00007ffc2ffa8000 	C:\WINDOWS\system32\PSAPI.DLL
0x00007ffc21950000 - 0x00007ffc21959000 	C:\WINDOWS\SYSTEM32\WSOCK32.dll
0x00007ffc2dbc0000 - 0x00007ffc2dc2b000 	C:\WINDOWS\system32\WS2_32.dll
0x00007ffc2aca0000 - 0x00007ffc2acc3000 	C:\WINDOWS\SYSTEM32\WINMM.dll
0x00007ffc2ac70000 - 0x00007ffc2ac9c000 	C:\WINDOWS\SYSTEM32\WINMMBASE.dll
0x0000000065410000 - 0x000000006541f000 	C:\Program Files\Java\jdk1.8.0_60\jre\bin\verify.dll
0x00000000653e0000 - 0x0000000065409000 	C:\Program Files\Java\jdk1.8.0_60\jre\bin\java.dll
0x00000000653c0000 - 0x00000000653d6000 	C:\Program Files\Java\jdk1.8.0_60\jre\bin\zip.dll
0x00007ffc2e490000 - 0x00007ffc2f9ec000 	C:\WINDOWS\system32\SHELL32.dll
0x00007ffc2d360000 - 0x00007ffc2d9a4000 	C:\WINDOWS\system32\windows.storage.dll
0x00007ffc2da70000 - 0x00007ffc2dac2000 	C:\WINDOWS\system32\shlwapi.dll
0x00007ffc2cc80000 - 0x00007ffc2cc8f000 	C:\WINDOWS\system32\kernel.appcore.dll
0x0000000015cf0000 - 0x0000000015da5000 	C:\WINDOWS\system32\shcore.dll
0x00007ffc2cc30000 - 0x00007ffc2cc7b000 	C:\WINDOWS\system32\powrprof.dll
0x00007ffc2cc90000 - 0x00007ffc2cca4000 	C:\WINDOWS\system32\profapi.dll

VM Arguments:
jvm_args: -Djava.awt.headless=true -Xmx1024M -Dfile.encoding=windows-1252 -Duser.country=ES -Duser.language=es -Duser.variant 
java_command: com.android.dx.command.Main --dex --force-jumbo --num-threads=4 --multi-dex --output C:\Users\USER\Desktop\Proyectos\cashPokerProgresive3\app\build\intermediates\transforms\dex\debug\folders\1000\10\instant-run_2238d62da3f5ec67d0a7cfe5554ddee83e8b14a4 C:\Users\USER\Desktop\Proyectos\cashPokerProgresive3\app\build\intermediates\incremental-runtime-classes\debug\instant-run.jar
java_class_path (initial): C:\Users\USER\AppData\Local\Android\sdk\build-tools\23.0.3\lib\dx.jar
Launcher Type: SUN_STANDARD

Environment Variables:
CLASSPATH=.;C:\Program Files (x86)\QuickTime\QTSystem\QTJava.zip
USERNAME=USER
OS=Windows_NT
PROCESSOR_IDENTIFIER=Intel64 Family 6 Model 58 Stepping 9, GenuineIntel



---------------  S Y S T E M  ---------------

OS: Windows 10.0 , 64 bit Build 10586 (10.0.10586.0)

CPU:total 4 (2 cores per cpu, 2 threads per core) family 6 model 58 stepping 9, cmov, cx8, fxsr, mmx, sse, sse2, sse3, ssse3, sse4.1, sse4.2, popcnt, avx, aes, clmul, erms, ht, tsc, tscinvbit, tscinv

Memory: 4k page, physical 6167652k(643752k free), swap 9308260k(2112k free)

vm_info: Java HotSpot(TM) 64-Bit Server VM (25.60-b23) for windows-amd64 JRE (1.8.0_60-b27), built on Aug  4 2015 11:06:27 by "java_re" with MS VC++ 10.0 (VS2010)

time: Fri Aug 26 19:02:19 2016
elapsed time: 10 seconds (0d 0h 0m 10s)

