#
# There is insufficient memory for the Java Runtime Environment to continue.
# Native memory allocation (malloc) failed to allocate 113296 bytes for Chunk::new
# Possible reasons:
#   The system is out of physical RAM or swap space
#   In 32 bit mode, the process size limit was hit
# Possible solutions:
#   Reduce memory load on the system
#   Increase physical memory or swap space
#   Check if swap backing store is full
#   Use 64 bit Java on a 64 bit OS
#   Decrease Java heap size (-Xmx/-Xms)
#   Decrease number of Java threads
#   Decrease Java thread stack sizes (-Xss)
#   Set larger code cache with -XX:ReservedCodeCacheSize=
# This output file may be truncated or incomplete.
#
#  Out of Memory Error (allocation.cpp:390), pid=6092, tid=7036
#
# JRE version: Java(TM) SE Runtime Environment (8.0_60-b27) (build 1.8.0_60-b27)
# Java VM: Java HotSpot(TM) 64-Bit Server VM (25.60-b23 mixed mode windows-amd64 compressed oops)
# Failed to write core dump. Minidumps are not enabled by default on client versions of Windows
#

---------------  T H R E A D  ---------------

Current thread (0x00000000149c3800):  JavaThread "C2 CompilerThread1" daemon [_thread_in_native, id=7036, stack(0x0000000016190000,0x0000000016290000)]

Stack: [0x0000000016190000,0x0000000016290000]
[error occurred during error reporting (printing stack bounds), id 0xc0000005]

Native frames: (J=compiled Java code, j=interpreted, Vv=VM code, C=native code)


Current CompileTask:
C2:   4841 1535       4       com.android.dx.ssa.LocalVariableExtractor::processBlock (383 bytes)


---------------  P R O C E S S  ---------------

Java Threads: ( => current thread )
  0x00000000164d1800 JavaThread "pool-2-thread-4" [_thread_in_Java, id=3984, stack(0x0000000016d90000,0x0000000016e90000)]
  0x0000000016406800 JavaThread "pool-2-thread-3" [_thread_in_Java, id=9964, stack(0x0000000016c90000,0x0000000016d90000)]
  0x0000000016405000 JavaThread "pool-2-thread-2" [_thread_in_Java, id=6392, stack(0x0000000016b90000,0x0000000016c90000)]
  0x00000000163b8800 JavaThread "pool-3-thread-1" [_thread_blocked, id=5544, stack(0x0000000016a90000,0x0000000016b90000)]
  0x00000000163b5000 JavaThread "pool-2-thread-1" [_thread_in_Java, id=1936, stack(0x0000000016990000,0x0000000016a90000)]
  0x00000000149ce000 JavaThread "Service Thread" daemon [_thread_blocked, id=9572, stack(0x0000000016790000,0x0000000016890000)]
  0x0000000016298800 JavaThread "C1 CompilerThread2" daemon [_thread_blocked, id=4272, stack(0x0000000016690000,0x0000000016790000)]
=>0x00000000149c3800 JavaThread "C2 CompilerThread1" daemon [_thread_in_native, id=7036, stack(0x0000000016190000,0x0000000016290000)]
  0x0000000014970000 JavaThread "C2 CompilerThread0" daemon [_thread_in_native, id=2372, stack(0x0000000016090000,0x0000000016190000)]
  0x000000001496e000 JavaThread "Attach Listener" daemon [_thread_blocked, id=7676, stack(0x0000000015f90000,0x0000000016090000)]
  0x000000001496d000 JavaThread "Signal Dispatcher" daemon [_thread_blocked, id=6380, stack(0x0000000015e90000,0x0000000015f90000)]
  0x0000000001f42800 JavaThread "Finalizer" daemon [_thread_blocked, id=5000, stack(0x0000000015bd0000,0x0000000015cd0000)]
  0x0000000001f3f800 JavaThread "Reference Handler" daemon [_thread_blocked, id=7368, stack(0x0000000015ad0000,0x0000000015bd0000)]
  0x0000000001e52800 JavaThread "main" [_thread_in_Java, id=9648, stack(0x00000000020f0000,0x00000000021f0000)]

Other Threads:
  0x0000000014938000 VMThread [stack: 0x00000000159d0000,0x0000000015ad0000] [id=9576]
  0x000000001629b800 WatcherThread [stack: 0x0000000016890000,0x0000000016990000] [id=7220]

VM state:not at safepoint (normal execution)

VM Mutex/Monitor currently owned by a thread: None

Heap:
 PSYoungGen      total 53248K, used 25296K [0x00000000eab00000, 0x00000000f1300000, 0x0000000100000000)
  eden space 49152K, 43% used [0x00000000eab00000,0x00000000ebfbc240,0x00000000edb00000)
  from space 4096K, 99% used [0x00000000edb00000,0x00000000edef81a8,0x00000000edf00000)
  to   space 4096K, 0% used [0x00000000f0f00000,0x00000000f0f00000,0x00000000f1300000)
 ParOldGen       total 65536K, used 10944K [0x00000000c0000000, 0x00000000c4000000, 0x00000000eab00000)
  object space 65536K, 16% used [0x00000000c0000000,0x00000000c0ab0158,0x00000000c4000000)
 Metaspace       used 6039K, capacity 7088K, committed 7296K, reserved 1056768K
  class space    used 584K, capacity 616K, committed 640K, reserved 1048576K

Card table byte_map: [0x0000000011660000,0x0000000011870000] byte_map_base: 0x0000000011060000

Marking Bits: (ParMarkBitMap*) 0x000000006238a5b0
 Begin Bits: [0x0000000011dd0000, 0x0000000012dd0000)
 End Bits:   [0x0000000012dd0000, 0x0000000013dd0000)

Polling page: 0x00000000001f0000

CodeCache: size=245760Kb used=6346Kb max_used=6346Kb free=239413Kb
 bounds [0x00000000022a0000, 0x00000000028e0000, 0x00000000112a0000]
 total_blobs=1842 nmethods=1580 adapters=175
 compilation: enabled

Compilation events (10 events):
Event: 4.776 Thread 0x0000000016298800 1602       2       com.android.dx.ssa.back.FirstFitLocalCombiningAllocator$Multiset::getAndRemoveHighestCount (63 bytes)
Event: 4.776 Thread 0x0000000016298800 nmethod 1602 0x00000000028d4f90 code [0x00000000028d5100, 0x00000000028d5350]
Event: 4.776 Thread 0x0000000016298800 1600       2       com.android.dx.dex.code.StdCatchBuilder::<init> (62 bytes)
Event: 4.777 Thread 0x0000000016298800 nmethod 1600 0x00000000028d5590 code [0x00000000028d5720, 0x00000000028d5aa8]
Event: 4.777 Thread 0x0000000016298800 1601       2       com.android.dx.dex.code.OutputCollector::getFinisher (26 bytes)
Event: 4.777 Thread 0x0000000016298800 nmethod 1601 0x00000000028d5c50 code [0x00000000028d5dc0, 0x00000000028d5ff8]
Event: 4.782 Thread 0x0000000016298800 1603       2       com.android.dx.rop.cst.CstLong::getType (4 bytes)
Event: 4.782 Thread 0x0000000016298800 nmethod 1603 0x00000000028d6110 code [0x00000000028d6260, 0x00000000028d63b0]
Event: 4.807 Thread 0x0000000016298800 1605       2       com.android.dx.rop.code.Rops::opMarkLocal (69 bytes)
Event: 4.808 Thread 0x0000000016298800 nmethod 1605 0x00000000028d6450 code [0x00000000028d6620, 0x00000000028d6af8]

GC Heap History (6 events):
Event: 3.799 GC heap before
{Heap before GC invocations=1 (full 0):
 PSYoungGen      total 28672K, used 24576K [0x00000000eab00000, 0x00000000ecb00000, 0x0000000100000000)
  eden space 24576K, 100% used [0x00000000eab00000,0x00000000ec300000,0x00000000ec300000)
  from space 4096K, 0% used [0x00000000ec700000,0x00000000ec700000,0x00000000ecb00000)
  to   space 4096K, 0% used [0x00000000ec300000,0x00000000ec300000,0x00000000ec700000)
 ParOldGen       total 65536K, used 0K [0x00000000c0000000, 0x00000000c4000000, 0x00000000eab00000)
  object space 65536K, 0% used [0x00000000c0000000,0x00000000c0000000,0x00000000c4000000)
 Metaspace       used 5758K, capacity 6896K, committed 7040K, reserved 1056768K
  class space    used 582K, capacity 616K, committed 640K, reserved 1048576K
Event: 3.835 GC heap after
Heap after GC invocations=1 (full 0):
 PSYoungGen      total 28672K, used 4078K [0x00000000eab00000, 0x00000000ee300000, 0x0000000100000000)
  eden space 24576K, 0% used [0x00000000eab00000,0x00000000eab00000,0x00000000ec300000)
  from space 4096K, 99% used [0x00000000ec300000,0x00000000ec6fb960,0x00000000ec700000)
  to   space 4096K, 0% used [0x00000000edf00000,0x00000000edf00000,0x00000000ee300000)
 ParOldGen       total 65536K, used 950K [0x00000000c0000000, 0x00000000c4000000, 0x00000000eab00000)
  object space 65536K, 1% used [0x00000000c0000000,0x00000000c00edb70,0x00000000c4000000)
 Metaspace       used 5758K, capacity 6896K, committed 7040K, reserved 1056768K
  class space    used 582K, capacity 616K, committed 640K, reserved 1048576K
}
Event: 4.256 GC heap before
{Heap before GC invocations=2 (full 0):
 PSYoungGen      total 28672K, used 28654K [0x00000000eab00000, 0x00000000ee300000, 0x0000000100000000)
  eden space 24576K, 100% used [0x00000000eab00000,0x00000000ec300000,0x00000000ec300000)
  from space 4096K, 99% used [0x00000000ec300000,0x00000000ec6fb960,0x00000000ec700000)
  to   space 4096K, 0% used [0x00000000edf00000,0x00000000edf00000,0x00000000ee300000)
 ParOldGen       total 65536K, used 950K [0x00000000c0000000, 0x00000000c4000000, 0x00000000eab00000)
  object space 65536K, 1% used [0x00000000c0000000,0x00000000c00edb70,0x00000000c4000000)
 Metaspace       used 5881K, capacity 6960K, committed 7040K, reserved 1056768K
  class space    used 583K, capacity 616K, committed 640K, reserved 1048576K
Event: 4.278 GC heap after
Heap after GC invocations=2 (full 0):
 PSYoungGen      total 53248K, used 4080K [0x00000000eab00000, 0x00000000ee300000, 0x0000000100000000)
  eden space 49152K, 0% used [0x00000000eab00000,0x00000000eab00000,0x00000000edb00000)
  from space 4096K, 99% used [0x00000000edf00000,0x00000000ee2fc038,0x00000000ee300000)
  to   space 4096K, 0% used [0x00000000edb00000,0x00000000edb00000,0x00000000edf00000)
 ParOldGen       total 65536K, used 3967K [0x00000000c0000000, 0x00000000c4000000, 0x00000000eab00000)
  object space 65536K, 6% used [0x00000000c0000000,0x00000000c03dff40,0x00000000c4000000)
 Metaspace       used 5881K, capacity 6960K, committed 7040K, reserved 1056768K
  class space    used 583K, capacity 616K, committed 640K, reserved 1048576K
}
Event: 4.716 GC heap before
{Heap before GC invocations=3 (full 0):
 PSYoungGen      total 53248K, used 53232K [0x00000000eab00000, 0x00000000ee300000, 0x0000000100000000)
  eden space 49152K, 100% used [0x00000000eab00000,0x00000000edb00000,0x00000000edb00000)
  from space 4096K, 99% used [0x00000000edf00000,0x00000000ee2fc038,0x00000000ee300000)
  to   space 4096K, 0% used [0x00000000edb00000,0x00000000edb00000,0x00000000edf00000)
 ParOldGen       total 65536K, used 3967K [0x00000000c0000000, 0x00000000c4000000, 0x00000000eab00000)
  object space 65536K, 6% used [0x00000000c0000000,0x00000000c03dff40,0x00000000c4000000)
 Metaspace       used 6013K, capacity 7088K, committed 7296K, reserved 1056768K
  class space    used 584K, capacity 616K, committed 640K, reserved 1048576K
Event: 4.735 GC heap after
Heap after GC invocations=3 (full 0):
 PSYoungGen      total 53248K, used 4064K [0x00000000eab00000, 0x00000000f1300000, 0x0000000100000000)
  eden space 49152K, 0% used [0x00000000eab00000,0x00000000eab00000,0x00000000edb00000)
  from space 4096K, 99% used [0x00000000edb00000,0x00000000edef81a8,0x00000000edf00000)
  to   space 4096K, 0% used [0x00000000f0f00000,0x00000000f0f00000,0x00000000f1300000)
 ParOldGen       total 65536K, used 10944K [0x00000000c0000000, 0x00000000c4000000, 0x00000000eab00000)
  object space 65536K, 16% used [0x00000000c0000000,0x00000000c0ab0158,0x00000000c4000000)
 Metaspace       used 6013K, capacity 7088K, committed 7296K, reserved 1056768K
  class space    used 584K, capacity 616K, committed 640K, reserved 1048576K
}

Deoptimization events (10 events):
Event: 3.795 Thread 0x00000000163b5000 Uncommon trap: reason=unstable_if action=reinterpret pc=0x00000000026bd258 method=com.android.dx.util.LabeledList.set(ILcom/android/dx/util/LabeledItem;)V @ 16
Event: 4.070 Thread 0x00000000163b5000 Uncommon trap: reason=unstable_if action=reinterpret pc=0x0000000002666e18 method=com.android.dx.rop.code.RegisterSpec.equals(ILcom/android/dx/rop/type/TypeBearer;Lcom/android/dx/rop/code/LocalItem;)Z @ 16
Event: 4.155 Thread 0x00000000164d1800 Uncommon trap: reason=unstable_if action=reinterpret pc=0x000000000275971c method=com.android.dx.rop.code.RegisterSpec.equals(ILcom/android/dx/rop/type/TypeBearer;Lcom/android/dx/rop/code/LocalItem;)Z @ 42
Event: 4.200 Thread 0x00000000163b5000 Uncommon trap: reason=class_check action=maybe_recompile pc=0x000000000256cdb0 method=com.android.dx.rop.type.Type.equals(Ljava/lang/Object;)Z @ 8
Event: 4.317 Thread 0x0000000016406800 Uncommon trap: reason=class_check action=maybe_recompile pc=0x000000000256cdb0 method=com.android.dx.rop.type.Type.equals(Ljava/lang/Object;)Z @ 8
Event: 4.464 Thread 0x0000000016405000 Uncommon trap: reason=unstable_if action=reinterpret pc=0x000000000270db70 method=com.android.dx.cf.code.BasicBlocker.addWorkIfNecessary(IZ)V @ 8
Event: 4.636 Thread 0x00000000163b5000 Uncommon trap: reason=bimorphic action=maybe_recompile pc=0x0000000002746184 method=java.util.HashMap.getNode(ILjava/lang/Object;)Ljava/util/HashMap$Node; @ 126
Event: 4.636 Thread 0x00000000163b5000 Uncommon trap: reason=class_check action=maybe_recompile pc=0x00000000026fe660 method=java.util.HashMap.putVal(ILjava/lang/Object;Ljava/lang/Object;ZZ)Ljava/lang/Object; @ 203
Event: 4.659 Thread 0x0000000016405000 Uncommon trap: reason=unstable_if action=reinterpret pc=0x0000000002761878 method=com.android.dx.util.BitIntSet.has(I)Z @ 8
Event: 4.667 Thread 0x0000000016405000 Uncommon trap: reason=bimorphic action=maybe_recompile pc=0x000000000269fe0c method=java.util.HashMap.getNode(ILjava/lang/Object;)Ljava/util/HashMap$Node; @ 126

Internal exceptions (2 events):
Event: 2.135 Thread 0x0000000001e52800 Exception <a 'java/lang/NoSuchMethodError': Method sun.misc.Unsafe.defineClass(Ljava/lang/String;[BII)Ljava/lang/Class; name or signature does not match> (0x00000000eab0e600) thrown at [C:\re\workspace\8-2-build-windows-amd64-cygwin\jdk8u60\4407\hotspot\srD`5>@
Event: 2.135 Thread 0x0000000001e52800 Exception <a 'java/lang/NoSuchMethodError': Method sun.misc.Unsafe.prefetchRead(Ljava/lang/Object;J)V name or signature does not match> (0x00000000eab0e8e8) thrown at [C:\re\workspace\8-2-build-windows-amd64-cygwin\jdk8u60\4407\hotspot\src\share\vm\prims\j

Events (10 events):
Event: 4.636 Thread 0x00000000163b5000 DEOPT PACKING pc=0x00000000026fe660 sp=0x0000000016a8e7f0
Event: 4.636 Thread 0x00000000163b5000 DEOPT UNPACKING pc=0x00000000022e582a sp=0x0000000016a8e778 mode 2
Event: 4.659 Thread 0x0000000016405000 Uncommon trap: trap_request=0xffffff65 fr.pc=0x0000000002761878
Event: 4.659 Thread 0x0000000016405000 DEOPT PACKING pc=0x0000000002761878 sp=0x0000000016c8e8a0
Event: 4.659 Thread 0x0000000016405000 DEOPT UNPACKING pc=0x00000000022e582a sp=0x0000000016c8e7d8 mode 2
Event: 4.667 Thread 0x0000000016405000 Uncommon trap: trap_request=0xffffffc6 fr.pc=0x000000000269fe0c
Event: 4.667 Thread 0x0000000016405000 DEOPT PACKING pc=0x000000000269fe0c sp=0x0000000016c8e9d0
Event: 4.668 Thread 0x0000000016405000 DEOPT UNPACKING pc=0x00000000022e582a sp=0x0000000016c8e8e8 mode 2
Event: 4.714 Executing VM operation: ParallelGCFailedAllocation
Event: 4.735 Executing VM operation: ParallelGCFailedAllocation done


Dynamic libraries:
0x00007ff736bc0000 - 0x00007ff736bf7000 	C:\Program Files\Java\jdk1.8.0_60\bin\java.exe
0x00007ffae6bb0000 - 0x00007ffae6d71000 	C:\WINDOWS\SYSTEM32\ntdll.dll
0x00007ffae5670000 - 0x00007ffae571d000 	C:\WINDOWS\system32\KERNEL32.DLL
0x00007ffae3950000 - 0x00007ffae3b38000 	C:\WINDOWS\system32\KERNELBASE.dll
0x00007ffae63a0000 - 0x00007ffae6447000 	C:\WINDOWS\system32\ADVAPI32.dll
0x00007ffae68c0000 - 0x00007ffae695d000 	C:\WINDOWS\system32\msvcrt.dll
0x00007ffae6b50000 - 0x00007ffae6bab000 	C:\WINDOWS\system32\sechost.dll
0x00007ffae6960000 - 0x00007ffae6a7c000 	C:\WINDOWS\system32\RPCRT4.dll
0x00007ffae5720000 - 0x00007ffae5876000 	C:\WINDOWS\system32\USER32.dll
0x00007ffae5880000 - 0x00007ffae5a06000 	C:\WINDOWS\system32\GDI32.dll
0x00007ffade460000 - 0x00007ffade6d4000 	C:\WINDOWS\WinSxS\amd64_microsoft.windows.common-controls_6595b64144ccf1df_6.0.10586.0_none_8c15ae12515e1c22\COMCTL32.dll
0x00007ffae6120000 - 0x00007ffae639d000 	C:\WINDOWS\system32\combase.dll
0x00007ffae3c40000 - 0x00007ffae3caa000 	C:\WINDOWS\system32\bcryptPrimitives.dll
0x00007ffae5630000 - 0x00007ffae566b000 	C:\WINDOWS\system32\IMM32.DLL
0x00007ffae30a0000 - 0x00007ffae30d1000 	C:\Windows\system32\nvinitx.dll
0x00007ffae3090000 - 0x00007ffae309a000 	C:\WINDOWS\SYSTEM32\VERSION.dll
0x00000000679e0000 - 0x00000000679e6000 	C:\Program Files\NVIDIA Corporation\CoProcManager\_etoured.dll
0x00007ffae0b10000 - 0x00007ffae0b43000 	C:\Program Files\NVIDIA Corporation\CoProcManager\nvd3d9wrapx.dll
0x00007ffae5c10000 - 0x00007ffae6039000 	C:\WINDOWS\system32\SETUPAPI.dll
0x00007ffae3b40000 - 0x00007ffae3b83000 	C:\WINDOWS\system32\CFGMGR32.dll
0x00007ffae0290000 - 0x00007ffae02b2000 	C:\Program Files\NVIDIA Corporation\CoProcManager\nvdxgiwrapx.dll
0x0000000062410000 - 0x00000000624e2000 	C:\Program Files\Java\jdk1.8.0_60\jre\bin\msvcr100.dll
0x0000000061b80000 - 0x0000000062409000 	C:\Program Files\Java\jdk1.8.0_60\jre\bin\server\jvm.dll
0x00007ffae68b0000 - 0x00007ffae68b8000 	C:\WINDOWS\system32\PSAPI.DLL
0x00007ffad8a40000 - 0x00007ffad8a49000 	C:\WINDOWS\SYSTEM32\WSOCK32.dll
0x00007ffae60b0000 - 0x00007ffae611b000 	C:\WINDOWS\system32\WS2_32.dll
0x00007ffae1330000 - 0x00007ffae1353000 	C:\WINDOWS\SYSTEM32\WINMM.dll
0x00007ffae1300000 - 0x00007ffae132c000 	C:\WINDOWS\SYSTEM32\WINMMBASE.dll
0x0000000061b70000 - 0x0000000061b7f000 	C:\Program Files\Java\jdk1.8.0_60\jre\bin\verify.dll
0x0000000061b40000 - 0x0000000061b69000 	C:\Program Files\Java\jdk1.8.0_60\jre\bin\java.dll
0x0000000061b20000 - 0x0000000061b36000 	C:\Program Files\Java\jdk1.8.0_60\jre\bin\zip.dll
0x00007ffae40c0000 - 0x00007ffae561c000 	C:\WINDOWS\system32\SHELL32.dll
0x00007ffae3240000 - 0x00007ffae3884000 	C:\WINDOWS\system32\windows.storage.dll
0x00007ffae3f90000 - 0x00007ffae3fe2000 	C:\WINDOWS\system32\shlwapi.dll
0x00007ffae31d0000 - 0x00007ffae31df000 	C:\WINDOWS\system32\kernel.appcore.dll
0x0000000015dd0000 - 0x0000000015e85000 	C:\WINDOWS\system32\shcore.dll
0x00007ffae31e0000 - 0x00007ffae322b000 	C:\WINDOWS\system32\powrprof.dll
0x00007ffae31b0000 - 0x00007ffae31c4000 	C:\WINDOWS\system32\profapi.dll

VM Arguments:
jvm_args: -Djava.awt.headless=true -Xmx1024M -Dfile.encoding=windows-1252 -Duser.country=ES -Duser.language=es -Duser.variant 
java_command: com.android.dx.command.Main --dex --force-jumbo --num-threads=4 --multi-dex --output C:\Users\USER\Desktop\Proyectos\cashPokerProgresive3\app\build\intermediates\transforms\dex\debug\folders\1000\5\slice_4 C:\Users\USER\Desktop\Proyectos\cashPokerProgresive3\app\build\intermediates\transforms\instantRunSlicer\debug\folders\1\5\slice_4
java_class_path (initial): C:\Users\USER\AppData\Local\Android\sdk\build-tools\23.0.3\lib\dx.jar
Launcher Type: SUN_STANDARD

Environment Variables:
CLASSPATH=.;C:\Program Files (x86)\QuickTime\QTSystem\QTJava.zip
USERNAME=USER
OS=Windows_NT
PROCESSOR_IDENTIFIER=Intel64 Family 6 Model 58 Stepping 9, GenuineIntel



---------------  S Y S T E M  ---------------

OS: Windows 10.0 , 64 bit Build 10586 (10.0.10586.0)

CPU:total 4 (2 cores per cpu, 2 threads per core) family 6 model 58 stepping 9, cmov, cx8, fxsr, mmx, sse, sse2, sse3, ssse3, sse4.1, sse4.2, popcnt, avx, aes, clmul, erms, ht, tsc, tscinvbit, tscinv

Memory: 4k page, physical 6167652k(911956k free), swap 9308260k(5680k free)

vm_info: Java HotSpot(TM) 64-Bit Server VM (25.60-b23) for windows-amd64 JRE (1.8.0_60-b27), built on Aug  4 2015 11:06:27 by "java_re" with MS VC++ 10.0 (VS2010)

time: Thu Sep 29 20:59:52 2016
elapsed time: 4 seconds (0d 0h 0m 4s)

