#
# There is insufficient memory for the Java Runtime Environment to continue.
# Native memory allocation (malloc) failed to allocate 691856 bytes for Chunk::new
# Possible reasons:
#   The system is out of physical RAM or swap space
#   In 32 bit mode, the process size limit was hit
# Possible solutions:
#   Reduce memory load on the system
#   Increase physical memory or swap space
#   Check if swap backing store is full
#   Use 64 bit Java on a 64 bit OS
#   Decrease Java heap size (-Xmx/-Xms)
#   Decrease number of Java threads
#   Decrease Java thread stack sizes (-Xss)
#   Set larger code cache with -XX:ReservedCodeCacheSize=
# This output file may be truncated or incomplete.
#
#  Out of Memory Error (allocation.cpp:390), pid=9612, tid=3228
#
# JRE version: Java(TM) SE Runtime Environment (8.0_60-b27) (build 1.8.0_60-b27)
# Java VM: Java HotSpot(TM) 64-Bit Server VM (25.60-b23 mixed mode windows-amd64 compressed oops)
# Failed to write core dump. Minidumps are not enabled by default on client versions of Windows
#

---------------  T H R E A D  ---------------

Current thread (0x0000000014a12000):  JavaThread "C2 CompilerThread1" daemon [_thread_in_native, id=3228, stack(0x0000000016170000,0x0000000016270000)]

Stack: [0x0000000016170000,0x0000000016270000]
[error occurred during error reporting (printing stack bounds), id 0xc0000005]

Native frames: (J=compiled Java code, j=interpreted, Vv=VM code, C=native code)


Current CompileTask:
C2:   9191 2206       4       com.android.dx.dex.code.OutputFinisher::addConstants (93 bytes)


---------------  P R O C E S S  ---------------

Java Threads: ( => current thread )
  0x0000000016535000 JavaThread "pool-1-thread-1" [_thread_in_Java, id=8900, stack(0x0000000019880000,0x0000000019980000)]
  0x0000000016274000 JavaThread "Service Thread" daemon [_thread_blocked, id=4488, stack(0x0000000016770000,0x0000000016870000)]
  0x0000000016272000 JavaThread "C1 CompilerThread2" daemon [_thread_blocked, id=7552, stack(0x0000000016670000,0x0000000016770000)]
=>0x0000000014a12000 JavaThread "C2 CompilerThread1" daemon [_thread_in_native, id=3228, stack(0x0000000016170000,0x0000000016270000)]
  0x0000000014a10000 JavaThread "C2 CompilerThread0" daemon [_thread_in_native, id=9876, stack(0x0000000016070000,0x0000000016170000)]
  0x0000000014a0e000 JavaThread "Attach Listener" daemon [_thread_blocked, id=9908, stack(0x0000000015f70000,0x0000000016070000)]
  0x0000000014a0d000 JavaThread "Signal Dispatcher" daemon [_thread_blocked, id=9884, stack(0x0000000015e70000,0x0000000015f70000)]
  0x0000000002332800 JavaThread "Finalizer" daemon [_thread_blocked, id=9852, stack(0x0000000015c70000,0x0000000015d70000)]
  0x000000000232f800 JavaThread "Reference Handler" daemon [_thread_blocked, id=9832, stack(0x0000000015b70000,0x0000000015c70000)]
  0x0000000002242800 JavaThread "main" [_thread_blocked, id=8036, stack(0x0000000002140000,0x0000000002240000)]

Other Threads:
  0x00000000149d8800 VMThread [stack: 0x0000000015a70000,0x0000000015b70000] [id=3644]
  0x000000001627c800 WatcherThread [stack: 0x0000000016870000,0x0000000016970000] [id=9804]

VM state:not at safepoint (normal execution)

VM Mutex/Monitor currently owned by a thread: None

Heap:
 PSYoungGen      total 102400K, used 86328K [0x00000000eab00000, 0x00000000f4f80000, 0x0000000100000000)
  eden space 98304K, 83% used [0x00000000eab00000,0x00000000efb53180,0x00000000f0b00000)
  from space 4096K, 99% used [0x00000000f0b00000,0x00000000f0efb0c8,0x00000000f0f00000)
  to   space 24576K, 0% used [0x00000000f3780000,0x00000000f3780000,0x00000000f4f80000)
 ParOldGen       total 113152K, used 60652K [0x00000000c0000000, 0x00000000c6e80000, 0x00000000eab00000)
  object space 113152K, 53% used [0x00000000c0000000,0x00000000c3b3b070,0x00000000c6e80000)
 Metaspace       used 6637K, capacity 7320K, committed 7680K, reserved 1056768K
  class space    used 628K, capacity 656K, committed 768K, reserved 1048576K

Card table byte_map: [0x0000000011700000,0x0000000011910000] byte_map_base: 0x0000000011100000

Marking Bits: (ParMarkBitMap*) 0x000000006238a5b0
 Begin Bits: [0x0000000011e70000, 0x0000000012e70000)
 End Bits:   [0x0000000012e70000, 0x0000000013e70000)

Polling page: 0x00000000001f0000

CodeCache: size=245760Kb used=9088Kb max_used=9126Kb free=236671Kb
 bounds [0x0000000002340000, 0x0000000002c30000, 0x0000000011340000]
 total_blobs=2409 nmethods=2139 adapters=182
 compilation: enabled

Compilation events (10 events):
Event: 8.882 Thread 0x0000000016272000 2209       2       com.android.dx.dex.code.StdCatchBuilder::getCatchTypes (97 bytes)
Event: 8.883 Thread 0x0000000016272000 nmethod 2209 0x0000000002c18790 code [0x0000000002c189a0, 0x0000000002c18ea8]
Event: 8.883 Thread 0x0000000014a12000 nmethod 2127 0x0000000002c15490 code [0x0000000002c155e0, 0x0000000002c157d8]
Event: 8.883 Thread 0x0000000014a12000 2163       4       java.util.TreeMap::successor (66 bytes)
Event: 8.885 Thread 0x0000000014a12000 nmethod 2163 0x0000000002c151d0 code [0x0000000002c15300, 0x0000000002c153b8]
Event: 8.885 Thread 0x0000000014a12000 2008       4       com.android.dx.ssa.BasicRegisterMapper::addMapping (68 bytes)
Event: 8.895 Thread 0x0000000014a12000 nmethod 2008 0x0000000002c167d0 code [0x0000000002c16920, 0x0000000002c16e98]
Event: 8.896 Thread 0x0000000014a12000 2206       4       com.android.dx.dex.code.OutputFinisher::addConstants (93 bytes)
Event: 8.931 Thread 0x0000000016272000 2211       2       com.android.dx.rop.code.SwitchInsn::getCatches (4 bytes)
Event: 8.931 Thread 0x0000000016272000 nmethod 2211 0x0000000002c16490 code [0x0000000002c165e0, 0x0000000002c16730]

GC Heap History (10 events):
Event: 3.620 GC heap before
{Heap before GC invocations=4 (full 0):
 PSYoungGen      total 53248K, used 53229K [0x00000000eab00000, 0x00000000f1300000, 0x0000000100000000)
  eden space 49152K, 100% used [0x00000000eab00000,0x00000000edb00000,0x00000000edb00000)
  from space 4096K, 99% used [0x00000000edb00000,0x00000000edefb488,0x00000000edf00000)
  to   space 4096K, 0% used [0x00000000f0f00000,0x00000000f0f00000,0x00000000f1300000)
 ParOldGen       total 65536K, used 9555K [0x00000000c0000000, 0x00000000c4000000, 0x00000000eab00000)
  object space 65536K, 14% used [0x00000000c0000000,0x00000000c0954e88,0x00000000c4000000)
 Metaspace       used 6274K, capacity 7152K, committed 7296K, reserved 1056768K
  class space    used 602K, capacity 616K, committed 640K, reserved 1048576K
Event: 3.645 GC heap after
Heap after GC invocations=4 (full 0):
 PSYoungGen      total 102400K, used 4065K [0x00000000eab00000, 0x00000000f1300000, 0x0000000100000000)
  eden space 98304K, 0% used [0x00000000eab00000,0x00000000eab00000,0x00000000f0b00000)
  from space 4096K, 99% used [0x00000000f0f00000,0x00000000f12f86f8,0x00000000f1300000)
  to   space 4096K, 0% used [0x00000000f0b00000,0x00000000f0b00000,0x00000000f0f00000)
 ParOldGen       total 65536K, used 16779K [0x00000000c0000000, 0x00000000c4000000, 0x00000000eab00000)
  object space 65536K, 25% used [0x00000000c0000000,0x00000000c1062d38,0x00000000c4000000)
 Metaspace       used 6274K, capacity 7152K, committed 7296K, reserved 1056768K
  class space    used 602K, capacity 616K, committed 640K, reserved 1048576K
}
Event: 4.710 GC heap before
{Heap before GC invocations=5 (full 0):
 PSYoungGen      total 102400K, used 102369K [0x00000000eab00000, 0x00000000f1300000, 0x0000000100000000)
  eden space 98304K, 100% used [0x00000000eab00000,0x00000000f0b00000,0x00000000f0b00000)
  from space 4096K, 99% used [0x00000000f0f00000,0x00000000f12f86f8,0x00000000f1300000)
  to   space 4096K, 0% used [0x00000000f0b00000,0x00000000f0b00000,0x00000000f0f00000)
 ParOldGen       total 65536K, used 16780K [0x00000000c0000000, 0x00000000c4000000, 0x00000000eab00000)
  object space 65536K, 25% used [0x00000000c0000000,0x00000000c1063360,0x00000000c4000000)
 Metaspace       used 6375K, capacity 7152K, committed 7296K, reserved 1056768K
  class space    used 602K, capacity 616K, committed 640K, reserved 1048576K
Event: 4.771 GC heap after
Heap after GC invocations=5 (full 0):
 PSYoungGen      total 102400K, used 4065K [0x00000000eab00000, 0x00000000f1300000, 0x0000000100000000)
  eden space 98304K, 0% used [0x00000000eab00000,0x00000000eab00000,0x00000000f0b00000)
  from space 4096K, 99% used [0x00000000f0b00000,0x00000000f0ef86f8,0x00000000f0f00000)
  to   space 4096K, 0% used [0x00000000f0f00000,0x00000000f0f00000,0x00000000f1300000)
 ParOldGen       total 65536K, used 32299K [0x00000000c0000000, 0x00000000c4000000, 0x00000000eab00000)
  object space 65536K, 49% used [0x00000000c0000000,0x00000000c1f8aea8,0x00000000c4000000)
 Metaspace       used 6375K, capacity 7152K, committed 7296K, reserved 1056768K
  class space    used 602K, capacity 616K, committed 640K, reserved 1048576K
}
Event: 5.829 GC heap before
{Heap before GC invocations=6 (full 0):
 PSYoungGen      total 102400K, used 102369K [0x00000000eab00000, 0x00000000f1300000, 0x0000000100000000)
  eden space 98304K, 100% used [0x00000000eab00000,0x00000000f0b00000,0x00000000f0b00000)
  from space 4096K, 99% used [0x00000000f0b00000,0x00000000f0ef86f8,0x00000000f0f00000)
  to   space 4096K, 0% used [0x00000000f0f00000,0x00000000f0f00000,0x00000000f1300000)
 ParOldGen       total 65536K, used 32299K [0x00000000c0000000, 0x00000000c4000000, 0x00000000eab00000)
  object space 65536K, 49% used [0x00000000c0000000,0x00000000c1f8aea8,0x00000000c4000000)
 Metaspace       used 6525K, capacity 7256K, committed 7424K, reserved 1056768K
  class space    used 622K, capacity 656K, committed 768K, reserved 1048576K
Event: 5.916 GC heap after
Heap after GC invocations=6 (full 0):
 PSYoungGen      total 102400K, used 4089K [0x00000000eab00000, 0x00000000f1300000, 0x0000000100000000)
  eden space 98304K, 0% used [0x00000000eab00000,0x00000000eab00000,0x00000000f0b00000)
  from space 4096K, 99% used [0x00000000f0f00000,0x00000000f12fe4f0,0x00000000f1300000)
  to   space 4096K, 0% used [0x00000000f0b00000,0x00000000f0b00000,0x00000000f0f00000)
 ParOldGen       total 65536K, used 47565K [0x00000000c0000000, 0x00000000c4000000, 0x00000000eab00000)
  object space 65536K, 72% used [0x00000000c0000000,0x00000000c2e73490,0x00000000c4000000)
 Metaspace       used 6525K, capacity 7256K, committed 7424K, reserved 1056768K
  class space    used 622K, capacity 656K, committed 768K, reserved 1048576K
}
Event: 5.916 GC heap before
{Heap before GC invocations=7 (full 1):
 PSYoungGen      total 102400K, used 4089K [0x00000000eab00000, 0x00000000f1300000, 0x0000000100000000)
  eden space 98304K, 0% used [0x00000000eab00000,0x00000000eab00000,0x00000000f0b00000)
  from space 4096K, 99% used [0x00000000f0f00000,0x00000000f12fe4f0,0x00000000f1300000)
  to   space 4096K, 0% used [0x00000000f0b00000,0x00000000f0b00000,0x00000000f0f00000)
 ParOldGen       total 65536K, used 47565K [0x00000000c0000000, 0x00000000c4000000, 0x00000000eab00000)
  object space 65536K, 72% used [0x00000000c0000000,0x00000000c2e73490,0x00000000c4000000)
 Metaspace       used 6525K, capacity 7256K, committed 7424K, reserved 1056768K
  class space    used 622K, capacity 656K, committed 768K, reserved 1048576K
Event: 6.968 GC heap after
Heap after GC invocations=7 (full 1):
 PSYoungGen      total 102400K, used 0K [0x00000000eab00000, 0x00000000f1300000, 0x0000000100000000)
  eden space 98304K, 0% used [0x00000000eab00000,0x00000000eab00000,0x00000000f0b00000)
  from space 4096K, 0% used [0x00000000f0f00000,0x00000000f0f00000,0x00000000f1300000)
  to   space 4096K, 0% used [0x00000000f0b00000,0x00000000f0b00000,0x00000000f0f00000)
 ParOldGen       total 113152K, used 49522K [0x00000000c0000000, 0x00000000c6e80000, 0x00000000eab00000)
  object space 113152K, 43% used [0x00000000c0000000,0x00000000c305ca68,0x00000000c6e80000)
 Metaspace       used 6525K, capacity 7256K, committed 7424K, reserved 1056768K
  class space    used 622K, capacity 656K, committed 768K, reserved 1048576K
}
Event: 7.959 GC heap before
{Heap before GC invocations=8 (full 1):
 PSYoungGen      total 102400K, used 98304K [0x00000000eab00000, 0x00000000f1300000, 0x0000000100000000)
  eden space 98304K, 100% used [0x00000000eab00000,0x00000000f0b00000,0x00000000f0b00000)
  from space 4096K, 0% used [0x00000000f0f00000,0x00000000f0f00000,0x00000000f1300000)
  to   space 4096K, 0% used [0x00000000f0b00000,0x00000000f0b00000,0x00000000f0f00000)
 ParOldGen       total 113152K, used 49522K [0x00000000c0000000, 0x00000000c6e80000, 0x00000000eab00000)
  object space 113152K, 43% used [0x00000000c0000000,0x00000000c305ca68,0x00000000c6e80000)
 Metaspace       used 6536K, capacity 7256K, committed 7424K, reserved 1056768K
  class space    used 622K, capacity 656K, committed 768K, reserved 1048576K
Event: 8.015 GC heap after
Heap after GC invocations=8 (full 1):
 PSYoungGen      total 102400K, used 4076K [0x00000000eab00000, 0x00000000f4f80000, 0x0000000100000000)
  eden space 98304K, 0% used [0x00000000eab00000,0x00000000eab00000,0x00000000f0b00000)
  from space 4096K, 99% used [0x00000000f0b00000,0x00000000f0efb0c8,0x00000000f0f00000)
  to   space 24576K, 0% used [0x00000000f3780000,0x00000000f3780000,0x00000000f4f80000)
 ParOldGen       total 113152K, used 60652K [0x00000000c0000000, 0x00000000c6e80000, 0x00000000eab00000)
  object space 113152K, 53% used [0x00000000c0000000,0x00000000c3b3b070,0x00000000c6e80000)
 Metaspace       used 6536K, capacity 7256K, committed 7424K, reserved 1056768K
  class space    used 622K, capacity 656K, committed 768K, reserved 1048576K
}

Deoptimization events (10 events):
Event: 5.777 Thread 0x000000001653a000 Uncommon trap: reason=unstable_if action=reinterpret pc=0x0000000002836714 method=java.util.HashMap.getNode(ILjava/lang/Object;)Ljava/util/HashMap$Node; @ 84
Event: 8.168 Thread 0x000000001653a000 Uncommon trap: reason=bimorphic action=maybe_recompile pc=0x0000000002b98b0c method=com.android.dx.cf.code.BytecodeArray.parseInstruction(ILcom/android/dx/cf/code/BytecodeArray$Visitor;)I @ 1287
Event: 8.168 Thread 0x000000001653a000 Uncommon trap: reason=bimorphic action=maybe_recompile pc=0x0000000002b98b0c method=com.android.dx.cf.code.BytecodeArray.parseInstruction(ILcom/android/dx/cf/code/BytecodeArray$Visitor;)I @ 1287
Event: 8.284 Thread 0x0000000002242800 Uncommon trap: reason=unstable_if action=reinterpret pc=0x00000000029d3688 method=java.util.HashMap.resize()[Ljava/util/HashMap$Node; @ 206
Event: 8.675 Thread 0x0000000016535000 Uncommon trap: reason=class_check action=maybe_recompile pc=0x0000000002818588 method=java.util.Arrays.hashCode([Ljava/lang/Object;)I @ 43
Event: 8.675 Thread 0x0000000016535000 Uncommon trap: reason=class_check action=maybe_recompile pc=0x0000000002818588 method=java.util.Arrays.hashCode([Ljava/lang/Object;)I @ 43
Event: 8.675 Thread 0x0000000016535000 Uncommon trap: reason=class_check action=maybe_recompile pc=0x0000000002818588 method=java.util.Arrays.hashCode([Ljava/lang/Object;)I @ 43
Event: 8.675 Thread 0x0000000016535000 Uncommon trap: reason=class_check action=maybe_recompile pc=0x0000000002818588 method=java.util.Arrays.hashCode([Ljava/lang/Object;)I @ 43
Event: 8.675 Thread 0x0000000016535000 Uncommon trap: reason=class_check action=maybe_recompile pc=0x00000000027e2ff4 method=java.util.Arrays.hashCode([Ljava/lang/Object;)I @ 43
Event: 8.730 Thread 0x0000000016535000 Uncommon trap: reason=class_check action=maybe_recompile pc=0x000000000278d188 method=java.util.HashMap.putVal(ILjava/lang/Object;Ljava/lang/Object;ZZ)Ljava/lang/Object; @ 203

Internal exceptions (7 events):
Event: 0.691 Thread 0x0000000002242800 Exception <a 'java/lang/NoSuchMethodError': Method sun.misc.Unsafe.defineClass(Ljava/lang/String;[BII)Ljava/lang/Class; name or signature does not match> (0x00000000eab0e530) thrown at [C:\re\workspace\8-2-build-windows-amd64-cygwin\jdk8u60\4407\hotspot\srHù&ÖÊ?
Event: 0.691 Thread 0x0000000002242800 Exception <a 'java/lang/NoSuchMethodError': Method sun.misc.Unsafe.prefetchRead(Ljava/lang/Object;J)V name or signature does not match> (0x00000000eab0e818) thrown at [C:\re\workspace\8-2-build-windows-amd64-cygwin\jdk8u60\4407\hotspot\src\share\vm\prims\j¨§Ï]*ˇ?
Event: 1.948 Thread 0x0000000002242800 Implicit null exception at 0x0000000002636be2 to 0x0000000002636ce1
Event: 4.400 Thread 0x0000000016539000 Implicit null exception at 0x00000000029a3133 to 0x00000000029a47f5
Event: 5.338 Thread 0x0000000016539000 Exception <a 'java/lang/ArrayIndexOutOfBoundsException': 18> (0x00000000ecfaef60) thrown at [C:\re\workspace\8-2-build-windows-amd64-cygwin\jdk8u60\4407\hotspot\src\share\vm\interpreter\interpreterRuntime.cpp, line 366]
Event: 5.339 Thread 0x0000000016539000 Exception <a 'java/lang/ArrayIndexOutOfBoundsException'> (0x00000000ecfb0ae0) thrown at [C:\re\workspace\8-2-build-windows-amd64-cygwin\jdk8u60\4407\hotspot\src\share\vm\runtime\sharedRuntime.cpp, line 605]
Event: 5.353 Thread 0x0000000016539000 Exception <a 'java/lang/ArrayIndexOutOfBoundsException'> (0x00000000ecfb1dc8) thrown at [C:\re\workspace\8-2-build-windows-amd64-cygwin\jdk8u60\4407\hotspot\src\share\vm\runtime\sharedRuntime.cpp, line 605]

Events (10 events):
Event: 8.749 loading class com/android/dx/dex/file/CatchStructs
Event: 8.749 loading class com/android/dx/dex/file/CatchStructs done
Event: 8.761 Thread 0x0000000016535000 DEOPT PACKING pc=0x0000000002bfded4 sp=0x000000001997e750
Event: 8.761 Thread 0x0000000016535000 DEOPT UNPACKING pc=0x000000000238787f sp=0x000000001997e4e0 mode 0
Event: 8.764 Thread 0x0000000016535000 DEOPT PACKING pc=0x0000000002bfc6f5 sp=0x000000001997e6d0
Event: 8.764 Thread 0x0000000016535000 DEOPT UNPACKING pc=0x000000000238787f sp=0x000000001997e418 mode 0
Event: 8.815 Thread 0x0000000016535000 DEOPT PACKING pc=0x0000000002bfe904 sp=0x000000001997e780
Event: 8.815 Thread 0x0000000016535000 DEOPT UNPACKING pc=0x000000000238787f sp=0x000000001997e4d0 mode 0
Event: 8.842 Thread 0x0000000016535000 DEOPT PACKING pc=0x0000000002bff588 sp=0x000000001997e810
Event: 8.842 Thread 0x0000000016535000 DEOPT UNPACKING pc=0x000000000238787f sp=0x000000001997e590 mode 0


Dynamic libraries:
0x00007ff736bc0000 - 0x00007ff736bf7000 	C:\Program Files\Java\jdk1.8.0_60\bin\java.exe
0x00007ffae6bb0000 - 0x00007ffae6d71000 	C:\WINDOWS\SYSTEM32\ntdll.dll
0x00007ffae5670000 - 0x00007ffae571d000 	C:\WINDOWS\system32\KERNEL32.DLL
0x00007ffae3950000 - 0x00007ffae3b38000 	C:\WINDOWS\system32\KERNELBASE.dll
0x00007ffae63a0000 - 0x00007ffae6447000 	C:\WINDOWS\system32\ADVAPI32.dll
0x00007ffae68c0000 - 0x00007ffae695d000 	C:\WINDOWS\system32\msvcrt.dll
0x00007ffae6b50000 - 0x00007ffae6bab000 	C:\WINDOWS\system32\sechost.dll
0x00007ffae6960000 - 0x00007ffae6a7c000 	C:\WINDOWS\system32\RPCRT4.dll
0x00007ffae5720000 - 0x00007ffae5876000 	C:\WINDOWS\system32\USER32.dll
0x00007ffae5880000 - 0x00007ffae5a06000 	C:\WINDOWS\system32\GDI32.dll
0x00007ffade460000 - 0x00007ffade6d4000 	C:\WINDOWS\WinSxS\amd64_microsoft.windows.common-controls_6595b64144ccf1df_6.0.10586.0_none_8c15ae12515e1c22\COMCTL32.dll
0x00007ffae6120000 - 0x00007ffae639d000 	C:\WINDOWS\system32\combase.dll
0x00007ffae3c40000 - 0x00007ffae3caa000 	C:\WINDOWS\system32\bcryptPrimitives.dll
0x00007ffae5630000 - 0x00007ffae566b000 	C:\WINDOWS\system32\IMM32.DLL
0x00007ffae30a0000 - 0x00007ffae30d1000 	C:\Windows\system32\nvinitx.dll
0x00007ffae3090000 - 0x00007ffae309a000 	C:\WINDOWS\SYSTEM32\VERSION.dll
0x00000000679e0000 - 0x00000000679e6000 	C:\Program Files\NVIDIA Corporation\CoProcManager\_etoured.dll
0x00007ffae0b10000 - 0x00007ffae0b43000 	C:\Program Files\NVIDIA Corporation\CoProcManager\nvd3d9wrapx.dll
0x00007ffae5c10000 - 0x00007ffae6039000 	C:\WINDOWS\system32\SETUPAPI.dll
0x00007ffae3b40000 - 0x00007ffae3b83000 	C:\WINDOWS\system32\CFGMGR32.dll
0x00007ffae0290000 - 0x00007ffae02b2000 	C:\Program Files\NVIDIA Corporation\CoProcManager\nvdxgiwrapx.dll
0x0000000062410000 - 0x00000000624e2000 	C:\Program Files\Java\jdk1.8.0_60\jre\bin\msvcr100.dll
0x0000000061b80000 - 0x0000000062409000 	C:\Program Files\Java\jdk1.8.0_60\jre\bin\server\jvm.dll
0x00007ffae68b0000 - 0x00007ffae68b8000 	C:\WINDOWS\system32\PSAPI.DLL
0x00007ffad8a40000 - 0x00007ffad8a49000 	C:\WINDOWS\SYSTEM32\WSOCK32.dll
0x00007ffae60b0000 - 0x00007ffae611b000 	C:\WINDOWS\system32\WS2_32.dll
0x00007ffae1330000 - 0x00007ffae1353000 	C:\WINDOWS\SYSTEM32\WINMM.dll
0x00007ffae1300000 - 0x00007ffae132c000 	C:\WINDOWS\SYSTEM32\WINMMBASE.dll
0x0000000061b70000 - 0x0000000061b7f000 	C:\Program Files\Java\jdk1.8.0_60\jre\bin\verify.dll
0x0000000061b40000 - 0x0000000061b69000 	C:\Program Files\Java\jdk1.8.0_60\jre\bin\java.dll
0x0000000061b20000 - 0x0000000061b36000 	C:\Program Files\Java\jdk1.8.0_60\jre\bin\zip.dll
0x00007ffae40c0000 - 0x00007ffae561c000 	C:\WINDOWS\system32\SHELL32.dll
0x00007ffae3240000 - 0x00007ffae3884000 	C:\WINDOWS\system32\windows.storage.dll
0x00007ffae3f90000 - 0x00007ffae3fe2000 	C:\WINDOWS\system32\shlwapi.dll
0x00007ffae31d0000 - 0x00007ffae31df000 	C:\WINDOWS\system32\kernel.appcore.dll
0x0000000002050000 - 0x0000000002105000 	C:\WINDOWS\system32\shcore.dll
0x00007ffae31e0000 - 0x00007ffae322b000 	C:\WINDOWS\system32\powrprof.dll
0x00007ffae31b0000 - 0x00007ffae31c4000 	C:\WINDOWS\system32\profapi.dll

VM Arguments:
jvm_args: -Djava.awt.headless=true -Xmx1024M -Dfile.encoding=windows-1252 -Duser.country=ES -Duser.language=es -Duser.variant 
java_command: com.android.dx.command.Main --dex --force-jumbo --num-threads=4 --multi-dex --output C:\Users\USER\Desktop\Proyectos\cashPokerProgresive3\app\build\intermediates\transforms\dex\debug\folders\1000\10\com.android.support-support-v4-23.3.0_db429b5fb1ff99f13d532b27b3b3c879874f19c4 C:\Users\USER\Desktop\Proyectos\cashPokerProgresive3\app\build\intermediates\exploded-aar\com.android.support\support-v4\23.3.0\jars\classes.jar
java_class_path (initial): C:\Users\USER\AppData\Local\Android\sdk\build-tools\23.0.3\lib\dx.jar
Launcher Type: SUN_STANDARD

Environment Variables:
CLASSPATH=.;C:\Program Files (x86)\QuickTime\QTSystem\QTJava.zip
USERNAME=USER
OS=Windows_NT
PROCESSOR_IDENTIFIER=Intel64 Family 6 Model 58 Stepping 9, GenuineIntel



---------------  S Y S T E M  ---------------

OS: Windows 10.0 , 64 bit Build 10586 (10.0.10586.0)

CPU:total 4 (2 cores per cpu, 2 threads per core) family 6 model 58 stepping 9, cmov, cx8, fxsr, mmx, sse, sse2, sse3, ssse3, sse4.1, sse4.2, popcnt, avx, aes, clmul, erms, ht, tsc, tscinvbit, tscinv

Memory: 4k page, physical 6167652k(755712k free), swap 9308260k(5748k free)

vm_info: Java HotSpot(TM) 64-Bit Server VM (25.60-b23) for windows-amd64 JRE (1.8.0_60-b27), built on Aug  4 2015 11:06:27 by "java_re" with MS VC++ 10.0 (VS2010)

time: Thu Sep 29 20:59:43 2016
elapsed time: 9 seconds (0d 0h 0m 9s)

