#
# There is insufficient memory for the Java Runtime Environment to continue.
# Native memory allocation (malloc) failed to allocate 113360 bytes for Chunk::new
# Possible reasons:
#   The system is out of physical RAM or swap space
#   In 32 bit mode, the process size limit was hit
# Possible solutions:
#   Reduce memory load on the system
#   Increase physical memory or swap space
#   Check if swap backing store is full
#   Use 64 bit Java on a 64 bit OS
#   Decrease Java heap size (-Xmx/-Xms)
#   Decrease number of Java threads
#   Decrease Java thread stack sizes (-Xss)
#   Set larger code cache with -XX:ReservedCodeCacheSize=
# This output file may be truncated or incomplete.
#
#  Out of Memory Error (allocation.cpp:390), pid=6372, tid=5216
#
# JRE version: Java(TM) SE Runtime Environment (8.0_60-b27) (build 1.8.0_60-b27)
# Java VM: Java HotSpot(TM) 64-Bit Server VM (25.60-b23 mixed mode windows-amd64 compressed oops)
# Failed to write core dump. Minidumps are not enabled by default on client versions of Windows
#

---------------  T H R E A D  ---------------

Current thread (0x0000000014a23800):  JavaThread "C2 CompilerThread1" daemon [_thread_in_native, id=5216, stack(0x0000000016180000,0x0000000016280000)]

Stack: [0x0000000016180000,0x0000000016280000]
[error occurred during error reporting (printing stack bounds), id 0xc0000005]

Native frames: (J=compiled Java code, j=interpreted, Vv=VM code, C=native code)


Current CompileTask:
C2:  10146 1034       4       com.android.dx.ssa.SsaMethod::forEachInsn (36 bytes)


---------------  P R O C E S S  ---------------

Java Threads: ( => current thread )
  0x0000000016707800 JavaThread "pool-2-thread-4" [_thread_in_Java, id=980, stack(0x0000000016d80000,0x0000000016e80000)]
  0x0000000016774000 JavaThread "pool-2-thread-3" [_thread_in_Java, id=5504, stack(0x0000000016c80000,0x0000000016d80000)]
  0x0000000016775800 JavaThread "pool-2-thread-2" [_thread_in_Java, id=1516, stack(0x0000000016b80000,0x0000000016c80000)]
  0x00000000165e6000 JavaThread "pool-3-thread-1" [_thread_blocked, id=6480, stack(0x0000000016a80000,0x0000000016b80000)]
  0x0000000016612000 JavaThread "pool-2-thread-1" [_thread_blocked, id=9160, stack(0x0000000016980000,0x0000000016a80000)]
  0x00000000163bb800 JavaThread "Service Thread" daemon [_thread_blocked, id=8768, stack(0x0000000016780000,0x0000000016880000)]
  0x0000000014a32000 JavaThread "C1 CompilerThread2" daemon [_thread_in_vm, id=2724, stack(0x0000000016280000,0x0000000016380000)]
=>0x0000000014a23800 JavaThread "C2 CompilerThread1" daemon [_thread_in_native, id=5216, stack(0x0000000016180000,0x0000000016280000)]
  0x0000000014a21000 JavaThread "C2 CompilerThread0" daemon [_thread_in_native, id=2176, stack(0x0000000016080000,0x0000000016180000)]
  0x0000000014a1f000 JavaThread "Attach Listener" daemon [_thread_blocked, id=1656, stack(0x0000000015f80000,0x0000000016080000)]
  0x0000000014a1e000 JavaThread "Signal Dispatcher" daemon [_thread_blocked, id=1920, stack(0x0000000015e80000,0x0000000015f80000)]
  0x0000000002348800 JavaThread "Finalizer" daemon [_thread_blocked, id=5784, stack(0x0000000015c80000,0x0000000015d80000)]
  0x000000000233f800 JavaThread "Reference Handler" daemon [_thread_blocked, id=8108, stack(0x0000000015b80000,0x0000000015c80000)]
  0x0000000002252800 JavaThread "main" [_thread_in_Java, id=3964, stack(0x0000000002110000,0x0000000002210000)]

Other Threads:
  0x00000000149e8800 VMThread [stack: 0x0000000015a80000,0x0000000015b80000] [id=9048]
  0x00000000163d6000 WatcherThread [stack: 0x0000000016880000,0x0000000016980000] [id=2448]

VM state:not at safepoint (normal execution)

VM Mutex/Monitor currently owned by a thread: None

Heap:
 PSYoungGen      total 28672K, used 17176K [0x00000000eab00000, 0x00000000ecb00000, 0x0000000100000000)
  eden space 24576K, 56% used [0x00000000eab00000,0x00000000eb89e338,0x00000000ec300000)
  from space 4096K, 78% used [0x00000000ec300000,0x00000000ec627d48,0x00000000ec700000)
  to   space 4096K, 0% used [0x00000000ec700000,0x00000000ec700000,0x00000000ecb00000)
 ParOldGen       total 65536K, used 8K [0x00000000c0000000, 0x00000000c4000000, 0x00000000eab00000)
  object space 65536K, 0% used [0x00000000c0000000,0x00000000c0002000,0x00000000c4000000)
 Metaspace       used 5887K, capacity 6832K, committed 7040K, reserved 1056768K
  class space    used 595K, capacity 616K, committed 640K, reserved 1048576K

Card table byte_map: [0x0000000011710000,0x0000000011920000] byte_map_base: 0x0000000011110000

Marking Bits: (ParMarkBitMap*) 0x0000000069fea5b0
 Begin Bits: [0x0000000011e80000, 0x0000000012e80000)
 End Bits:   [0x0000000012e80000, 0x0000000013e80000)

Polling page: 0x00000000001f0000

CodeCache: size=245760Kb used=4210Kb max_used=4210Kb free=241549Kb
 bounds [0x0000000002350000, 0x0000000002770000, 0x0000000011350000]
 total_blobs=1366 nmethods=1097 adapters=182
 compilation: enabled

Compilation events (10 events):
Event: 10.124 Thread 0x0000000014a32000 nmethod 1074 0x00000000027409d0 code [0x0000000002741560, 0x000000000274b158]
Event: 10.124 Thread 0x0000000014a32000 1080   !   3       com.android.dx.cf.code.Simulator::simulate (74 bytes)
Event: 10.125 Thread 0x0000000014a32000 nmethod 1080 0x0000000002737410 code [0x00000000027375e0, 0x0000000002737e98]
Event: 10.125 Thread 0x0000000014a32000 1087       3       com.android.dx.cf.code.ByteBlock::<init> (181 bytes)
Event: 10.126 Thread 0x0000000014a32000 nmethod 1087 0x000000000273ead0 code [0x000000000273eda0, 0x00000000027400a8]
Event: 10.126 Thread 0x0000000014a32000 1089       3       com.android.dx.cf.code.Ropper::getAvailableLabel (54 bytes)
Event: 10.127 Thread 0x0000000014a32000 nmethod 1089 0x0000000002753fd0 code [0x00000000027541a0, 0x0000000002754b68]
Event: 10.127 Thread 0x0000000014a32000 1065       3       com.android.dx.ssa.LocalVariableExtractor::doit (59 bytes)
Event: 10.127 Thread 0x0000000014a32000 nmethod 1065 0x000000000273e1d0 code [0x000000000273e380, 0x000000000273e8c8]
Event: 10.127 Thread 0x0000000014a32000 1075       3       com.android.dx.cf.code.ByteCatchList::toRopCatchList (57 bytes)

GC Heap History (2 events):
Event: 9.695 GC heap before
{Heap before GC invocations=1 (full 0):
 PSYoungGen      total 28672K, used 24576K [0x00000000eab00000, 0x00000000ecb00000, 0x0000000100000000)
  eden space 24576K, 100% used [0x00000000eab00000,0x00000000ec300000,0x00000000ec300000)
  from space 4096K, 0% used [0x00000000ec700000,0x00000000ec700000,0x00000000ecb00000)
  to   space 4096K, 0% used [0x00000000ec300000,0x00000000ec300000,0x00000000ec700000)
 ParOldGen       total 65536K, used 0K [0x00000000c0000000, 0x00000000c4000000, 0x00000000eab00000)
  object space 65536K, 0% used [0x00000000c0000000,0x00000000c0000000,0x00000000c4000000)
 Metaspace       used 5311K, capacity 6320K, committed 6528K, reserved 1056768K
  class space    used 583K, capacity 616K, committed 640K, reserved 1048576K
Event: 9.699 GC heap after
Heap after GC invocations=1 (full 0):
 PSYoungGen      total 28672K, used 3231K [0x00000000eab00000, 0x00000000ecb00000, 0x0000000100000000)
  eden space 24576K, 0% used [0x00000000eab00000,0x00000000eab00000,0x00000000ec300000)
  from space 4096K, 78% used [0x00000000ec300000,0x00000000ec627d48,0x00000000ec700000)
  to   space 4096K, 0% used [0x00000000ec700000,0x00000000ec700000,0x00000000ecb00000)
 ParOldGen       total 65536K, used 8K [0x00000000c0000000, 0x00000000c4000000, 0x00000000eab00000)
  object space 65536K, 0% used [0x00000000c0000000,0x00000000c0002000,0x00000000c4000000)
 Metaspace       used 5311K, capacity 6320K, committed 6528K, reserved 1056768K
  class space    used 583K, capacity 616K, committed 640K, reserved 1048576K
}

Deoptimization events (6 events):
Event: 9.770 Thread 0x0000000016775800 Uncommon trap: reason=unstable_if action=reinterpret pc=0x0000000002566628 method=java.util.HashMap.getNode(ILjava/lang/Object;)Ljava/util/HashMap$Node; @ 129
Event: 9.813 Thread 0x0000000016774000 Uncommon trap: reason=unstable_if action=reinterpret pc=0x000000000257b7f0 method=java.util.BitSet.nextSetBit(I)I @ 87
Event: 10.005 Thread 0x0000000016707800 Uncommon trap: reason=unloaded action=reinterpret pc=0x000000000263504c method=com.android.dx.ssa.SsaRenamer$BlockRenamer.visitMoveInsn(Lcom/android/dx/ssa/NormalSsaInsn;)V @ 208
Event: 10.005 Thread 0x0000000016707800 Uncommon trap: reason=unstable_if action=reinterpret pc=0x000000000267ebd0 method=com.android.dx.ssa.NormalSsaInsn.getLocalAssignment()Lcom/android/dx/rop/code/RegisterSpec; @ 12
Event: 10.005 Thread 0x0000000016707800 Uncommon trap: reason=unstable_if action=reinterpret pc=0x00000000026331e8 method=com.android.dx.ssa.NormalSsaInsn.getLocalAssignment()Lcom/android/dx/rop/code/RegisterSpec; @ 12
Event: 10.005 Thread 0x0000000016707800 Uncommon trap: reason=unstable_if action=reinterpret pc=0x0000000002629e70 method=com.android.dx.ssa.NormalSsaInsn.getLocalAssignment()Lcom/android/dx/rop/code/RegisterSpec; @ 12

Internal exceptions (2 events):
Event: 0.030 Thread 0x0000000002252800 Exception <a 'java/lang/NoSuchMethodError': Method sun.misc.Unsafe.defineClass(Ljava/lang/String;[BII)Ljava/lang/Class; name or signature does not match> (0x00000000eab0e568) thrown at [C:\re\workspace\8-2-build-windows-amd64-cygwin\jdk8u60\4407\hotspot\srý"œ`nž?
Event: 0.030 Thread 0x0000000002252800 Exception <a 'java/lang/NoSuchMethodError': Method sun.misc.Unsafe.prefetchRead(Ljava/lang/Object;J)V name or signature does not match> (0x00000000eab0e850) thrown at [C:\re\workspace\8-2-build-windows-amd64-cygwin\jdk8u60\4407\hotspot\src\share\vm\prims\j

Events (10 events):
Event: 10.005 Thread 0x0000000016707800 Uncommon trap: trap_request=0xffffff65 fr.pc=0x000000000267ebd0
Event: 10.005 Thread 0x0000000016707800 DEOPT PACKING pc=0x000000000267ebd0 sp=0x0000000016e7e650
Event: 10.005 Thread 0x0000000016707800 DEOPT UNPACKING pc=0x000000000239582a sp=0x0000000016e7e468 mode 2
Event: 10.005 Thread 0x0000000016707800 Uncommon trap: trap_request=0xffffff65 fr.pc=0x00000000026331e8
Event: 10.005 Thread 0x0000000016707800 DEOPT PACKING pc=0x00000000026331e8 sp=0x0000000016e7e6e0
Event: 10.005 Thread 0x0000000016707800 DEOPT UNPACKING pc=0x000000000239582a sp=0x0000000016e7e600 mode 2
Event: 10.005 Thread 0x0000000016707800 Uncommon trap: trap_request=0xffffff65 fr.pc=0x0000000002629e70
Event: 10.005 Thread 0x0000000016707800 DEOPT PACKING pc=0x0000000002629e70 sp=0x0000000016e7e520
Event: 10.005 Thread 0x0000000016707800 DEOPT UNPACKING pc=0x000000000239582a sp=0x0000000016e7e4b0 mode 2
Event: 10.022 loading class java/util/DualPivotQuicksort done


Dynamic libraries:
0x00007ff7efe90000 - 0x00007ff7efec7000 	C:\Program Files\Java\jdk1.8.0_60\bin\java.exe
0x00007ffaf7bd0000 - 0x00007ffaf7d91000 	C:\WINDOWS\SYSTEM32\ntdll.dll
0x00007ffaf5170000 - 0x00007ffaf521d000 	C:\WINDOWS\system32\KERNEL32.DLL
0x00007ffaf4310000 - 0x00007ffaf44f8000 	C:\WINDOWS\system32\KERNELBASE.dll
0x00007ffaf6d10000 - 0x00007ffaf6db7000 	C:\WINDOWS\system32\ADVAPI32.dll
0x00007ffaf6b50000 - 0x00007ffaf6bed000 	C:\WINDOWS\system32\msvcrt.dll
0x00007ffaf6ca0000 - 0x00007ffaf6cfb000 	C:\WINDOWS\system32\sechost.dll
0x00007ffaf5250000 - 0x00007ffaf536c000 	C:\WINDOWS\system32\RPCRT4.dll
0x00007ffaf4fb0000 - 0x00007ffaf5106000 	C:\WINDOWS\system32\USER32.dll
0x00007ffaf7890000 - 0x00007ffaf7a16000 	C:\WINDOWS\system32\GDI32.dll
0x00007ffaeb240000 - 0x00007ffaeb4b4000 	C:\WINDOWS\WinSxS\amd64_microsoft.windows.common-controls_6595b64144ccf1df_6.0.10586.0_none_8c15ae12515e1c22\COMCTL32.dll
0x00007ffaf72b0000 - 0x00007ffaf752d000 	C:\WINDOWS\system32\combase.dll
0x00007ffaf4f40000 - 0x00007ffaf4faa000 	C:\WINDOWS\system32\bcryptPrimitives.dll
0x00007ffaf6bf0000 - 0x00007ffaf6c2b000 	C:\WINDOWS\system32\IMM32.DLL
0x00007ffaf40c0000 - 0x00007ffaf40f1000 	C:\Windows\system32\nvinitx.dll
0x00007ffaf40b0000 - 0x00007ffaf40ba000 	C:\WINDOWS\SYSTEM32\VERSION.dll
0x000000006f790000 - 0x000000006f796000 	C:\Program Files\NVIDIA Corporation\CoProcManager\_etoured.dll
0x00007ffaf16a0000 - 0x00007ffaf16d3000 	C:\Program Files\NVIDIA Corporation\CoProcManager\nvd3d9wrapx.dll
0x00007ffaf6dc0000 - 0x00007ffaf71e9000 	C:\WINDOWS\system32\SETUPAPI.dll
0x00007ffaf4760000 - 0x00007ffaf47a3000 	C:\WINDOWS\system32\CFGMGR32.dll
0x00007ffaefd40000 - 0x00007ffaefd62000 	C:\Program Files\NVIDIA Corporation\CoProcManager\nvdxgiwrapx.dll
0x000000006a070000 - 0x000000006a142000 	C:\Program Files\Java\jdk1.8.0_60\jre\bin\msvcr100.dll
0x00000000697e0000 - 0x000000006a069000 	C:\Program Files\Java\jdk1.8.0_60\jre\bin\server\jvm.dll
0x00007ffaf6d00000 - 0x00007ffaf6d08000 	C:\WINDOWS\system32\PSAPI.DLL
0x00007ffae7f20000 - 0x00007ffae7f29000 	C:\WINDOWS\SYSTEM32\WSOCK32.dll
0x00007ffaf2850000 - 0x00007ffaf2873000 	C:\WINDOWS\SYSTEM32\WINMM.dll
0x00007ffaf6c30000 - 0x00007ffaf6c9b000 	C:\WINDOWS\system32\WS2_32.dll
0x00000000020e0000 - 0x000000000210c000 	C:\WINDOWS\SYSTEM32\WINMMBASE.dll
0x00000000697d0000 - 0x00000000697df000 	C:\Program Files\Java\jdk1.8.0_60\jre\bin\verify.dll
0x00000000697a0000 - 0x00000000697c9000 	C:\Program Files\Java\jdk1.8.0_60\jre\bin\java.dll
0x0000000069780000 - 0x0000000069796000 	C:\Program Files\Java\jdk1.8.0_60\jre\bin\zip.dll
0x00007ffaf5370000 - 0x00007ffaf68cc000 	C:\WINDOWS\system32\SHELL32.dll
0x00007ffaf48d0000 - 0x00007ffaf4f14000 	C:\WINDOWS\system32\windows.storage.dll
0x00007ffaf5110000 - 0x00007ffaf5162000 	C:\WINDOWS\system32\shlwapi.dll
0x00007ffaf4250000 - 0x00007ffaf425f000 	C:\WINDOWS\system32\kernel.appcore.dll
0x00007ffaf4810000 - 0x00007ffaf48c5000 	C:\WINDOWS\system32\shcore.dll
0x00007ffaf41f0000 - 0x00007ffaf423b000 	C:\WINDOWS\system32\powrprof.dll
0x00007ffaf41d0000 - 0x00007ffaf41e4000 	C:\WINDOWS\system32\profapi.dll

VM Arguments:
jvm_args: -Djava.awt.headless=true -Xmx1024M -Dfile.encoding=windows-1252 -Duser.country=ES -Duser.language=es -Duser.variant 
java_command: com.android.dx.command.Main --dex --force-jumbo --num-threads=4 --multi-dex --output C:\Users\USER\Desktop\Proyectos\cashPokerProgresive3\app\build\intermediates\transforms\dex\debug\folders\1000\10\com.google.android.gms-play-services-basement-8.1.0_76ba1d26682c7f626d936944a75a060331f7fd2d C:\Users\USER\Desktop\Proyectos\cashPokerProgresive3\app\build\intermediates\exploded-aar\com.google.android.gms\play-services-basement\8.1.0\jars\classes.jar
java_class_path (initial): C:\Users\USER\AppData\Local\Android\sdk\build-tools\23.0.3\lib\dx.jar
Launcher Type: SUN_STANDARD

Environment Variables:
CLASSPATH=.;C:\Program Files (x86)\QuickTime\QTSystem\QTJava.zip
USERNAME=USER
OS=Windows_NT
PROCESSOR_IDENTIFIER=Intel64 Family 6 Model 58 Stepping 9, GenuineIntel



---------------  S Y S T E M  ---------------

OS: Windows 10.0 , 64 bit Build 10586 (10.0.10586.0)

CPU:total 4 (2 cores per cpu, 2 threads per core) family 6 model 58 stepping 9, cmov, cx8, fxsr, mmx, sse, sse2, sse3, ssse3, sse4.1, sse4.2, popcnt, avx, aes, clmul, erms, ht, tsc, tscinvbit, tscinv

Memory: 4k page, physical 6167652k(744804k free), swap 9308260k(5676k free)

vm_info: Java HotSpot(TM) 64-Bit Server VM (25.60-b23) for windows-amd64 JRE (1.8.0_60-b27), built on Aug  4 2015 11:06:27 by "java_re" with MS VC++ 10.0 (VS2010)

time: Thu Sep 15 13:33:12 2016
elapsed time: 10 seconds (0d 0h 0m 10s)

