#
# There is insufficient memory for the Java Runtime Environment to continue.
# Native memory allocation (malloc) failed to allocate 657616 bytes for Chunk::new
# Possible reasons:
#   The system is out of physical RAM or swap space
#   In 32 bit mode, the process size limit was hit
# Possible solutions:
#   Reduce memory load on the system
#   Increase physical memory or swap space
#   Check if swap backing store is full
#   Use 64 bit Java on a 64 bit OS
#   Decrease Java heap size (-Xmx/-Xms)
#   Decrease number of Java threads
#   Decrease Java thread stack sizes (-Xss)
#   Set larger code cache with -XX:ReservedCodeCacheSize=
# This output file may be truncated or incomplete.
#
#  Out of Memory Error (allocation.cpp:390), pid=10436, tid=5580
#
# JRE version: Java(TM) SE Runtime Environment (8.0_60-b27) (build 1.8.0_60-b27)
# Java VM: Java HotSpot(TM) 64-Bit Server VM (25.60-b23 mixed mode windows-amd64 compressed oops)
# Failed to write core dump. Minidumps are not enabled by default on client versions of Windows
#

---------------  T H R E A D  ---------------

Current thread (0x0000000014953000):  JavaThread "C2 CompilerThread1" daemon [_thread_in_native, id=5580, stack(0x00000000160e0000,0x00000000161e0000)]

Stack: [0x00000000160e0000,0x00000000161e0000]
[error occurred during error reporting (printing stack bounds), id 0xc0000005]

Native frames: (J=compiled Java code, j=interpreted, Vv=VM code, C=native code)


Current CompileTask:
C2:   8361 1709       4       com.android.dx.rop.code.Rops::ropFor (771 bytes)


---------------  P R O C E S S  ---------------

Java Threads: ( => current thread )
  0x000000001658a000 JavaThread "pool-2-thread-4" [_thread_in_Java, id=10292, stack(0x0000000016ce0000,0x0000000016de0000)]
  0x0000000016587800 JavaThread "pool-2-thread-3" [_thread_in_Java, id=6272, stack(0x0000000016be0000,0x0000000016ce0000)]
  0x0000000016582800 JavaThread "pool-2-thread-2" [_thread_in_Java, id=10892, stack(0x0000000016ae0000,0x0000000016be0000)]
  0x000000001659f000 JavaThread "pool-3-thread-1" [_thread_blocked, id=8492, stack(0x00000000169e0000,0x0000000016ae0000)]
  0x0000000016598800 JavaThread "pool-2-thread-1" [_thread_in_Java, id=6736, stack(0x00000000168e0000,0x00000000169e0000)]
  0x00000000162e4800 JavaThread "Service Thread" daemon [_thread_blocked, id=5332, stack(0x00000000166e0000,0x00000000167e0000)]
  0x00000000149ad000 JavaThread "C1 CompilerThread2" daemon [_thread_blocked, id=11796, stack(0x00000000161e0000,0x00000000162e0000)]
=>0x0000000014953000 JavaThread "C2 CompilerThread1" daemon [_thread_in_native, id=5580, stack(0x00000000160e0000,0x00000000161e0000)]
  0x0000000014950000 JavaThread "C2 CompilerThread0" daemon [_thread_in_native, id=11268, stack(0x0000000015fe0000,0x00000000160e0000)]
  0x000000001494e000 JavaThread "Attach Listener" daemon [_thread_blocked, id=1936, stack(0x0000000015ee0000,0x0000000015fe0000)]
  0x000000001494d000 JavaThread "Signal Dispatcher" daemon [_thread_blocked, id=6792, stack(0x0000000015de0000,0x0000000015ee0000)]
  0x0000000002182800 JavaThread "Finalizer" daemon [_thread_blocked, id=4812, stack(0x0000000015be0000,0x0000000015ce0000)]
  0x000000000217f800 JavaThread "Reference Handler" daemon [_thread_blocked, id=8600, stack(0x0000000015ae0000,0x0000000015be0000)]
  0x000000000227e800 JavaThread "main" [_thread_in_Java, id=10576, stack(0x0000000001f50000,0x0000000002050000)]

Other Threads:
  0x0000000014918000 VMThread [stack: 0x00000000159e0000,0x0000000015ae0000] [id=10968]
  0x00000000162ec000 WatcherThread [stack: 0x00000000167e0000,0x00000000168e0000] [id=7332]

VM state:not at safepoint (normal execution)

VM Mutex/Monitor currently owned by a thread: None

Heap:
 PSYoungGen      total 53248K, used 21602K [0x00000000eab00000, 0x00000000ee300000, 0x0000000100000000)
  eden space 49152K, 35% used [0x00000000eab00000,0x00000000ebc1d790,0x00000000edb00000)
  from space 4096K, 99% used [0x00000000edb00000,0x00000000edefb160,0x00000000edf00000)
  to   space 4096K, 0% used [0x00000000edf00000,0x00000000edf00000,0x00000000ee300000)
 ParOldGen       total 65536K, used 11348K [0x00000000c0000000, 0x00000000c4000000, 0x00000000eab00000)
  object space 65536K, 17% used [0x00000000c0000000,0x00000000c0b15198,0x00000000c4000000)
 Metaspace       used 6250K, capacity 7152K, committed 7296K, reserved 1056768K
  class space    used 602K, capacity 616K, committed 640K, reserved 1048576K

Card table byte_map: [0x0000000011640000,0x0000000011850000] byte_map_base: 0x0000000011040000

Marking Bits: (ParMarkBitMap*) 0x00000000627aa5b0
 Begin Bits: [0x0000000011db0000, 0x0000000012db0000)
 End Bits:   [0x0000000012db0000, 0x0000000013db0000)

Polling page: 0x00000000001f0000

CodeCache: size=245760Kb used=7755Kb max_used=7755Kb free=238004Kb
 bounds [0x0000000002280000, 0x0000000002a20000, 0x0000000011280000]
 total_blobs=2021 nmethods=1751 adapters=182
 compilation: enabled

Compilation events (10 events):
Event: 7.386 Thread 0x0000000014950000 nmethod 1705 0x00000000029faf90 code [0x00000000029fba40, 0x00000000029fd210]
Event: 7.386 Thread 0x0000000014950000 1692       4       com.android.dx.rop.type.Type::getFrameType (5 bytes)
Event: 7.386 Thread 0x0000000014950000 nmethod 1692 0x0000000002844bd0 code [0x0000000002844d00, 0x0000000002844d98]
Event: 7.386 Thread 0x0000000014950000 1715   !   4       com.android.dx.cf.code.Ropper::processBlock (1101 bytes)
Event: 7.519 Thread 0x00000000149ad000 1717       3       com.android.dx.dex.code.BlockAddresses::<init> (44 bytes)
Event: 7.519 Thread 0x00000000149ad000 nmethod 1717 0x00000000029e9750 code [0x00000000029e98e0, 0x00000000029e9df8]
Event: 7.519 Thread 0x00000000149ad000 1718       3       com.android.dx.dex.code.RopTranslator::translateAndGetResult (48 bytes)
Event: 7.520 Thread 0x00000000149ad000 nmethod 1718 0x00000000029e8d90 code [0x00000000029e8f60, 0x00000000029e9498]
Event: 7.526 Thread 0x00000000149ad000 1720       3       com.android.dx.dex.code.OutputFinisher::<init> (48 bytes)
Event: 7.526 Thread 0x00000000149ad000 nmethod 1720 0x00000000029ef450 code [0x00000000029ef5c0, 0x00000000029ef868]

GC Heap History (6 events):
Event: 2.327 GC heap before
{Heap before GC invocations=1 (full 0):
 PSYoungGen      total 28672K, used 24576K [0x00000000eab00000, 0x00000000ecb00000, 0x0000000100000000)
  eden space 24576K, 100% used [0x00000000eab00000,0x00000000ec300000,0x00000000ec300000)
  from space 4096K, 0% used [0x00000000ec700000,0x00000000ec700000,0x00000000ecb00000)
  to   space 4096K, 0% used [0x00000000ec300000,0x00000000ec300000,0x00000000ec700000)
 ParOldGen       total 65536K, used 0K [0x00000000c0000000, 0x00000000c4000000, 0x00000000eab00000)
  object space 65536K, 0% used [0x00000000c0000000,0x00000000c0000000,0x00000000c4000000)
 Metaspace       used 5950K, capacity 6896K, committed 7040K, reserved 1056768K
  class space    used 597K, capacity 616K, committed 640K, reserved 1048576K
Event: 2.601 GC heap after
Heap after GC invocations=1 (full 0):
 PSYoungGen      total 28672K, used 4080K [0x00000000eab00000, 0x00000000ee300000, 0x0000000100000000)
  eden space 24576K, 0% used [0x00000000eab00000,0x00000000eab00000,0x00000000ec300000)
  from space 4096K, 99% used [0x00000000ec300000,0x00000000ec6fc030,0x00000000ec700000)
  to   space 4096K, 0% used [0x00000000edf00000,0x00000000edf00000,0x00000000ee300000)
 ParOldGen       total 65536K, used 1092K [0x00000000c0000000, 0x00000000c4000000, 0x00000000eab00000)
  object space 65536K, 1% used [0x00000000c0000000,0x00000000c01113b0,0x00000000c4000000)
 Metaspace       used 5950K, capacity 6896K, committed 7040K, reserved 1056768K
  class space    used 597K, capacity 616K, committed 640K, reserved 1048576K
}
Event: 4.530 GC heap before
{Heap before GC invocations=2 (full 0):
 PSYoungGen      total 28672K, used 28656K [0x00000000eab00000, 0x00000000ee300000, 0x0000000100000000)
  eden space 24576K, 100% used [0x00000000eab00000,0x00000000ec300000,0x00000000ec300000)
  from space 4096K, 99% used [0x00000000ec300000,0x00000000ec6fc030,0x00000000ec700000)
  to   space 4096K, 0% used [0x00000000edf00000,0x00000000edf00000,0x00000000ee300000)
 ParOldGen       total 65536K, used 1092K [0x00000000c0000000, 0x00000000c4000000, 0x00000000eab00000)
  object space 65536K, 1% used [0x00000000c0000000,0x00000000c01113b0,0x00000000c4000000)
 Metaspace       used 6145K, capacity 7024K, committed 7296K, reserved 1056768K
  class space    used 601K, capacity 616K, committed 640K, reserved 1048576K
Event: 4.544 GC heap after
Heap after GC invocations=2 (full 0):
 PSYoungGen      total 53248K, used 4074K [0x00000000eab00000, 0x00000000ee300000, 0x0000000100000000)
  eden space 49152K, 0% used [0x00000000eab00000,0x00000000eab00000,0x00000000edb00000)
  from space 4096K, 99% used [0x00000000edf00000,0x00000000ee2fa918,0x00000000ee300000)
  to   space 4096K, 0% used [0x00000000edb00000,0x00000000edb00000,0x00000000edf00000)
 ParOldGen       total 65536K, used 4457K [0x00000000c0000000, 0x00000000c4000000, 0x00000000eab00000)
  object space 65536K, 6% used [0x00000000c0000000,0x00000000c045a5a0,0x00000000c4000000)
 Metaspace       used 6145K, capacity 7024K, committed 7296K, reserved 1056768K
  class space    used 601K, capacity 616K, committed 640K, reserved 1048576K
}
Event: 8.263 GC heap before
{Heap before GC invocations=3 (full 0):
 PSYoungGen      total 53248K, used 53226K [0x00000000eab00000, 0x00000000ee300000, 0x0000000100000000)
  eden space 49152K, 100% used [0x00000000eab00000,0x00000000edb00000,0x00000000edb00000)
  from space 4096K, 99% used [0x00000000edf00000,0x00000000ee2fa918,0x00000000ee300000)
  to   space 4096K, 0% used [0x00000000edb00000,0x00000000edb00000,0x00000000edf00000)
 ParOldGen       total 65536K, used 4457K [0x00000000c0000000, 0x00000000c4000000, 0x00000000eab00000)
  object space 65536K, 6% used [0x00000000c0000000,0x00000000c045a5a0,0x00000000c4000000)
 Metaspace       used 6219K, capacity 7088K, committed 7296K, reserved 1056768K
  class space    used 601K, capacity 616K, committed 640K, reserved 1048576K
Event: 8.315 GC heap after
Heap after GC invocations=3 (full 0):
 PSYoungGen      total 53248K, used 4076K [0x00000000eab00000, 0x00000000ee300000, 0x0000000100000000)
  eden space 49152K, 0% used [0x00000000eab00000,0x00000000eab00000,0x00000000edb00000)
  from space 4096K, 99% used [0x00000000edb00000,0x00000000edefb160,0x00000000edf00000)
  to   space 4096K, 0% used [0x00000000edf00000,0x00000000edf00000,0x00000000ee300000)
 ParOldGen       total 65536K, used 11348K [0x00000000c0000000, 0x00000000c4000000, 0x00000000eab00000)
  object space 65536K, 17% used [0x00000000c0000000,0x00000000c0b15198,0x00000000c4000000)
 Metaspace       used 6219K, capacity 7088K, committed 7296K, reserved 1056768K
  class space    used 601K, capacity 616K, committed 640K, reserved 1048576K
}

Deoptimization events (10 events):
Event: 4.639 Thread 0x000000001658a000 Uncommon trap: reason=bimorphic action=maybe_recompile pc=0x00000000027ff5b0 method=com.android.dx.ssa.LiteralOpUpgrader.tryReplacingWithConstant(Lcom/android/dx/ssa/NormalSsaInsn;)Z @ 52
Event: 4.643 Thread 0x000000000227e800 Uncommon trap: reason=unloaded action=reinterpret pc=0x00000000028a0dfc method=com.android.dx.cf.cst.ConstantPoolParser.parse0(ILjava/util/BitSet;)Lcom/android/dx/rop/cst/Constant; @ 198
Event: 4.643 Thread 0x000000000227e800 Uncommon trap: reason=unstable_if action=reinterpret pc=0x00000000028c85f8 method=com.android.dx.rop.cst.StdConstantPool.set(ILcom/android/dx/rop/cst/Constant;)V @ 12
Event: 5.609 Thread 0x0000000016582800 Uncommon trap: reason=bimorphic action=maybe_recompile pc=0x00000000027ff5b0 method=com.android.dx.ssa.LiteralOpUpgrader.tryReplacingWithConstant(Lcom/android/dx/ssa/NormalSsaInsn;)Z @ 52
Event: 5.858 Thread 0x0000000016598800 Uncommon trap: reason=bimorphic action=maybe_recompile pc=0x00000000027eafa8 method=com.android.dx.cf.code.BytecodeArray.parseInstruction(ILcom/android/dx/cf/code/BytecodeArray$Visitor;)I @ 939
Event: 5.858 Thread 0x0000000016598800 Uncommon trap: reason=bimorphic action=maybe_recompile pc=0x00000000027eafa8 method=com.android.dx.cf.code.BytecodeArray.parseInstruction(ILcom/android/dx/cf/code/BytecodeArray$Visitor;)I @ 939
Event: 7.223 Thread 0x000000000227e800 Uncommon trap: reason=unstable_if action=reinterpret pc=0x0000000002995fd4 method=com.android.dx.cf.code.RopperMachine.run(Lcom/android/dx/cf/code/Frame;II)V @ 1250
Event: 7.267 Thread 0x000000001658a000 Uncommon trap: reason=bimorphic action=maybe_recompile pc=0x00000000029ab17c method=com.android.dx.cf.code.BytecodeArray.parseInstruction(ILcom/android/dx/cf/code/BytecodeArray$Visitor;)I @ 955
Event: 7.267 Thread 0x000000001658a000 Uncommon trap: reason=bimorphic action=maybe_recompile pc=0x00000000029ab17c method=com.android.dx.cf.code.BytecodeArray.parseInstruction(ILcom/android/dx/cf/code/BytecodeArray$Visitor;)I @ 955
Event: 7.306 Thread 0x000000001658a000 Uncommon trap: reason=unstable_if action=reinterpret pc=0x00000000027e1ff0 method=com.android.dx.ssa.SCCP.simulateStmt(Lcom/android/dx/ssa/SsaInsn;)V @ 59

Internal exceptions (4 events):
Event: 0.224 Thread 0x000000000227e800 Exception <a 'java/lang/NoSuchMethodError': Method sun.misc.Unsafe.defineClass(Ljava/lang/String;[BII)Ljava/lang/Class; name or signature does not match> (0x00000000eab0e520) thrown at [C:\re\workspace\8-2-build-windows-amd64-cygwin\jdk8u60\4407\hotspot\srõö]ì¸©Ì?
Event: 0.224 Thread 0x000000000227e800 Exception <a 'java/lang/NoSuchMethodError': Method sun.misc.Unsafe.prefetchRead(Ljava/lang/Object;J)V name or signature does not match> (0x00000000eab0e808) thrown at [C:\re\workspace\8-2-build-windows-amd64-cygwin\jdk8u60\4407\hotspot\src\share\vm\prims\jql:
à@
Event: 2.632 Thread 0x000000001658a000 Implicit null exception at 0x0000000002663462 to 0x0000000002663552
Event: 3.294 Thread 0x0000000016582800 Implicit null exception at 0x00000000025b9a2e to 0x00000000025bb2b9

Events (10 events):
Event: 7.267 Thread 0x000000001658a000 DEOPT PACKING pc=0x00000000029ab17c sp=0x0000000016dde4c0
Event: 7.267 Thread 0x000000001658a000 DEOPT UNPACKING pc=0x00000000022c582a sp=0x0000000016dde458 mode 2
Event: 7.267 Thread 0x000000001658a000 Uncommon trap: trap_request=0xffffffc6 fr.pc=0x00000000029ab17c
Event: 7.267 Thread 0x000000001658a000 DEOPT PACKING pc=0x00000000029ab17c sp=0x0000000016dde310
Event: 7.267 Thread 0x000000001658a000 DEOPT UNPACKING pc=0x00000000022c582a sp=0x0000000016dde2a8 mode 2
Event: 7.306 Thread 0x000000001658a000 Uncommon trap: trap_request=0xffffff65 fr.pc=0x00000000027e1ff0
Event: 7.306 Thread 0x000000001658a000 DEOPT PACKING pc=0x00000000027e1ff0 sp=0x0000000016dde510
Event: 7.307 Thread 0x000000001658a000 DEOPT UNPACKING pc=0x00000000022c582a sp=0x0000000016dde4f8 mode 2
Event: 7.539 Executing VM operation: ParallelGCFailedAllocation
Event: 8.315 Executing VM operation: ParallelGCFailedAllocation done


Dynamic libraries:
0x00007ff7d17f0000 - 0x00007ff7d1827000 	C:\Program Files\Java\jdk1.8.0_60\bin\java.exe
0x00007ff8a6fb0000 - 0x00007ff8a7171000 	C:\WINDOWS\SYSTEM32\ntdll.dll
0x00007ff8a4fc0000 - 0x00007ff8a506d000 	C:\WINDOWS\system32\KERNEL32.DLL
0x00007ff8a3aa0000 - 0x00007ff8a3c88000 	C:\WINDOWS\system32\KERNELBASE.dll
0x00007ff8a44a0000 - 0x00007ff8a4547000 	C:\WINDOWS\system32\ADVAPI32.dll
0x00007ff8a4cd0000 - 0x00007ff8a4d6d000 	C:\WINDOWS\system32\msvcrt.dll
0x00007ff8a5140000 - 0x00007ff8a519b000 	C:\WINDOWS\system32\sechost.dll
0x00007ff8a4ea0000 - 0x00007ff8a4fbc000 	C:\WINDOWS\system32\RPCRT4.dll
0x00007ff8a5360000 - 0x00007ff8a54b6000 	C:\WINDOWS\system32\USER32.dll
0x00007ff8a4b40000 - 0x00007ff8a4cc6000 	C:\WINDOWS\system32\GDI32.dll
0x00007ff89e030000 - 0x00007ff89e2a4000 	C:\WINDOWS\WinSxS\amd64_microsoft.windows.common-controls_6595b64144ccf1df_6.0.10586.0_none_8c15ae12515e1c22\COMCTL32.dll
0x00007ff8a6d30000 - 0x00007ff8a6fad000 	C:\WINDOWS\system32\combase.dll
0x00007ff8a3640000 - 0x00007ff8a36aa000 	C:\WINDOWS\system32\bcryptPrimitives.dll
0x00007ff8a4dd0000 - 0x00007ff8a4e0b000 	C:\WINDOWS\system32\IMM32.DLL
0x00007ff8a34a0000 - 0x00007ff8a34d1000 	C:\Windows\system32\nvinitx.dll
0x00007ff8a3490000 - 0x00007ff8a349a000 	C:\WINDOWS\SYSTEM32\VERSION.dll
0x00000000651d0000 - 0x00000000651d6000 	C:\Program Files\NVIDIA Corporation\CoProcManager\_etoured.dll
0x00007ff8a0720000 - 0x00007ff8a0753000 	C:\Program Files\NVIDIA Corporation\CoProcManager\nvd3d9wrapx.dll
0x00007ff8a4700000 - 0x00007ff8a4b29000 	C:\WINDOWS\system32\SETUPAPI.dll
0x00007ff8a3c90000 - 0x00007ff8a3cd3000 	C:\WINDOWS\system32\CFGMGR32.dll
0x00007ff8a06f0000 - 0x00007ff8a0712000 	C:\Program Files\NVIDIA Corporation\CoProcManager\nvdxgiwrapx.dll
0x0000000062830000 - 0x0000000062902000 	C:\Program Files\Java\jdk1.8.0_60\jre\bin\msvcr100.dll
0x0000000061fa0000 - 0x0000000062829000 	C:\Program Files\Java\jdk1.8.0_60\jre\bin\server\jvm.dll
0x00007ff8a54c0000 - 0x00007ff8a54c8000 	C:\WINDOWS\system32\PSAPI.DLL
0x00007ff898040000 - 0x00007ff898049000 	C:\WINDOWS\SYSTEM32\WSOCK32.dll
0x00007ff8a4e10000 - 0x00007ff8a4e7b000 	C:\WINDOWS\system32\WS2_32.dll
0x00007ff8a1860000 - 0x00007ff8a1883000 	C:\WINDOWS\SYSTEM32\WINMM.dll
0x00007ff8a1670000 - 0x00007ff8a169c000 	C:\WINDOWS\SYSTEM32\WINMMBASE.dll
0x0000000062970000 - 0x000000006297f000 	C:\Program Files\Java\jdk1.8.0_60\jre\bin\verify.dll
0x0000000062940000 - 0x0000000062969000 	C:\Program Files\Java\jdk1.8.0_60\jre\bin\java.dll
0x0000000061f80000 - 0x0000000061f96000 	C:\Program Files\Java\jdk1.8.0_60\jre\bin\zip.dll
0x00007ff8a54f0000 - 0x00007ff8a6a4c000 	C:\WINDOWS\system32\SHELL32.dll
0x00007ff8a3d40000 - 0x00007ff8a4384000 	C:\WINDOWS\system32\windows.storage.dll
0x00007ff8a4d70000 - 0x00007ff8a4dc2000 	C:\WINDOWS\system32\shlwapi.dll
0x00007ff8a3610000 - 0x00007ff8a361f000 	C:\WINDOWS\system32\kernel.appcore.dll
0x00007ff8a37f0000 - 0x00007ff8a38a5000 	C:\WINDOWS\system32\shcore.dll
0x00007ff8a35b0000 - 0x00007ff8a35fb000 	C:\WINDOWS\system32\powrprof.dll
0x00007ff8a3620000 - 0x00007ff8a3634000 	C:\WINDOWS\system32\profapi.dll

VM Arguments:
jvm_args: -Djava.awt.headless=true -Xmx1024M -Dfile.encoding=windows-1252 -Duser.country=ES -Duser.language=es -Duser.variant 
java_command: com.android.dx.command.Main --dex --force-jumbo --num-threads=4 --multi-dex --output C:\Users\USER\Desktop\Proyectos\cashPokerProgresive3\app\build\intermediates\transforms\dex\debug\folders\1000\10\com.android.support-design-23.3.0_70b82ab92cd905dcfcc015bd6f47f45c7f3fc521 C:\Users\USER\Desktop\Proyectos\cashPokerProgresive3\app\build\intermediates\exploded-aar\com.android.support\design\23.3.0\jars\classes.jar
java_class_path (initial): C:\Users\USER\AppData\Local\Android\sdk\build-tools\23.0.3\lib\dx.jar
Launcher Type: SUN_STANDARD

Environment Variables:
CLASSPATH=.;C:\Program Files (x86)\QuickTime\QTSystem\QTJava.zip
USERNAME=USER
OS=Windows_NT
PROCESSOR_IDENTIFIER=Intel64 Family 6 Model 58 Stepping 9, GenuineIntel



---------------  S Y S T E M  ---------------

OS: Windows 10.0 , 64 bit Build 10586 (10.0.10586.0)

CPU:total 4 (2 cores per cpu, 2 threads per core) family 6 model 58 stepping 9, cmov, cx8, fxsr, mmx, sse, sse2, sse3, ssse3, sse4.1, sse4.2, popcnt, avx, aes, clmul, erms, ht, tsc, tscinvbit, tscinv

Memory: 4k page, physical 6167652k(348108k free), swap 9308260k(6176k free)

vm_info: Java HotSpot(TM) 64-Bit Server VM (25.60-b23) for windows-amd64 JRE (1.8.0_60-b27), built on Aug  4 2015 11:06:27 by "java_re" with MS VC++ 10.0 (VS2010)

time: Thu Aug 25 18:59:13 2016
elapsed time: 8 seconds (0d 0h 0m 8s)

