#
# There is insufficient memory for the Java Runtime Environment to continue.
# Native memory allocation (malloc) failed to allocate 32744 bytes for ChunkPool::allocate
# Possible reasons:
#   The system is out of physical RAM or swap space
#   In 32 bit mode, the process size limit was hit
# Possible solutions:
#   Reduce memory load on the system
#   Increase physical memory or swap space
#   Check if swap backing store is full
#   Use 64 bit Java on a 64 bit OS
#   Decrease Java heap size (-Xmx/-Xms)
#   Decrease number of Java threads
#   Decrease Java thread stack sizes (-Xss)
#   Set larger code cache with -XX:ReservedCodeCacheSize=
# This output file may be truncated or incomplete.
#
#  Out of Memory Error (allocation.cpp:273), pid=3512, tid=4536
#
# JRE version: Java(TM) SE Runtime Environment (8.0_60-b27) (build 1.8.0_60-b27)
# Java VM: Java HotSpot(TM) 64-Bit Server VM (25.60-b23 mixed mode windows-amd64 compressed oops)
# Failed to write core dump. Minidumps are not enabled by default on client versions of Windows
#

---------------  T H R E A D  ---------------

Current thread (0x0000000014870000):  JavaThread "C2 CompilerThread0" daemon [_thread_in_native, id=4536, stack(0x0000000015ec0000,0x0000000015fc0000)]

Stack: [0x0000000015ec0000,0x0000000015fc0000]
[error occurred during error reporting (printing stack bounds), id 0xc0000005]

Native frames: (J=compiled Java code, j=interpreted, Vv=VM code, C=native code)


Current CompileTask:
C2:   8380 1754   !   4       com.android.dx.cf.code.BytecodeArray::parseInstruction (2764 bytes)


---------------  P R O C E S S  ---------------

Java Threads: ( => current thread )
  0x00000000162fc000 JavaThread "pool-2-thread-4" [_thread_blocked, id=11612, stack(0x0000000016bc0000,0x0000000016cc0000)]
  0x0000000016316000 JavaThread "pool-2-thread-3" [_thread_blocked, id=6256, stack(0x0000000016ac0000,0x0000000016bc0000)]
  0x00000000162f0000 JavaThread "pool-2-thread-2" [_thread_blocked, id=8668, stack(0x00000000169c0000,0x0000000016ac0000)]
  0x00000000162db000 JavaThread "pool-3-thread-1" [_thread_blocked, id=8092, stack(0x00000000168c0000,0x00000000169c0000)]
  0x00000000162da000 JavaThread "pool-2-thread-1" [_thread_blocked, id=10280, stack(0x00000000167c0000,0x00000000168c0000)]
  0x00000000161c7800 JavaThread "Service Thread" daemon [_thread_blocked, id=1156, stack(0x00000000165c0000,0x00000000166c0000)]
  0x00000000148cd000 JavaThread "C1 CompilerThread2" daemon [_thread_blocked, id=6680, stack(0x00000000160c0000,0x00000000161c0000)]
  0x0000000014872000 JavaThread "C2 CompilerThread1" daemon [_thread_in_native, id=7872, stack(0x0000000015fc0000,0x00000000160c0000)]
=>0x0000000014870000 JavaThread "C2 CompilerThread0" daemon [_thread_in_native, id=4536, stack(0x0000000015ec0000,0x0000000015fc0000)]
  0x000000001486e000 JavaThread "Attach Listener" daemon [_thread_blocked, id=5884, stack(0x0000000015dc0000,0x0000000015ec0000)]
  0x000000001486d000 JavaThread "Signal Dispatcher" daemon [_thread_blocked, id=9524, stack(0x0000000015cc0000,0x0000000015dc0000)]
  0x0000000002192800 JavaThread "Finalizer" daemon [_thread_blocked, id=1660, stack(0x0000000015ac0000,0x0000000015bc0000)]
  0x000000000218f800 JavaThread "Reference Handler" daemon [_thread_blocked, id=9732, stack(0x00000000159c0000,0x0000000015ac0000)]
  0x0000000001f4e800 JavaThread "main" [_thread_in_Java, id=5996, stack(0x0000000001f50000,0x0000000002050000)]

Other Threads:
  0x0000000014837800 VMThread [stack: 0x00000000158c0000,0x00000000159c0000] [id=4816]
  0x00000000161cb000 WatcherThread [stack: 0x00000000166c0000,0x00000000167c0000] [id=1972]

VM state:not at safepoint (normal execution)

VM Mutex/Monitor currently owned by a thread: None

Heap:
 PSYoungGen      total 53248K, used 45203K [0x00000000eab00000, 0x00000000ee300000, 0x0000000100000000)
  eden space 49152K, 83% used [0x00000000eab00000,0x00000000ed32cfb0,0x00000000edb00000)
  from space 4096K, 99% used [0x00000000edf00000,0x00000000ee2f8028,0x00000000ee300000)
  to   space 4096K, 0% used [0x00000000edb00000,0x00000000edb00000,0x00000000edf00000)
 ParOldGen       total 65536K, used 11325K [0x00000000c0000000, 0x00000000c4000000, 0x00000000eab00000)
  object space 65536K, 17% used [0x00000000c0000000,0x00000000c0b0f470,0x00000000c4000000)
 Metaspace       used 6053K, capacity 7088K, committed 7296K, reserved 1056768K
  class space    used 585K, capacity 616K, committed 640K, reserved 1048576K

Card table byte_map: [0x0000000011560000,0x0000000011770000] byte_map_base: 0x0000000010f60000

Marking Bits: (ParMarkBitMap*) 0x00000000627aa5b0
 Begin Bits: [0x0000000011cd0000, 0x0000000012cd0000)
 End Bits:   [0x0000000012cd0000, 0x0000000013cd0000)

Polling page: 0x00000000004e0000

CodeCache: size=245760Kb used=7946Kb max_used=7946Kb free=237813Kb
 bounds [0x00000000021a0000, 0x0000000002970000, 0x00000000111a0000]
 total_blobs=1985 nmethods=1723 adapters=175
 compilation: enabled

Compilation events (10 events):
Event: 8.178 Thread 0x00000000148cd000 nmethod 1749 0x0000000002938d50 code [0x0000000002938ee0, 0x0000000002939208]
Event: 8.179 Thread 0x0000000014870000 1750       4       com.android.dx.rop.type.Prototype::withFirstParameter (68 bytes)
Event: 8.243 Thread 0x0000000014870000 nmethod 1750 0x000000000295d590 code [0x000000000295d7c0, 0x000000000295f488]
Event: 8.245 Thread 0x0000000014870000 1751       4       java.lang.StringBuilder::append (8 bytes)
Event: 8.249 Thread 0x00000000148cd000 1752       3       com.android.dx.dex.file.AnnotationSetItem::<init> (83 bytes)
Event: 8.250 Thread 0x00000000148cd000 nmethod 1752 0x0000000002952e10 code [0x00000000029530c0, 0x0000000002954528]
Event: 8.251 Thread 0x0000000014870000 nmethod 1751 0x0000000002936f10 code [0x0000000002937060, 0x0000000002937458]
Event: 8.251 Thread 0x00000000148cd000 1753       3       com.android.dx.cf.code.BytecodeArray::parseLookupswitch (175 bytes)
Event: 8.251 Thread 0x0000000014870000 1754   !   4       com.android.dx.cf.code.BytecodeArray::parseInstruction (2764 bytes)
Event: 8.253 Thread 0x00000000148cd000 nmethod 1753 0x0000000002950b10 code [0x0000000002950dc0, 0x00000000029521c8]

GC Heap History (8 events):
Event: 1.568 GC heap before
{Heap before GC invocations=1 (full 0):
 PSYoungGen      total 28672K, used 24576K [0x00000000eab00000, 0x00000000ecb00000, 0x0000000100000000)
  eden space 24576K, 100% used [0x00000000eab00000,0x00000000ec300000,0x00000000ec300000)
  from space 4096K, 0% used [0x00000000ec700000,0x00000000ec700000,0x00000000ecb00000)
  to   space 4096K, 0% used [0x00000000ec300000,0x00000000ec300000,0x00000000ec700000)
 ParOldGen       total 65536K, used 0K [0x00000000c0000000, 0x00000000c4000000, 0x00000000eab00000)
  object space 65536K, 0% used [0x00000000c0000000,0x00000000c0000000,0x00000000c4000000)
 Metaspace       used 5736K, capacity 6832K, committed 7040K, reserved 1056768K
  class space    used 584K, capacity 616K, committed 640K, reserved 1048576K
Event: 1.579 GC heap after
Heap after GC invocations=1 (full 0):
 PSYoungGen      total 28672K, used 4094K [0x00000000eab00000, 0x00000000ecb00000, 0x0000000100000000)
  eden space 24576K, 0% used [0x00000000eab00000,0x00000000eab00000,0x00000000ec300000)
  from space 4096K, 99% used [0x00000000ec300000,0x00000000ec6ff970,0x00000000ec700000)
  to   space 4096K, 0% used [0x00000000ec700000,0x00000000ec700000,0x00000000ecb00000)
 ParOldGen       total 65536K, used 843K [0x00000000c0000000, 0x00000000c4000000, 0x00000000eab00000)
  object space 65536K, 1% used [0x00000000c0000000,0x00000000c00d2c70,0x00000000c4000000)
 Metaspace       used 5736K, capacity 6832K, committed 7040K, reserved 1056768K
  class space    used 584K, capacity 616K, committed 640K, reserved 1048576K
}
Event: 2.604 GC heap before
{Heap before GC invocations=2 (full 0):
 PSYoungGen      total 28672K, used 28670K [0x00000000eab00000, 0x00000000ecb00000, 0x0000000100000000)
  eden space 24576K, 100% used [0x00000000eab00000,0x00000000ec300000,0x00000000ec300000)
  from space 4096K, 99% used [0x00000000ec300000,0x00000000ec6ff970,0x00000000ec700000)
  to   space 4096K, 0% used [0x00000000ec700000,0x00000000ec700000,0x00000000ecb00000)
 ParOldGen       total 65536K, used 843K [0x00000000c0000000, 0x00000000c4000000, 0x00000000eab00000)
  object space 65536K, 1% used [0x00000000c0000000,0x00000000c00d2c70,0x00000000c4000000)
 Metaspace       used 5891K, capacity 6960K, committed 7040K, reserved 1056768K
  class space    used 584K, capacity 616K, committed 640K, reserved 1048576K
Event: 2.895 GC heap after
Heap after GC invocations=2 (full 0):
 PSYoungGen      total 28672K, used 4081K [0x00000000eab00000, 0x00000000ee300000, 0x0000000100000000)
  eden space 24576K, 0% used [0x00000000eab00000,0x00000000eab00000,0x00000000ec300000)
  from space 4096K, 99% used [0x00000000ec700000,0x00000000ecafc740,0x00000000ecb00000)
  to   space 4096K, 0% used [0x00000000ec300000,0x00000000ec300000,0x00000000ec700000)
 ParOldGen       total 65536K, used 3335K [0x00000000c0000000, 0x00000000c4000000, 0x00000000eab00000)
  object space 65536K, 5% used [0x00000000c0000000,0x00000000c0341c80,0x00000000c4000000)
 Metaspace       used 5891K, capacity 6960K, committed 7040K, reserved 1056768K
  class space    used 584K, capacity 616K, committed 640K, reserved 1048576K
}
Event: 4.522 GC heap before
{Heap before GC invocations=3 (full 0):
 PSYoungGen      total 28672K, used 28657K [0x00000000eab00000, 0x00000000ee300000, 0x0000000100000000)
  eden space 24576K, 100% used [0x00000000eab00000,0x00000000ec300000,0x00000000ec300000)
  from space 4096K, 99% used [0x00000000ec700000,0x00000000ecafc740,0x00000000ecb00000)
  to   space 4096K, 0% used [0x00000000ec300000,0x00000000ec300000,0x00000000ec700000)
 ParOldGen       total 65536K, used 3335K [0x00000000c0000000, 0x00000000c4000000, 0x00000000eab00000)
  object space 65536K, 5% used [0x00000000c0000000,0x00000000c0341c80,0x00000000c4000000)
 Metaspace       used 5989K, capacity 7024K, committed 7296K, reserved 1056768K
  class space    used 584K, capacity 616K, committed 640K, reserved 1048576K
Event: 4.749 GC heap after
Heap after GC invocations=3 (full 0):
 PSYoungGen      total 28672K, used 4064K [0x00000000eab00000, 0x00000000ee300000, 0x0000000100000000)
  eden space 24576K, 0% used [0x00000000eab00000,0x00000000eab00000,0x00000000ec300000)
  from space 4096K, 99% used [0x00000000ec300000,0x00000000ec6f8028,0x00000000ec700000)
  to   space 4096K, 0% used [0x00000000edf00000,0x00000000edf00000,0x00000000ee300000)
 ParOldGen       total 65536K, used 7117K [0x00000000c0000000, 0x00000000c4000000, 0x00000000eab00000)
  object space 65536K, 10% used [0x00000000c0000000,0x00000000c06f3688,0x00000000c4000000)
 Metaspace       used 5989K, capacity 7024K, committed 7296K, reserved 1056768K
  class space    used 584K, capacity 616K, committed 640K, reserved 1048576K
}
Event: 5.848 GC heap before
{Heap before GC invocations=4 (full 0):
 PSYoungGen      total 28672K, used 28640K [0x00000000eab00000, 0x00000000ee300000, 0x0000000100000000)
  eden space 24576K, 100% used [0x00000000eab00000,0x00000000ec300000,0x00000000ec300000)
  from space 4096K, 99% used [0x00000000ec300000,0x00000000ec6f8028,0x00000000ec700000)
  to   space 4096K, 0% used [0x00000000edf00000,0x00000000edf00000,0x00000000ee300000)
 ParOldGen       total 65536K, used 7117K [0x00000000c0000000, 0x00000000c4000000, 0x00000000eab00000)
  object space 65536K, 10% used [0x00000000c0000000,0x00000000c06f3688,0x00000000c4000000)
 Metaspace       used 6006K, capacity 7088K, committed 7296K, reserved 1056768K
  class space    used 585K, capacity 616K, committed 640K, reserved 1048576K
Event: 6.451 GC heap after
Heap after GC invocations=4 (full 0):
 PSYoungGen      total 53248K, used 4064K [0x00000000eab00000, 0x00000000ee300000, 0x0000000100000000)
  eden space 49152K, 0% used [0x00000000eab00000,0x00000000eab00000,0x00000000edb00000)
  from space 4096K, 99% used [0x00000000edf00000,0x00000000ee2f8028,0x00000000ee300000)
  to   space 4096K, 0% used [0x00000000edb00000,0x00000000edb00000,0x00000000edf00000)
 ParOldGen       total 65536K, used 11325K [0x00000000c0000000, 0x00000000c4000000, 0x00000000eab00000)
  object space 65536K, 17% used [0x00000000c0000000,0x00000000c0b0f470,0x00000000c4000000)
 Metaspace       used 6006K, capacity 7088K, committed 7296K, reserved 1056768K
  class space    used 585K, capacity 616K, committed 640K, reserved 1048576K
}

Deoptimization events (10 events):
Event: 3.618 Thread 0x00000000162fc000 Uncommon trap: reason=unstable_if action=reinterpret pc=0x000000000270aec0 method=com.android.dx.dex.code.OutputFinisher.hasLocalInfo(Lcom/android/dx/dex/code/DalvInsn;)Z @ 24
Event: 4.520 Thread 0x00000000162f0000 Uncommon trap: reason=class_check action=maybe_recompile pc=0x00000000027539f4 method=com.android.dx.rop.code.RegisterSpec.withSimpleType()Lcom/android/dx/rop/code/RegisterSpec; @ 21
Event: 5.430 Thread 0x00000000162fc000 Uncommon trap: reason=unstable_if action=reinterpret pc=0x00000000027f9474 method=com.android.dx.ssa.SsaBasicBlock.scheduleMovesFromPhis()V @ 63
Event: 6.472 Thread 0x00000000162da000 Uncommon trap: reason=class_check action=maybe_recompile pc=0x00000000027539f4 method=com.android.dx.rop.code.RegisterSpec.withSimpleType()Lcom/android/dx/rop/code/RegisterSpec; @ 21
Event: 6.998 Thread 0x0000000016316000 Uncommon trap: reason=bimorphic action=maybe_recompile pc=0x000000000262733c method=com.android.dx.cf.code.BytecodeArray.parseInstruction(ILcom/android/dx/cf/code/BytecodeArray$Visitor;)I @ 1501
Event: 6.998 Thread 0x0000000016316000 Uncommon trap: reason=bimorphic action=maybe_recompile pc=0x000000000262733c method=com.android.dx.cf.code.BytecodeArray.parseInstruction(ILcom/android/dx/cf/code/BytecodeArray$Visitor;)I @ 1501
Event: 7.379 Thread 0x00000000162fc000 Uncommon trap: reason=unstable_if action=reinterpret pc=0x0000000002627ba0 method=com.android.dx.cf.code.BytecodeArray.parseInstruction(ILcom/android/dx/cf/code/BytecodeArray$Visitor;)I @ 1198
Event: 7.585 Thread 0x00000000162fc000 Uncommon trap: reason=class_check action=maybe_recompile pc=0x00000000027539f4 method=com.android.dx.rop.code.RegisterSpec.withSimpleType()Lcom/android/dx/rop/code/RegisterSpec; @ 21
Event: 7.585 Thread 0x00000000162fc000 Uncommon trap: reason=bimorphic action=maybe_recompile pc=0x000000000238eb1c method=java.util.HashMap.getNode(ILjava/lang/Object;)Ljava/util/HashMap$Node; @ 126
Event: 7.585 Thread 0x00000000162fc000 Uncommon trap: reason=class_check action=maybe_recompile pc=0x00000000025862c8 method=java.util.HashMap.putVal(ILjava/lang/Object;Ljava/lang/Object;ZZ)Ljava/lang/Object; @ 203

Internal exceptions (3 events):
Event: 0.242 Thread 0x0000000001f4e800 Exception <a 'java/lang/NoSuchMethodError': Method sun.misc.Unsafe.defineClass(Ljava/lang/String;[BII)Ljava/lang/Class; name or signature does not match> (0x00000000eab0e480) thrown at [C:\re\workspace\8-2-build-windows-amd64-cygwin\jdk8u60\4407\hotspot\srcJùv§
œ?
Event: 0.243 Thread 0x0000000001f4e800 Exception <a 'java/lang/NoSuchMethodError': Method sun.misc.Unsafe.prefetchRead(Ljava/lang/Object;J)V name or signature does not match> (0x00000000eab0e768) thrown at [C:\re\workspace\8-2-build-windows-amd64-cygwin\jdk8u60\4407\hotspot\src\share\vm\prims\j@PSXò˙?
Event: 1.662 Thread 0x00000000162da000 Implicit null exception at 0x0000000002495649 to 0x00000000024975e9

Events (10 events):
Event: 7.585 Thread 0x00000000162fc000 Uncommon trap: trap_request=0xffffffc6 fr.pc=0x000000000238eb1c
Event: 7.585 Thread 0x00000000162fc000 DEOPT PACKING pc=0x000000000238eb1c sp=0x0000000016cbe530
Event: 7.585 Thread 0x00000000162fc000 DEOPT UNPACKING pc=0x00000000021e582a sp=0x0000000016cbe4a0 mode 2
Event: 7.585 Thread 0x00000000162fc000 Uncommon trap: trap_request=0xffffffde fr.pc=0x00000000025862c8
Event: 7.585 Thread 0x00000000162fc000 DEOPT PACKING pc=0x00000000025862c8 sp=0x0000000016cbe500
Event: 7.585 Thread 0x00000000162fc000 DEOPT UNPACKING pc=0x00000000021e582a sp=0x0000000016cbe478 mode 2
Event: 7.604 Thread 0x00000000162fc000 DEOPT PACKING pc=0x00000000025e0a91 sp=0x0000000016cbe6e0
Event: 7.604 Thread 0x00000000162fc000 DEOPT UNPACKING pc=0x00000000021e787f sp=0x0000000016cbe4c0 mode 0
Event: 7.840 Thread 0x00000000162da000 DEOPT PACKING pc=0x000000000264f89d sp=0x00000000168be590
Event: 7.840 Thread 0x00000000162da000 DEOPT UNPACKING pc=0x00000000021e787f sp=0x00000000168be3d0 mode 0


Dynamic libraries:
0x00007ff7d17f0000 - 0x00007ff7d1827000 	C:\Program Files\Java\jdk1.8.0_60\bin\java.exe
0x00007ff8a6fb0000 - 0x00007ff8a7171000 	C:\WINDOWS\SYSTEM32\ntdll.dll
0x00007ff8a4fc0000 - 0x00007ff8a506d000 	C:\WINDOWS\system32\KERNEL32.DLL
0x00007ff8a3aa0000 - 0x00007ff8a3c88000 	C:\WINDOWS\system32\KERNELBASE.dll
0x00007ff8a44a0000 - 0x00007ff8a4547000 	C:\WINDOWS\system32\ADVAPI32.dll
0x00007ff8a4cd0000 - 0x00007ff8a4d6d000 	C:\WINDOWS\system32\msvcrt.dll
0x00007ff8a5140000 - 0x00007ff8a519b000 	C:\WINDOWS\system32\sechost.dll
0x00007ff8a4ea0000 - 0x00007ff8a4fbc000 	C:\WINDOWS\system32\RPCRT4.dll
0x00007ff8a5360000 - 0x00007ff8a54b6000 	C:\WINDOWS\system32\USER32.dll
0x00007ff8a4b40000 - 0x00007ff8a4cc6000 	C:\WINDOWS\system32\GDI32.dll
0x00007ff89e030000 - 0x00007ff89e2a4000 	C:\WINDOWS\WinSxS\amd64_microsoft.windows.common-controls_6595b64144ccf1df_6.0.10586.0_none_8c15ae12515e1c22\COMCTL32.dll
0x00007ff8a6d30000 - 0x00007ff8a6fad000 	C:\WINDOWS\system32\combase.dll
0x00007ff8a3640000 - 0x00007ff8a36aa000 	C:\WINDOWS\system32\bcryptPrimitives.dll
0x00007ff8a4dd0000 - 0x00007ff8a4e0b000 	C:\WINDOWS\system32\IMM32.DLL
0x00007ff8a34a0000 - 0x00007ff8a34d1000 	C:\Windows\system32\nvinitx.dll
0x00007ff8a3490000 - 0x00007ff8a349a000 	C:\WINDOWS\SYSTEM32\VERSION.dll
0x00000000651d0000 - 0x00000000651d6000 	C:\Program Files\NVIDIA Corporation\CoProcManager\_etoured.dll
0x00007ff8a0720000 - 0x00007ff8a0753000 	C:\Program Files\NVIDIA Corporation\CoProcManager\nvd3d9wrapx.dll
0x00007ff8a4700000 - 0x00007ff8a4b29000 	C:\WINDOWS\system32\SETUPAPI.dll
0x00007ff8a3c90000 - 0x00007ff8a3cd3000 	C:\WINDOWS\system32\CFGMGR32.dll
0x00007ff8a06f0000 - 0x00007ff8a0712000 	C:\Program Files\NVIDIA Corporation\CoProcManager\nvdxgiwrapx.dll
0x0000000062830000 - 0x0000000062902000 	C:\Program Files\Java\jdk1.8.0_60\jre\bin\msvcr100.dll
0x0000000061fa0000 - 0x0000000062829000 	C:\Program Files\Java\jdk1.8.0_60\jre\bin\server\jvm.dll
0x00007ff8a54c0000 - 0x00007ff8a54c8000 	C:\WINDOWS\system32\PSAPI.DLL
0x00007ff898040000 - 0x00007ff898049000 	C:\WINDOWS\SYSTEM32\WSOCK32.dll
0x00007ff8a4e10000 - 0x00007ff8a4e7b000 	C:\WINDOWS\system32\WS2_32.dll
0x00007ff8a1860000 - 0x00007ff8a1883000 	C:\WINDOWS\SYSTEM32\WINMM.dll
0x00007ff8a1670000 - 0x00007ff8a169c000 	C:\WINDOWS\SYSTEM32\WINMMBASE.dll
0x0000000062970000 - 0x000000006297f000 	C:\Program Files\Java\jdk1.8.0_60\jre\bin\verify.dll
0x0000000062940000 - 0x0000000062969000 	C:\Program Files\Java\jdk1.8.0_60\jre\bin\java.dll
0x0000000061f80000 - 0x0000000061f96000 	C:\Program Files\Java\jdk1.8.0_60\jre\bin\zip.dll
0x00007ff8a54f0000 - 0x00007ff8a6a4c000 	C:\WINDOWS\system32\SHELL32.dll
0x00007ff8a3d40000 - 0x00007ff8a4384000 	C:\WINDOWS\system32\windows.storage.dll
0x00007ff8a4d70000 - 0x00007ff8a4dc2000 	C:\WINDOWS\system32\shlwapi.dll
0x00007ff8a3610000 - 0x00007ff8a361f000 	C:\WINDOWS\system32\kernel.appcore.dll
0x00007ff8a37f0000 - 0x00007ff8a38a5000 	C:\WINDOWS\system32\shcore.dll
0x00007ff8a35b0000 - 0x00007ff8a35fb000 	C:\WINDOWS\system32\powrprof.dll
0x00007ff8a3620000 - 0x00007ff8a3634000 	C:\WINDOWS\system32\profapi.dll

VM Arguments:
jvm_args: -Djava.awt.headless=true -Xmx1024M -Dfile.encoding=windows-1252 -Duser.country=ES -Duser.language=es -Duser.variant 
java_command: com.android.dx.command.Main --dex --force-jumbo --num-threads=4 --multi-dex --output C:\Users\USER\Desktop\Proyectos\cashPokerProgresive3\app\build\intermediates\transforms\dex\debug\folders\1000\5\slice_6 C:\Users\USER\Desktop\Proyectos\cashPokerProgresive3\app\build\intermediates\transforms\instantRunSlicer\debug\folders\1\5\slice_6
java_class_path (initial): C:\Users\USER\AppData\Local\Android\sdk\build-tools\23.0.3\lib\dx.jar
Launcher Type: SUN_STANDARD

Environment Variables:
CLASSPATH=.;C:\Program Files (x86)\QuickTime\QTSystem\QTJava.zip
USERNAME=USER
OS=Windows_NT
PROCESSOR_IDENTIFIER=Intel64 Family 6 Model 58 Stepping 9, GenuineIntel



---------------  S Y S T E M  ---------------

OS: Windows 10.0 , 64 bit Build 10586 (10.0.10586.0)

CPU:total 4 (2 cores per cpu, 2 threads per core) family 6 model 58 stepping 9, cmov, cx8, fxsr, mmx, sse, sse2, sse3, ssse3, sse4.1, sse4.2, popcnt, avx, aes, clmul, erms, ht, tsc, tscinvbit, tscinv

Memory: 4k page, physical 6167652k(348108k free), swap 9308260k(6176k free)

vm_info: Java HotSpot(TM) 64-Bit Server VM (25.60-b23) for windows-amd64 JRE (1.8.0_60-b27), built on Aug  4 2015 11:06:27 by "java_re" with MS VC++ 10.0 (VS2010)

time: Thu Aug 25 18:59:13 2016
elapsed time: 8 seconds (0d 0h 0m 8s)

