#
# There is insufficient memory for the Java Runtime Environment to continue.
# Native memory allocation (malloc) failed to allocate 1111136 bytes for Chunk::new
# Possible reasons:
#   The system is out of physical RAM or swap space
#   In 32 bit mode, the process size limit was hit
# Possible solutions:
#   Reduce memory load on the system
#   Increase physical memory or swap space
#   Check if swap backing store is full
#   Use 64 bit Java on a 64 bit OS
#   Decrease Java heap size (-Xmx/-Xms)
#   Decrease number of Java threads
#   Decrease Java thread stack sizes (-Xss)
#   Set larger code cache with -XX:ReservedCodeCacheSize=
# This output file may be truncated or incomplete.
#
#  Out of Memory Error (allocation.cpp:390), pid=5228, tid=668
#
# JRE version: Java(TM) SE Runtime Environment (8.0_60-b27) (build 1.8.0_60-b27)
# Java VM: Java HotSpot(TM) 64-Bit Server VM (25.60-b23 mixed mode windows-amd64 compressed oops)
# Failed to write core dump. Minidumps are not enabled by default on client versions of Windows
#

---------------  T H R E A D  ---------------

Current thread (0x00000000149a0800):  JavaThread "C2 CompilerThread0" daemon [_thread_in_native, id=668, stack(0x0000000016010000,0x0000000016110000)]

Stack: [0x0000000016010000,0x0000000016110000]
[error occurred during error reporting (printing stack bounds), id 0xc0000005]

Native frames: (J=compiled Java code, j=interpreted, Vv=VM code, C=native code)


Current CompileTask:
C2:   2302 1221       4       com.android.dx.ssa.SCCP::simulateBranch (666 bytes)


---------------  P R O C E S S  ---------------

Java Threads: ( => current thread )
  0x00000000165ac800 JavaThread "pool-2-thread-4" [_thread_in_Java, id=6608, stack(0x0000000016d10000,0x0000000016e10000)]
  0x00000000165a4800 JavaThread "pool-2-thread-3" [_thread_in_Java, id=9332, stack(0x0000000016c10000,0x0000000016d10000)]
  0x0000000016592000 JavaThread "pool-2-thread-2" [_thread_in_Java, id=10116, stack(0x0000000016b10000,0x0000000016c10000)]
  0x0000000016574800 JavaThread "pool-3-thread-1" [_thread_blocked, id=2552, stack(0x0000000016a10000,0x0000000016b10000)]
  0x0000000016562000 JavaThread "pool-2-thread-1" [_thread_in_Java, id=1200, stack(0x0000000016910000,0x0000000016a10000)]
  0x00000000149fc800 JavaThread "Service Thread" daemon [_thread_blocked, id=7108, stack(0x0000000016710000,0x0000000016810000)]
  0x00000000149ab800 JavaThread "C1 CompilerThread2" daemon [_thread_blocked, id=6988, stack(0x0000000016210000,0x0000000016310000)]
  0x00000000149a2800 JavaThread "C2 CompilerThread1" daemon [_thread_in_native, id=9356, stack(0x0000000016110000,0x0000000016210000)]
=>0x00000000149a0800 JavaThread "C2 CompilerThread0" daemon [_thread_in_native, id=668, stack(0x0000000016010000,0x0000000016110000)]
  0x000000001499e000 JavaThread "Attach Listener" daemon [_thread_blocked, id=9176, stack(0x0000000015f10000,0x0000000016010000)]
  0x000000001499d000 JavaThread "Signal Dispatcher" daemon [_thread_blocked, id=6072, stack(0x0000000015e10000,0x0000000015f10000)]
  0x00000000022c2800 JavaThread "Finalizer" daemon [_thread_blocked, id=4352, stack(0x0000000015c10000,0x0000000015d10000)]
  0x00000000022bf800 JavaThread "Reference Handler" daemon [_thread_blocked, id=3820, stack(0x0000000015b10000,0x0000000015c10000)]
  0x000000000200e800 JavaThread "main" [_thread_in_Java, id=5876, stack(0x00000000020d0000,0x00000000021d0000)]

Other Threads:
  0x0000000014968000 VMThread [stack: 0x0000000015a10000,0x0000000015b10000] [id=5524]
  0x0000000016333000 WatcherThread [stack: 0x0000000016810000,0x0000000016910000] [id=4152]

VM state:not at safepoint (normal execution)

VM Mutex/Monitor currently owned by a thread: None

Heap:
 PSYoungGen      total 28672K, used 20668K [0x00000000eab00000, 0x00000000ecb00000, 0x0000000100000000)
  eden space 24576K, 67% used [0x00000000eab00000,0x00000000ebb35ac0,0x00000000ec300000)
  from space 4096K, 99% used [0x00000000ec300000,0x00000000ec6f95e0,0x00000000ec700000)
  to   space 4096K, 0% used [0x00000000ec700000,0x00000000ec700000,0x00000000ecb00000)
 ParOldGen       total 65536K, used 1331K [0x00000000c0000000, 0x00000000c4000000, 0x00000000eab00000)
  object space 65536K, 2% used [0x00000000c0000000,0x00000000c014cf50,0x00000000c4000000)
 Metaspace       used 6058K, capacity 6960K, committed 7040K, reserved 1056768K
  class space    used 598K, capacity 616K, committed 640K, reserved 1048576K

Card table byte_map: [0x0000000011690000,0x00000000118a0000] byte_map_base: 0x0000000011090000

Marking Bits: (ParMarkBitMap*) 0x000000005154a5b0
 Begin Bits: [0x0000000011e00000, 0x0000000012e00000)
 End Bits:   [0x0000000012e00000, 0x0000000013e00000)

Polling page: 0x00000000001f0000

CodeCache: size=245760Kb used=5408Kb max_used=5408Kb free=240351Kb
 bounds [0x00000000022d0000, 0x0000000002820000, 0x00000000112d0000]
 total_blobs=1630 nmethods=1361 adapters=182
 compilation: enabled

Compilation events (10 events):
Event: 2.255 Thread 0x00000000149ab800 1366       3       java.util.HashMap::<init> (8 bytes)
Event: 2.255 Thread 0x00000000149ab800 nmethod 1366 0x0000000002819890 code [0x0000000002819a20, 0x0000000002819ba8]
Event: 2.255 Thread 0x00000000149ab800 1367       3       com.android.dx.rop.type.Prototype::compareTo (120 bytes)
Event: 2.256 Thread 0x00000000149ab800 nmethod 1367 0x0000000002819c50 code [0x0000000002819e60, 0x000000000281acf8]
Event: 2.256 Thread 0x00000000149ab800 1368       3       java.util.HashMap::tableSizeFor (59 bytes)
Event: 2.256 Thread 0x00000000149ab800 nmethod 1368 0x000000000281b410 code [0x000000000281b580, 0x000000000281b790]
Event: 2.256 Thread 0x00000000149ab800 1369       3       java.util.TreeMap::containsKey (14 bytes)
Event: 2.256 Thread 0x00000000149ab800 nmethod 1369 0x000000000281b810 code [0x000000000281b980, 0x000000000281bbe8]
Event: 2.258 Thread 0x00000000149ab800 1371       3       com.android.dx.dex.code.OutputFinisher::hasLocalInfo (20 bytes)
Event: 2.258 Thread 0x00000000149ab800 nmethod 1371 0x000000000281bc90 code [0x000000000281be00, 0x000000000281c090]

GC Heap History (2 events):
Event: 1.975 GC heap before
{Heap before GC invocations=1 (full 0):
 PSYoungGen      total 28672K, used 24576K [0x00000000eab00000, 0x00000000ecb00000, 0x0000000100000000)
  eden space 24576K, 100% used [0x00000000eab00000,0x00000000ec300000,0x00000000ec300000)
  from space 4096K, 0% used [0x00000000ec700000,0x00000000ec700000,0x00000000ecb00000)
  to   space 4096K, 0% used [0x00000000ec300000,0x00000000ec300000,0x00000000ec700000)
 ParOldGen       total 65536K, used 0K [0x00000000c0000000, 0x00000000c4000000, 0x00000000eab00000)
  object space 65536K, 0% used [0x00000000c0000000,0x00000000c0000000,0x00000000c4000000)
 Metaspace       used 5905K, capacity 6832K, committed 7040K, reserved 1056768K
  class space    used 598K, capacity 616K, committed 640K, reserved 1048576K
Event: 1.983 GC heap after
Heap after GC invocations=1 (full 0):
 PSYoungGen      total 28672K, used 4069K [0x00000000eab00000, 0x00000000ecb00000, 0x0000000100000000)
  eden space 24576K, 0% used [0x00000000eab00000,0x00000000eab00000,0x00000000ec300000)
  from space 4096K, 99% used [0x00000000ec300000,0x00000000ec6f95e0,0x00000000ec700000)
  to   space 4096K, 0% used [0x00000000ec700000,0x00000000ec700000,0x00000000ecb00000)
 ParOldGen       total 65536K, used 1331K [0x00000000c0000000, 0x00000000c4000000, 0x00000000eab00000)
  object space 65536K, 2% used [0x00000000c0000000,0x00000000c014cf50,0x00000000c4000000)
 Metaspace       used 5905K, capacity 6832K, committed 7040K, reserved 1056768K
  class space    used 598K, capacity 616K, committed 640K, reserved 1048576K
}

Deoptimization events (10 events):
Event: 1.794 Thread 0x0000000016562000 Uncommon trap: reason=unstable_if action=reinterpret pc=0x000000000266a09c method=com.android.dx.rop.cst.Constant.compareTo(Lcom/android/dx/rop/cst/Constant;)I @ 12
Event: 2.090 Thread 0x0000000016592000 Uncommon trap: reason=unstable_if action=reinterpret pc=0x0000000002619dd4 method=com.android.dx.rop.code.RegisterSpec.equals(ILcom/android/dx/rop/type/TypeBearer;Lcom/android/dx/rop/code/LocalItem;)Z @ 42
Event: 2.149 Thread 0x00000000165a4800 Uncommon trap: reason=unstable_if action=reinterpret pc=0x00000000026da3ac method=com.android.dx.rop.code.RegisterSpecSet.put(Lcom/android/dx/rop/code/RegisterSpec;)V @ 77
Event: 2.149 Thread 0x00000000165a4800 Uncommon trap: reason=unstable_if action=reinterpret pc=0x00000000026eaca0 method=com.android.dx.rop.code.RegisterSpecSet.put(Lcom/android/dx/rop/code/RegisterSpec;)V @ 77
Event: 2.153 Thread 0x000000000200e800 Uncommon trap: reason=bimorphic action=maybe_recompile pc=0x00000000024e8fd4 method=java.util.HashMap.getNode(ILjava/lang/Object;)Ljava/util/HashMap$Node; @ 126
Event: 2.221 Thread 0x00000000165ac800 Uncommon trap: reason=bimorphic action=maybe_recompile pc=0x00000000024e8fd4 method=java.util.HashMap.getNode(ILjava/lang/Object;)Ljava/util/HashMap$Node; @ 126
Event: 2.227 Thread 0x00000000165ac800 Uncommon trap: reason=bimorphic action=maybe_recompile pc=0x00000000024e8fd4 method=java.util.HashMap.getNode(ILjava/lang/Object;)Ljava/util/HashMap$Node; @ 126
Event: 2.228 Thread 0x00000000165ac800 Uncommon trap: reason=bimorphic action=maybe_recompile pc=0x00000000024e8fd4 method=java.util.HashMap.getNode(ILjava/lang/Object;)Ljava/util/HashMap$Node; @ 126
Event: 2.228 Thread 0x00000000165ac800 Uncommon trap: reason=bimorphic action=maybe_recompile pc=0x000000000256aebc method=java.util.HashMap.getNode(ILjava/lang/Object;)Ljava/util/HashMap$Node; @ 126
Event: 2.231 Thread 0x0000000016592000 Uncommon trap: reason=unstable_if action=reinterpret pc=0x00000000027c66a0 method=com.android.dx.ssa.SCCP.simulateStmt(Lcom/android/dx/ssa/SsaInsn;)V @ 53

Internal exceptions (3 events):
Event: 0.144 Thread 0x000000000200e800 Exception <a 'java/lang/NoSuchMethodError': Method sun.misc.Unsafe.defineClass(Ljava/lang/String;[BII)Ljava/lang/Class; name or signature does not match> (0x00000000eab0e540) thrown at [C:\re\workspace\8-2-build-windows-amd64-cygwin\jdk8u60\4407\hotspot\sr x¤—fÂ?
Event: 0.144 Thread 0x000000000200e800 Exception <a 'java/lang/NoSuchMethodError': Method sun.misc.Unsafe.prefetchRead(Ljava/lang/Object;J)V name or signature does not match> (0x00000000eab0e828) thrown at [C:\re\workspace\8-2-build-windows-amd64-cygwin\jdk8u60\4407\hotspot\src\share\vm\prims\j Ô}©3Ìú?
Event: 1.675 Thread 0x0000000016592000 Implicit null exception at 0x000000000261a622 to 0x000000000261a712

Events (10 events):
Event: 2.227 Thread 0x00000000165ac800 DEOPT UNPACKING pc=0x000000000231582a sp=0x0000000016e0ea60 mode 2
Event: 2.227 Thread 0x00000000165ac800 Uncommon trap: trap_request=0xffffffc6 fr.pc=0x00000000024e8fd4
Event: 2.228 Thread 0x00000000165ac800 DEOPT PACKING pc=0x00000000024e8fd4 sp=0x0000000016e0eaf0
Event: 2.228 Thread 0x00000000165ac800 DEOPT UNPACKING pc=0x000000000231582a sp=0x0000000016e0ea60 mode 2
Event: 2.228 Thread 0x00000000165ac800 Uncommon trap: trap_request=0xffffffc6 fr.pc=0x000000000256aebc
Event: 2.228 Thread 0x00000000165ac800 DEOPT PACKING pc=0x000000000256aebc sp=0x0000000016e0e7e0
Event: 2.228 Thread 0x00000000165ac800 DEOPT UNPACKING pc=0x000000000231582a sp=0x0000000016e0e708 mode 2
Event: 2.231 Thread 0x0000000016592000 Uncommon trap: trap_request=0xffffff65 fr.pc=0x00000000027c66a0
Event: 2.231 Thread 0x0000000016592000 DEOPT PACKING pc=0x00000000027c66a0 sp=0x0000000016c0eb70
Event: 2.231 Thread 0x0000000016592000 DEOPT UNPACKING pc=0x000000000231582a sp=0x0000000016c0eb58 mode 2


Dynamic libraries:
0x00007ff6653b0000 - 0x00007ff6653e7000 	C:\Program Files\Java\jdk1.8.0_60\bin\java.exe
0x00007ff8699b0000 - 0x00007ff869b71000 	C:\WINDOWS\SYSTEM32\ntdll.dll
0x00007ff869900000 - 0x00007ff8699ad000 	C:\WINDOWS\system32\KERNEL32.DLL
0x00007ff866ba0000 - 0x00007ff866d88000 	C:\WINDOWS\system32\KERNELBASE.dll
0x00007ff8672c0000 - 0x00007ff867367000 	C:\WINDOWS\system32\ADVAPI32.dll
0x00007ff868a50000 - 0x00007ff868aed000 	C:\WINDOWS\system32\msvcrt.dll
0x00007ff8698a0000 - 0x00007ff8698fb000 	C:\WINDOWS\system32\sechost.dll
0x00007ff867160000 - 0x00007ff86727c000 	C:\WINDOWS\system32\RPCRT4.dll
0x00007ff868fe0000 - 0x00007ff869136000 	C:\WINDOWS\system32\USER32.dll
0x00007ff868d60000 - 0x00007ff868ee6000 	C:\WINDOWS\system32\GDI32.dll
0x00007ff860260000 - 0x00007ff8604d4000 	C:\WINDOWS\WinSxS\amd64_microsoft.windows.common-controls_6595b64144ccf1df_6.0.10586.0_none_8c15ae12515e1c22\COMCTL32.dll
0x00007ff866ee0000 - 0x00007ff86715d000 	C:\WINDOWS\system32\combase.dll
0x00007ff866180000 - 0x00007ff8661ea000 	C:\WINDOWS\system32\bcryptPrimitives.dll
0x00007ff867280000 - 0x00007ff8672bb000 	C:\WINDOWS\system32\IMM32.DLL
0x00007ff865ea0000 - 0x00007ff865ed1000 	C:\Windows\system32\nvinitx.dll
0x00007ff865e90000 - 0x00007ff865e9a000 	C:\WINDOWS\SYSTEM32\VERSION.dll
0x0000000054bf0000 - 0x0000000054bf6000 	C:\Program Files\NVIDIA Corporation\CoProcManager\_etoured.dll
0x00007ff863520000 - 0x00007ff863553000 	C:\Program Files\NVIDIA Corporation\CoProcManager\nvd3d9wrapx.dll
0x00007ff8693a0000 - 0x00007ff8697c9000 	C:\WINDOWS\system32\SETUPAPI.dll
0x00007ff866920000 - 0x00007ff866963000 	C:\WINDOWS\system32\CFGMGR32.dll
0x00007ff863260000 - 0x00007ff863282000 	C:\Program Files\NVIDIA Corporation\CoProcManager\nvdxgiwrapx.dll
0x00000000515d0000 - 0x00000000516a2000 	C:\Program Files\Java\jdk1.8.0_60\jre\bin\msvcr100.dll
0x0000000050d40000 - 0x00000000515c9000 	C:\Program Files\Java\jdk1.8.0_60\jre\bin\server\jvm.dll
0x00007ff869160000 - 0x00007ff869168000 	C:\WINDOWS\system32\PSAPI.DLL
0x00007ff858430000 - 0x00007ff858439000 	C:\WINDOWS\SYSTEM32\WSOCK32.dll
0x00007ff8697d0000 - 0x00007ff86983b000 	C:\WINDOWS\system32\WS2_32.dll
0x00007ff863d30000 - 0x00007ff863d53000 	C:\WINDOWS\SYSTEM32\WINMM.dll
0x00007ff863d00000 - 0x00007ff863d2c000 	C:\WINDOWS\SYSTEM32\WINMMBASE.dll
0x0000000050d30000 - 0x0000000050d3f000 	C:\Program Files\Java\jdk1.8.0_60\jre\bin\verify.dll
0x0000000050d00000 - 0x0000000050d29000 	C:\Program Files\Java\jdk1.8.0_60\jre\bin\java.dll
0x0000000050ce0000 - 0x0000000050cf6000 	C:\Program Files\Java\jdk1.8.0_60\jre\bin\zip.dll
0x00007ff8674f0000 - 0x00007ff868a4c000 	C:\WINDOWS\system32\SHELL32.dll
0x00007ff8662d0000 - 0x00007ff866914000 	C:\WINDOWS\system32\windows.storage.dll
0x00007ff869320000 - 0x00007ff869372000 	C:\WINDOWS\system32\shlwapi.dll
0x00007ff866030000 - 0x00007ff86603f000 	C:\WINDOWS\system32\kernel.appcore.dll
0x00007ff8661f0000 - 0x00007ff8662a5000 	C:\WINDOWS\system32\shcore.dll
0x00007ff865fd0000 - 0x00007ff86601b000 	C:\WINDOWS\system32\powrprof.dll
0x00007ff865fb0000 - 0x00007ff865fc4000 	C:\WINDOWS\system32\profapi.dll

VM Arguments:
jvm_args: -Djava.awt.headless=true -Xmx1024M -Dfile.encoding=windows-1252 -Duser.country=ES -Duser.language=es -Duser.variant 
java_command: com.android.dx.command.Main --dex --force-jumbo --num-threads=4 --multi-dex --output C:\Users\USER\Desktop\Proyectos\cashPokerProgresive3\app\build\intermediates\transforms\dex\debug\folders\1000\10\com.android.support-recyclerview-v7-23.3.0_9a406736260abab255241611ae497357f8887a05 C:\Users\USER\Desktop\Proyectos\cashPokerProgresive3\app\build\intermediates\exploded-aar\com.android.support\recyclerview-v7\23.3.0\jars\classes.jar
java_class_path (initial): C:\Users\USER\AppData\Local\Android\sdk\build-tools\23.0.3\lib\dx.jar
Launcher Type: SUN_STANDARD

Environment Variables:
CLASSPATH=.;C:\Program Files (x86)\QuickTime\QTSystem\QTJava.zip
USERNAME=USER
OS=Windows_NT
PROCESSOR_IDENTIFIER=Intel64 Family 6 Model 58 Stepping 9, GenuineIntel



---------------  S Y S T E M  ---------------

OS: Windows 10.0 , 64 bit Build 10586 (10.0.10586.0)

CPU:total 4 (2 cores per cpu, 2 threads per core) family 6 model 58 stepping 9, cmov, cx8, fxsr, mmx, sse, sse2, sse3, ssse3, sse4.1, sse4.2, popcnt, avx, aes, clmul, erms, ht, tsc, tscinvbit, tscinv

Memory: 4k page, physical 6167652k(446720k free), swap 9308260k(6808k free)

vm_info: Java HotSpot(TM) 64-Bit Server VM (25.60-b23) for windows-amd64 JRE (1.8.0_60-b27), built on Aug  4 2015 11:06:27 by "java_re" with MS VC++ 10.0 (VS2010)

time: Tue Aug 30 16:01:12 2016
elapsed time: 2 seconds (0d 0h 0m 2s)

