#
# There is insufficient memory for the Java Runtime Environment to continue.
# Native memory allocation (malloc) failed to allocate 1113296 bytes for Chunk::new
# Possible reasons:
#   The system is out of physical RAM or swap space
#   In 32 bit mode, the process size limit was hit
# Possible solutions:
#   Reduce memory load on the system
#   Increase physical memory or swap space
#   Check if swap backing store is full
#   Use 64 bit Java on a 64 bit OS
#   Decrease Java heap size (-Xmx/-Xms)
#   Decrease number of Java threads
#   Decrease Java thread stack sizes (-Xss)
#   Set larger code cache with -XX:ReservedCodeCacheSize=
# This output file may be truncated or incomplete.
#
#  Out of Memory Error (allocation.cpp:390), pid=7388, tid=5356
#
# JRE version: Java(TM) SE Runtime Environment (8.0_60-b27) (build 1.8.0_60-b27)
# Java VM: Java HotSpot(TM) 64-Bit Server VM (25.60-b23 mixed mode windows-amd64 compressed oops)
# Failed to write core dump. Minidumps are not enabled by default on client versions of Windows
#

---------------  T H R E A D  ---------------

Current thread (0x0000000014a1b800):  JavaThread "C2 CompilerThread1" daemon [_thread_in_native, id=5356, stack(0x0000000016510000,0x0000000016610000)]

Stack: [0x0000000016510000,0x0000000016610000]
[error occurred during error reporting (printing stack bounds), id 0xc0000005]

Native frames: (J=compiled Java code, j=interpreted, Vv=VM code, C=native code)


Current CompileTask:
C2:   9614 1394       4       com.android.dx.dex.code.OutputFinisher::addConstants (93 bytes)


---------------  P R O C E S S  ---------------

Java Threads: ( => current thread )
  0x00000000162c2000 JavaThread "pool-1-thread-1" [_thread_in_native, id=5228, stack(0x00000000185e0000,0x00000000186e0000)]
  0x0000000016118800 JavaThread "Service Thread" daemon [_thread_blocked, id=9356, stack(0x0000000016710000,0x0000000016810000)]
  0x0000000014a1e800 JavaThread "C1 CompilerThread2" daemon [_thread_blocked, id=5312, stack(0x0000000016610000,0x0000000016710000)]
=>0x0000000014a1b800 JavaThread "C2 CompilerThread1" daemon [_thread_in_native, id=5356, stack(0x0000000016510000,0x0000000016610000)]
  0x00000000149c0000 JavaThread "C2 CompilerThread0" daemon [_thread_blocked, id=4040, stack(0x0000000016010000,0x0000000016110000)]
  0x00000000149be000 JavaThread "Attach Listener" daemon [_thread_blocked, id=6684, stack(0x0000000015f10000,0x0000000016010000)]
  0x00000000149bd000 JavaThread "Signal Dispatcher" daemon [_thread_blocked, id=2568, stack(0x0000000015e10000,0x0000000015f10000)]
  0x00000000022e2800 JavaThread "Finalizer" daemon [_thread_blocked, id=9032, stack(0x0000000015c10000,0x0000000015d10000)]
  0x00000000022df000 JavaThread "Reference Handler" daemon [_thread_blocked, id=4024, stack(0x0000000015b10000,0x0000000015c10000)]
  0x000000000091e800 JavaThread "main" [_thread_blocked, id=8620, stack(0x0000000002070000,0x0000000002170000)]

Other Threads:
  0x0000000014987800 VMThread [stack: 0x0000000015a10000,0x0000000015b10000] [id=7580]
  0x000000001611c000 WatcherThread [stack: 0x0000000016810000,0x0000000016910000] [id=7468]

VM state:not at safepoint (normal execution)

VM Mutex/Monitor currently owned by a thread: None

Heap:
 PSYoungGen      total 53248K, used 16050K [0x00000000eab00000, 0x00000000ee300000, 0x0000000100000000)
  eden space 49152K, 24% used [0x00000000eab00000,0x00000000eb6b01a0,0x00000000edb00000)
  from space 4096K, 99% used [0x00000000edf00000,0x00000000ee2fc9b8,0x00000000ee300000)
  to   space 4096K, 0% used [0x00000000edb00000,0x00000000edb00000,0x00000000edf00000)
 ParOldGen       total 65536K, used 2725K [0x00000000c0000000, 0x00000000c4000000, 0x00000000eab00000)
  object space 65536K, 4% used [0x00000000c0000000,0x00000000c02a9690,0x00000000c4000000)
 Metaspace       used 6124K, capacity 7030K, committed 7296K, reserved 1056768K
  class space    used 606K, capacity 622K, committed 640K, reserved 1048576K

Card table byte_map: [0x00000000116b0000,0x00000000118c0000] byte_map_base: 0x00000000110b0000

Marking Bits: (ParMarkBitMap*) 0x000000005154a5b0
 Begin Bits: [0x0000000011e20000, 0x0000000012e20000)
 End Bits:   [0x0000000012e20000, 0x0000000013e20000)

Polling page: 0x00000000001f0000

CodeCache: size=245760Kb used=5874Kb max_used=5874Kb free=239885Kb
 bounds [0x00000000022f0000, 0x00000000028c0000, 0x00000000112f0000]
 total_blobs=1762 nmethods=1493 adapters=182
 compilation: enabled

Compilation events (10 events):
Event: 9.505 Thread 0x0000000014a1e800 nmethod 1443 0x000000000288e810 code [0x000000000288e980, 0x000000000288eb70]
Event: 9.505 Thread 0x0000000014a1e800 1444       3       com.android.dx.rop.cst.CstString::getUtf8Size (8 bytes)
Event: 9.505 Thread 0x0000000014a1e800 nmethod 1444 0x000000000288e410 code [0x000000000288e560, 0x000000000288e750]
Event: 9.505 Thread 0x0000000014a1e800 1447       3       com.android.dx.dex.file.StringDataItem::addContents (1 bytes)
Event: 9.505 Thread 0x0000000014a1e800 nmethod 1447 0x000000000288e0d0 code [0x000000000288e220, 0x000000000288e370]
Event: 9.505 Thread 0x0000000014a1e800 1445       3       com.android.dx.rop.cst.CstString::getUtf16Size (8 bytes)
Event: 9.505 Thread 0x0000000014a1e800 nmethod 1445 0x000000000288dc10 code [0x000000000288dd80, 0x000000000288dfd0]
Event: 9.505 Thread 0x0000000014a1e800 1442       3       com.android.dx.dex.file.StringDataItem::writeSize (17 bytes)
Event: 9.505 Thread 0x0000000014a1e800 nmethod 1442 0x0000000002890850 code [0x00000000028909e0, 0x0000000002890f70]
Event: 9.506 Thread 0x00000000149c0000 nmethod 1446 0x0000000002893f10 code [0x0000000002894060, 0x0000000002894198]

GC Heap History (4 events):
Event: 6.366 GC heap before
{Heap before GC invocations=1 (full 0):
 PSYoungGen      total 28672K, used 24576K [0x00000000eab00000, 0x00000000ecb00000, 0x0000000100000000)
  eden space 24576K, 100% used [0x00000000eab00000,0x00000000ec300000,0x00000000ec300000)
  from space 4096K, 0% used [0x00000000ec700000,0x00000000ec700000,0x00000000ecb00000)
  to   space 4096K, 0% used [0x00000000ec300000,0x00000000ec300000,0x00000000ec700000)
 ParOldGen       total 65536K, used 0K [0x00000000c0000000, 0x00000000c4000000, 0x00000000eab00000)
  object space 65536K, 0% used [0x00000000c0000000,0x00000000c0000000,0x00000000c4000000)
 Metaspace       used 5902K, capacity 6834K, committed 7040K, reserved 1056768K
  class space    used 599K, capacity 618K, committed 640K, reserved 1048576K
Event: 6.458 GC heap after
Heap after GC invocations=1 (full 0):
 PSYoungGen      total 28672K, used 4064K [0x00000000eab00000, 0x00000000ee300000, 0x0000000100000000)
  eden space 24576K, 0% used [0x00000000eab00000,0x00000000eab00000,0x00000000ec300000)
  from space 4096K, 99% used [0x00000000ec300000,0x00000000ec6f8048,0x00000000ec700000)
  to   space 4096K, 0% used [0x00000000edf00000,0x00000000edf00000,0x00000000ee300000)
 ParOldGen       total 65536K, used 1311K [0x00000000c0000000, 0x00000000c4000000, 0x00000000eab00000)
  object space 65536K, 2% used [0x00000000c0000000,0x00000000c0147e60,0x00000000c4000000)
 Metaspace       used 5902K, capacity 6834K, committed 7040K, reserved 1056768K
  class space    used 599K, capacity 618K, committed 640K, reserved 1048576K
}
Event: 6.863 GC heap before
{Heap before GC invocations=2 (full 0):
 PSYoungGen      total 28672K, used 28640K [0x00000000eab00000, 0x00000000ee300000, 0x0000000100000000)
  eden space 24576K, 100% used [0x00000000eab00000,0x00000000ec300000,0x00000000ec300000)
  from space 4096K, 99% used [0x00000000ec300000,0x00000000ec6f8048,0x00000000ec700000)
  to   space 4096K, 0% used [0x00000000edf00000,0x00000000edf00000,0x00000000ee300000)
 ParOldGen       total 65536K, used 1311K [0x00000000c0000000, 0x00000000c4000000, 0x00000000eab00000)
  object space 65536K, 2% used [0x00000000c0000000,0x00000000c0147e60,0x00000000c4000000)
 Metaspace       used 6029K, capacity 6962K, committed 7040K, reserved 1056768K
  class space    used 599K, capacity 618K, committed 640K, reserved 1048576K
Event: 6.873 GC heap after
Heap after GC invocations=2 (full 0):
 PSYoungGen      total 53248K, used 4082K [0x00000000eab00000, 0x00000000ee300000, 0x0000000100000000)
  eden space 49152K, 0% used [0x00000000eab00000,0x00000000eab00000,0x00000000edb00000)
  from space 4096K, 99% used [0x00000000edf00000,0x00000000ee2fc9b8,0x00000000ee300000)
  to   space 4096K, 0% used [0x00000000edb00000,0x00000000edb00000,0x00000000edf00000)
 ParOldGen       total 65536K, used 2725K [0x00000000c0000000, 0x00000000c4000000, 0x00000000eab00000)
  object space 65536K, 4% used [0x00000000c0000000,0x00000000c02a9690,0x00000000c4000000)
 Metaspace       used 6029K, capacity 6962K, committed 7040K, reserved 1056768K
  class space    used 599K, capacity 618K, committed 640K, reserved 1048576K
}

Deoptimization events (10 events):
Event: 8.131 Thread 0x00000000162c2000 Uncommon trap: reason=class_check action=maybe_recompile pc=0x0000000002736608 method=java.util.Arrays.hashCode([Ljava/lang/Object;)I @ 43
Event: 8.131 Thread 0x00000000162c2000 Uncommon trap: reason=class_check action=maybe_recompile pc=0x0000000002736608 method=java.util.Arrays.hashCode([Ljava/lang/Object;)I @ 43
Event: 8.131 Thread 0x00000000162c2000 Uncommon trap: reason=class_check action=maybe_recompile pc=0x0000000002736608 method=java.util.Arrays.hashCode([Ljava/lang/Object;)I @ 43
Event: 8.132 Thread 0x00000000162c2000 Uncommon trap: reason=class_check action=maybe_recompile pc=0x000000000273e9b4 method=java.util.Arrays.hashCode([Ljava/lang/Object;)I @ 43
Event: 8.138 Thread 0x00000000162c2000 Uncommon trap: reason=bimorphic action=maybe_recompile pc=0x00000000025bb9cc method=java.util.HashMap.getNode(ILjava/lang/Object;)Ljava/util/HashMap$Node; @ 126
Event: 8.331 Thread 0x00000000162c2000 Uncommon trap: reason=unstable_if action=reinterpret pc=0x000000000262a948 method=java.util.HashMap.putVal(ILjava/lang/Object;Ljava/lang/Object;ZZ)Ljava/lang/Object; @ 94
Event: 8.608 Thread 0x00000000162c2000 Uncommon trap: reason=unstable_if action=reinterpret pc=0x0000000002873da0 method=com.android.dx.dex.code.OutputFinisher.addConstants(Ljava/util/HashSet;Lcom/android/dx/rop/code/RegisterSpec;)V @ 32
Event: 8.633 Thread 0x00000000162c2000 Uncommon trap: reason=bimorphic action=maybe_recompile pc=0x00000000025bb9cc method=java.util.HashMap.getNode(ILjava/lang/Object;)Ljava/util/HashMap$Node; @ 126
Event: 8.633 Thread 0x00000000162c2000 Uncommon trap: reason=bimorphic action=maybe_recompile pc=0x00000000025bb9cc method=java.util.HashMap.getNode(ILjava/lang/Object;)Ljava/util/HashMap$Node; @ 126
Event: 8.634 Thread 0x00000000162c2000 Uncommon trap: reason=bimorphic action=maybe_recompile pc=0x00000000025c95dc method=java.util.HashMap.getNode(ILjava/lang/Object;)Ljava/util/HashMap$Node; @ 126

Internal exceptions (3 events):
Event: 0.088 Thread 0x000000000091e800 Exception <a 'java/lang/NoSuchMethodError': Method sun.misc.Unsafe.defineClass(Ljava/lang/String;[BII)Ljava/lang/Class; name or signature does not match> (0x00000000eab0e4d8) thrown at [C:\re\workspace\8-2-build-windows-amd64-cygwin\jdk8u60\4407\hotspot\sr´õè7í∂?
Event: 0.088 Thread 0x000000000091e800 Exception <a 'java/lang/NoSuchMethodError': Method sun.misc.Unsafe.prefetchRead(Ljava/lang/Object;J)V name or signature does not match> (0x00000000eab0e7c0) thrown at [C:\re\workspace\8-2-build-windows-amd64-cygwin\jdk8u60\4407\hotspot\src\share\vm\prims\jÎS›sÀ@
Event: 6.274 Thread 0x00000000162ab000 Implicit null exception at 0x0000000002663788 to 0x000000000266433d

Events (10 events):
Event: 8.633 Thread 0x00000000162c2000 DEOPT PACKING pc=0x00000000025bb9cc sp=0x00000000186de8d0
Event: 8.633 Thread 0x00000000162c2000 DEOPT UNPACKING pc=0x000000000233582a sp=0x00000000186de7f8 mode 2
Event: 8.634 Thread 0x00000000162c2000 Uncommon trap: trap_request=0xffffffc6 fr.pc=0x00000000025c95dc
Event: 8.634 Thread 0x00000000162c2000 DEOPT PACKING pc=0x00000000025c95dc sp=0x00000000186de860
Event: 8.634 Thread 0x00000000162c2000 DEOPT UNPACKING pc=0x000000000233582a sp=0x00000000186de7f8 mode 2
Event: 8.637 loading class com/android/dx/dex/file/ProtoIdItem
Event: 8.637 loading class com/android/dx/dex/file/ProtoIdItem done
Event: 8.812 loading class com/android/dex/Leb128
Event: 8.812 loading class com/android/dex/Leb128 done
Event: 9.504 loading class java/util/Collections$1


Dynamic libraries:
0x00007ff6653b0000 - 0x00007ff6653e7000 	C:\Program Files\Java\jdk1.8.0_60\bin\java.exe
0x00007ff8699b0000 - 0x00007ff869b71000 	C:\WINDOWS\SYSTEM32\ntdll.dll
0x00007ff869900000 - 0x00007ff8699ad000 	C:\WINDOWS\system32\KERNEL32.DLL
0x00007ff866ba0000 - 0x00007ff866d88000 	C:\WINDOWS\system32\KERNELBASE.dll
0x00007ff8672c0000 - 0x00007ff867367000 	C:\WINDOWS\system32\ADVAPI32.dll
0x00007ff868a50000 - 0x00007ff868aed000 	C:\WINDOWS\system32\msvcrt.dll
0x00007ff8698a0000 - 0x00007ff8698fb000 	C:\WINDOWS\system32\sechost.dll
0x00007ff867160000 - 0x00007ff86727c000 	C:\WINDOWS\system32\RPCRT4.dll
0x00007ff868fe0000 - 0x00007ff869136000 	C:\WINDOWS\system32\USER32.dll
0x00007ff868d60000 - 0x00007ff868ee6000 	C:\WINDOWS\system32\GDI32.dll
0x00007ff860260000 - 0x00007ff8604d4000 	C:\WINDOWS\WinSxS\amd64_microsoft.windows.common-controls_6595b64144ccf1df_6.0.10586.0_none_8c15ae12515e1c22\COMCTL32.dll
0x00007ff866ee0000 - 0x00007ff86715d000 	C:\WINDOWS\system32\combase.dll
0x00007ff866180000 - 0x00007ff8661ea000 	C:\WINDOWS\system32\bcryptPrimitives.dll
0x00007ff867280000 - 0x00007ff8672bb000 	C:\WINDOWS\system32\IMM32.DLL
0x00007ff865ea0000 - 0x00007ff865ed1000 	C:\Windows\system32\nvinitx.dll
0x00007ff865e90000 - 0x00007ff865e9a000 	C:\WINDOWS\SYSTEM32\VERSION.dll
0x0000000054bf0000 - 0x0000000054bf6000 	C:\Program Files\NVIDIA Corporation\CoProcManager\_etoured.dll
0x00007ff863520000 - 0x00007ff863553000 	C:\Program Files\NVIDIA Corporation\CoProcManager\nvd3d9wrapx.dll
0x00007ff8693a0000 - 0x00007ff8697c9000 	C:\WINDOWS\system32\SETUPAPI.dll
0x00007ff866920000 - 0x00007ff866963000 	C:\WINDOWS\system32\CFGMGR32.dll
0x00007ff863260000 - 0x00007ff863282000 	C:\Program Files\NVIDIA Corporation\CoProcManager\nvdxgiwrapx.dll
0x00000000515d0000 - 0x00000000516a2000 	C:\Program Files\Java\jdk1.8.0_60\jre\bin\msvcr100.dll
0x0000000050d40000 - 0x00000000515c9000 	C:\Program Files\Java\jdk1.8.0_60\jre\bin\server\jvm.dll
0x00007ff869160000 - 0x00007ff869168000 	C:\WINDOWS\system32\PSAPI.DLL
0x00007ff858430000 - 0x00007ff858439000 	C:\WINDOWS\SYSTEM32\WSOCK32.dll
0x00007ff8697d0000 - 0x00007ff86983b000 	C:\WINDOWS\system32\WS2_32.dll
0x00007ff863d30000 - 0x00007ff863d53000 	C:\WINDOWS\SYSTEM32\WINMM.dll
0x00007ff863d00000 - 0x00007ff863d2c000 	C:\WINDOWS\SYSTEM32\WINMMBASE.dll
0x0000000050d30000 - 0x0000000050d3f000 	C:\Program Files\Java\jdk1.8.0_60\jre\bin\verify.dll
0x0000000050d00000 - 0x0000000050d29000 	C:\Program Files\Java\jdk1.8.0_60\jre\bin\java.dll
0x0000000050ce0000 - 0x0000000050cf6000 	C:\Program Files\Java\jdk1.8.0_60\jre\bin\zip.dll
0x00007ff8674f0000 - 0x00007ff868a4c000 	C:\WINDOWS\system32\SHELL32.dll
0x00007ff8662d0000 - 0x00007ff866914000 	C:\WINDOWS\system32\windows.storage.dll
0x00007ff869320000 - 0x00007ff869372000 	C:\WINDOWS\system32\shlwapi.dll
0x00007ff866030000 - 0x00007ff86603f000 	C:\WINDOWS\system32\kernel.appcore.dll
0x00007ff8661f0000 - 0x00007ff8662a5000 	C:\WINDOWS\system32\shcore.dll
0x00007ff865fd0000 - 0x00007ff86601b000 	C:\WINDOWS\system32\powrprof.dll
0x00007ff865fb0000 - 0x00007ff865fc4000 	C:\WINDOWS\system32\profapi.dll

VM Arguments:
jvm_args: -Djava.awt.headless=true -Xmx1024M -Dfile.encoding=windows-1252 -Duser.country=ES -Duser.language=es -Duser.variant 
java_command: com.android.dx.command.Main --dex --force-jumbo --num-threads=4 --multi-dex --output C:\Users\USER\Desktop\Proyectos\cashPokerProgresive3\app\build\intermediates\transforms\dex\debug\folders\1000\10\instant-run_2238d62da3f5ec67d0a7cfe5554ddee83e8b14a4 C:\Users\USER\Desktop\Proyectos\cashPokerProgresive3\app\build\intermediates\incremental-runtime-classes\debug\instant-run.jar
java_class_path (initial): C:\Users\USER\AppData\Local\Android\sdk\build-tools\23.0.3\lib\dx.jar
Launcher Type: SUN_STANDARD

Environment Variables:
CLASSPATH=.;C:\Program Files (x86)\QuickTime\QTSystem\QTJava.zip
USERNAME=USER
OS=Windows_NT
PROCESSOR_IDENTIFIER=Intel64 Family 6 Model 58 Stepping 9, GenuineIntel



---------------  S Y S T E M  ---------------

OS: Windows 10.0 , 64 bit Build 10586 (10.0.10586.0)

CPU:total 4 (2 cores per cpu, 2 threads per core) family 6 model 58 stepping 9, cmov, cx8, fxsr, mmx, sse, sse2, sse3, ssse3, sse4.1, sse4.2, popcnt, avx, aes, clmul, erms, ht, tsc, tscinvbit, tscinv

Memory: 4k page, physical 6167652k(305244k free), swap 9308260k(5532k free)

vm_info: Java HotSpot(TM) 64-Bit Server VM (25.60-b23) for windows-amd64 JRE (1.8.0_60-b27), built on Aug  4 2015 11:06:27 by "java_re" with MS VC++ 10.0 (VS2010)

time: Tue Aug 30 16:04:09 2016
elapsed time: 9 seconds (0d 0h 0m 9s)

