#
# There is insufficient memory for the Java Runtime Environment to continue.
# Native memory allocation (malloc) failed to allocate 561776 bytes for Chunk::new
# Possible reasons:
#   The system is out of physical RAM or swap space
#   In 32 bit mode, the process size limit was hit
# Possible solutions:
#   Reduce memory load on the system
#   Increase physical memory or swap space
#   Check if swap backing store is full
#   Use 64 bit Java on a 64 bit OS
#   Decrease Java heap size (-Xmx/-Xms)
#   Decrease number of Java threads
#   Decrease Java thread stack sizes (-Xss)
#   Set larger code cache with -XX:ReservedCodeCacheSize=
# This output file may be truncated or incomplete.
#
#  Out of Memory Error (allocation.cpp:390), pid=11972, tid=8336
#
# JRE version: Java(TM) SE Runtime Environment (8.0_91-b14) (build 1.8.0_91-b14)
# Java VM: Java HotSpot(TM) 64-Bit Server VM (25.91-b14 mixed mode windows-amd64 compressed oops)
# Failed to write core dump. Minidumps are not enabled by default on client versions of Windows
#

---------------  T H R E A D  ---------------

Current thread (0x00000000149d9000):  JavaThread "C2 CompilerThread1" daemon [_thread_in_native, id=8336, stack(0x00000000160d0000,0x00000000161d0000)]

Stack: [0x00000000160d0000,0x00000000161d0000]
[error occurred during error reporting (printing stack bounds), id 0xc0000005]

Native frames: (J=compiled Java code, j=interpreted, Vv=VM code, C=native code)


Current CompileTask:
C2:  32284 2711       4       java.util.ArrayList::sort (48 bytes)


---------------  P R O C E S S  ---------------

Java Threads: ( => current thread )
  0x0000000016cea800 JavaThread "pool-1-thread-1" [_thread_in_native, id=11660, stack(0x0000000019570000,0x0000000019670000)]
  0x00000000162d4000 JavaThread "Service Thread" daemon [_thread_blocked, id=7804, stack(0x00000000166d0000,0x00000000167d0000)]
  0x00000000149dd800 JavaThread "C1 CompilerThread2" daemon [_thread_in_vm, id=6996, stack(0x00000000161d0000,0x00000000162d0000)]
=>0x00000000149d9000 JavaThread "C2 CompilerThread1" daemon [_thread_in_native, id=8336, stack(0x00000000160d0000,0x00000000161d0000)]
  0x000000001497b800 JavaThread "C2 CompilerThread0" daemon [_thread_in_native, id=7104, stack(0x0000000015fd0000,0x00000000160d0000)]
  0x000000001497a800 JavaThread "Attach Listener" daemon [_thread_blocked, id=10372, stack(0x0000000015ed0000,0x0000000015fd0000)]
  0x0000000014979000 JavaThread "Signal Dispatcher" daemon [_thread_blocked, id=4440, stack(0x0000000015dd0000,0x0000000015ed0000)]
  0x00000000022aa000 JavaThread "Finalizer" daemon [_thread_blocked, id=6208, stack(0x0000000015bd0000,0x0000000015cd0000)]
  0x000000000229f000 JavaThread "Reference Handler" daemon [_thread_blocked, id=1828, stack(0x0000000015ad0000,0x0000000015bd0000)]
  0x00000000021b1000 JavaThread "main" [_thread_blocked, id=11896, stack(0x00000000020b0000,0x00000000021b0000)]

Other Threads:
  0x0000000014947800 VMThread [stack: 0x00000000159d0000,0x0000000015ad0000] [id=11712]
  0x00000000162e7000 WatcherThread [stack: 0x00000000167d0000,0x00000000168d0000] [id=7960]

VM state:not at safepoint (normal execution)

VM Mutex/Monitor currently owned by a thread:  ([mutex/lock_event])
[0x000000000085ba00] CodeCache_lock - owner thread: 0x00000000149dd800
[0x000000000085db60] PeriodicTask_lock - owner thread: 0x00000000162e7000

Heap:
 PSYoungGen      total 112640K, used 50320K [0x00000000eab00000, 0x00000000f9900000, 0x0000000100000000)
  eden space 96256K, 35% used [0x00000000eab00000,0x00000000ecc28ff8,0x00000000f0900000)
  from space 16384K, 99% used [0x00000000f0900000,0x00000000f18fb3f0,0x00000000f1900000)
  to   space 25600K, 0% used [0x00000000f8000000,0x00000000f8000000,0x00000000f9900000)
 ParOldGen       total 65536K, used 30661K [0x00000000c0000000, 0x00000000c4000000, 0x00000000eab00000)
  object space 65536K, 46% used [0x00000000c0000000,0x00000000c1df1680,0x00000000c4000000)
 Metaspace       used 6766K, capacity 7512K, committed 7680K, reserved 1056768K
  class space    used 621K, capacity 656K, committed 768K, reserved 1048576K

Card table byte_map: [0x0000000011670000,0x0000000011880000] byte_map_base: 0x0000000011070000

Marking Bits: (ParMarkBitMap*) 0x000000005d812f70
 Begin Bits: [0x0000000011de0000, 0x0000000012de0000)
 End Bits:   [0x0000000012de0000, 0x0000000013de0000)

Polling page: 0x00000000001f0000

CodeCache: size=245760Kb used=12541Kb max_used=12541Kb free=233218Kb
 bounds [0x00000000022b0000, 0x0000000002f00000, 0x00000000112b0000]
 total_blobs=2832 nmethods=2562 adapters=183
 compilation: enabled

Compilation events (10 events):
Event: 29.997 Thread 0x00000000149dd800 nmethod 2708 0x0000000002ef4690 code [0x0000000002ef4800, 0x0000000002ef4a30]
Event: 29.997 Thread 0x00000000149dd800 2709       3       com.android.dx.dex.file.DebugInfoEncoder$2::compare (13 bytes)
Event: 29.997 Thread 0x00000000149dd800 nmethod 2709 0x0000000002ef4f10 code [0x0000000002ef50a0, 0x0000000002ef5670]
Event: 30.092 Thread 0x000000001497b800 2710       4       java.util.Arrays::sort (47 bytes)
Event: 30.093 Thread 0x00000000149d9000 2711       4       java.util.ArrayList::sort (48 bytes)
Event: 30.102 Thread 0x00000000149dd800 2712       1       com.android.dx.dex.code.DalvInsnList::getRegistersSize (5 bytes)
Event: 30.102 Thread 0x00000000149dd800 nmethod 2712 0x0000000002ef7e90 code [0x0000000002ef7fe0, 0x0000000002ef80f0]
Event: 30.103 Thread 0x00000000149dd800 2713       3       com.android.dx.dex.file.DebugInfoEncoder::getParamBase (29 bytes)
Event: 30.103 Thread 0x00000000149dd800 nmethod 2713 0x0000000002ef9a10 code [0x0000000002ef9bc0, 0x0000000002efa418]
Event: 30.113 Thread 0x00000000149dd800 2714       3       com.android.dx.dex.file.StringIdsSection::indexOf (49 bytes)

GC Heap History (10 events):
Event: 12.136 GC heap before
{Heap before GC invocations=3 (full 0):
 PSYoungGen      total 28672K, used 28647K [0x00000000eab00000, 0x00000000ee300000, 0x0000000100000000)
  eden space 24576K, 100% used [0x00000000eab00000,0x00000000ec300000,0x00000000ec300000)
  from space 4096K, 99% used [0x00000000ec700000,0x00000000ecaf9c98,0x00000000ecb00000)
  to   space 4096K, 0% used [0x00000000ec300000,0x00000000ec300000,0x00000000ec700000)
 ParOldGen       total 65536K, used 1388K [0x00000000c0000000, 0x00000000c4000000, 0x00000000eab00000)
  object space 65536K, 2% used [0x00000000c0000000,0x00000000c015b0a0,0x00000000c4000000)
 Metaspace       used 6201K, capacity 7090K, committed 7296K, reserved 1056768K
  class space    used 598K, capacity 618K, committed 640K, reserved 1048576K
Event: 12.211 GC heap after
Heap after GC invocations=3 (full 0):
 PSYoungGen      total 28672K, used 4064K [0x00000000eab00000, 0x00000000ee300000, 0x0000000100000000)
  eden space 24576K, 0% used [0x00000000eab00000,0x00000000eab00000,0x00000000ec300000)
  from space 4096K, 99% used [0x00000000ec300000,0x00000000ec6f8028,0x00000000ec700000)
  to   space 4096K, 0% used [0x00000000edf00000,0x00000000edf00000,0x00000000ee300000)
 ParOldGen       total 65536K, used 5402K [0x00000000c0000000, 0x00000000c4000000, 0x00000000eab00000)
  object space 65536K, 8% used [0x00000000c0000000,0x00000000c0546a00,0x00000000c4000000)
 Metaspace       used 6201K, capacity 7090K, committed 7296K, reserved 1056768K
  class space    used 598K, capacity 618K, committed 640K, reserved 1048576K
}
Event: 14.083 GC heap before
{Heap before GC invocations=4 (full 0):
 PSYoungGen      total 28672K, used 28640K [0x00000000eab00000, 0x00000000ee300000, 0x0000000100000000)
  eden space 24576K, 100% used [0x00000000eab00000,0x00000000ec300000,0x00000000ec300000)
  from space 4096K, 99% used [0x00000000ec300000,0x00000000ec6f8028,0x00000000ec700000)
  to   space 4096K, 0% used [0x00000000edf00000,0x00000000edf00000,0x00000000ee300000)
 ParOldGen       total 65536K, used 5402K [0x00000000c0000000, 0x00000000c4000000, 0x00000000eab00000)
  object space 65536K, 8% used [0x00000000c0000000,0x00000000c0546a00,0x00000000c4000000)
 Metaspace       used 6253K, capacity 7090K, committed 7296K, reserved 1056768K
  class space    used 599K, capacity 618K, committed 640K, reserved 1048576K
Event: 14.156 GC heap after
Heap after GC invocations=4 (full 0):
 PSYoungGen      total 53248K, used 4083K [0x00000000eab00000, 0x00000000ee300000, 0x0000000100000000)
  eden space 49152K, 0% used [0x00000000eab00000,0x00000000eab00000,0x00000000edb00000)
  from space 4096K, 99% used [0x00000000edf00000,0x00000000ee2fceb8,0x00000000ee300000)
  to   space 4096K, 0% used [0x00000000edb00000,0x00000000edb00000,0x00000000edf00000)
 ParOldGen       total 65536K, used 9383K [0x00000000c0000000, 0x00000000c4000000, 0x00000000eab00000)
  object space 65536K, 14% used [0x00000000c0000000,0x00000000c0929e88,0x00000000c4000000)
 Metaspace       used 6253K, capacity 7090K, committed 7296K, reserved 1056768K
  class space    used 599K, capacity 618K, committed 640K, reserved 1048576K
}
Event: 16.488 GC heap before
{Heap before GC invocations=5 (full 0):
 PSYoungGen      total 53248K, used 53235K [0x00000000eab00000, 0x00000000ee300000, 0x0000000100000000)
  eden space 49152K, 100% used [0x00000000eab00000,0x00000000edb00000,0x00000000edb00000)
  from space 4096K, 99% used [0x00000000edf00000,0x00000000ee2fceb8,0x00000000ee300000)
  to   space 4096K, 0% used [0x00000000edb00000,0x00000000edb00000,0x00000000edf00000)
 ParOldGen       total 65536K, used 9383K [0x00000000c0000000, 0x00000000c4000000, 0x00000000eab00000)
  object space 65536K, 14% used [0x00000000c0000000,0x00000000c0929e88,0x00000000c4000000)
 Metaspace       used 6361K, capacity 7154K, committed 7296K, reserved 1056768K
  class space    used 599K, capacity 618K, committed 640K, reserved 1048576K
Event: 17.355 GC heap after
Heap after GC invocations=5 (full 0):
 PSYoungGen      total 53248K, used 4067K [0x00000000eab00000, 0x00000000f2700000, 0x0000000100000000)
  eden space 49152K, 0% used [0x00000000eab00000,0x00000000eab00000,0x00000000edb00000)
  from space 4096K, 99% used [0x00000000edb00000,0x00000000edef8ec8,0x00000000edf00000)
  to   space 14336K, 0% used [0x00000000f1900000,0x00000000f1900000,0x00000000f2700000)
 ParOldGen       total 65536K, used 18214K [0x00000000c0000000, 0x00000000c4000000, 0x00000000eab00000)
  object space 65536K, 27% used [0x00000000c0000000,0x00000000c11c9ad0,0x00000000c4000000)
 Metaspace       used 6361K, capacity 7154K, committed 7296K, reserved 1056768K
  class space    used 599K, capacity 618K, committed 640K, reserved 1048576K
}
Event: 19.384 GC heap before
{Heap before GC invocations=6 (full 0):
 PSYoungGen      total 53248K, used 53219K [0x00000000eab00000, 0x00000000f2700000, 0x0000000100000000)
  eden space 49152K, 100% used [0x00000000eab00000,0x00000000edb00000,0x00000000edb00000)
  from space 4096K, 99% used [0x00000000edb00000,0x00000000edef8ec8,0x00000000edf00000)
  to   space 14336K, 0% used [0x00000000f1900000,0x00000000f1900000,0x00000000f2700000)
 ParOldGen       total 65536K, used 18214K [0x00000000c0000000, 0x00000000c4000000, 0x00000000eab00000)
  object space 65536K, 27% used [0x00000000c0000000,0x00000000c11c9ad0,0x00000000c4000000)
 Metaspace       used 6387K, capacity 7154K, committed 7296K, reserved 1056768K
  class space    used 599K, capacity 618K, committed 640K, reserved 1048576K
Event: 19.917 GC heap after
Heap after GC invocations=6 (full 0):
 PSYoungGen      total 110592K, used 13077K [0x00000000eab00000, 0x00000000f2b00000, 0x0000000100000000)
  eden space 96256K, 0% used [0x00000000eab00000,0x00000000eab00000,0x00000000f0900000)
  from space 14336K, 91% used [0x00000000f1900000,0x00000000f25c5688,0x00000000f2700000)
  to   space 16384K, 0% used [0x00000000f0900000,0x00000000f0900000,0x00000000f1900000)
 ParOldGen       total 65536K, used 18222K [0x00000000c0000000, 0x00000000c4000000, 0x00000000eab00000)
  object space 65536K, 27% used [0x00000000c0000000,0x00000000c11cbad0,0x00000000c4000000)
 Metaspace       used 6387K, capacity 7154K, committed 7296K, reserved 1056768K
  class space    used 599K, capacity 618K, committed 640K, reserved 1048576K
}
Event: 23.390 GC heap before
{Heap before GC invocations=7 (full 0):
 PSYoungGen      total 110592K, used 109333K [0x00000000eab00000, 0x00000000f2b00000, 0x0000000100000000)
  eden space 96256K, 100% used [0x00000000eab00000,0x00000000f0900000,0x00000000f0900000)
  from space 14336K, 91% used [0x00000000f1900000,0x00000000f25c5688,0x00000000f2700000)
  to   space 16384K, 0% used [0x00000000f0900000,0x00000000f0900000,0x00000000f1900000)
 ParOldGen       total 65536K, used 18222K [0x00000000c0000000, 0x00000000c4000000, 0x00000000eab00000)
  object space 65536K, 27% used [0x00000000c0000000,0x00000000c11cbad0,0x00000000c4000000)
 Metaspace       used 6408K, capacity 7154K, committed 7296K, reserved 1056768K
  class space    used 599K, capacity 618K, committed 640K, reserved 1048576K
Event: 23.702 GC heap after
Heap after GC invocations=7 (full 0):
 PSYoungGen      total 112640K, used 16364K [0x00000000eab00000, 0x00000000f9900000, 0x0000000100000000)
  eden space 96256K, 0% used [0x00000000eab00000,0x00000000eab00000,0x00000000f0900000)
  from space 16384K, 99% used [0x00000000f0900000,0x00000000f18fb3f0,0x00000000f1900000)
  to   space 25600K, 0% used [0x00000000f8000000,0x00000000f8000000,0x00000000f9900000)
 ParOldGen       total 65536K, used 30661K [0x00000000c0000000, 0x00000000c4000000, 0x00000000eab00000)
  object space 65536K, 46% used [0x00000000c0000000,0x00000000c1df1680,0x00000000c4000000)
 Metaspace       used 6408K, capacity 7154K, committed 7296K, reserved 1056768K
  class space    used 599K, capacity 618K, committed 640K, reserved 1048576K
}

Deoptimization events (10 events):
Event: 29.068 Thread 0x0000000016cea800 Uncommon trap: reason=class_check action=maybe_recompile pc=0x0000000002eae6ec method=com.android.dx.dex.code.OutputFinisher.calculateReservedCount([Lcom/android/dx/dex/code/Dop;)I @ 72
Event: 29.080 Thread 0x0000000016cea800 Uncommon trap: reason=unstable_if action=reinterpret pc=0x0000000002eb5d34 method=com.android.dx.dex.code.form.Form35c.wordCount(Lcom/android/dx/rop/code/RegisterSpecList;)I @ 52
Event: 29.081 Thread 0x0000000016cea800 Uncommon trap: reason=unstable_if action=reinterpret pc=0x0000000002eb4bbc method=com.android.dx.dex.code.form.Form35c.wordCount(Lcom/android/dx/rop/code/RegisterSpecList;)I @ 52
Event: 29.081 Thread 0x0000000016cea800 Uncommon trap: reason=bimorphic action=maybe_recompile pc=0x0000000002eb7760 method=com.android.dx.dex.code.OutputFinisher.calculateReservedCount([Lcom/android/dx/dex/code/Dop;)I @ 72
Event: 29.081 Thread 0x0000000016cea800 Uncommon trap: reason=bimorphic action=maybe_recompile pc=0x0000000002eb7760 method=com.android.dx.dex.code.OutputFinisher.calculateReservedCount([Lcom/android/dx/dex/code/Dop;)I @ 72
Event: 29.082 Thread 0x0000000016cea800 Uncommon trap: reason=unstable_if action=reinterpret pc=0x0000000002e9f354 method=com.android.dx.dex.code.OutputFinisher.align64bits([Lcom/android/dx/dex/code/Dop;)V @ 205
Event: 29.084 Thread 0x0000000016cea800 Uncommon trap: reason=bimorphic action=maybe_recompile pc=0x0000000002eb7760 method=com.android.dx.dex.code.OutputFinisher.calculateReservedCount([Lcom/android/dx/dex/code/Dop;)I @ 72
Event: 29.088 Thread 0x0000000016cea800 Uncommon trap: reason=bimorphic action=maybe_recompile pc=0x0000000002eb7760 method=com.android.dx.dex.code.OutputFinisher.calculateReservedCount([Lcom/android/dx/dex/code/Dop;)I @ 72
Event: 29.780 Thread 0x0000000016cea800 Uncommon trap: reason=null_check action=make_not_entrant pc=0x0000000002ebaa18 method=com.android.dx.dex.code.LocalList$MakeState.finish()Lcom/android/dx/dex/code/LocalList; @ 81
Event: 29.982 Thread 0x0000000016cea800 Uncommon trap: reason=unstable_if action=reinterpret pc=0x0000000002b98720 method=java.util.ArrayList.<init>(I)V @ 5

Internal exceptions (5 events):
Event: 0.709 Thread 0x00000000021b1000 Exception <a 'java/lang/NoSuchMethodError': Method sun.misc.Unsafe.defineClass(Ljava/lang/String;[BII)Ljava/lang/Class; name or signature does not match> (0x00000000eab07cc0) thrown at [C:\re\workspace\8-2-build-windows-amd64-cygwin\jdk8u91\6644\hotspot\sr7Ãaõá±Ê?
Event: 0.709 Thread 0x00000000021b1000 Exception <a 'java/lang/NoSuchMethodError': Method sun.misc.Unsafe.prefetchRead(Ljava/lang/Object;J)V name or signature does not match> (0x00000000eab07fa8) thrown at [C:\re\workspace\8-2-build-windows-amd64-cygwin\jdk8u91\6644\hotspot\src\share\vm\prims\jËèµT≤t(@
Event: 12.228 Thread 0x000000001659d800 Implicit null exception at 0x0000000002540f22 to 0x0000000002541012
Event: 22.124 Thread 0x0000000016cff800 Implicit null exception at 0x0000000002693b4a to 0x0000000002694b0d
Event: 29.780 Thread 0x0000000016cea800 Implicit null exception at 0x0000000002eb9da8 to 0x0000000002ebaa09

Events (10 events):
Event: 29.780 Thread 0x0000000016cea800 DEOPT UNPACKING pc=0x00000000022f582a sp=0x000000001966e6d0 mode 2
Event: 29.979 loading class com/android/dx/dex/file/DebugInfoEncoder
Event: 29.979 loading class com/android/dx/dex/file/DebugInfoEncoder done
Event: 29.982 Thread 0x0000000016cea800 Uncommon trap: trap_request=0xffffff65 fr.pc=0x0000000002b98720
Event: 29.982 Thread 0x0000000016cea800 DEOPT PACKING pc=0x0000000002b98720 sp=0x000000001966e600
Event: 29.982 Thread 0x0000000016cea800 DEOPT UNPACKING pc=0x00000000022f582a sp=0x000000001966e5a8 mode 2
Event: 29.982 loading class com/android/dx/dex/file/DebugInfoEncoder$1
Event: 29.982 loading class com/android/dx/dex/file/DebugInfoEncoder$1 done
Event: 29.983 loading class com/android/dx/dex/file/DebugInfoEncoder$2
Event: 29.983 loading class com/android/dx/dex/file/DebugInfoEncoder$2 done


Dynamic libraries:
0x00007ff6676c0000 - 0x00007ff6676f7000 	C:\Program Files\Java\jdk1.8.0_91\bin\java.exe
0x00007ffe294d0000 - 0x00007ffe29691000 	C:\WINDOWS\SYSTEM32\ntdll.dll
0x00007ffe26fa0000 - 0x00007ffe2704d000 	C:\WINDOWS\system32\KERNEL32.DLL
0x00007ffe266e0000 - 0x00007ffe268c8000 	C:\WINDOWS\system32\KERNELBASE.dll
0x00007ffe27380000 - 0x00007ffe27427000 	C:\WINDOWS\system32\ADVAPI32.dll
0x00007ffe272e0000 - 0x00007ffe2737d000 	C:\WINDOWS\system32\msvcrt.dll
0x00007ffe27430000 - 0x00007ffe2748b000 	C:\WINDOWS\system32\sechost.dll
0x00007ffe28da0000 - 0x00007ffe28ebc000 	C:\WINDOWS\system32\RPCRT4.dll
0x00007ffe28ec0000 - 0x00007ffe29016000 	C:\WINDOWS\system32\USER32.dll
0x00007ffe28c10000 - 0x00007ffe28d96000 	C:\WINDOWS\system32\GDI32.dll
0x00007ffe16460000 - 0x00007ffe166d4000 	C:\WINDOWS\WinSxS\amd64_microsoft.windows.common-controls_6595b64144ccf1df_6.0.10586.0_none_8c15ae12515e1c22\COMCTL32.dll
0x00007ffe29020000 - 0x00007ffe2929d000 	C:\WINDOWS\system32\combase.dll
0x00007ffe264a0000 - 0x00007ffe2650a000 	C:\WINDOWS\system32\bcryptPrimitives.dll
0x00007ffe26b30000 - 0x00007ffe26b6b000 	C:\WINDOWS\system32\IMM32.DLL
0x000000005caa0000 - 0x000000005cb72000 	C:\Program Files\Java\jdk1.8.0_91\jre\bin\msvcr100.dll
0x000000005d000000 - 0x000000005d893000 	C:\Program Files\Java\jdk1.8.0_91\jre\bin\server\jvm.dll
0x00007ffe29310000 - 0x00007ffe29318000 	C:\WINDOWS\system32\PSAPI.DLL
0x00007ffe236f0000 - 0x00007ffe236f9000 	C:\WINDOWS\SYSTEM32\WSOCK32.dll
0x00007ffe292a0000 - 0x00007ffe2930b000 	C:\WINDOWS\system32\WS2_32.dll
0x00007ffe24110000 - 0x00007ffe24133000 	C:\WINDOWS\SYSTEM32\WINMM.dll
0x00007ffe20560000 - 0x00007ffe2056a000 	C:\WINDOWS\SYSTEM32\VERSION.dll
0x00007ffe240e0000 - 0x00007ffe2410c000 	C:\WINDOWS\SYSTEM32\WINMMBASE.dll
0x00007ffe25d30000 - 0x00007ffe25d73000 	C:\WINDOWS\system32\cfgmgr32.dll
0x000000005cf10000 - 0x000000005cf1f000 	C:\Program Files\Java\jdk1.8.0_91\jre\bin\verify.dll
0x000000005cee0000 - 0x000000005cf09000 	C:\Program Files\Java\jdk1.8.0_91\jre\bin\java.dll
0x000000005cec0000 - 0x000000005ced6000 	C:\Program Files\Java\jdk1.8.0_91\jre\bin\zip.dll
0x00007ffe27490000 - 0x00007ffe289ec000 	C:\WINDOWS\system32\SHELL32.dll
0x00007ffe25e50000 - 0x00007ffe26494000 	C:\WINDOWS\system32\windows.storage.dll
0x00007ffe26ad0000 - 0x00007ffe26b22000 	C:\WINDOWS\system32\shlwapi.dll
0x00007ffe25b70000 - 0x00007ffe25b7f000 	C:\WINDOWS\system32\kernel.appcore.dll
0x00007ffe25c70000 - 0x00007ffe25d25000 	C:\WINDOWS\system32\shcore.dll
0x00007ffe25b20000 - 0x00007ffe25b6b000 	C:\WINDOWS\system32\powrprof.dll
0x00007ffe25af0000 - 0x00007ffe25b04000 	C:\WINDOWS\system32\profapi.dll

VM Arguments:
jvm_args: -Djava.awt.headless=true -Xmx1024M -Dfile.encoding=windows-1252 -Duser.country=CO -Duser.language=es -Duser.variant 
java_command: com.android.dx.command.Main --dex --force-jumbo --num-threads=4 --multi-dex --output C:\Users\JuanEsteban\AndroidStudioProjects\cashPokerProgresive3\app\build\intermediates\transforms\dex\debug\folders\1000\10\com.google.android.gms-play-services-basement-8.1.0_3613cc53b8ebac2923a787a8ea8b1581e5b37a2f C:\Users\JuanEsteban\AndroidStudioProjects\cashPokerProgresive3\app\build\intermediates\exploded-aar\com.google.android.gms\play-services-basement\8.1.0\jars\classes.jar
java_class_path (initial): C:\Users\JuanEsteban\AppData\Local\Android\sdk\build-tools\23.0.3\lib\dx.jar
Launcher Type: SUN_STANDARD

Environment Variables:
PATH=C:\Ruby23-x64\bin;C:\ProgramData\Oracle\Java\javapath;C:\WINDOWS\system32;C:\WINDOWS;C:\WINDOWS\System32\Wbem;C:\WINDOWS\System32\WindowsPowerShell\v1.0\;C:\Program Files (x86)\Skype\Phone\;C:\cygwin64;C:\Program Files (x86)\MySQL\MySQL Fabric 1.5 & MySQL Utilities 1.5\;C:\Program Files (x86)\MySQL\MySQL Fabric 1.5 & MySQL Utilities 1.5\Doctrine extensions for PHP\;C:\Program Files (x86)\GtkSharp\2.12\bin
USERNAME=JuanEsteban
OS=Windows_NT
PROCESSOR_IDENTIFIER=Intel64 Family 6 Model 37 Stepping 2, GenuineIntel



---------------  S Y S T E M  ---------------

OS: Windows 10.0 , 64 bit Build 10586 (10.0.10586.0)

CPU:total 4 (2 cores per cpu, 2 threads per core) family 6 model 37 stepping 2, cmov, cx8, fxsr, mmx, sse, sse2, sse3, ssse3, sse4.1, sse4.2, popcnt, ht, tsc, tscinvbit

Memory: 4k page, physical 6282356k(480752k free), swap 9291996k(1657944k free)

vm_info: Java HotSpot(TM) 64-Bit Server VM (25.91-b14) for windows-amd64 JRE (1.8.0_91-b14), built on Apr  1 2016 00:58:32 by "java_re" with MS VC++ 10.0 (VS2010)

time: Thu Jun 02 13:46:36 2016
elapsed time: 32 seconds (0d 0h 0m 32s)

