#
# There is insufficient memory for the Java Runtime Environment to continue.
# Native memory allocation (malloc) failed to allocate 1078976 bytes for Chunk::new
# Possible reasons:
#   The system is out of physical RAM or swap space
#   In 32 bit mode, the process size limit was hit
# Possible solutions:
#   Reduce memory load on the system
#   Increase physical memory or swap space
#   Check if swap backing store is full
#   Use 64 bit Java on a 64 bit OS
#   Decrease Java heap size (-Xmx/-Xms)
#   Decrease number of Java threads
#   Decrease Java thread stack sizes (-Xss)
#   Set larger code cache with -XX:ReservedCodeCacheSize=
# This output file may be truncated or incomplete.
#
#  Out of Memory Error (allocation.cpp:390), pid=4524, tid=3688
#
# JRE version: Java(TM) SE Runtime Environment (8.0_60-b27) (build 1.8.0_60-b27)
# Java VM: Java HotSpot(TM) 64-Bit Server VM (25.60-b23 mixed mode windows-amd64 compressed oops)
# Failed to write core dump. Minidumps are not enabled by default on client versions of Windows
#

---------------  T H R E A D  ---------------

Current thread (0x00000000149a2000):  JavaThread "C2 CompilerThread1" daemon [_thread_in_native, id=3688, stack(0x00000000161b0000,0x00000000162b0000)]

Stack: [0x00000000161b0000,0x00000000162b0000]
[error occurred during error reporting (printing stack bounds), id 0xc0000005]

Native frames: (J=compiled Java code, j=interpreted, Vv=VM code, C=native code)


Current CompileTask:
C2:   4151 1405       4       com.android.dx.dex.code.OutputFinisher::addConstants (93 bytes)


---------------  P R O C E S S  ---------------

Java Threads: ( => current thread )
  0x00000000165fe800 JavaThread "pool-1-thread-1" [_thread_in_Java, id=908, stack(0x0000000018680000,0x0000000018780000)]
  0x00000000163b8800 JavaThread "Service Thread" daemon [_thread_blocked, id=7892, stack(0x00000000167b0000,0x00000000168b0000)]
  0x00000000149fd000 JavaThread "C1 CompilerThread2" daemon [_thread_blocked, id=5360, stack(0x00000000162b0000,0x00000000163b0000)]
=>0x00000000149a2000 JavaThread "C2 CompilerThread1" daemon [_thread_in_native, id=3688, stack(0x00000000161b0000,0x00000000162b0000)]
  0x00000000149a0000 JavaThread "C2 CompilerThread0" daemon [_thread_in_native, id=7196, stack(0x00000000160b0000,0x00000000161b0000)]
  0x000000001499e000 JavaThread "Attach Listener" daemon [_thread_blocked, id=7600, stack(0x0000000015fb0000,0x00000000160b0000)]
  0x000000001499d000 JavaThread "Signal Dispatcher" daemon [_thread_blocked, id=10172, stack(0x0000000015eb0000,0x0000000015fb0000)]
  0x00000000022c2800 JavaThread "Finalizer" daemon [_thread_blocked, id=9476, stack(0x0000000015bf0000,0x0000000015cf0000)]
  0x00000000022bf800 JavaThread "Reference Handler" daemon [_thread_blocked, id=6044, stack(0x0000000015af0000,0x0000000015bf0000)]
  0x00000000021d2800 JavaThread "main" [_thread_blocked, id=7592, stack(0x00000000020d0000,0x00000000021d0000)]

Other Threads:
  0x0000000014968000 VMThread [stack: 0x00000000159f0000,0x0000000015af0000] [id=9364]
  0x00000000163bc000 WatcherThread [stack: 0x00000000168b0000,0x00000000169b0000] [id=9660]

VM state:not at safepoint (normal execution)

VM Mutex/Monitor currently owned by a thread: None

Heap:
 PSYoungGen      total 28672K, used 21659K [0x00000000eab00000, 0x00000000ee300000, 0x0000000100000000)
  eden space 24576K, 71% used [0x00000000eab00000,0x00000000ebc2ef50,0x00000000ec300000)
  from space 4096K, 99% used [0x00000000ec700000,0x00000000ecaf8048,0x00000000ecb00000)
  to   space 4096K, 0% used [0x00000000ec300000,0x00000000ec300000,0x00000000ec700000)
 ParOldGen       total 65536K, used 4003K [0x00000000c0000000, 0x00000000c4000000, 0x00000000eab00000)
  object space 65536K, 6% used [0x00000000c0000000,0x00000000c03e8ca8,0x00000000c4000000)
 Metaspace       used 5933K, capacity 7024K, committed 7296K, reserved 1058816K
  class space    used 588K, capacity 616K, committed 640K, reserved 1048576K

Card table byte_map: [0x0000000011690000,0x00000000118a0000] byte_map_base: 0x0000000011090000

Marking Bits: (ParMarkBitMap*) 0x000000006238a5b0
 Begin Bits: [0x0000000011e00000, 0x0000000012e00000)
 End Bits:   [0x0000000012e00000, 0x0000000013e00000)

Polling page: 0x00000000001f0000

CodeCache: size=245760Kb used=6156Kb max_used=6168Kb free=239603Kb
 bounds [0x00000000022d0000, 0x00000000028e0000, 0x00000000112d0000]
 total_blobs=1658 nmethods=1397 adapters=174
 compilation: enabled

Compilation events (10 events):
Event: 4.119 Thread 0x00000000149fd000 1411       3       com.android.dx.dex.code.OutputFinisher::getAllConstants (47 bytes)
Event: 4.120 Thread 0x00000000149fd000 nmethod 1411 0x00000000028baf10 code [0x00000000028bb140, 0x00000000028bbaa8]
Event: 4.120 Thread 0x00000000149fd000 1412       3       com.android.dx.dex.file.CodeItem::addContents (174 bytes)
Event: 4.121 Thread 0x00000000149fd000 nmethod 1412 0x00000000028d5cd0 code [0x00000000028d5fe0, 0x00000000028d78d8]
Event: 4.126 Thread 0x00000000149a0000 nmethod 1406 0x00000000028da310 code [0x00000000028da4e0, 0x00000000028dad28]
Event: 4.126 Thread 0x00000000149a0000 1408       4       java.util.HashMap::putVal (300 bytes)
Event: 4.138 Thread 0x00000000149a0000 nmethod 1408 0x00000000028db490 code [0x00000000028db640, 0x00000000028dbe88]
Event: 4.138 Thread 0x00000000149a0000 1409       4       java.util.HashMap::hash (20 bytes)
Event: 4.139 Thread 0x00000000149a0000 nmethod 1409 0x00000000028bac50 code [0x00000000028bada0, 0x00000000028bae58]
Event: 4.141 Thread 0x00000000149a0000 1413       4       com.android.dx.dex.code.OutputFinisher::addConstants (68 bytes)

GC Heap History (4 events):
Event: 1.822 GC heap before
{Heap before GC invocations=1 (full 0):
 PSYoungGen      total 28672K, used 24576K [0x00000000eab00000, 0x00000000ecb00000, 0x0000000100000000)
  eden space 24576K, 100% used [0x00000000eab00000,0x00000000ec300000,0x00000000ec300000)
  from space 4096K, 0% used [0x00000000ec700000,0x00000000ec700000,0x00000000ecb00000)
  to   space 4096K, 0% used [0x00000000ec300000,0x00000000ec300000,0x00000000ec700000)
 ParOldGen       total 65536K, used 0K [0x00000000c0000000, 0x00000000c4000000, 0x00000000eab00000)
  object space 65536K, 0% used [0x00000000c0000000,0x00000000c0000000,0x00000000c4000000)
 Metaspace       used 5699K, capacity 6832K, committed 7040K, reserved 1056768K
  class space    used 578K, capacity 616K, committed 640K, reserved 1048576K
Event: 1.832 GC heap after
Heap after GC invocations=1 (full 0):
 PSYoungGen      total 28672K, used 4078K [0x00000000eab00000, 0x00000000ecb00000, 0x0000000100000000)
  eden space 24576K, 0% used [0x00000000eab00000,0x00000000eab00000,0x00000000ec300000)
  from space 4096K, 99% used [0x00000000ec300000,0x00000000ec6fb9a0,0x00000000ec700000)
  to   space 4096K, 0% used [0x00000000ec700000,0x00000000ec700000,0x00000000ecb00000)
 ParOldGen       total 65536K, used 1211K [0x00000000c0000000, 0x00000000c4000000, 0x00000000eab00000)
  object space 65536K, 1% used [0x00000000c0000000,0x00000000c012ec98,0x00000000c4000000)
 Metaspace       used 5699K, capacity 6832K, committed 7040K, reserved 1056768K
  class space    used 578K, capacity 616K, committed 640K, reserved 1048576K
}
Event: 2.664 GC heap before
{Heap before GC invocations=2 (full 0):
 PSYoungGen      total 28672K, used 28654K [0x00000000eab00000, 0x00000000ecb00000, 0x0000000100000000)
  eden space 24576K, 100% used [0x00000000eab00000,0x00000000ec300000,0x00000000ec300000)
  from space 4096K, 99% used [0x00000000ec300000,0x00000000ec6fb9a0,0x00000000ec700000)
  to   space 4096K, 0% used [0x00000000ec700000,0x00000000ec700000,0x00000000ecb00000)
 ParOldGen       total 65536K, used 1211K [0x00000000c0000000, 0x00000000c4000000, 0x00000000eab00000)
  object space 65536K, 1% used [0x00000000c0000000,0x00000000c012ec98,0x00000000c4000000)
 Metaspace       used 5846K, capacity 6960K, committed 7040K, reserved 1056768K
  class space    used 582K, capacity 616K, committed 640K, reserved 1048576K
Event: 2.738 GC heap after
Heap after GC invocations=2 (full 0):
 PSYoungGen      total 28672K, used 4064K [0x00000000eab00000, 0x00000000ee300000, 0x0000000100000000)
  eden space 24576K, 0% used [0x00000000eab00000,0x00000000eab00000,0x00000000ec300000)
  from space 4096K, 99% used [0x00000000ec700000,0x00000000ecaf8048,0x00000000ecb00000)
  to   space 4096K, 0% used [0x00000000ec300000,0x00000000ec300000,0x00000000ec700000)
 ParOldGen       total 65536K, used 4003K [0x00000000c0000000, 0x00000000c4000000, 0x00000000eab00000)
  object space 65536K, 6% used [0x00000000c0000000,0x00000000c03e8ca8,0x00000000c4000000)
 Metaspace       used 5846K, capacity 6960K, committed 7040K, reserved 1056768K
  class space    used 582K, capacity 616K, committed 640K, reserved 1048576K
}

Deoptimization events (10 events):
Event: 4.096 Thread 0x00000000165fe800 Uncommon trap: reason=class_check action=maybe_recompile pc=0x000000000270ed68 method=java.util.Arrays.hashCode([Ljava/lang/Object;)I @ 43
Event: 4.101 Thread 0x00000000165fe800 Uncommon trap: reason=bimorphic action=maybe_recompile pc=0x0000000002589284 method=java.util.HashMap.getNode(ILjava/lang/Object;)Ljava/util/HashMap$Node; @ 126
Event: 4.101 Thread 0x00000000165fe800 Uncommon trap: reason=bimorphic action=maybe_recompile pc=0x0000000002589284 method=java.util.HashMap.getNode(ILjava/lang/Object;)Ljava/util/HashMap$Node; @ 126
Event: 4.101 Thread 0x00000000165fe800 Uncommon trap: reason=bimorphic action=maybe_recompile pc=0x0000000002589284 method=java.util.HashMap.getNode(ILjava/lang/Object;)Ljava/util/HashMap$Node; @ 126
Event: 4.101 Thread 0x00000000165fe800 Uncommon trap: reason=bimorphic action=maybe_recompile pc=0x0000000002589284 method=java.util.HashMap.getNode(ILjava/lang/Object;)Ljava/util/HashMap$Node; @ 126
Event: 4.101 Thread 0x00000000165fe800 Uncommon trap: reason=bimorphic action=maybe_recompile pc=0x0000000002577578 method=java.util.HashMap.getNode(ILjava/lang/Object;)Ljava/util/HashMap$Node; @ 126
Event: 4.108 Thread 0x00000000165fe800 Uncommon trap: reason=class_check action=maybe_recompile pc=0x00000000026d9d0c method=java.util.HashMap.putVal(ILjava/lang/Object;Ljava/lang/Object;ZZ)Ljava/lang/Object; @ 203
Event: 4.108 Thread 0x00000000165fe800 Uncommon trap: reason=class_check action=maybe_recompile pc=0x00000000026d9d0c method=java.util.HashMap.putVal(ILjava/lang/Object;Ljava/lang/Object;ZZ)Ljava/lang/Object; @ 203
Event: 4.108 Thread 0x00000000165fe800 Uncommon trap: reason=class_check action=maybe_recompile pc=0x00000000026d9d0c method=java.util.HashMap.putVal(ILjava/lang/Object;Ljava/lang/Object;ZZ)Ljava/lang/Object; @ 203
Event: 4.110 Thread 0x00000000165fe800 Uncommon trap: reason=class_check action=maybe_recompile pc=0x00000000026d9d0c method=java.util.HashMap.putVal(ILjava/lang/Object;Ljava/lang/Object;ZZ)Ljava/lang/Object; @ 203

Internal exceptions (3 events):
Event: 0.454 Thread 0x00000000021d2800 Exception <a 'java/lang/NoSuchMethodError': Method sun.misc.Unsafe.defineClass(Ljava/lang/String;[BII)Ljava/lang/Class; name or signature does not match> (0x00000000eab0e480) thrown at [C:\re\workspace\8-2-build-windows-amd64-cygwin\jdk8u60\4407\hotspot\sr9‘ŸS§Ý?
Event: 0.455 Thread 0x00000000021d2800 Exception <a 'java/lang/NoSuchMethodError': Method sun.misc.Unsafe.prefetchRead(Ljava/lang/Object;J)V name or signature does not match> (0x00000000eab0e768) thrown at [C:\re\workspace\8-2-build-windows-amd64-cygwin\jdk8u60\4407\hotspot\src\share\vm\prims\jBh9»(´÷?
Event: 1.481 Thread 0x00000000165fe800 Implicit null exception at 0x00000000025c0aa6 to 0x00000000025c2481

Events (10 events):
Event: 4.108 Thread 0x00000000165fe800 DEOPT UNPACKING pc=0x000000000231582a sp=0x000000001877e740 mode 2
Event: 4.108 Thread 0x00000000165fe800 Uncommon trap: trap_request=0xffffffde fr.pc=0x00000000026d9d0c
Event: 4.108 Thread 0x00000000165fe800 DEOPT PACKING pc=0x00000000026d9d0c sp=0x000000001877e830
Event: 4.108 Thread 0x00000000165fe800 DEOPT UNPACKING pc=0x000000000231582a sp=0x000000001877e740 mode 2
Event: 4.108 Thread 0x00000000165fe800 Uncommon trap: trap_request=0xffffffde fr.pc=0x00000000026d9d0c
Event: 4.108 Thread 0x00000000165fe800 DEOPT PACKING pc=0x00000000026d9d0c sp=0x000000001877e830
Event: 4.108 Thread 0x00000000165fe800 DEOPT UNPACKING pc=0x000000000231582a sp=0x000000001877e740 mode 2
Event: 4.110 Thread 0x00000000165fe800 Uncommon trap: trap_request=0xffffffde fr.pc=0x00000000026d9d0c
Event: 4.110 Thread 0x00000000165fe800 DEOPT PACKING pc=0x00000000026d9d0c sp=0x000000001877e7c0
Event: 4.110 Thread 0x00000000165fe800 DEOPT UNPACKING pc=0x000000000231582a sp=0x000000001877e6d0 mode 2


Dynamic libraries:
0x00007ff736bc0000 - 0x00007ff736bf7000 	C:\Program Files\Java\jdk1.8.0_60\bin\java.exe
0x00007ffae6bb0000 - 0x00007ffae6d71000 	C:\WINDOWS\SYSTEM32\ntdll.dll
0x00007ffae5670000 - 0x00007ffae571d000 	C:\WINDOWS\system32\KERNEL32.DLL
0x00007ffae3950000 - 0x00007ffae3b38000 	C:\WINDOWS\system32\KERNELBASE.dll
0x00007ffae63a0000 - 0x00007ffae6447000 	C:\WINDOWS\system32\ADVAPI32.dll
0x00007ffae68c0000 - 0x00007ffae695d000 	C:\WINDOWS\system32\msvcrt.dll
0x00007ffae6b50000 - 0x00007ffae6bab000 	C:\WINDOWS\system32\sechost.dll
0x00007ffae6960000 - 0x00007ffae6a7c000 	C:\WINDOWS\system32\RPCRT4.dll
0x00007ffae5720000 - 0x00007ffae5876000 	C:\WINDOWS\system32\USER32.dll
0x00007ffae5880000 - 0x00007ffae5a06000 	C:\WINDOWS\system32\GDI32.dll
0x00007ffade460000 - 0x00007ffade6d4000 	C:\WINDOWS\WinSxS\amd64_microsoft.windows.common-controls_6595b64144ccf1df_6.0.10586.0_none_8c15ae12515e1c22\COMCTL32.dll
0x00007ffae6120000 - 0x00007ffae639d000 	C:\WINDOWS\system32\combase.dll
0x00007ffae3c40000 - 0x00007ffae3caa000 	C:\WINDOWS\system32\bcryptPrimitives.dll
0x00007ffae5630000 - 0x00007ffae566b000 	C:\WINDOWS\system32\IMM32.DLL
0x00007ffae30a0000 - 0x00007ffae30d1000 	C:\Windows\system32\nvinitx.dll
0x00007ffae3090000 - 0x00007ffae309a000 	C:\WINDOWS\SYSTEM32\VERSION.dll
0x00000000679e0000 - 0x00000000679e6000 	C:\Program Files\NVIDIA Corporation\CoProcManager\_etoured.dll
0x00007ffae0b10000 - 0x00007ffae0b43000 	C:\Program Files\NVIDIA Corporation\CoProcManager\nvd3d9wrapx.dll
0x00007ffae5c10000 - 0x00007ffae6039000 	C:\WINDOWS\system32\SETUPAPI.dll
0x00007ffae3b40000 - 0x00007ffae3b83000 	C:\WINDOWS\system32\CFGMGR32.dll
0x00007ffae0290000 - 0x00007ffae02b2000 	C:\Program Files\NVIDIA Corporation\CoProcManager\nvdxgiwrapx.dll
0x0000000062410000 - 0x00000000624e2000 	C:\Program Files\Java\jdk1.8.0_60\jre\bin\msvcr100.dll
0x0000000061b80000 - 0x0000000062409000 	C:\Program Files\Java\jdk1.8.0_60\jre\bin\server\jvm.dll
0x00007ffae68b0000 - 0x00007ffae68b8000 	C:\WINDOWS\system32\PSAPI.DLL
0x00007ffae1330000 - 0x00007ffae1353000 	C:\WINDOWS\SYSTEM32\WINMM.dll
0x00007ffad8a40000 - 0x00007ffad8a49000 	C:\WINDOWS\SYSTEM32\WSOCK32.dll
0x00007ffae60b0000 - 0x00007ffae611b000 	C:\WINDOWS\system32\WS2_32.dll
0x00007ffae1300000 - 0x00007ffae132c000 	C:\WINDOWS\SYSTEM32\WINMMBASE.dll
0x0000000061b70000 - 0x0000000061b7f000 	C:\Program Files\Java\jdk1.8.0_60\jre\bin\verify.dll
0x0000000061b40000 - 0x0000000061b69000 	C:\Program Files\Java\jdk1.8.0_60\jre\bin\java.dll
0x0000000061b20000 - 0x0000000061b36000 	C:\Program Files\Java\jdk1.8.0_60\jre\bin\zip.dll
0x00007ffae40c0000 - 0x00007ffae561c000 	C:\WINDOWS\system32\SHELL32.dll
0x00007ffae3240000 - 0x00007ffae3884000 	C:\WINDOWS\system32\windows.storage.dll
0x00007ffae3f90000 - 0x00007ffae3fe2000 	C:\WINDOWS\system32\shlwapi.dll
0x00007ffae31d0000 - 0x00007ffae31df000 	C:\WINDOWS\system32\kernel.appcore.dll
0x0000000015df0000 - 0x0000000015ea5000 	C:\WINDOWS\system32\shcore.dll
0x00007ffae31e0000 - 0x00007ffae322b000 	C:\WINDOWS\system32\powrprof.dll
0x00007ffae31b0000 - 0x00007ffae31c4000 	C:\WINDOWS\system32\profapi.dll

VM Arguments:
jvm_args: -Djava.awt.headless=true -Xmx1024M -Dfile.encoding=windows-1252 -Duser.country=ES -Duser.language=es -Duser.variant 
java_command: com.android.dx.command.Main --dex --force-jumbo --num-threads=4 --multi-dex --output C:\Users\USER\Desktop\Proyectos\cashPokerProgresive3\app\build\intermediates\transforms\dex\debug\folders\1000\5\slice_1 C:\Users\USER\Desktop\Proyectos\cashPokerProgresive3\app\build\intermediates\transforms\instantRunSlicer\debug\folders\1\5\slice_1
java_class_path (initial): C:\Users\USER\AppData\Local\Android\sdk\build-tools\23.0.3\lib\dx.jar
Launcher Type: SUN_STANDARD

Environment Variables:
CLASSPATH=.;C:\Program Files (x86)\QuickTime\QTSystem\QTJava.zip
USERNAME=USER
OS=Windows_NT
PROCESSOR_IDENTIFIER=Intel64 Family 6 Model 58 Stepping 9, GenuineIntel



---------------  S Y S T E M  ---------------

OS: Windows 10.0 , 64 bit Build 10586 (10.0.10586.0)

CPU:total 4 (2 cores per cpu, 2 threads per core) family 6 model 58 stepping 9, cmov, cx8, fxsr, mmx, sse, sse2, sse3, ssse3, sse4.1, sse4.2, popcnt, avx, aes, clmul, erms, ht, tsc, tscinvbit, tscinv

Memory: 4k page, physical 6167652k(857768k free), swap 9308260k(5784k free)

vm_info: Java HotSpot(TM) 64-Bit Server VM (25.60-b23) for windows-amd64 JRE (1.8.0_60-b27), built on Aug  4 2015 11:06:27 by "java_re" with MS VC++ 10.0 (VS2010)

time: Thu Sep 29 20:59:32 2016
elapsed time: 4 seconds (0d 0h 0m 4s)

