#
# There is insufficient memory for the Java Runtime Environment to continue.
# Native memory allocation (malloc) failed to allocate 32744 bytes for ChunkPool::allocate
# Possible reasons:
#   The system is out of physical RAM or swap space
#   In 32 bit mode, the process size limit was hit
# Possible solutions:
#   Reduce memory load on the system
#   Increase physical memory or swap space
#   Check if swap backing store is full
#   Use 64 bit Java on a 64 bit OS
#   Decrease Java heap size (-Xmx/-Xms)
#   Decrease number of Java threads
#   Decrease Java thread stack sizes (-Xss)
#   Set larger code cache with -XX:ReservedCodeCacheSize=
# This output file may be truncated or incomplete.
#
#  Out of Memory Error (allocation.cpp:273), pid=8824, tid=13192
#
# JRE version: Java(TM) SE Runtime Environment (8.0_60-b27) (build 1.8.0_60-b27)
# Java VM: Java HotSpot(TM) 64-Bit Server VM (25.60-b23 mixed mode windows-amd64 compressed oops)
# Failed to write core dump. Minidumps are not enabled by default on client versions of Windows
#

---------------  T H R E A D  ---------------

Current thread (0x0000000016318800):  JavaThread "C1 CompilerThread2" daemon [_thread_in_native, id=13192, stack(0x0000000016710000,0x0000000016810000)]

Stack: [0x0000000016710000,0x0000000016810000]
[error occurred during error reporting (printing stack bounds), id 0xc0000005]

Native frames: (J=compiled Java code, j=interpreted, Vv=VM code, C=native code)


Current CompileTask:
C1:    423   87       3       sun.nio.cs.UTF_8$Decoder::decode (779 bytes)


---------------  P R O C E S S  ---------------

Java Threads: ( => current thread )
  0x0000000014b0e800 JavaThread "Service Thread" daemon [_thread_blocked, id=10936, stack(0x0000000016810000,0x0000000016910000)]
=>0x0000000016318800 JavaThread "C1 CompilerThread2" daemon [_thread_in_native, id=13192, stack(0x0000000016710000,0x0000000016810000)]
  0x0000000014ab2800 JavaThread "C2 CompilerThread1" daemon [_thread_blocked, id=13304, stack(0x0000000016210000,0x0000000016310000)]
  0x0000000014ab0000 JavaThread "C2 CompilerThread0" daemon [_thread_blocked, id=11520, stack(0x0000000016110000,0x0000000016210000)]
  0x0000000014aae800 JavaThread "Attach Listener" daemon [_thread_blocked, id=11004, stack(0x0000000016010000,0x0000000016110000)]
  0x0000000014aad000 JavaThread "Signal Dispatcher" daemon [_thread_blocked, id=8692, stack(0x0000000015f10000,0x0000000016010000)]
  0x00000000022e9000 JavaThread "Finalizer" daemon [_thread_blocked, id=4532, stack(0x0000000015d10000,0x0000000015e10000)]
  0x00000000022e0000 JavaThread "Reference Handler" daemon [_thread_blocked, id=2320, stack(0x0000000015c10000,0x0000000015d10000)]
  0x0000000000aae800 JavaThread "main" [_thread_in_vm, id=11228, stack(0x0000000000950000,0x0000000000a50000)]

Other Threads:
  0x0000000014a77800 VMThread [stack: 0x0000000015b10000,0x0000000015c10000] [id=13148]
  0x000000001633e000 WatcherThread [stack: 0x0000000016910000,0x0000000016a10000] [id=1368]

VM state:not at safepoint (normal execution)

VM Mutex/Monitor currently owned by a thread:  ([mutex/lock_event])
[0x0000000000aad580] AdapterHandlerLibrary_lock - owner thread: 0x0000000000aae800

Heap:
 PSYoungGen      total 28672K, used 2457K [0x00000000eab00000, 0x00000000ecb00000, 0x0000000100000000)
  eden space 24576K, 10% used [0x00000000eab00000,0x00000000ead66760,0x00000000ec300000)
  from space 4096K, 0% used [0x00000000ec700000,0x00000000ec700000,0x00000000ecb00000)
  to   space 4096K, 0% used [0x00000000ec300000,0x00000000ec300000,0x00000000ec700000)
 ParOldGen       total 65536K, used 0K [0x00000000c0000000, 0x00000000c4000000, 0x00000000eab00000)
  object space 65536K, 0% used [0x00000000c0000000,0x00000000c0000000,0x00000000c4000000)
 Metaspace       used 3257K, capacity 4720K, committed 4864K, reserved 1056768K
  class space    used 362K, capacity 424K, committed 512K, reserved 1048576K

Card table byte_map: [0x00000000117a0000,0x00000000119b0000] byte_map_base: 0x00000000111a0000

Marking Bits: (ParMarkBitMap*) 0x000000007297a5b0
 Begin Bits: [0x0000000011f10000, 0x0000000012f10000)
 End Bits:   [0x0000000012f10000, 0x0000000013f10000)

Polling page: 0x00000000001f0000

CodeCache: size=245760Kb used=1211Kb max_used=1211Kb free=244548Kb
 bounds [0x00000000023e0000, 0x0000000002650000, 0x00000000113e0000]
 total_blobs=327 nmethods=87 adapters=153
 compilation: enabled

Compilation events (10 events):
Event: 0.406 Thread 0x0000000016318800 nmethod 79 0x000000000250ccd0 code [0x000000000250ce20, 0x000000000250cf90]
Event: 0.410 Thread 0x0000000016318800   81       3       java.util.zip.ZipFile::access$400 (5 bytes)
Event: 0.410 Thread 0x0000000016318800 nmethod 81 0x000000000250d5d0 code [0x000000000250d720, 0x000000000250d850]
Event: 0.412 Thread 0x0000000016318800   83       1       java.util.zip.ZipFile::access$300 (5 bytes)
Event: 0.412 Thread 0x0000000016318800 nmethod 83 0x000000000250dcd0 code [0x000000000250de20, 0x000000000250df10]
Event: 0.412 Thread 0x0000000016318800   84       3       java.util.zip.ZipFile::ensureOpen (37 bytes)
Event: 0.412 Thread 0x0000000016318800 nmethod 84 0x000000000250df90 code [0x000000000250e120, 0x000000000250e3f8]
Event: 0.412 Thread 0x0000000016318800   85       1       java.util.zip.ZipCoder::isUTF8 (5 bytes)
Event: 0.413 Thread 0x0000000016318800 nmethod 85 0x000000000250e510 code [0x000000000250e660, 0x000000000250e770]
Event: 0.414 Thread 0x0000000016318800   87       3       sun.nio.cs.UTF_8$Decoder::decode (779 bytes)

GC Heap History (0 events):
No events

Deoptimization events (0 events):
No events

Internal exceptions (2 events):
Event: 0.088 Thread 0x0000000000aae800 Exception <a 'java/lang/NoSuchMethodError': Method sun.misc.Unsafe.defineClass(Ljava/lang/String;[BII)Ljava/lang/Class; name or signature does not match> (0x00000000eab0e568) thrown at [C:\re\workspace\8-2-build-windows-amd64-cygwin\jdk8u60\4407\hotspot\sr£”{çÉ∂?
Event: 0.088 Thread 0x0000000000aae800 Exception <a 'java/lang/NoSuchMethodError': Method sun.misc.Unsafe.prefetchRead(Ljava/lang/Object;J)V name or signature does not match> (0x00000000eab0e850) thrown at [C:\re\workspace\8-2-build-windows-amd64-cygwin\jdk8u60\4407\hotspot\src\share\vm\prims\j

Events (10 events):
Event: 0.407 loading class java/util/concurrent/Executors$DelegatedExecutorService done
Event: 0.407 loading class java/util/concurrent/Executors$FinalizableDelegatedExecutorService done
Event: 0.407 loading class com/android/dx/cf/direct/ClassPathOpener
Event: 0.407 loading class com/android/dx/cf/direct/ClassPathOpener done
Event: 0.407 loading class com/android/dx/cf/direct/ClassPathOpener$1
Event: 0.407 loading class com/android/dx/cf/direct/ClassPathOpener$1 done
Event: 0.408 loading class com/android/dx/command/dexer/Main$FileBytesConsumer
Event: 0.408 loading class com/android/dx/command/dexer/Main$FileBytesConsumer done
Event: 0.409 loading class java/util/zip/ZipFile$ZipEntryIterator
Event: 0.409 loading class java/util/zip/ZipFile$ZipEntryIterator done


Dynamic libraries:
0x00007ff7e6d90000 - 0x00007ff7e6dc7000 	C:\Program Files\Java\jdk1.8.0_60\bin\java.exe
0x00007ff8b2cf0000 - 0x00007ff8b2eb1000 	C:\WINDOWS\SYSTEM32\ntdll.dll
0x00007ff8b1a60000 - 0x00007ff8b1b0d000 	C:\WINDOWS\system32\KERNEL32.DLL
0x00007ff8af380000 - 0x00007ff8af568000 	C:\WINDOWS\system32\KERNELBASE.dll
0x00007ff8b2850000 - 0x00007ff8b28f7000 	C:\WINDOWS\system32\ADVAPI32.dll
0x00007ff8b2680000 - 0x00007ff8b271d000 	C:\WINDOWS\system32\msvcrt.dll
0x00007ff8b1dc0000 - 0x00007ff8b1e1b000 	C:\WINDOWS\system32\sechost.dll
0x00007ff8b2b70000 - 0x00007ff8b2c8c000 	C:\WINDOWS\system32\RPCRT4.dll
0x00007ff8b1e20000 - 0x00007ff8b1f76000 	C:\WINDOWS\system32\USER32.dll
0x00007ff8b29d0000 - 0x00007ff8b2b56000 	C:\WINDOWS\system32\GDI32.dll
0x00007ff8a8bf0000 - 0x00007ff8a8e64000 	C:\WINDOWS\WinSxS\amd64_microsoft.windows.common-controls_6595b64144ccf1df_6.0.10586.0_none_8c15ae12515e1c22\COMCTL32.dll
0x00007ff8b17e0000 - 0x00007ff8b1a5d000 	C:\WINDOWS\system32\combase.dll
0x00007ff8af870000 - 0x00007ff8af8da000 	C:\WINDOWS\system32\bcryptPrimitives.dll
0x00007ff8b1d20000 - 0x00007ff8b1d5b000 	C:\WINDOWS\system32\IMM32.DLL
0x00007ff8af1e0000 - 0x00007ff8af211000 	C:\Windows\system32\nvinitx.dll
0x00007ff8af1d0000 - 0x00007ff8af1da000 	C:\WINDOWS\SYSTEM32\VERSION.dll
0x0000000075990000 - 0x0000000075996000 	C:\Program Files\NVIDIA Corporation\CoProcManager\_etoured.dll
0x00007ff8acff0000 - 0x00007ff8ad023000 	C:\Program Files\NVIDIA Corporation\CoProcManager\nvd3d9wrapx.dll
0x00007ff8b21b0000 - 0x00007ff8b25d9000 	C:\WINDOWS\system32\SETUPAPI.dll
0x00007ff8af570000 - 0x00007ff8af5b3000 	C:\WINDOWS\system32\CFGMGR32.dll
0x00007ff8acec0000 - 0x00007ff8acee2000 	C:\Program Files\NVIDIA Corporation\CoProcManager\nvdxgiwrapx.dll
0x0000000072a00000 - 0x0000000072ad2000 	C:\Program Files\Java\jdk1.8.0_60\jre\bin\msvcr100.dll
0x0000000072170000 - 0x00000000729f9000 	C:\Program Files\Java\jdk1.8.0_60\jre\bin\server\jvm.dll
0x00007ff8b1f80000 - 0x00007ff8b1f88000 	C:\WINDOWS\system32\PSAPI.DLL
0x00007ff8a3230000 - 0x00007ff8a3239000 	C:\WINDOWS\SYSTEM32\WSOCK32.dll
0x00007ff8ad8b0000 - 0x00007ff8ad8d3000 	C:\WINDOWS\SYSTEM32\WINMM.dll
0x00007ff8b25f0000 - 0x00007ff8b265b000 	C:\WINDOWS\system32\WS2_32.dll
0x00007ff8ad710000 - 0x00007ff8ad73c000 	C:\WINDOWS\SYSTEM32\WINMMBASE.dll
0x0000000072160000 - 0x000000007216f000 	C:\Program Files\Java\jdk1.8.0_60\jre\bin\verify.dll
0x0000000072130000 - 0x0000000072159000 	C:\Program Files\Java\jdk1.8.0_60\jre\bin\java.dll
0x0000000072110000 - 0x0000000072126000 	C:\Program Files\Java\jdk1.8.0_60\jre\bin\zip.dll
0x00007ff8b00d0000 - 0x00007ff8b162c000 	C:\WINDOWS\system32\SHELL32.dll
0x00007ff8afa80000 - 0x00007ff8b00c4000 	C:\WINDOWS\system32\windows.storage.dll
0x00007ff8b1d60000 - 0x00007ff8b1db2000 	C:\WINDOWS\system32\shlwapi.dll
0x00007ff8af300000 - 0x00007ff8af30f000 	C:\WINDOWS\system32\kernel.appcore.dll
0x00007ff8af7b0000 - 0x00007ff8af865000 	C:\WINDOWS\system32\shcore.dll
0x00007ff8af310000 - 0x00007ff8af35b000 	C:\WINDOWS\system32\powrprof.dll
0x0000000000a50000 - 0x0000000000a64000 	C:\WINDOWS\system32\profapi.dll

VM Arguments:
jvm_args: -Djava.awt.headless=true -Xmx1024M -Dfile.encoding=windows-1252 -Duser.country=ES -Duser.language=es -Duser.variant 
java_command: com.android.dx.command.Main --dex --force-jumbo --num-threads=4 --multi-dex --output C:\Users\USER\Desktop\Proyectos\cashPokerProgresive3\app\build\intermediates\transforms\dex\debug\folders\1000\10\com.google.android.gms-play-services-basement-8.1.0_76ba1d26682c7f626d936944a75a060331f7fd2d C:\Users\USER\Desktop\Proyectos\cashPokerProgresive3\app\build\intermediates\exploded-aar\com.google.android.gms\play-services-basement\8.1.0\jars\classes.jar
java_class_path (initial): C:\Users\USER\AppData\Local\Android\sdk\build-tools\23.0.3\lib\dx.jar
Launcher Type: SUN_STANDARD

Environment Variables:
CLASSPATH=.;C:\Program Files (x86)\QuickTime\QTSystem\QTJava.zip
USERNAME=USER
OS=Windows_NT
PROCESSOR_IDENTIFIER=Intel64 Family 6 Model 58 Stepping 9, GenuineIntel



---------------  S Y S T E M  ---------------

OS: Windows 10.0 , 64 bit Build 10586 (10.0.10586.0)

CPU:total 4 (2 cores per cpu, 2 threads per core) family 6 model 58 stepping 9, cmov, cx8, fxsr, mmx, sse, sse2, sse3, ssse3, sse4.1, sse4.2, popcnt, avx, aes, clmul, erms, ht, tsc, tscinvbit, tscinv

Memory: 4k page, physical 6167652k(610060k free), swap 9308260k(1848k free)

vm_info: Java HotSpot(TM) 64-Bit Server VM (25.60-b23) for windows-amd64 JRE (1.8.0_60-b27), built on Aug  4 2015 11:06:27 by "java_re" with MS VC++ 10.0 (VS2010)

time: Sun Jun 05 16:28:51 2016
elapsed time: 0 seconds (0d 0h 0m 0s)

