#
# There is insufficient memory for the Java Runtime Environment to continue.
# Native memory allocation (malloc) failed to allocate 32784 bytes for Chunk::new
# Possible reasons:
#   The system is out of physical RAM or swap space
#   In 32 bit mode, the process size limit was hit
# Possible solutions:
#   Reduce memory load on the system
#   Increase physical memory or swap space
#   Check if swap backing store is full
#   Use 64 bit Java on a 64 bit OS
#   Decrease Java heap size (-Xmx/-Xms)
#   Decrease number of Java threads
#   Decrease Java thread stack sizes (-Xss)
#   Set larger code cache with -XX:ReservedCodeCacheSize=
# This output file may be truncated or incomplete.
#
#  Out of Memory Error (allocation.cpp:390), pid=2368, tid=9700
#
# JRE version: Java(TM) SE Runtime Environment (8.0_60-b27) (build 1.8.0_60-b27)
# Java VM: Java HotSpot(TM) 64-Bit Server VM (25.60-b23 mixed mode windows-amd64 compressed oops)
# Failed to write core dump. Minidumps are not enabled by default on client versions of Windows
#

---------------  T H R E A D  ---------------

Current thread (0x0000000014b20800):  JavaThread "C2 CompilerThread1" daemon [_thread_in_native, id=9700, stack(0x0000000016220000,0x0000000016320000)]

Stack: [0x0000000016220000,0x0000000016320000]
[error occurred during error reporting (printing stack bounds), id 0xc0000005]

Native frames: (J=compiled Java code, j=interpreted, Vv=VM code, C=native code)


Current CompileTask:
C2:   3312 1471       4       com.android.dx.ssa.SCCP::simulatePhi (169 bytes)


---------------  P R O C E S S  ---------------

Java Threads: ( => current thread )
  0x0000000016577800 JavaThread "pool-2-thread-4" [_thread_in_Java, id=5192, stack(0x0000000016e20000,0x0000000016f20000)]
  0x000000001656f000 JavaThread "pool-2-thread-3" [_thread_blocked, id=9440, stack(0x0000000016d20000,0x0000000016e20000)]
  0x0000000016490800 JavaThread "pool-2-thread-2" [_thread_blocked, id=7200, stack(0x0000000016c20000,0x0000000016d20000)]
  0x0000000016473000 JavaThread "pool-3-thread-1" [_thread_blocked, id=7384, stack(0x0000000016b20000,0x0000000016c20000)]
  0x0000000016472000 JavaThread "pool-2-thread-1" [_thread_blocked, id=7616, stack(0x0000000016a20000,0x0000000016b20000)]
  0x0000000016341800 JavaThread "Service Thread" daemon [_thread_blocked, id=6488, stack(0x0000000016820000,0x0000000016920000)]
  0x0000000016328800 JavaThread "C1 CompilerThread2" daemon [_thread_blocked, id=9432, stack(0x0000000016720000,0x0000000016820000)]
=>0x0000000014b20800 JavaThread "C2 CompilerThread1" daemon [_thread_in_native, id=9700, stack(0x0000000016220000,0x0000000016320000)]
  0x0000000014ad0000 JavaThread "C2 CompilerThread0" daemon [_thread_in_native, id=1108, stack(0x0000000016120000,0x0000000016220000)]
  0x0000000014ace000 JavaThread "Attach Listener" daemon [_thread_blocked, id=2492, stack(0x0000000016020000,0x0000000016120000)]
  0x0000000014acd000 JavaThread "Signal Dispatcher" daemon [_thread_blocked, id=6692, stack(0x0000000015f20000,0x0000000016020000)]
  0x00000000023f2800 JavaThread "Finalizer" daemon [_thread_blocked, id=6708, stack(0x0000000015d20000,0x0000000015e20000)]
  0x00000000023ef800 JavaThread "Reference Handler" daemon [_thread_blocked, id=7468, stack(0x0000000015c20000,0x0000000015d20000)]
  0x00000000022fe800 JavaThread "main" [_thread_blocked, id=8256, stack(0x0000000002160000,0x0000000002260000)]

Other Threads:
  0x0000000014a97800 VMThread [stack: 0x0000000015b20000,0x0000000015c20000] [id=9048]
  0x0000000016345800 WatcherThread [stack: 0x0000000016920000,0x0000000016a20000] [id=2644]

VM state:not at safepoint (normal execution)

VM Mutex/Monitor currently owned by a thread: None

Heap:
 PSYoungGen      total 28672K, used 21121K [0x00000000eab00000, 0x00000000ee300000, 0x0000000100000000)
  eden space 24576K, 69% used [0x00000000eab00000,0x00000000ebba86e0,0x00000000ec300000)
  from space 4096K, 99% used [0x00000000ec700000,0x00000000ecaf8028,0x00000000ecb00000)
  to   space 4096K, 0% used [0x00000000ec300000,0x00000000ec300000,0x00000000ec700000)
 ParOldGen       total 65536K, used 3918K [0x00000000c0000000, 0x00000000c4000000, 0x00000000eab00000)
  object space 65536K, 5% used [0x00000000c0000000,0x00000000c03d3b38,0x00000000c4000000)
 Metaspace       used 5916K, capacity 7024K, committed 7296K, reserved 1056768K
  class space    used 584K, capacity 616K, committed 640K, reserved 1048576K

Card table byte_map: [0x00000000117c0000,0x00000000119d0000] byte_map_base: 0x00000000111c0000

Marking Bits: (ParMarkBitMap*) 0x000000005154a5b0
 Begin Bits: [0x0000000011f30000, 0x0000000012f30000)
 End Bits:   [0x0000000012f30000, 0x0000000013f30000)

Polling page: 0x00000000001f0000

CodeCache: size=245760Kb used=6004Kb max_used=6004Kb free=239755Kb
 bounds [0x0000000002400000, 0x00000000029f0000, 0x0000000011400000]
 total_blobs=1730 nmethods=1468 adapters=175
 compilation: enabled

Compilation events (10 events):
Event: 3.199 Thread 0x0000000016328800 1479       1       com.android.dx.cf.attrib.BaseLocalVariables::getLocalVariables (5 bytes)
Event: 3.199 Thread 0x0000000016328800 nmethod 1479 0x00000000029d7350 code [0x00000000029d74a0, 0x00000000029d75b0]
Event: 3.201 Thread 0x0000000016328800 1480       2       com.android.dx.rop.code.Rops::pickIf (154 bytes)
Event: 3.202 Thread 0x0000000016328800 nmethod 1480 0x00000000029d65d0 code [0x00000000029d67e0, 0x00000000029d6e18]
Event: 3.206 Thread 0x0000000016328800 1482       2       com.android.dx.rop.code.Rops::opNewArray (124 bytes)
Event: 3.207 Thread 0x0000000016328800 nmethod 1482 0x00000000029d59d0 code [0x00000000029d5bc0, 0x00000000029d61e8]
Event: 3.221 Thread 0x0000000016328800 1484       1       java.util.TreeMap$Entry::getValue (5 bytes)
Event: 3.221 Thread 0x0000000016328800 nmethod 1484 0x00000000029d5710 code [0x00000000029d5860, 0x00000000029d5970]
Event: 3.221 Thread 0x0000000016328800 1485       2       java.util.concurrent.locks.LockSupport::setBlocker (12 bytes)
Event: 3.222 Thread 0x0000000016328800 nmethod 1485 0x00000000029d5410 code [0x00000000029d5560, 0x00000000029d56b0]

GC Heap History (4 events):
Event: 1.319 GC heap before
{Heap before GC invocations=1 (full 0):
 PSYoungGen      total 28672K, used 24576K [0x00000000eab00000, 0x00000000ecb00000, 0x0000000100000000)
  eden space 24576K, 100% used [0x00000000eab00000,0x00000000ec300000,0x00000000ec300000)
  from space 4096K, 0% used [0x00000000ec700000,0x00000000ec700000,0x00000000ecb00000)
  to   space 4096K, 0% used [0x00000000ec300000,0x00000000ec300000,0x00000000ec700000)
 ParOldGen       total 65536K, used 0K [0x00000000c0000000, 0x00000000c4000000, 0x00000000eab00000)
  object space 65536K, 0% used [0x00000000c0000000,0x00000000c0000000,0x00000000c4000000)
 Metaspace       used 5715K, capacity 6832K, committed 7040K, reserved 1056768K
  class space    used 582K, capacity 616K, committed 640K, reserved 1048576K
Event: 1.327 GC heap after
Heap after GC invocations=1 (full 0):
 PSYoungGen      total 28672K, used 4064K [0x00000000eab00000, 0x00000000ecb00000, 0x0000000100000000)
  eden space 24576K, 0% used [0x00000000eab00000,0x00000000eab00000,0x00000000ec300000)
  from space 4096K, 99% used [0x00000000ec300000,0x00000000ec6f8038,0x00000000ec700000)
  to   space 4096K, 0% used [0x00000000ec700000,0x00000000ec700000,0x00000000ecb00000)
 ParOldGen       total 65536K, used 974K [0x00000000c0000000, 0x00000000c4000000, 0x00000000eab00000)
  object space 65536K, 1% used [0x00000000c0000000,0x00000000c00f3b38,0x00000000c4000000)
 Metaspace       used 5715K, capacity 6832K, committed 7040K, reserved 1056768K
  class space    used 582K, capacity 616K, committed 640K, reserved 1048576K
}
Event: 2.913 GC heap before
{Heap before GC invocations=2 (full 0):
 PSYoungGen      total 28672K, used 28640K [0x00000000eab00000, 0x00000000ecb00000, 0x0000000100000000)
  eden space 24576K, 100% used [0x00000000eab00000,0x00000000ec300000,0x00000000ec300000)
  from space 4096K, 99% used [0x00000000ec300000,0x00000000ec6f8038,0x00000000ec700000)
  to   space 4096K, 0% used [0x00000000ec700000,0x00000000ec700000,0x00000000ecb00000)
 ParOldGen       total 65536K, used 974K [0x00000000c0000000, 0x00000000c4000000, 0x00000000eab00000)
  object space 65536K, 1% used [0x00000000c0000000,0x00000000c00f3b38,0x00000000c4000000)
 Metaspace       used 5884K, capacity 6960K, committed 7040K, reserved 1056768K
  class space    used 583K, capacity 616K, committed 640K, reserved 1048576K
Event: 3.010 GC heap after
Heap after GC invocations=2 (full 0):
 PSYoungGen      total 28672K, used 4064K [0x00000000eab00000, 0x00000000ee300000, 0x0000000100000000)
  eden space 24576K, 0% used [0x00000000eab00000,0x00000000eab00000,0x00000000ec300000)
  from space 4096K, 99% used [0x00000000ec700000,0x00000000ecaf8028,0x00000000ecb00000)
  to   space 4096K, 0% used [0x00000000ec300000,0x00000000ec300000,0x00000000ec700000)
 ParOldGen       total 65536K, used 3918K [0x00000000c0000000, 0x00000000c4000000, 0x00000000eab00000)
  object space 65536K, 5% used [0x00000000c0000000,0x00000000c03d3b38,0x00000000c4000000)
 Metaspace       used 5884K, capacity 6960K, committed 7040K, reserved 1056768K
  class space    used 583K, capacity 616K, committed 640K, reserved 1048576K
}

Deoptimization events (10 events):
Event: 1.311 Thread 0x000000001656f000 Uncommon trap: reason=class_check action=maybe_recompile pc=0x0000000002810f1c method=com.android.dx.ssa.NormalSsaInsn.accept(Lcom/android/dx/ssa/SsaInsn$Visitor;)V @ 9
Event: 1.312 Thread 0x000000001656f000 Uncommon trap: reason=unstable_if action=reinterpret pc=0x00000000026f2f58 method=com.android.dx.rop.code.RegisterSpec.equals(ILcom/android/dx/rop/type/TypeBearer;Lcom/android/dx/rop/code/LocalItem;)Z @ 16
Event: 1.312 Thread 0x000000001656f000 Uncommon trap: reason=class_check action=maybe_recompile pc=0x00000000026d9cf0 method=com.android.dx.rop.type.Type.equals(Ljava/lang/Object;)Z @ 8
Event: 1.511 Thread 0x000000001656f000 Uncommon trap: reason=unstable_if action=reinterpret pc=0x00000000027cd4e0 method=com.android.dx.rop.code.RegisterSpec.equals(ILcom/android/dx/rop/type/TypeBearer;Lcom/android/dx/rop/code/LocalItem;)Z @ 16
Event: 1.521 Thread 0x000000001656f000 Uncommon trap: reason=class_check action=maybe_recompile pc=0x0000000002824258 method=com.android.dx.ssa.NormalSsaInsn.accept(Lcom/android/dx/ssa/SsaInsn$Visitor;)V @ 9
Event: 2.837 Thread 0x0000000016577800 Uncommon trap: reason=unstable_if action=reinterpret pc=0x0000000002989f4c method=com.android.dx.cf.code.RopperMachine.jopToRopOpcode(ILcom/android/dx/rop/cst/Constant;)I @ 1044
Event: 3.032 Thread 0x000000001656f000 Uncommon trap: reason=class_check action=maybe_recompile pc=0x00000000026d9cf0 method=com.android.dx.rop.type.Type.equals(Ljava/lang/Object;)Z @ 8
Event: 3.071 Thread 0x00000000022fe800 Uncommon trap: reason=unstable_if action=reinterpret pc=0x000000000296fa5c method=com.android.dx.rop.code.DexTranslationAdvice.requiresSourcesInOrder(Lcom/android/dx/rop/code/Rop;Lcom/android/dx/rop/code/RegisterSpecList;)Z @ 21
Event: 3.086 Thread 0x00000000022fe800 Uncommon trap: reason=class_check action=maybe_recompile pc=0x00000000026d9cf0 method=com.android.dx.rop.type.Type.equals(Ljava/lang/Object;)Z @ 8
Event: 3.090 Thread 0x00000000022fe800 Uncommon trap: reason=bimorphic action=maybe_recompile pc=0x000000000298ffac method=com.android.dx.cf.code.RopperMachine.run(Lcom/android/dx/cf/code/Frame;II)V @ 978

Internal exceptions (3 events):
Event: 0.138 Thread 0x00000000022fe800 Exception <a 'java/lang/NoSuchMethodError': Method sun.misc.Unsafe.defineClass(Ljava/lang/String;[BII)Ljava/lang/Class; name or signature does not match> (0x00000000eab0e480) thrown at [C:\re\workspace\8-2-build-windows-amd64-cygwin\jdk8u60\4407\hotspot\sr%?5ÀºÁ?
Event: 0.139 Thread 0x00000000022fe800 Exception <a 'java/lang/NoSuchMethodError': Method sun.misc.Unsafe.prefetchRead(Ljava/lang/Object;J)V name or signature does not match> (0x00000000eab0e768) thrown at [C:\re\workspace\8-2-build-windows-amd64-cygwin\jdk8u60\4407\hotspot\src\share\vm\prims\j’]’éð?
Event: 1.057 Thread 0x0000000016472000 Implicit null exception at 0x00000000026c243c to 0x00000000026c38e5

Events (10 events):
Event: 3.072 loading class java/util/TreeMap$EntryIterator
Event: 3.072 loading class java/util/TreeMap$EntryIterator done
Event: 3.072 Executing VM operation: Deoptimize
Event: 3.074 Executing VM operation: Deoptimize done
Event: 3.086 Thread 0x00000000022fe800 Uncommon trap: trap_request=0xffffffde fr.pc=0x00000000026d9cf0
Event: 3.086 Thread 0x00000000022fe800 DEOPT PACKING pc=0x00000000026d9cf0 sp=0x000000000225dbf0
Event: 3.086 Thread 0x00000000022fe800 DEOPT UNPACKING pc=0x000000000244582a sp=0x000000000225db88 mode 2
Event: 3.090 Thread 0x00000000022fe800 Uncommon trap: trap_request=0xffffffc6 fr.pc=0x000000000298ffac
Event: 3.090 Thread 0x00000000022fe800 DEOPT PACKING pc=0x000000000298ffac sp=0x000000000225d810
Event: 3.090 Thread 0x00000000022fe800 DEOPT UNPACKING pc=0x000000000244582a sp=0x000000000225d7c8 mode 2


Dynamic libraries:
0x00007ff6653b0000 - 0x00007ff6653e7000 	C:\Program Files\Java\jdk1.8.0_60\bin\java.exe
0x00007ff8699b0000 - 0x00007ff869b71000 	C:\WINDOWS\SYSTEM32\ntdll.dll
0x00007ff869900000 - 0x00007ff8699ad000 	C:\WINDOWS\system32\KERNEL32.DLL
0x00007ff866ba0000 - 0x00007ff866d88000 	C:\WINDOWS\system32\KERNELBASE.dll
0x00007ff8672c0000 - 0x00007ff867367000 	C:\WINDOWS\system32\ADVAPI32.dll
0x00007ff868a50000 - 0x00007ff868aed000 	C:\WINDOWS\system32\msvcrt.dll
0x00007ff8698a0000 - 0x00007ff8698fb000 	C:\WINDOWS\system32\sechost.dll
0x00007ff867160000 - 0x00007ff86727c000 	C:\WINDOWS\system32\RPCRT4.dll
0x00007ff868fe0000 - 0x00007ff869136000 	C:\WINDOWS\system32\USER32.dll
0x00007ff868d60000 - 0x00007ff868ee6000 	C:\WINDOWS\system32\GDI32.dll
0x00007ff860260000 - 0x00007ff8604d4000 	C:\WINDOWS\WinSxS\amd64_microsoft.windows.common-controls_6595b64144ccf1df_6.0.10586.0_none_8c15ae12515e1c22\COMCTL32.dll
0x00007ff866ee0000 - 0x00007ff86715d000 	C:\WINDOWS\system32\combase.dll
0x00007ff866180000 - 0x00007ff8661ea000 	C:\WINDOWS\system32\bcryptPrimitives.dll
0x00007ff867280000 - 0x00007ff8672bb000 	C:\WINDOWS\system32\IMM32.DLL
0x00007ff865ea0000 - 0x00007ff865ed1000 	C:\Windows\system32\nvinitx.dll
0x00007ff865e90000 - 0x00007ff865e9a000 	C:\WINDOWS\SYSTEM32\VERSION.dll
0x0000000054bf0000 - 0x0000000054bf6000 	C:\Program Files\NVIDIA Corporation\CoProcManager\_etoured.dll
0x00007ff863520000 - 0x00007ff863553000 	C:\Program Files\NVIDIA Corporation\CoProcManager\nvd3d9wrapx.dll
0x00007ff8693a0000 - 0x00007ff8697c9000 	C:\WINDOWS\system32\SETUPAPI.dll
0x00007ff866920000 - 0x00007ff866963000 	C:\WINDOWS\system32\CFGMGR32.dll
0x00007ff863260000 - 0x00007ff863282000 	C:\Program Files\NVIDIA Corporation\CoProcManager\nvdxgiwrapx.dll
0x00000000515d0000 - 0x00000000516a2000 	C:\Program Files\Java\jdk1.8.0_60\jre\bin\msvcr100.dll
0x0000000050d40000 - 0x00000000515c9000 	C:\Program Files\Java\jdk1.8.0_60\jre\bin\server\jvm.dll
0x00007ff869160000 - 0x00007ff869168000 	C:\WINDOWS\system32\PSAPI.DLL
0x00007ff858430000 - 0x00007ff858439000 	C:\WINDOWS\SYSTEM32\WSOCK32.dll
0x00007ff863d30000 - 0x00007ff863d53000 	C:\WINDOWS\SYSTEM32\WINMM.dll
0x00007ff8697d0000 - 0x00007ff86983b000 	C:\WINDOWS\system32\WS2_32.dll
0x0000000002100000 - 0x000000000212c000 	C:\WINDOWS\SYSTEM32\WINMMBASE.dll
0x0000000050d30000 - 0x0000000050d3f000 	C:\Program Files\Java\jdk1.8.0_60\jre\bin\verify.dll
0x0000000050d00000 - 0x0000000050d29000 	C:\Program Files\Java\jdk1.8.0_60\jre\bin\java.dll
0x0000000050ce0000 - 0x0000000050cf6000 	C:\Program Files\Java\jdk1.8.0_60\jre\bin\zip.dll
0x00007ff8674f0000 - 0x00007ff868a4c000 	C:\WINDOWS\system32\SHELL32.dll
0x00007ff8662d0000 - 0x00007ff866914000 	C:\WINDOWS\system32\windows.storage.dll
0x00007ff869320000 - 0x00007ff869372000 	C:\WINDOWS\system32\shlwapi.dll
0x00007ff866030000 - 0x00007ff86603f000 	C:\WINDOWS\system32\kernel.appcore.dll
0x00007ff8661f0000 - 0x00007ff8662a5000 	C:\WINDOWS\system32\shcore.dll
0x00007ff865fd0000 - 0x00007ff86601b000 	C:\WINDOWS\system32\powrprof.dll
0x00007ff865fb0000 - 0x00007ff865fc4000 	C:\WINDOWS\system32\profapi.dll

VM Arguments:
jvm_args: -Djava.awt.headless=true -Xmx1024M -Dfile.encoding=windows-1252 -Duser.country=ES -Duser.language=es -Duser.variant 
java_command: com.android.dx.command.Main --dex --force-jumbo --num-threads=4 --multi-dex --output C:\Users\USER\Desktop\Proyectos\cashPokerProgresive3\app\build\intermediates\transforms\dex\debug\folders\1000\5\slice_4 C:\Users\USER\Desktop\Proyectos\cashPokerProgresive3\app\build\intermediates\transforms\instantRunSlicer\debug\folders\1\5\slice_4
java_class_path (initial): C:\Users\USER\AppData\Local\Android\sdk\build-tools\23.0.3\lib\dx.jar
Launcher Type: SUN_STANDARD

Environment Variables:
CLASSPATH=.;C:\Program Files (x86)\QuickTime\QTSystem\QTJava.zip
USERNAME=USER
OS=Windows_NT
PROCESSOR_IDENTIFIER=Intel64 Family 6 Model 58 Stepping 9, GenuineIntel



---------------  S Y S T E M  ---------------

OS: Windows 10.0 , 64 bit Build 10586 (10.0.10586.0)

CPU:total 4 (2 cores per cpu, 2 threads per core) family 6 model 58 stepping 9, cmov, cx8, fxsr, mmx, sse, sse2, sse3, ssse3, sse4.1, sse4.2, popcnt, avx, aes, clmul, erms, ht, tsc, tscinvbit, tscinv

Memory: 4k page, physical 6167652k(597152k free), swap 9308260k(5744k free)

vm_info: Java HotSpot(TM) 64-Bit Server VM (25.60-b23) for windows-amd64 JRE (1.8.0_60-b27), built on Aug  4 2015 11:06:27 by "java_re" with MS VC++ 10.0 (VS2010)

time: Tue Aug 30 16:12:04 2016
elapsed time: 3 seconds (0d 0h 0m 3s)

