#
# There is insufficient memory for the Java Runtime Environment to continue.
# Native memory allocation (malloc) failed to allocate 141376 bytes for Chunk::new
# Possible reasons:
#   The system is out of physical RAM or swap space
#   In 32 bit mode, the process size limit was hit
# Possible solutions:
#   Reduce memory load on the system
#   Increase physical memory or swap space
#   Check if swap backing store is full
#   Use 64 bit Java on a 64 bit OS
#   Decrease Java heap size (-Xmx/-Xms)
#   Decrease number of Java threads
#   Decrease Java thread stack sizes (-Xss)
#   Set larger code cache with -XX:ReservedCodeCacheSize=
# This output file may be truncated or incomplete.
#
#  Out of Memory Error (allocation.cpp:390), pid=7660, tid=5500
#
# JRE version: Java(TM) SE Runtime Environment (8.0_60-b27) (build 1.8.0_60-b27)
# Java VM: Java HotSpot(TM) 64-Bit Server VM (25.60-b23 mixed mode windows-amd64 compressed oops)
# Failed to write core dump. Minidumps are not enabled by default on client versions of Windows
#

---------------  T H R E A D  ---------------

Current thread (0x0000000014a33800):  JavaThread "C2 CompilerThread1" daemon [_thread_in_native, id=5500, stack(0x0000000016140000,0x0000000016240000)]

Stack: [0x0000000016140000,0x0000000016240000]
[error occurred during error reporting (printing stack bounds), id 0xc0000005]

Native frames: (J=compiled Java code, j=interpreted, Vv=VM code, C=native code)


Current CompileTask:
C2:   4444 1203       4       com.android.dx.ssa.SsaRenamer$BlockRenamer::processResultReg (56 bytes)


---------------  P R O C E S S  ---------------

Java Threads: ( => current thread )
  0x000000001647e000 JavaThread "pool-2-thread-4" [_thread_in_vm, id=9220, stack(0x0000000016d40000,0x0000000016e40000)]
  0x00000000163c6000 JavaThread "pool-2-thread-3" [_thread_in_vm, id=9376, stack(0x0000000016c40000,0x0000000016d40000)]
  0x00000000163bc800 JavaThread "pool-2-thread-2" [_thread_in_Java, id=8324, stack(0x0000000016b40000,0x0000000016c40000)]
  0x00000000163b1000 JavaThread "pool-3-thread-1" [_thread_blocked, id=6248, stack(0x0000000016a40000,0x0000000016b40000)]
  0x00000000163b0800 JavaThread "pool-2-thread-1" [_thread_in_Java, id=5008, stack(0x0000000016940000,0x0000000016a40000)]
  0x0000000016249000 JavaThread "Service Thread" daemon [_thread_blocked, id=8440, stack(0x0000000016740000,0x0000000016840000)]
  0x0000000016248800 JavaThread "C1 CompilerThread2" daemon [_thread_blocked, id=8284, stack(0x0000000016640000,0x0000000016740000)]
=>0x0000000014a33800 JavaThread "C2 CompilerThread1" daemon [_thread_in_native, id=5500, stack(0x0000000016140000,0x0000000016240000)]
  0x00000000149e0000 JavaThread "C2 CompilerThread0" daemon [_thread_in_native, id=7880, stack(0x0000000016040000,0x0000000016140000)]
  0x00000000149de000 JavaThread "Attach Listener" daemon [_thread_blocked, id=9912, stack(0x0000000015f40000,0x0000000016040000)]
  0x00000000149dd000 JavaThread "Signal Dispatcher" daemon [_thread_blocked, id=9932, stack(0x0000000015e40000,0x0000000015f40000)]
  0x0000000002062800 JavaThread "Finalizer" daemon [_thread_blocked, id=5760, stack(0x0000000015c40000,0x0000000015d40000)]
  0x000000000205f800 JavaThread "Reference Handler" daemon [_thread_blocked, id=8760, stack(0x0000000015b40000,0x0000000015c40000)]
  0x0000000001f72800 JavaThread "main" [_thread_blocked, id=7916, stack(0x0000000002210000,0x0000000002310000)]

Other Threads:
  0x00000000149a8000 VMThread [stack: 0x0000000015a40000,0x0000000015b40000] [id=7488]
  0x000000001624c000 WatcherThread [stack: 0x0000000016840000,0x0000000016940000] [id=2292]

VM state:not at safepoint (normal execution)

VM Mutex/Monitor currently owned by a thread: None

Heap:
 PSYoungGen      total 28672K, used 14705K [0x00000000eab00000, 0x00000000ecb00000, 0x0000000100000000)
  eden space 24576K, 43% used [0x00000000eab00000,0x00000000eb560d80,0x00000000ec300000)
  from space 4096K, 99% used [0x00000000ec300000,0x00000000ec6fb980,0x00000000ec700000)
  to   space 4096K, 0% used [0x00000000ec700000,0x00000000ec700000,0x00000000ecb00000)
 ParOldGen       total 65536K, used 948K [0x00000000c0000000, 0x00000000c4000000, 0x00000000eab00000)
  object space 65536K, 1% used [0x00000000c0000000,0x00000000c00ed130,0x00000000c4000000)
 Metaspace       used 5765K, capacity 6896K, committed 7040K, reserved 1056768K
  class space    used 583K, capacity 616K, committed 640K, reserved 1048576K

Card table byte_map: [0x00000000116d0000,0x00000000118e0000] byte_map_base: 0x00000000110d0000

Marking Bits: (ParMarkBitMap*) 0x000000006238a5b0
 Begin Bits: [0x0000000011e40000, 0x0000000012e40000)
 End Bits:   [0x0000000012e40000, 0x0000000013e40000)

Polling page: 0x00000000001f0000

CodeCache: size=245760Kb used=4929Kb max_used=4929Kb free=240830Kb
 bounds [0x0000000002310000, 0x00000000027f0000, 0x0000000011310000]
 total_blobs=1462 nmethods=1200 adapters=175
 compilation: enabled

Compilation events (10 events):
Event: 4.415 Thread 0x0000000016248800 1200       3       com.android.dx.ssa.SsaConverter::edgeSplitSuccessors (98 bytes)
Event: 4.416 Thread 0x0000000016248800 nmethod 1200 0x00000000027dd9d0 code [0x00000000027ddc40, 0x00000000027dea68]
Event: 4.417 Thread 0x0000000016248800 1201       3       com.android.dx.dex.file.Section::validateAlignment (23 bytes)
Event: 4.417 Thread 0x0000000016248800 nmethod 1201 0x00000000027adb10 code [0x00000000027adc80, 0x00000000027adee8]
Event: 4.426 Thread 0x0000000014a33800 nmethod 1197 0x00000000027df410 code [0x00000000027df6a0, 0x00000000027dffb0]
Event: 4.426 Thread 0x0000000014a33800 1198       4       com.android.dx.cf.code.Ropper::labelToResultIndex (47 bytes)
Event: 4.430 Thread 0x0000000014a33800 nmethod 1198 0x00000000027aefd0 code [0x00000000027af120, 0x00000000027af3b8]
Event: 4.431 Thread 0x0000000016248800 1202       3       com.android.dx.ssa.SsaConverter::placePhiFunctions (394 bytes)
Event: 4.436 Thread 0x0000000016248800 nmethod 1202 0x00000000027e2190 code [0x00000000027e2740, 0x00000000027e5d68]
Event: 4.436 Thread 0x0000000014a33800 1203       4       com.android.dx.ssa.SsaRenamer$BlockRenamer::processResultReg (56 bytes)

GC Heap History (2 events):
Event: 4.195 GC heap before
{Heap before GC invocations=1 (full 0):
 PSYoungGen      total 28672K, used 24576K [0x00000000eab00000, 0x00000000ecb00000, 0x0000000100000000)
  eden space 24576K, 100% used [0x00000000eab00000,0x00000000ec300000,0x00000000ec300000)
  from space 4096K, 0% used [0x00000000ec700000,0x00000000ec700000,0x00000000ecb00000)
  to   space 4096K, 0% used [0x00000000ec300000,0x00000000ec300000,0x00000000ec700000)
 ParOldGen       total 65536K, used 0K [0x00000000c0000000, 0x00000000c4000000, 0x00000000eab00000)
  object space 65536K, 0% used [0x00000000c0000000,0x00000000c0000000,0x00000000c4000000)
 Metaspace       used 5723K, capacity 6832K, committed 7040K, reserved 1056768K
  class space    used 581K, capacity 616K, committed 640K, reserved 1048576K
Event: 4.225 GC heap after
Heap after GC invocations=1 (full 0):
 PSYoungGen      total 28672K, used 4078K [0x00000000eab00000, 0x00000000ecb00000, 0x0000000100000000)
  eden space 24576K, 0% used [0x00000000eab00000,0x00000000eab00000,0x00000000ec300000)
  from space 4096K, 99% used [0x00000000ec300000,0x00000000ec6fb980,0x00000000ec700000)
  to   space 4096K, 0% used [0x00000000ec700000,0x00000000ec700000,0x00000000ecb00000)
 ParOldGen       total 65536K, used 948K [0x00000000c0000000, 0x00000000c4000000, 0x00000000eab00000)
  object space 65536K, 1% used [0x00000000c0000000,0x00000000c00ed130,0x00000000c4000000)
 Metaspace       used 5723K, capacity 6832K, committed 7040K, reserved 1056768K
  class space    used 581K, capacity 616K, committed 640K, reserved 1048576K
}

Deoptimization events (10 events):
Event: 3.906 Thread 0x00000000163b0800 Uncommon trap: reason=unstable_if action=reinterpret pc=0x000000000256e5b4 method=java.util.BitSet.ensureCapacity(I)V @ 6
Event: 3.919 Thread 0x00000000163b0800 Uncommon trap: reason=unstable_if action=reinterpret pc=0x00000000025019d8 method=java.util.HashMap.getNode(ILjava/lang/Object;)Ljava/util/HashMap$Node; @ 129
Event: 4.064 Thread 0x0000000001f72800 Uncommon trap: reason=unstable_if action=reinterpret pc=0x00000000026ca450 method=java.lang.String.<init>([CII)V @ 18
Event: 4.068 Thread 0x0000000001f72800 Uncommon trap: reason=unstable_if action=reinterpret pc=0x00000000026b2fe8 method=java.lang.String.<init>([CII)V @ 18
Event: 4.121 Thread 0x000000001647e000 Uncommon trap: reason=unstable_if action=reinterpret pc=0x00000000026e9360 method=com.android.dx.util.IntList.binarysearch(I)I @ 26
Event: 4.234 Thread 0x00000000163b0800 Uncommon trap: reason=unstable_if action=reinterpret pc=0x00000000026f41f8 method=com.android.dx.cf.code.Ropper.labelToResultIndex(I)I @ 34
Event: 4.243 Thread 0x00000000163b0800 Uncommon trap: reason=class_check action=maybe_recompile pc=0x00000000026b75e0 method=com.android.dx.ssa.NormalSsaInsn.accept(Lcom/android/dx/ssa/SsaInsn$Visitor;)V @ 9
Event: 4.253 Thread 0x00000000163b0800 Uncommon trap: reason=class_check action=maybe_recompile pc=0x00000000026b75e0 method=com.android.dx.ssa.NormalSsaInsn.accept(Lcom/android/dx/ssa/SsaInsn$Visitor;)V @ 9
Event: 4.388 Thread 0x00000000163c6000 Uncommon trap: reason=uninitialized action=reinterpret pc=0x00000000027757e8 method=com.android.dx.cf.code.BytecodeArray.parseInstruction(ILcom/android/dx/cf/code/BytecodeArray$Visitor;)I @ 999
Event: 4.411 Thread 0x00000000163c6000 Uncommon trap: reason=class_check action=maybe_recompile pc=0x00000000026b75e0 method=com.android.dx.ssa.NormalSsaInsn.accept(Lcom/android/dx/ssa/SsaInsn$Visitor;)V @ 9

Internal exceptions (3 events):
Event: 1.370 Thread 0x0000000001f72800 Exception <a 'java/lang/NoSuchMethodError': Method sun.misc.Unsafe.defineClass(Ljava/lang/String;[BII)Ljava/lang/Class; name or signature does not match> (0x00000000eab0e480) thrown at [C:\re\workspace\8-2-build-windows-amd64-cygwin\jdk8u60\4407\hotspot\srÚ$þ²¥ëõ?
Event: 1.370 Thread 0x0000000001f72800 Exception <a 'java/lang/NoSuchMethodError': Method sun.misc.Unsafe.prefetchRead(Ljava/lang/Object;J)V name or signature does not match> (0x00000000eab0e768) thrown at [C:\re\workspace\8-2-build-windows-amd64-cygwin\jdk8u60\4407\hotspot\src\share\vm\prims\jàÃ.›¬@
Event: 3.628 Thread 0x000000001647e000 Implicit null exception at 0x000000000261afa7 to 0x000000000261c8d9

Events (10 events):
Event: 4.243 Thread 0x00000000163b0800 DEOPT UNPACKING pc=0x000000000235582a sp=0x0000000016a3e960 mode 2
Event: 4.253 Thread 0x00000000163b0800 Uncommon trap: trap_request=0xffffffde fr.pc=0x00000000026b75e0
Event: 4.253 Thread 0x00000000163b0800 DEOPT PACKING pc=0x00000000026b75e0 sp=0x0000000016a3e960
Event: 4.253 Thread 0x00000000163b0800 DEOPT UNPACKING pc=0x000000000235582a sp=0x0000000016a3e8d0 mode 2
Event: 4.388 Thread 0x00000000163c6000 Uncommon trap: trap_request=0xffffffb5 fr.pc=0x00000000027757e8
Event: 4.388 Thread 0x00000000163c6000 DEOPT PACKING pc=0x00000000027757e8 sp=0x0000000016d3ed10
Event: 4.388 Thread 0x00000000163c6000 DEOPT UNPACKING pc=0x000000000235582a sp=0x0000000016d3ec98 mode 2
Event: 4.411 Thread 0x00000000163c6000 Uncommon trap: trap_request=0xffffffde fr.pc=0x00000000026b75e0
Event: 4.411 Thread 0x00000000163c6000 DEOPT PACKING pc=0x00000000026b75e0 sp=0x0000000016d3ec10
Event: 4.411 Thread 0x00000000163c6000 DEOPT UNPACKING pc=0x000000000235582a sp=0x0000000016d3eb80 mode 2


Dynamic libraries:
0x00007ff736bc0000 - 0x00007ff736bf7000 	C:\Program Files\Java\jdk1.8.0_60\bin\java.exe
0x00007ffae6bb0000 - 0x00007ffae6d71000 	C:\WINDOWS\SYSTEM32\ntdll.dll
0x00007ffae5670000 - 0x00007ffae571d000 	C:\WINDOWS\system32\KERNEL32.DLL
0x00007ffae3950000 - 0x00007ffae3b38000 	C:\WINDOWS\system32\KERNELBASE.dll
0x00007ffae63a0000 - 0x00007ffae6447000 	C:\WINDOWS\system32\ADVAPI32.dll
0x00007ffae68c0000 - 0x00007ffae695d000 	C:\WINDOWS\system32\msvcrt.dll
0x00007ffae6b50000 - 0x00007ffae6bab000 	C:\WINDOWS\system32\sechost.dll
0x00007ffae6960000 - 0x00007ffae6a7c000 	C:\WINDOWS\system32\RPCRT4.dll
0x00007ffae5720000 - 0x00007ffae5876000 	C:\WINDOWS\system32\USER32.dll
0x00007ffae5880000 - 0x00007ffae5a06000 	C:\WINDOWS\system32\GDI32.dll
0x00007ffade460000 - 0x00007ffade6d4000 	C:\WINDOWS\WinSxS\amd64_microsoft.windows.common-controls_6595b64144ccf1df_6.0.10586.0_none_8c15ae12515e1c22\COMCTL32.dll
0x00007ffae6120000 - 0x00007ffae639d000 	C:\WINDOWS\system32\combase.dll
0x00007ffae3c40000 - 0x00007ffae3caa000 	C:\WINDOWS\system32\bcryptPrimitives.dll
0x00007ffae5630000 - 0x00007ffae566b000 	C:\WINDOWS\system32\IMM32.DLL
0x00007ffae30a0000 - 0x00007ffae30d1000 	C:\Windows\system32\nvinitx.dll
0x00007ffae3090000 - 0x00007ffae309a000 	C:\WINDOWS\SYSTEM32\VERSION.dll
0x00000000679e0000 - 0x00000000679e6000 	C:\Program Files\NVIDIA Corporation\CoProcManager\_etoured.dll
0x00007ffae0b10000 - 0x00007ffae0b43000 	C:\Program Files\NVIDIA Corporation\CoProcManager\nvd3d9wrapx.dll
0x00007ffae5c10000 - 0x00007ffae6039000 	C:\WINDOWS\system32\SETUPAPI.dll
0x00007ffae3b40000 - 0x00007ffae3b83000 	C:\WINDOWS\system32\CFGMGR32.dll
0x00007ffae0290000 - 0x00007ffae02b2000 	C:\Program Files\NVIDIA Corporation\CoProcManager\nvdxgiwrapx.dll
0x0000000062410000 - 0x00000000624e2000 	C:\Program Files\Java\jdk1.8.0_60\jre\bin\msvcr100.dll
0x0000000061b80000 - 0x0000000062409000 	C:\Program Files\Java\jdk1.8.0_60\jre\bin\server\jvm.dll
0x00007ffae68b0000 - 0x00007ffae68b8000 	C:\WINDOWS\system32\PSAPI.DLL
0x00007ffad8a40000 - 0x00007ffad8a49000 	C:\WINDOWS\SYSTEM32\WSOCK32.dll
0x00007ffae60b0000 - 0x00007ffae611b000 	C:\WINDOWS\system32\WS2_32.dll
0x00007ffae1330000 - 0x00007ffae1353000 	C:\WINDOWS\SYSTEM32\WINMM.dll
0x00007ffae1300000 - 0x00007ffae132c000 	C:\WINDOWS\SYSTEM32\WINMMBASE.dll
0x0000000061b70000 - 0x0000000061b7f000 	C:\Program Files\Java\jdk1.8.0_60\jre\bin\verify.dll
0x0000000061b40000 - 0x0000000061b69000 	C:\Program Files\Java\jdk1.8.0_60\jre\bin\java.dll
0x0000000061b20000 - 0x0000000061b36000 	C:\Program Files\Java\jdk1.8.0_60\jre\bin\zip.dll
0x00007ffae40c0000 - 0x00007ffae561c000 	C:\WINDOWS\system32\SHELL32.dll
0x00007ffae3240000 - 0x00007ffae3884000 	C:\WINDOWS\system32\windows.storage.dll
0x00007ffae3f90000 - 0x00007ffae3fe2000 	C:\WINDOWS\system32\shlwapi.dll
0x00007ffae31d0000 - 0x00007ffae31df000 	C:\WINDOWS\system32\kernel.appcore.dll
0x0000000000770000 - 0x0000000000825000 	C:\WINDOWS\system32\shcore.dll
0x00007ffae31e0000 - 0x00007ffae322b000 	C:\WINDOWS\system32\powrprof.dll
0x00007ffae31b0000 - 0x00007ffae31c4000 	C:\WINDOWS\system32\profapi.dll

VM Arguments:
jvm_args: -Djava.awt.headless=true -Xmx1024M -Dfile.encoding=windows-1252 -Duser.country=ES -Duser.language=es -Duser.variant 
java_command: com.android.dx.command.Main --dex --force-jumbo --num-threads=4 --multi-dex --output C:\Users\USER\Desktop\Proyectos\cashPokerProgresive3\app\build\intermediates\transforms\dex\debug\folders\1000\5\slice_5 C:\Users\USER\Desktop\Proyectos\cashPokerProgresive3\app\build\intermediates\transforms\instantRunSlicer\debug\folders\1\5\slice_5
java_class_path (initial): C:\Users\USER\AppData\Local\Android\sdk\build-tools\23.0.3\lib\dx.jar
Launcher Type: SUN_STANDARD

Environment Variables:
CLASSPATH=.;C:\Program Files (x86)\QuickTime\QTSystem\QTJava.zip
USERNAME=USER
OS=Windows_NT
PROCESSOR_IDENTIFIER=Intel64 Family 6 Model 58 Stepping 9, GenuineIntel



---------------  S Y S T E M  ---------------

OS: Windows 10.0 , 64 bit Build 10586 (10.0.10586.0)

CPU:total 4 (2 cores per cpu, 2 threads per core) family 6 model 58 stepping 9, cmov, cx8, fxsr, mmx, sse, sse2, sse3, ssse3, sse4.1, sse4.2, popcnt, avx, aes, clmul, erms, ht, tsc, tscinvbit, tscinv

Memory: 4k page, physical 6167652k(786496k free), swap 9308260k(5388k free)

vm_info: Java HotSpot(TM) 64-Bit Server VM (25.60-b23) for windows-amd64 JRE (1.8.0_60-b27), built on Aug  4 2015 11:06:27 by "java_re" with MS VC++ 10.0 (VS2010)

time: Thu Sep 29 20:59:50 2016
elapsed time: 4 seconds (0d 0h 0m 4s)

