#
# There is insufficient memory for the Java Runtime Environment to continue.
# Native memory allocation (malloc) failed to allocate 32744 bytes for ChunkPool::allocate
# Possible reasons:
#   The system is out of physical RAM or swap space
#   In 32 bit mode, the process size limit was hit
# Possible solutions:
#   Reduce memory load on the system
#   Increase physical memory or swap space
#   Check if swap backing store is full
#   Use 64 bit Java on a 64 bit OS
#   Decrease Java heap size (-Xmx/-Xms)
#   Decrease number of Java threads
#   Decrease Java thread stack sizes (-Xss)
#   Set larger code cache with -XX:ReservedCodeCacheSize=
# This output file may be truncated or incomplete.
#
#  Out of Memory Error (allocation.cpp:273), pid=10276, tid=8748
#
# JRE version: Java(TM) SE Runtime Environment (8.0_60-b27) (build 1.8.0_60-b27)
# Java VM: Java HotSpot(TM) 64-Bit Server VM (25.60-b23 mixed mode windows-amd64 compressed oops)
# Failed to write core dump. Minidumps are not enabled by default on client versions of Windows
#

---------------  T H R E A D  ---------------

Current thread (0x0000000014b70000):  JavaThread "C2 CompilerThread0" daemon [_thread_in_native, id=8748, stack(0x0000000016280000,0x0000000016380000)]

Stack: [0x0000000016280000,0x0000000016380000]
[error occurred during error reporting (printing stack bounds), id 0xc0000005]

Native frames: (J=compiled Java code, j=interpreted, Vv=VM code, C=native code)


Current CompileTask:
C2:   2816  190       4       com.android.dx.util.ByteArray::checkOffsets (66 bytes)


---------------  P R O C E S S  ---------------

Java Threads: ( => current thread )
  0x0000000016628000 JavaThread "pool-2-thread-4" [_thread_blocked, id=10472, stack(0x0000000016f80000,0x0000000017080000)]
  0x0000000016626000 JavaThread "pool-2-thread-3" [_thread_blocked, id=9668, stack(0x0000000016e80000,0x0000000016f80000)]
  0x0000000016625800 JavaThread "pool-2-thread-2" [_thread_in_native, id=5172, stack(0x0000000016d80000,0x0000000016e80000)]
  0x0000000016624800 JavaThread "pool-3-thread-1" [_thread_blocked, id=2600, stack(0x0000000016c80000,0x0000000016d80000)]
  0x000000001661a000 JavaThread "pool-2-thread-1" [_thread_blocked, id=4968, stack(0x0000000016b80000,0x0000000016c80000)]
  0x0000000014bcd800 JavaThread "Service Thread" daemon [_thread_blocked, id=9584, stack(0x0000000016980000,0x0000000016a80000)]
  0x0000000016488800 JavaThread "C1 CompilerThread2" daemon [_thread_in_native, id=10324, stack(0x0000000016880000,0x0000000016980000)]
  0x0000000014b72000 JavaThread "C2 CompilerThread1" daemon [_thread_in_native, id=10800, stack(0x0000000016380000,0x0000000016480000)]
=>0x0000000014b70000 JavaThread "C2 CompilerThread0" daemon [_thread_in_native, id=8748, stack(0x0000000016280000,0x0000000016380000)]
  0x0000000014b6e000 JavaThread "Attach Listener" daemon [_thread_blocked, id=3868, stack(0x0000000016180000,0x0000000016280000)]
  0x0000000014b6d000 JavaThread "Signal Dispatcher" daemon [_thread_blocked, id=8024, stack(0x0000000016080000,0x0000000016180000)]
  0x0000000002493000 JavaThread "Finalizer" daemon [_thread_blocked, id=9484, stack(0x0000000015dc0000,0x0000000015ec0000)]
  0x0000000002490000 JavaThread "Reference Handler" daemon [_thread_blocked, id=10452, stack(0x0000000015cc0000,0x0000000015dc0000)]
  0x00000000023a2800 JavaThread "main" [_thread_blocked, id=10968, stack(0x00000000022a0000,0x00000000023a0000)]

Other Threads:
  0x0000000014b37800 VMThread [stack: 0x0000000015bc0000,0x0000000015cc0000] [id=4744]
  0x0000000016493800 WatcherThread [stack: 0x0000000016a80000,0x0000000016b80000] [id=9664]

VM state:not at safepoint (normal execution)

VM Mutex/Monitor currently owned by a thread: None

Heap:
 PSYoungGen      total 28672K, used 7375K [0x00000000eab00000, 0x00000000ecb00000, 0x0000000100000000)
  eden space 24576K, 30% used [0x00000000eab00000,0x00000000eb233fe8,0x00000000ec300000)
  from space 4096K, 0% used [0x00000000ec700000,0x00000000ec700000,0x00000000ecb00000)
  to   space 4096K, 0% used [0x00000000ec300000,0x00000000ec300000,0x00000000ec700000)
 ParOldGen       total 65536K, used 0K [0x00000000c0000000, 0x00000000c4000000, 0x00000000eab00000)
  object space 65536K, 0% used [0x00000000c0000000,0x00000000c0000000,0x00000000c4000000)
 Metaspace       used 4217K, capacity 5392K, committed 5760K, reserved 1056768K
  class space    used 475K, capacity 520K, committed 640K, reserved 1048576K

Card table byte_map: [0x0000000011860000,0x0000000011a70000] byte_map_base: 0x0000000011260000

Marking Bits: (ParMarkBitMap*) 0x0000000055e3a5b0
 Begin Bits: [0x0000000011fd0000, 0x0000000012fd0000)
 End Bits:   [0x0000000012fd0000, 0x0000000013fd0000)

Polling page: 0x00000000001f0000

CodeCache: size=245760Kb used=1455Kb max_used=1464Kb free=244304Kb
 bounds [0x00000000024a0000, 0x0000000002710000, 0x00000000114a0000]
 total_blobs=449 nmethods=189 adapters=173
 compilation: enabled

Compilation events (10 events):
Event: 2.745 Thread 0x0000000014b70000 nmethod 181 0x0000000002609c50 code [0x0000000002609d80, 0x0000000002609df8]
Event: 2.748 Thread 0x0000000016488800 nmethod 184 0x0000000002609e50 code [0x000000000260a200, 0x000000000260c538]
Event: 2.761 Thread 0x0000000016488800  185       3       java.nio.charset.CharsetEncoder::reset (11 bytes)
Event: 2.762 Thread 0x0000000016488800 nmethod 185 0x0000000002609810 code [0x0000000002609960, 0x0000000002609b90]
Event: 2.763 Thread 0x0000000016488800  187       1       com.android.dx.util.ByteArray::access$000 (5 bytes)
Event: 2.764 Thread 0x0000000016488800 nmethod 187 0x0000000002609190 code [0x00000000026092e0, 0x00000000026093d0]
Event: 2.764 Thread 0x0000000014b72000  188       4       java.lang.String::lastIndexOf (52 bytes)
Event: 2.765 Thread 0x0000000016488800  189   !   3       com.android.dx.cf.cst.ConstantPoolParser::parse0 (731 bytes)
Event: 2.766 Thread 0x0000000014b72000 nmethod 188 0x0000000002607910 code [0x0000000002607a40, 0x0000000002607bb8]
Event: 2.768 Thread 0x0000000014b70000  190       4       com.android.dx.util.ByteArray::checkOffsets (66 bytes)

GC Heap History (0 events):
No events

Deoptimization events (0 events):
No events

Internal exceptions (2 events):
Event: 0.116 Thread 0x00000000023a2800 Exception <a 'java/lang/NoSuchMethodError': Method sun.misc.Unsafe.defineClass(Ljava/lang/String;[BII)Ljava/lang/Class; name or signature does not match> (0x00000000eab0e4d8) thrown at [C:\re\workspace\8-2-build-windows-amd64-cygwin\jdk8u60\4407\hotspot\sr_²µ3Æ½?
Event: 0.116 Thread 0x00000000023a2800 Exception <a 'java/lang/NoSuchMethodError': Method sun.misc.Unsafe.prefetchRead(Ljava/lang/Object;J)V name or signature does not match> (0x00000000eab0e7c0) thrown at [C:\re\workspace\8-2-build-windows-amd64-cygwin\jdk8u60\4407\hotspot\src\share\vm\prims\j

Events (10 events):
Event: 2.669 loading class java/util/concurrent/locks/LockSupport done
Event: 2.669 loading class sun/nio/ch/Interruptible
Event: 2.669 loading class sun/nio/ch/Interruptible done
Event: 2.745 loading class com/android/dx/cf/code/ByteCatchList$Item
Event: 2.745 loading class com/android/dx/cf/code/ByteCatchList$Item done
Event: 2.764 loading class com/android/dx/cf/attrib/AttLocalVariableTypeTable
Event: 2.764 loading class com/android/dx/cf/attrib/AttLocalVariableTypeTable done
Event: 2.764 loading class com/android/dx/cf/attrib/RawAttribute
Event: 2.764 loading class com/android/dx/cf/attrib/RawAttribute done
Event: 2.765 Thread 0x0000000016628000 Thread added: 0x0000000016628000


Dynamic libraries:
0x00007ff686e30000 - 0x00007ff686e67000 	C:\Program Files\Java\jdk1.8.0_60\bin\java.exe
0x00007fff3bea0000 - 0x00007fff3c061000 	C:\WINDOWS\SYSTEM32\ntdll.dll
0x00007fff3bab0000 - 0x00007fff3bb5d000 	C:\WINDOWS\system32\KERNEL32.DLL
0x00007fff386c0000 - 0x00007fff388a8000 	C:\WINDOWS\system32\KERNELBASE.dll
0x00007fff3acf0000 - 0x00007fff3ad97000 	C:\WINDOWS\system32\ADVAPI32.dll
0x00007fff3bc70000 - 0x00007fff3bd0d000 	C:\WINDOWS\system32\msvcrt.dll
0x00007fff3a800000 - 0x00007fff3a85b000 	C:\WINDOWS\system32\sechost.dll
0x00007fff3b980000 - 0x00007fff3ba9c000 	C:\WINDOWS\system32\RPCRT4.dll
0x00007fff3b410000 - 0x00007fff3b566000 	C:\WINDOWS\system32\USER32.dll
0x00007fff3bd10000 - 0x00007fff3be96000 	C:\WINDOWS\system32\GDI32.dll
0x00007fff32600000 - 0x00007fff32874000 	C:\WINDOWS\WinSxS\amd64_microsoft.windows.common-controls_6595b64144ccf1df_6.0.10586.0_none_8c15ae12515e1c22\COMCTL32.dll
0x00007fff3a860000 - 0x00007fff3aadd000 	C:\WINDOWS\system32\combase.dll
0x00007fff38590000 - 0x00007fff385fa000 	C:\WINDOWS\system32\bcryptPrimitives.dll
0x00007fff3bc30000 - 0x00007fff3bc6b000 	C:\WINDOWS\system32\IMM32.DLL
0x00007fff38390000 - 0x00007fff383c1000 	C:\Windows\system32\nvinitx.dll
0x00007fff38380000 - 0x00007fff3838a000 	C:\WINDOWS\SYSTEM32\VERSION.dll
0x0000000059370000 - 0x0000000059376000 	C:\Program Files\NVIDIA Corporation\CoProcManager\_etoured.dll
0x00007fff35e90000 - 0x00007fff35ec3000 	C:\Program Files\NVIDIA Corporation\CoProcManager\nvd3d9wrapx.dll
0x00007fff3ada0000 - 0x00007fff3b1c9000 	C:\WINDOWS\system32\SETUPAPI.dll
0x00007fff38960000 - 0x00007fff389a3000 	C:\WINDOWS\system32\CFGMGR32.dll
0x00007fff35a40000 - 0x00007fff35a62000 	C:\Program Files\NVIDIA Corporation\CoProcManager\nvdxgiwrapx.dll
0x0000000055ec0000 - 0x0000000055f92000 	C:\Program Files\Java\jdk1.8.0_60\jre\bin\msvcr100.dll
0x0000000055630000 - 0x0000000055eb9000 	C:\Program Files\Java\jdk1.8.0_60\jre\bin\server\jvm.dll
0x00007fff3baa0000 - 0x00007fff3baa8000 	C:\WINDOWS\system32\PSAPI.DLL
0x00007fff366a0000 - 0x00007fff366c3000 	C:\WINDOWS\SYSTEM32\WINMM.dll
0x00007fff2c420000 - 0x00007fff2c429000 	C:\WINDOWS\SYSTEM32\WSOCK32.dll
0x0000000002000000 - 0x000000000202c000 	C:\WINDOWS\SYSTEM32\WINMMBASE.dll
0x00007fff3b590000 - 0x00007fff3b5fb000 	C:\WINDOWS\system32\WS2_32.dll
0x0000000055620000 - 0x000000005562f000 	C:\Program Files\Java\jdk1.8.0_60\jre\bin\verify.dll
0x00000000555f0000 - 0x0000000055619000 	C:\Program Files\Java\jdk1.8.0_60\jre\bin\java.dll
0x00000000555d0000 - 0x00000000555e6000 	C:\Program Files\Java\jdk1.8.0_60\jre\bin\zip.dll
0x00007fff39280000 - 0x00007fff3a7dc000 	C:\WINDOWS\system32\SHELL32.dll
0x00007fff38a60000 - 0x00007fff390a4000 	C:\WINDOWS\system32\windows.storage.dll
0x00007fff3b1d0000 - 0x00007fff3b222000 	C:\WINDOWS\system32\shlwapi.dll
0x00007fff38520000 - 0x00007fff3852f000 	C:\WINDOWS\system32\kernel.appcore.dll
0x0000000015fc0000 - 0x0000000016075000 	C:\WINDOWS\system32\shcore.dll
0x00007fff384d0000 - 0x00007fff3851b000 	C:\WINDOWS\system32\powrprof.dll
0x00007fff384a0000 - 0x00007fff384b4000 	C:\WINDOWS\system32\profapi.dll

VM Arguments:
jvm_args: -Djava.awt.headless=true -Xmx1024M -Dfile.encoding=windows-1252 -Duser.country=ES -Duser.language=es -Duser.variant 
java_command: com.android.dx.command.Main --dex --force-jumbo --num-threads=4 --multi-dex --output C:\Users\USER\Desktop\Proyectos\cashPokerProgresive3\app\build\intermediates\transforms\dex\debug\folders\1000\10\instant-run_2238d62da3f5ec67d0a7cfe5554ddee83e8b14a4 C:\Users\USER\Desktop\Proyectos\cashPokerProgresive3\app\build\intermediates\incremental-runtime-classes\debug\instant-run.jar
java_class_path (initial): C:\Users\USER\AppData\Local\Android\sdk\build-tools\23.0.3\lib\dx.jar
Launcher Type: SUN_STANDARD

Environment Variables:
CLASSPATH=.;C:\Program Files (x86)\QuickTime\QTSystem\QTJava.zip
USERNAME=USER
OS=Windows_NT
PROCESSOR_IDENTIFIER=Intel64 Family 6 Model 58 Stepping 9, GenuineIntel



---------------  S Y S T E M  ---------------

OS: Windows 10.0 , 64 bit Build 10586 (10.0.10586.0)

CPU:total 4 (2 cores per cpu, 2 threads per core) family 6 model 58 stepping 9, cmov, cx8, fxsr, mmx, sse, sse2, sse3, ssse3, sse4.1, sse4.2, popcnt, avx, aes, clmul, erms, ht, tsc, tscinvbit, tscinv

Memory: 4k page, physical 6167652k(951448k free), swap 9308260k(1324k free)

vm_info: Java HotSpot(TM) 64-Bit Server VM (25.60-b23) for windows-amd64 JRE (1.8.0_60-b27), built on Aug  4 2015 11:06:27 by "java_re" with MS VC++ 10.0 (VS2010)

time: Tue May 24 16:40:59 2016
elapsed time: 2 seconds (0d 0h 0m 2s)

