#
# There is insufficient memory for the Java Runtime Environment to continue.
# Native memory allocation (malloc) failed to allocate 32744 bytes for ChunkPool::allocate
# Possible reasons:
#   The system is out of physical RAM or swap space
#   In 32 bit mode, the process size limit was hit
# Possible solutions:
#   Reduce memory load on the system
#   Increase physical memory or swap space
#   Check if swap backing store is full
#   Use 64 bit Java on a 64 bit OS
#   Decrease Java heap size (-Xmx/-Xms)
#   Decrease number of Java threads
#   Decrease Java thread stack sizes (-Xss)
#   Set larger code cache with -XX:ReservedCodeCacheSize=
# This output file may be truncated or incomplete.
#
#  Out of Memory Error (allocation.cpp:273), pid=7784, tid=9188
#
# JRE version: Java(TM) SE Runtime Environment (8.0_60-b27) (build 1.8.0_60-b27)
# Java VM: Java HotSpot(TM) 64-Bit Server VM (25.60-b23 mixed mode windows-amd64 compressed oops)
# Failed to write core dump. Minidumps are not enabled by default on client versions of Windows
#

---------------  T H R E A D  ---------------

Current thread (0x0000000014a75800):  JavaThread "C1 CompilerThread2" daemon [_thread_in_native, id=9188, stack(0x0000000016290000,0x0000000016390000)]

Stack: [0x0000000016290000,0x0000000016390000]
[error occurred during error reporting (printing stack bounds), id 0xc0000005]

Native frames: (J=compiled Java code, j=interpreted, Vv=VM code, C=native code)


Current CompileTask:
C1:    460   52  s!   3       sun.misc.URLClassPath::getLoader (197 bytes)


---------------  P R O C E S S  ---------------

Java Threads: ( => current thread )
  0x00000000163a1000 JavaThread "Service Thread" daemon [_thread_blocked, id=5156, stack(0x0000000016790000,0x0000000016890000)]
=>0x0000000014a75800 JavaThread "C1 CompilerThread2" daemon [_thread_in_native, id=9188, stack(0x0000000016290000,0x0000000016390000)]
  0x0000000014a32800 JavaThread "C2 CompilerThread1" daemon [_thread_blocked, id=9944, stack(0x0000000016190000,0x0000000016290000)]
  0x0000000014a30000 JavaThread "C2 CompilerThread0" daemon [_thread_blocked, id=7332, stack(0x0000000016090000,0x0000000016190000)]
  0x0000000014a2e000 JavaThread "Attach Listener" daemon [_thread_blocked, id=3568, stack(0x0000000015f90000,0x0000000016090000)]
  0x0000000014a2d000 JavaThread "Signal Dispatcher" daemon [_thread_blocked, id=7824, stack(0x0000000015e90000,0x0000000015f90000)]
  0x0000000002352800 JavaThread "Finalizer" daemon [_thread_blocked, id=7844, stack(0x0000000015c90000,0x0000000015d90000)]
  0x000000000234f800 JavaThread "Reference Handler" daemon [_thread_blocked, id=2232, stack(0x0000000015b90000,0x0000000015c90000)]
  0x000000000213e800 JavaThread "main" [_thread_in_vm, id=3452, stack(0x0000000002160000,0x0000000002260000)]

Other Threads:
  0x00000000149f7000 VMThread [stack: 0x0000000015a90000,0x0000000015b90000] [id=9900]
  0x00000000163a4800 WatcherThread [stack: 0x0000000016890000,0x0000000016990000] [id=3176]

VM state:not at safepoint (normal execution)

VM Mutex/Monitor currently owned by a thread: None

Heap:
 PSYoungGen      total 28672K, used 3466K [0x00000000eab00000, 0x00000000ecb00000, 0x0000000100000000)
  eden space 24576K, 14% used [0x00000000eab00000,0x00000000eae62820,0x00000000ec300000)
  from space 4096K, 0% used [0x00000000ec700000,0x00000000ec700000,0x00000000ecb00000)
  to   space 4096K, 0% used [0x00000000ec300000,0x00000000ec300000,0x00000000ec700000)
 ParOldGen       total 65536K, used 0K [0x00000000c0000000, 0x00000000c4000000, 0x00000000eab00000)
  object space 65536K, 0% used [0x00000000c0000000,0x00000000c0000000,0x00000000c4000000)
 Metaspace       used 3622K, capacity 4880K, committed 5120K, reserved 1056768K
  class space    used 409K, capacity 456K, committed 512K, reserved 1048576K

Card table byte_map: [0x0000000011720000,0x0000000011930000] byte_map_base: 0x0000000011120000

Marking Bits: (ParMarkBitMap*) 0x000000005154a5b0
 Begin Bits: [0x0000000011e90000, 0x0000000012e90000)
 End Bits:   [0x0000000012e90000, 0x0000000013e90000)

Polling page: 0x00000000001f0000

CodeCache: size=245760Kb used=1145Kb max_used=1157Kb free=244614Kb
 bounds [0x0000000002360000, 0x00000000025d0000, 0x0000000011360000]
 total_blobs=304 nmethods=52 adapters=165
 compilation: enabled

Compilation events (10 events):
Event: 0.368 Thread 0x0000000014a75800 nmethod 46 0x0000000002479d10 code [0x0000000002479e80, 0x000000000247a0d0]
Event: 0.370 Thread 0x0000000014a75800   47       1       java.net.URL::getHost (5 bytes)
Event: 0.370 Thread 0x0000000014a75800 nmethod 47 0x000000000247a190 code [0x000000000247a2e0, 0x000000000247a3f0]
Event: 0.370 Thread 0x0000000014a75800   48       1       java.net.URL::getProtocol (5 bytes)
Event: 0.370 Thread 0x0000000014a75800 nmethod 48 0x000000000247a450 code [0x000000000247a5a0, 0x000000000247a6b0]
Event: 0.371 Thread 0x0000000014a75800   49       3       java.lang.String::getChars (62 bytes)
Event: 0.371 Thread 0x0000000014a75800 nmethod 49 0x000000000247a710 code [0x000000000247a8c0, 0x000000000247acf8]
Event: 0.375 Thread 0x0000000014a75800   50       3       java.util.HashMap::getNode (148 bytes)
Event: 0.375 Thread 0x0000000014a75800 nmethod 50 0x000000000247b790 code [0x000000000247b960, 0x000000000247c308]
Event: 0.376 Thread 0x0000000014a75800   52  s!   3       sun.misc.URLClassPath::getLoader (197 bytes)

GC Heap History (0 events):
No events

Deoptimization events (0 events):
No events

Internal exceptions (2 events):
Event: 0.049 Thread 0x000000000213e800 Exception <a 'java/lang/NoSuchMethodError': Method sun.misc.Unsafe.defineClass(Ljava/lang/String;[BII)Ljava/lang/Class; name or signature does not match> (0x00000000eab0e568) thrown at [C:\re\workspace\8-2-build-windows-amd64-cygwin\jdk8u60\4407\hotspot\srã»8©?
Event: 0.049 Thread 0x000000000213e800 Exception <a 'java/lang/NoSuchMethodError': Method sun.misc.Unsafe.prefetchRead(Ljava/lang/Object;J)V name or signature does not match> (0x00000000eab0e850) thrown at [C:\re\workspace\8-2-build-windows-amd64-cygwin\jdk8u60\4407\hotspot\src\share\vm\prims\j

Events (10 events):
Event: 0.376 loading class com/android/dx/rop/cst/Constant
Event: 0.376 loading class com/android/dx/rop/cst/Constant done
Event: 0.376 loading class com/android/dx/util/ToHuman
Event: 0.376 loading class com/android/dx/util/ToHuman done
Event: 0.376 loading class com/android/dx/rop/cst/CstType
Event: 0.376 loading class com/android/dx/rop/cst/CstType done
Event: 0.377 loading class com/android/dx/rop/cst/TypedConstant
Event: 0.377 loading class com/android/dx/rop/cst/TypedConstant done
Event: 0.377 loading class com/android/dx/rop/type/TypeBearer
Event: 0.377 loading class com/android/dx/rop/type/TypeBearer done


Dynamic libraries:
0x00007ff6653b0000 - 0x00007ff6653e7000 	C:\Program Files\Java\jdk1.8.0_60\bin\java.exe
0x00007ff8699b0000 - 0x00007ff869b71000 	C:\WINDOWS\SYSTEM32\ntdll.dll
0x00007ff869900000 - 0x00007ff8699ad000 	C:\WINDOWS\system32\KERNEL32.DLL
0x00007ff866ba0000 - 0x00007ff866d88000 	C:\WINDOWS\system32\KERNELBASE.dll
0x00007ff8672c0000 - 0x00007ff867367000 	C:\WINDOWS\system32\ADVAPI32.dll
0x00007ff868a50000 - 0x00007ff868aed000 	C:\WINDOWS\system32\msvcrt.dll
0x00007ff8698a0000 - 0x00007ff8698fb000 	C:\WINDOWS\system32\sechost.dll
0x00007ff867160000 - 0x00007ff86727c000 	C:\WINDOWS\system32\RPCRT4.dll
0x00007ff868fe0000 - 0x00007ff869136000 	C:\WINDOWS\system32\USER32.dll
0x00007ff868d60000 - 0x00007ff868ee6000 	C:\WINDOWS\system32\GDI32.dll
0x00007ff860260000 - 0x00007ff8604d4000 	C:\WINDOWS\WinSxS\amd64_microsoft.windows.common-controls_6595b64144ccf1df_6.0.10586.0_none_8c15ae12515e1c22\COMCTL32.dll
0x00007ff866ee0000 - 0x00007ff86715d000 	C:\WINDOWS\system32\combase.dll
0x00007ff866180000 - 0x00007ff8661ea000 	C:\WINDOWS\system32\bcryptPrimitives.dll
0x00007ff867280000 - 0x00007ff8672bb000 	C:\WINDOWS\system32\IMM32.DLL
0x00007ff865ea0000 - 0x00007ff865ed1000 	C:\Windows\system32\nvinitx.dll
0x00007ff865e90000 - 0x00007ff865e9a000 	C:\WINDOWS\SYSTEM32\VERSION.dll
0x0000000054bf0000 - 0x0000000054bf6000 	C:\Program Files\NVIDIA Corporation\CoProcManager\_etoured.dll
0x00007ff863520000 - 0x00007ff863553000 	C:\Program Files\NVIDIA Corporation\CoProcManager\nvd3d9wrapx.dll
0x00007ff8693a0000 - 0x00007ff8697c9000 	C:\WINDOWS\system32\SETUPAPI.dll
0x00007ff866920000 - 0x00007ff866963000 	C:\WINDOWS\system32\CFGMGR32.dll
0x00007ff863260000 - 0x00007ff863282000 	C:\Program Files\NVIDIA Corporation\CoProcManager\nvdxgiwrapx.dll
0x00000000515d0000 - 0x00000000516a2000 	C:\Program Files\Java\jdk1.8.0_60\jre\bin\msvcr100.dll
0x0000000050d40000 - 0x00000000515c9000 	C:\Program Files\Java\jdk1.8.0_60\jre\bin\server\jvm.dll
0x00007ff869160000 - 0x00007ff869168000 	C:\WINDOWS\system32\PSAPI.DLL
0x00007ff858430000 - 0x00007ff858439000 	C:\WINDOWS\SYSTEM32\WSOCK32.dll
0x00007ff8697d0000 - 0x00007ff86983b000 	C:\WINDOWS\system32\WS2_32.dll
0x00007ff863d30000 - 0x00007ff863d53000 	C:\WINDOWS\SYSTEM32\WINMM.dll
0x00007ff863d00000 - 0x00007ff863d2c000 	C:\WINDOWS\SYSTEM32\WINMMBASE.dll
0x0000000050d30000 - 0x0000000050d3f000 	C:\Program Files\Java\jdk1.8.0_60\jre\bin\verify.dll
0x0000000050d00000 - 0x0000000050d29000 	C:\Program Files\Java\jdk1.8.0_60\jre\bin\java.dll
0x0000000050ce0000 - 0x0000000050cf6000 	C:\Program Files\Java\jdk1.8.0_60\jre\bin\zip.dll
0x00007ff8674f0000 - 0x00007ff868a4c000 	C:\WINDOWS\system32\SHELL32.dll
0x00007ff8662d0000 - 0x00007ff866914000 	C:\WINDOWS\system32\windows.storage.dll
0x00007ff869320000 - 0x00007ff869372000 	C:\WINDOWS\system32\shlwapi.dll
0x00007ff866030000 - 0x00007ff86603f000 	C:\WINDOWS\system32\kernel.appcore.dll
0x00007ff8661f0000 - 0x00007ff8662a5000 	C:\WINDOWS\system32\shcore.dll
0x00007ff865fd0000 - 0x00007ff86601b000 	C:\WINDOWS\system32\powrprof.dll
0x00007ff865fb0000 - 0x00007ff865fc4000 	C:\WINDOWS\system32\profapi.dll

VM Arguments:
jvm_args: -Djava.awt.headless=true -Xmx1024M -Dfile.encoding=windows-1252 -Duser.country=ES -Duser.language=es -Duser.variant 
java_command: com.android.dx.command.Main --dex --force-jumbo --num-threads=4 --multi-dex --output C:\Users\USER\Desktop\Proyectos\cashPokerProgresive3\app\build\intermediates\transforms\dex\debug\folders\1000\10\com.android.support-animated-vector-drawable-23.3.0_af7a56e423abebe4a5263df9d69e0f21487b7508 C:\Users\USER\Desktop\Proyectos\cashPokerProgresive3\app\build\intermediates\exploded-aar\com.android.support\animated-vector-drawable\23.3.0\jars\classes.jar
java_class_path (initial): C:\Users\USER\AppData\Local\Android\sdk\build-tools\23.0.3\lib\dx.jar
Launcher Type: SUN_STANDARD

Environment Variables:
CLASSPATH=.;C:\Program Files (x86)\QuickTime\QTSystem\QTJava.zip
USERNAME=USER
OS=Windows_NT
PROCESSOR_IDENTIFIER=Intel64 Family 6 Model 58 Stepping 9, GenuineIntel



---------------  S Y S T E M  ---------------

OS: Windows 10.0 , 64 bit Build 10586 (10.0.10586.0)

CPU:total 4 (2 cores per cpu, 2 threads per core) family 6 model 58 stepping 9, cmov, cx8, fxsr, mmx, sse, sse2, sse3, ssse3, sse4.1, sse4.2, popcnt, avx, aes, clmul, erms, ht, tsc, tscinvbit, tscinv

Memory: 4k page, physical 6167652k(676560k free), swap 9308260k(916k free)

vm_info: Java HotSpot(TM) 64-Bit Server VM (25.60-b23) for windows-amd64 JRE (1.8.0_60-b27), built on Aug  4 2015 11:06:27 by "java_re" with MS VC++ 10.0 (VS2010)

time: Tue Aug 30 16:11:59 2016
elapsed time: 0 seconds (0d 0h 0m 0s)

