#
# There is insufficient memory for the Java Runtime Environment to continue.
# Native memory allocation (malloc) failed to allocate 453392 bytes for Chunk::new
# Possible reasons:
#   The system is out of physical RAM or swap space
#   In 32 bit mode, the process size limit was hit
# Possible solutions:
#   Reduce memory load on the system
#   Increase physical memory or swap space
#   Check if swap backing store is full
#   Use 64 bit Java on a 64 bit OS
#   Decrease Java heap size (-Xmx/-Xms)
#   Decrease number of Java threads
#   Decrease Java thread stack sizes (-Xss)
#   Set larger code cache with -XX:ReservedCodeCacheSize=
# This output file may be truncated or incomplete.
#
#  Out of Memory Error (allocation.cpp:390), pid=7228, tid=7976
#
# JRE version: Java(TM) SE Runtime Environment (8.0_60-b27) (build 1.8.0_60-b27)
# Java VM: Java HotSpot(TM) 64-Bit Server VM (25.60-b23 mixed mode windows-amd64 compressed oops)
# Failed to write core dump. Minidumps are not enabled by default on client versions of Windows
#

---------------  T H R E A D  ---------------

Current thread (0x0000000014b51000):  JavaThread "C2 CompilerThread0" daemon [_thread_in_native, id=7976, stack(0x00000000161a0000,0x00000000162a0000)]

Stack: [0x00000000161a0000,0x00000000162a0000]
[error occurred during error reporting (printing stack bounds), id 0xc0000005]

Native frames: (J=compiled Java code, j=interpreted, Vv=VM code, C=native code)


Current CompileTask:
C2:   7176 1757       4       com.android.dx.rop.code.LocalVariableExtractor::processBlock (327 bytes)


---------------  P R O C E S S  ---------------

Java Threads: ( => current thread )
  0x0000000016721800 JavaThread "pool-2-thread-4" [_thread_blocked, id=9100, stack(0x0000000016ea0000,0x0000000016fa0000)]
  0x0000000016720800 JavaThread "pool-2-thread-3" [_thread_blocked, id=7008, stack(0x0000000016da0000,0x0000000016ea0000)]
  0x000000001671e000 JavaThread "pool-2-thread-2" [_thread_blocked, id=4352, stack(0x0000000016ca0000,0x0000000016da0000)]
  0x0000000016719800 JavaThread "pool-3-thread-1" [_thread_blocked, id=9000, stack(0x0000000016ba0000,0x0000000016ca0000)]
  0x0000000016718800 JavaThread "pool-2-thread-1" [_thread_blocked, id=8600, stack(0x0000000016aa0000,0x0000000016ba0000)]
  0x00000000164cb000 JavaThread "Service Thread" daemon [_thread_blocked, id=4764, stack(0x00000000168a0000,0x00000000169a0000)]
  0x0000000014b59000 JavaThread "C1 CompilerThread2" daemon [_thread_blocked, id=8456, stack(0x00000000163a0000,0x00000000164a0000)]
  0x0000000014b54000 JavaThread "C2 CompilerThread1" daemon [_thread_in_native, id=7496, stack(0x00000000162a0000,0x00000000163a0000)]
=>0x0000000014b51000 JavaThread "C2 CompilerThread0" daemon [_thread_in_native, id=7976, stack(0x00000000161a0000,0x00000000162a0000)]
  0x0000000014b4f800 JavaThread "Attach Listener" daemon [_thread_blocked, id=8952, stack(0x00000000160a0000,0x00000000161a0000)]
  0x0000000014b4e000 JavaThread "Signal Dispatcher" daemon [_thread_blocked, id=3440, stack(0x0000000015fa0000,0x00000000160a0000)]
  0x0000000002473800 JavaThread "Finalizer" daemon [_thread_blocked, id=9036, stack(0x0000000015da0000,0x0000000015ea0000)]
  0x0000000002470000 JavaThread "Reference Handler" daemon [_thread_blocked, id=7280, stack(0x0000000015ca0000,0x0000000015da0000)]
  0x0000000000a2e800 JavaThread "main" [_thread_blocked, id=4984, stack(0x00000000021c0000,0x00000000022c0000)]

Other Threads:
  0x0000000014b17800 VMThread [stack: 0x0000000015ba0000,0x0000000015ca0000] [id=8988]
  0x00000000164ce000 WatcherThread [stack: 0x00000000169a0000,0x0000000016aa0000] [id=7172]

VM state:not at safepoint (normal execution)

VM Mutex/Monitor currently owned by a thread: None

Heap:
 PSYoungGen      total 53248K, used 8527K [0x00000000eab00000, 0x00000000ee300000, 0x0000000100000000)
  eden space 49152K, 9% used [0x00000000eab00000,0x00000000eaf56c88,0x00000000edb00000)
  from space 4096K, 99% used [0x00000000edb00000,0x00000000edefd340,0x00000000edf00000)
  to   space 4096K, 0% used [0x00000000edf00000,0x00000000edf00000,0x00000000ee300000)
 ParOldGen       total 65536K, used 10953K [0x00000000c0000000, 0x00000000c4000000, 0x00000000eab00000)
  object space 65536K, 16% used [0x00000000c0000000,0x00000000c0ab2738,0x00000000c4000000)
 Metaspace       used 6250K, capacity 7152K, committed 7296K, reserved 1056768K
  class space    used 602K, capacity 616K, committed 640K, reserved 1048576K

Card table byte_map: [0x0000000011840000,0x0000000011a50000] byte_map_base: 0x0000000011240000

Marking Bits: (ParMarkBitMap*) 0x0000000067e7a5b0
 Begin Bits: [0x0000000011fb0000, 0x0000000012fb0000)
 End Bits:   [0x0000000012fb0000, 0x0000000013fb0000)

Polling page: 0x00000000001f0000

CodeCache: size=245760Kb used=7885Kb max_used=7896Kb free=237874Kb
 bounds [0x0000000002480000, 0x0000000002c40000, 0x0000000011480000]
 total_blobs=2006 nmethods=1737 adapters=182
 compilation: enabled

Compilation events (10 events):
Event: 7.062 Thread 0x0000000014b51000 nmethod 1752 0x0000000002c1d010 code [0x0000000002c1d160, 0x0000000002c1d3d8]
Event: 7.062 Thread 0x0000000014b51000 1753       4       java.util.TreeMap$PrivateEntryIterator::hasNext (13 bytes)
Event: 7.062 Thread 0x0000000014b51000 nmethod 1753 0x0000000002a5aa90 code [0x0000000002a5abc0, 0x0000000002a5ac38]
Event: 7.065 Thread 0x0000000014b51000 1754       4       com.android.dx.cf.code.ExecutionStack::copy (59 bytes)
Event: 7.070 Thread 0x0000000014b51000 nmethod 1754 0x0000000002c09790 code [0x0000000002c09900, 0x0000000002c09d78]
Event: 7.071 Thread 0x0000000014b51000 1755       4       com.android.dx.cf.code.Frame::<init> (52 bytes)
Event: 7.072 Thread 0x0000000014b51000 nmethod 1755 0x0000000002c0bdd0 code [0x0000000002c0bf20, 0x0000000002c0c018]
Event: 7.074 Thread 0x0000000014b51000 1756       4       com.android.dx.cf.code.BasicBlocker::visitLocal (34 bytes)
Event: 7.076 Thread 0x0000000014b51000 nmethod 1756 0x0000000002c0ab50 code [0x0000000002c0aca0, 0x0000000002c0ae18]
Event: 7.076 Thread 0x0000000014b51000 1757       4       com.android.dx.rop.code.LocalVariableExtractor::processBlock (327 bytes)

GC Heap History (6 events):
Event: 2.648 GC heap before
{Heap before GC invocations=1 (full 0):
 PSYoungGen      total 28672K, used 24576K [0x00000000eab00000, 0x00000000ecb00000, 0x0000000100000000)
  eden space 24576K, 100% used [0x00000000eab00000,0x00000000ec300000,0x00000000ec300000)
  from space 4096K, 0% used [0x00000000ec700000,0x00000000ec700000,0x00000000ecb00000)
  to   space 4096K, 0% used [0x00000000ec300000,0x00000000ec300000,0x00000000ec700000)
 ParOldGen       total 65536K, used 0K [0x00000000c0000000, 0x00000000c4000000, 0x00000000eab00000)
  object space 65536K, 0% used [0x00000000c0000000,0x00000000c0000000,0x00000000c4000000)
 Metaspace       used 5871K, capacity 6832K, committed 7040K, reserved 1056768K
  class space    used 600K, capacity 616K, committed 640K, reserved 1048576K
Event: 2.965 GC heap after
Heap after GC invocations=1 (full 0):
 PSYoungGen      total 28672K, used 4071K [0x00000000eab00000, 0x00000000ee300000, 0x0000000100000000)
  eden space 24576K, 0% used [0x00000000eab00000,0x00000000eab00000,0x00000000ec300000)
  from space 4096K, 99% used [0x00000000ec300000,0x00000000ec6f9f80,0x00000000ec700000)
  to   space 4096K, 0% used [0x00000000edf00000,0x00000000edf00000,0x00000000ee300000)
 ParOldGen       total 65536K, used 697K [0x00000000c0000000, 0x00000000c4000000, 0x00000000eab00000)
  object space 65536K, 1% used [0x00000000c0000000,0x00000000c00ae4a0,0x00000000c4000000)
 Metaspace       used 5871K, capacity 6832K, committed 7040K, reserved 1056768K
  class space    used 600K, capacity 616K, committed 640K, reserved 1048576K
}
Event: 4.941 GC heap before
{Heap before GC invocations=2 (full 0):
 PSYoungGen      total 28672K, used 28647K [0x00000000eab00000, 0x00000000ee300000, 0x0000000100000000)
  eden space 24576K, 100% used [0x00000000eab00000,0x00000000ec300000,0x00000000ec300000)
  from space 4096K, 99% used [0x00000000ec300000,0x00000000ec6f9f80,0x00000000ec700000)
  to   space 4096K, 0% used [0x00000000edf00000,0x00000000edf00000,0x00000000ee300000)
 ParOldGen       total 65536K, used 697K [0x00000000c0000000, 0x00000000c4000000, 0x00000000eab00000)
  object space 65536K, 1% used [0x00000000c0000000,0x00000000c00ae4a0,0x00000000c4000000)
 Metaspace       used 6107K, capacity 7024K, committed 7296K, reserved 1056768K
  class space    used 601K, capacity 616K, committed 640K, reserved 1048576K
Event: 5.053 GC heap after
Heap after GC invocations=2 (full 0):
 PSYoungGen      total 53248K, used 4070K [0x00000000eab00000, 0x00000000ee300000, 0x0000000100000000)
  eden space 49152K, 0% used [0x00000000eab00000,0x00000000eab00000,0x00000000edb00000)
  from space 4096K, 99% used [0x00000000edf00000,0x00000000ee2f9ac8,0x00000000ee300000)
  to   space 4096K, 0% used [0x00000000edb00000,0x00000000edb00000,0x00000000edf00000)
 ParOldGen       total 65536K, used 3214K [0x00000000c0000000, 0x00000000c4000000, 0x00000000eab00000)
  object space 65536K, 4% used [0x00000000c0000000,0x00000000c0323ad8,0x00000000c4000000)
 Metaspace       used 6107K, capacity 7024K, committed 7296K, reserved 1056768K
  class space    used 601K, capacity 616K, committed 640K, reserved 1048576K
}
Event: 6.455 GC heap before
{Heap before GC invocations=3 (full 0):
 PSYoungGen      total 53248K, used 53222K [0x00000000eab00000, 0x00000000ee300000, 0x0000000100000000)
  eden space 49152K, 100% used [0x00000000eab00000,0x00000000edb00000,0x00000000edb00000)
  from space 4096K, 99% used [0x00000000edf00000,0x00000000ee2f9ac8,0x00000000ee300000)
  to   space 4096K, 0% used [0x00000000edb00000,0x00000000edb00000,0x00000000edf00000)
 ParOldGen       total 65536K, used 3214K [0x00000000c0000000, 0x00000000c4000000, 0x00000000eab00000)
  object space 65536K, 4% used [0x00000000c0000000,0x00000000c0323ad8,0x00000000c4000000)
 Metaspace       used 6247K, capacity 7152K, committed 7296K, reserved 1056768K
  class space    used 602K, capacity 616K, committed 640K, reserved 1048576K
Event: 6.503 GC heap after
Heap after GC invocations=3 (full 0):
 PSYoungGen      total 53248K, used 4084K [0x00000000eab00000, 0x00000000ee300000, 0x0000000100000000)
  eden space 49152K, 0% used [0x00000000eab00000,0x00000000eab00000,0x00000000edb00000)
  from space 4096K, 99% used [0x00000000edb00000,0x00000000edefd340,0x00000000edf00000)
  to   space 4096K, 0% used [0x00000000edf00000,0x00000000edf00000,0x00000000ee300000)
 ParOldGen       total 65536K, used 10953K [0x00000000c0000000, 0x00000000c4000000, 0x00000000eab00000)
  object space 65536K, 16% used [0x00000000c0000000,0x00000000c0ab2738,0x00000000c4000000)
 Metaspace       used 6247K, capacity 7152K, committed 7296K, reserved 1056768K
  class space    used 602K, capacity 616K, committed 640K, reserved 1048576K
}

Deoptimization events (10 events):
Event: 6.216 Thread 0x0000000016720800 Uncommon trap: reason=bimorphic action=maybe_recompile pc=0x00000000026c7268 method=java.util.HashMap.getNode(ILjava/lang/Object;)Ljava/util/HashMap$Node; @ 126
Event: 6.345 Thread 0x0000000016718800 Uncommon trap: reason=unstable_if action=reinterpret pc=0x0000000002970708 method=com.android.dx.ssa.SCCP.simulateStmt(Lcom/android/dx/ssa/SsaInsn;)V @ 53
Event: 6.347 Thread 0x0000000016718800 Uncommon trap: reason=bimorphic action=maybe_recompile pc=0x0000000002bc37dc method=com.android.dx.ssa.SCCP.simulatePhi(Lcom/android/dx/ssa/PhiInsn;)V @ 124
Event: 6.347 Thread 0x0000000016718800 Uncommon trap: reason=bimorphic action=maybe_recompile pc=0x0000000002bc37dc method=com.android.dx.ssa.SCCP.simulatePhi(Lcom/android/dx/ssa/PhiInsn;)V @ 124
Event: 6.357 Thread 0x0000000016718800 Uncommon trap: reason=bimorphic action=maybe_recompile pc=0x0000000002bc37dc method=com.android.dx.ssa.SCCP.simulatePhi(Lcom/android/dx/ssa/PhiInsn;)V @ 124
Event: 6.357 Thread 0x0000000016718800 Uncommon trap: reason=bimorphic action=maybe_recompile pc=0x0000000002bc37dc method=com.android.dx.ssa.SCCP.simulatePhi(Lcom/android/dx/ssa/PhiInsn;)V @ 124
Event: 6.387 Thread 0x0000000000a2e800 Uncommon trap: reason=unstable_if action=reinterpret pc=0x0000000002877c3c method=com.android.dx.util.IntList.binarysearch(I)I @ 105
Event: 6.412 Thread 0x0000000000a2e800 Uncommon trap: reason=unstable_if action=reinterpret pc=0x0000000002a6f954 method=com.android.dx.ssa.SsaBasicBlock.newFromRop(Lcom/android/dx/rop/code/RopMethod;ILcom/android/dx/ssa/SsaMethod;)Lcom/android/dx/ssa/SsaBasicBlock; @ 164
Event: 6.414 Thread 0x0000000000a2e800 Uncommon trap: reason=unstable_if action=reinterpret pc=0x0000000002a9f61c method=com.android.dx.ssa.SsaMethod.blockIndexToRopLabel(I)I @ 1
Event: 6.708 Thread 0x0000000016720800 Uncommon trap: reason=unstable_if action=reinterpret pc=0x0000000002b5d6b4 method=com.android.dx.rop.code.LocalVariableInfo.mergeStarts(ILcom/android/dx/rop/code/RegisterSpecSet;)Z @ 31

Internal exceptions (2 events):
Event: 0.088 Thread 0x0000000000a2e800 Exception <a 'java/lang/NoSuchMethodError': Method sun.misc.Unsafe.defineClass(Ljava/lang/String;[BII)Ljava/lang/Class; name or signature does not match> (0x00000000eab0e538) thrown at [C:\re\workspace\8-2-build-windows-amd64-cygwin\jdk8u60\4407\hotspot\srìÚSi,Å∂?
Event: 0.088 Thread 0x0000000000a2e800 Exception <a 'java/lang/NoSuchMethodError': Method sun.misc.Unsafe.prefetchRead(Ljava/lang/Object;J)V name or signature does not match> (0x00000000eab0e820) thrown at [C:\re\workspace\8-2-build-windows-amd64-cygwin\jdk8u60\4407\hotspot\src\share\vm\prims\j

Events (10 events):
Event: 6.412 Thread 0x0000000000a2e800 DEOPT PACKING pc=0x0000000002a6f954 sp=0x00000000022be540
Event: 6.412 Thread 0x0000000000a2e800 DEOPT UNPACKING pc=0x00000000024c582a sp=0x00000000022be538 mode 2
Event: 6.414 Thread 0x0000000000a2e800 Uncommon trap: trap_request=0xffffff65 fr.pc=0x0000000002a9f61c
Event: 6.414 Thread 0x0000000000a2e800 DEOPT PACKING pc=0x0000000002a9f61c sp=0x00000000022be530
Event: 6.414 Thread 0x0000000000a2e800 DEOPT UNPACKING pc=0x00000000024c582a sp=0x00000000022be458 mode 2
Event: 6.452 Executing VM operation: ParallelGCFailedAllocation
Event: 6.503 Executing VM operation: ParallelGCFailedAllocation done
Event: 6.708 Thread 0x0000000016720800 Uncommon trap: trap_request=0xffffff65 fr.pc=0x0000000002b5d6b4
Event: 6.708 Thread 0x0000000016720800 DEOPT PACKING pc=0x0000000002b5d6b4 sp=0x0000000016e9e880
Event: 6.708 Thread 0x0000000016720800 DEOPT UNPACKING pc=0x00000000024c582a sp=0x0000000016e9e868 mode 2


Dynamic libraries:
0x00007ff7f5c30000 - 0x00007ff7f5c67000 	C:\Program Files\Java\jdk1.8.0_60\bin\java.exe
0x00007ffc1c420000 - 0x00007ffc1c5e1000 	C:\WINDOWS\SYSTEM32\ntdll.dll
0x00007ffc1b9b0000 - 0x00007ffc1ba5d000 	C:\WINDOWS\system32\KERNEL32.DLL
0x00007ffc18f00000 - 0x00007ffc190e8000 	C:\WINDOWS\system32\KERNELBASE.dll
0x00007ffc1b5d0000 - 0x00007ffc1b677000 	C:\WINDOWS\system32\ADVAPI32.dll
0x00007ffc19a80000 - 0x00007ffc19b1d000 	C:\WINDOWS\system32\msvcrt.dll
0x00007ffc19b20000 - 0x00007ffc19b7b000 	C:\WINDOWS\system32\sechost.dll
0x00007ffc1b430000 - 0x00007ffc1b54c000 	C:\WINDOWS\system32\RPCRT4.dll
0x00007ffc1c210000 - 0x00007ffc1c366000 	C:\WINDOWS\system32\USER32.dll
0x00007ffc1b680000 - 0x00007ffc1b806000 	C:\WINDOWS\system32\GDI32.dll
0x00007ffc10260000 - 0x00007ffc104d4000 	C:\WINDOWS\WinSxS\amd64_microsoft.windows.common-controls_6595b64144ccf1df_6.0.10586.0_none_8c15ae12515e1c22\COMCTL32.dll
0x00007ffc1bae0000 - 0x00007ffc1bd5d000 	C:\WINDOWS\system32\combase.dll
0x00007ffc19140000 - 0x00007ffc191aa000 	C:\WINDOWS\system32\bcryptPrimitives.dll
0x00007ffc1b970000 - 0x00007ffc1b9ab000 	C:\WINDOWS\system32\IMM32.DLL
0x00007ffc18910000 - 0x00007ffc18941000 	C:\Windows\system32\nvinitx.dll
0x00007ffc18900000 - 0x00007ffc1890a000 	C:\WINDOWS\SYSTEM32\VERSION.dll
0x000000006b3b0000 - 0x000000006b3b6000 	C:\Program Files\NVIDIA Corporation\CoProcManager\_etoured.dll
0x00007ffc16970000 - 0x00007ffc169a3000 	C:\Program Files\NVIDIA Corporation\CoProcManager\nvd3d9wrapx.dll
0x00007ffc1bdc0000 - 0x00007ffc1c1e9000 	C:\WINDOWS\system32\SETUPAPI.dll
0x00007ffc190f0000 - 0x00007ffc19133000 	C:\WINDOWS\system32\CFGMGR32.dll
0x00007ffc16840000 - 0x00007ffc16862000 	C:\Program Files\NVIDIA Corporation\CoProcManager\nvdxgiwrapx.dll
0x0000000067f00000 - 0x0000000067fd2000 	C:\Program Files\Java\jdk1.8.0_60\jre\bin\msvcr100.dll
0x0000000067670000 - 0x0000000067ef9000 	C:\Program Files\Java\jdk1.8.0_60\jre\bin\server\jvm.dll
0x00007ffc19b90000 - 0x00007ffc19b98000 	C:\WINDOWS\system32\PSAPI.DLL
0x00007ffc0d3a0000 - 0x00007ffc0d3a9000 	C:\WINDOWS\SYSTEM32\WSOCK32.dll
0x00007ffc16ed0000 - 0x00007ffc16ef3000 	C:\WINDOWS\SYSTEM32\WINMM.dll
0x00007ffc1ba70000 - 0x00007ffc1badb000 	C:\WINDOWS\system32\WS2_32.dll
0x00007ffc16e70000 - 0x00007ffc16e9c000 	C:\WINDOWS\SYSTEM32\WINMMBASE.dll
0x0000000067660000 - 0x000000006766f000 	C:\Program Files\Java\jdk1.8.0_60\jre\bin\verify.dll
0x0000000067630000 - 0x0000000067659000 	C:\Program Files\Java\jdk1.8.0_60\jre\bin\java.dll
0x0000000067610000 - 0x0000000067626000 	C:\Program Files\Java\jdk1.8.0_60\jre\bin\zip.dll
0x00007ffc19e60000 - 0x00007ffc1b3bc000 	C:\WINDOWS\system32\SHELL32.dll
0x00007ffc191b0000 - 0x00007ffc197f4000 	C:\WINDOWS\system32\windows.storage.dll
0x00007ffc19800000 - 0x00007ffc19852000 	C:\WINDOWS\system32\shlwapi.dll
0x00007ffc18a30000 - 0x00007ffc18a3f000 	C:\WINDOWS\system32\kernel.appcore.dll
0x00007ffc18d90000 - 0x00007ffc18e45000 	C:\WINDOWS\system32\shcore.dll
0x00007ffc18a40000 - 0x00007ffc18a8b000 	C:\WINDOWS\system32\powrprof.dll
0x00007ffc18a90000 - 0x00007ffc18aa4000 	C:\WINDOWS\system32\profapi.dll

VM Arguments:
jvm_args: -Djava.awt.headless=true -Xmx1024M -Dfile.encoding=windows-1252 -Duser.country=ES -Duser.language=es -Duser.variant 
java_command: com.android.dx.command.Main --dex --force-jumbo --num-threads=4 --multi-dex --output C:\Users\USER\Desktop\Proyectos\cashPokerProgresive3\app\build\intermediates\transforms\dex\debug\folders\1000\10\com.android.support-appcompat-v7-23.3.0_1b10ca2b1f613f1179a1cb7f362d709a5b3a5277 C:\Users\USER\Desktop\Proyectos\cashPokerProgresive3\app\build\intermediates\exploded-aar\com.android.support\appcompat-v7\23.3.0\jars\classes.jar
java_class_path (initial): C:\Users\USER\AppData\Local\Android\sdk\build-tools\23.0.3\lib\dx.jar
Launcher Type: SUN_STANDARD

Environment Variables:
CLASSPATH=.;C:\Program Files (x86)\QuickTime\QTSystem\QTJava.zip
USERNAME=USER
OS=Windows_NT
PROCESSOR_IDENTIFIER=Intel64 Family 6 Model 58 Stepping 9, GenuineIntel



---------------  S Y S T E M  ---------------

OS: Windows 10.0 , 64 bit Build 10586 (10.0.10586.0)

CPU:total 4 (2 cores per cpu, 2 threads per core) family 6 model 58 stepping 9, cmov, cx8, fxsr, mmx, sse, sse2, sse3, ssse3, sse4.1, sse4.2, popcnt, avx, aes, clmul, erms, ht, tsc, tscinvbit, tscinv

Memory: 4k page, physical 6167652k(572572k free), swap 9308260k(5556k free)

vm_info: Java HotSpot(TM) 64-Bit Server VM (25.60-b23) for windows-amd64 JRE (1.8.0_60-b27), built on Aug  4 2015 11:06:27 by "java_re" with MS VC++ 10.0 (VS2010)

time: Thu May 26 18:03:30 2016
elapsed time: 7 seconds (0d 0h 0m 7s)

