#
# There is insufficient memory for the Java Runtime Environment to continue.
# Native memory allocation (malloc) failed to allocate 65552 bytes for Chunk::new
# Possible reasons:
#   The system is out of physical RAM or swap space
#   In 32 bit mode, the process size limit was hit
# Possible solutions:
#   Reduce memory load on the system
#   Increase physical memory or swap space
#   Check if swap backing store is full
#   Use 64 bit Java on a 64 bit OS
#   Decrease Java heap size (-Xmx/-Xms)
#   Decrease number of Java threads
#   Decrease Java thread stack sizes (-Xss)
#   Set larger code cache with -XX:ReservedCodeCacheSize=
# This output file may be truncated or incomplete.
#
#  Out of Memory Error (allocation.cpp:390), pid=7380, tid=2152
#
# JRE version: Java(TM) SE Runtime Environment (8.0_60-b27) (build 1.8.0_60-b27)
# Java VM: Java HotSpot(TM) 64-Bit Server VM (25.60-b23 mixed mode windows-amd64 compressed oops)
# Failed to write core dump. Minidumps are not enabled by default on client versions of Windows
#

---------------  T H R E A D  ---------------

Current thread (0x00000000149a2000):  JavaThread "C2 CompilerThread1" daemon [_thread_in_native, id=2152, stack(0x00000000161d0000,0x00000000162d0000)]

Stack: [0x00000000161d0000,0x00000000162d0000]
[error occurred during error reporting (printing stack bounds), id 0xc0000005]

Native frames: (J=compiled Java code, j=interpreted, Vv=VM code, C=native code)


Current CompileTask:
C2:   3876 1359       4       com.android.dx.ssa.LiteralOpUpgrader$1::visitNonMoveInsn (203 bytes)


---------------  P R O C E S S  ---------------

Java Threads: ( => current thread )
  0x0000000016613000 JavaThread "pool-2-thread-4" [_thread_in_vm, id=10348, stack(0x0000000016dd0000,0x0000000016ed0000)]
  0x0000000016552000 JavaThread "pool-2-thread-3" [_thread_in_Java, id=10636, stack(0x0000000016cd0000,0x0000000016dd0000)]
  0x0000000016503800 JavaThread "pool-2-thread-2" [_thread_in_Java, id=4212, stack(0x0000000016bd0000,0x0000000016cd0000)]
  0x0000000016500800 JavaThread "pool-3-thread-1" [_thread_blocked, id=11184, stack(0x0000000016ad0000,0x0000000016bd0000)]
  0x00000000164fb800 JavaThread "pool-2-thread-1" [_thread_in_Java, id=10032, stack(0x00000000169d0000,0x0000000016ad0000)]
  0x00000000163d1000 JavaThread "Service Thread" daemon [_thread_blocked, id=8172, stack(0x00000000167d0000,0x00000000168d0000)]
  0x00000000149fd000 JavaThread "C1 CompilerThread2" daemon [_thread_blocked, id=4360, stack(0x00000000162d0000,0x00000000163d0000)]
=>0x00000000149a2000 JavaThread "C2 CompilerThread1" daemon [_thread_in_native, id=2152, stack(0x00000000161d0000,0x00000000162d0000)]
  0x00000000149a0000 JavaThread "C2 CompilerThread0" daemon [_thread_in_native, id=9164, stack(0x00000000160d0000,0x00000000161d0000)]
  0x000000001499e000 JavaThread "Attach Listener" daemon [_thread_blocked, id=7856, stack(0x0000000015fd0000,0x00000000160d0000)]
  0x000000001499d000 JavaThread "Signal Dispatcher" daemon [_thread_blocked, id=2232, stack(0x0000000015ed0000,0x0000000015fd0000)]
  0x00000000022c2800 JavaThread "Finalizer" daemon [_thread_blocked, id=4772, stack(0x0000000015c10000,0x0000000015d10000)]
  0x00000000022bf800 JavaThread "Reference Handler" daemon [_thread_blocked, id=1292, stack(0x0000000015b10000,0x0000000015c10000)]
  0x00000000021d2800 JavaThread "main" [_thread_in_vm, id=6148, stack(0x0000000002050000,0x0000000002150000)]

Other Threads:
  0x0000000014968000 VMThread [stack: 0x0000000015a10000,0x0000000015b10000] [id=6468]
  0x00000000163d5000 WatcherThread [stack: 0x00000000168d0000,0x00000000169d0000] [id=4716]

VM state:not at safepoint (normal execution)

VM Mutex/Monitor currently owned by a thread: None

Heap:
 PSYoungGen      total 28672K, used 27197K [0x00000000eab00000, 0x00000000ecb00000, 0x0000000100000000)
  eden space 24576K, 94% used [0x00000000eab00000,0x00000000ec194e58,0x00000000ec300000)
  from space 4096K, 99% used [0x00000000ec300000,0x00000000ec6fa738,0x00000000ec700000)
  to   space 4096K, 0% used [0x00000000ec700000,0x00000000ec700000,0x00000000ecb00000)
 ParOldGen       total 65536K, used 1022K [0x00000000c0000000, 0x00000000c4000000, 0x00000000eab00000)
  object space 65536K, 1% used [0x00000000c0000000,0x00000000c00ffb40,0x00000000c4000000)
 Metaspace       used 5853K, capacity 6960K, committed 7040K, reserved 1056768K
  class space    used 582K, capacity 616K, committed 640K, reserved 1048576K

Card table byte_map: [0x0000000011690000,0x00000000118a0000] byte_map_base: 0x0000000011090000

Marking Bits: (ParMarkBitMap*) 0x0000000065c2a5b0
 Begin Bits: [0x0000000011e00000, 0x0000000012e00000)
 End Bits:   [0x0000000012e00000, 0x0000000013e00000)

Polling page: 0x00000000001f0000

CodeCache: size=245760Kb used=5580Kb max_used=5589Kb free=240179Kb
 bounds [0x00000000022d0000, 0x0000000002850000, 0x00000000112d0000]
 total_blobs=1627 nmethods=1365 adapters=175
 compilation: enabled

Compilation events (10 events):
Event: 3.854 Thread 0x00000000149a2000 nmethod 1358 0x00000000028473d0 code [0x0000000002847520, 0x00000000028475f8]
Event: 3.854 Thread 0x00000000149a2000 1359       4       com.android.dx.ssa.LiteralOpUpgrader$1::visitNonMoveInsn (203 bytes)
Event: 3.864 Thread 0x00000000149fd000 1366       3       com.android.dx.cf.direct.MemberListParser::getCount (17 bytes)
Event: 3.865 Thread 0x00000000149fd000 nmethod 1366 0x00000000028384d0 code [0x0000000002838660, 0x0000000002838a68]
Event: 3.865 Thread 0x00000000149fd000 1367       3       com.android.dx.cf.direct.MemberListParser::parseIfNecessary (12 bytes)
Event: 3.865 Thread 0x00000000149fd000 nmethod 1367 0x0000000002838110 code [0x0000000002838280, 0x0000000002838448]
Event: 3.865 Thread 0x00000000149fd000 1368       1       com.android.dx.command.dexer.Main$Arguments::access$1900 (5 bytes)
Event: 3.865 Thread 0x00000000149fd000 nmethod 1368 0x0000000002832cd0 code [0x0000000002832e20, 0x0000000002832f10]
Event: 3.866 Thread 0x00000000149fd000 1369       3       com.android.dx.cf.direct.DirectClassFile::getThisClass (9 bytes)
Event: 3.866 Thread 0x00000000149fd000 nmethod 1369 0x0000000002837c90 code [0x0000000002837e00, 0x0000000002838048]

GC Heap History (2 events):
Event: 3.248 GC heap before
{Heap before GC invocations=1 (full 0):
 PSYoungGen      total 28672K, used 24576K [0x00000000eab00000, 0x00000000ecb00000, 0x0000000100000000)
  eden space 24576K, 100% used [0x00000000eab00000,0x00000000ec300000,0x00000000ec300000)
  from space 4096K, 0% used [0x00000000ec700000,0x00000000ec700000,0x00000000ecb00000)
  to   space 4096K, 0% used [0x00000000ec300000,0x00000000ec300000,0x00000000ec700000)
 ParOldGen       total 65536K, used 0K [0x00000000c0000000, 0x00000000c4000000, 0x00000000eab00000)
  object space 65536K, 0% used [0x00000000c0000000,0x00000000c0000000,0x00000000c4000000)
 Metaspace       used 5719K, capacity 6832K, committed 7040K, reserved 1056768K
  class space    used 582K, capacity 616K, committed 640K, reserved 1048576K
Event: 3.266 GC heap after
Heap after GC invocations=1 (full 0):
 PSYoungGen      total 28672K, used 4073K [0x00000000eab00000, 0x00000000ecb00000, 0x0000000100000000)
  eden space 24576K, 0% used [0x00000000eab00000,0x00000000eab00000,0x00000000ec300000)
  from space 4096K, 99% used [0x00000000ec300000,0x00000000ec6fa738,0x00000000ec700000)
  to   space 4096K, 0% used [0x00000000ec700000,0x00000000ec700000,0x00000000ecb00000)
 ParOldGen       total 65536K, used 1022K [0x00000000c0000000, 0x00000000c4000000, 0x00000000eab00000)
  object space 65536K, 1% used [0x00000000c0000000,0x00000000c00ffb40,0x00000000c4000000)
 Metaspace       used 5719K, capacity 6832K, committed 7040K, reserved 1056768K
  class space    used 582K, capacity 616K, committed 640K, reserved 1048576K
}

Deoptimization events (10 events):
Event: 3.184 Thread 0x0000000016503800 Uncommon trap: reason=unstable_if action=reinterpret pc=0x00000000025803b8 method=com.android.dx.rop.code.RegisterSpec.equals(ILcom/android/dx/rop/type/TypeBearer;Lcom/android/dx/rop/code/LocalItem;)Z @ 24
Event: 3.192 Thread 0x0000000016503800 Uncommon trap: reason=class_check action=maybe_recompile pc=0x000000000268e4a8 method=com.android.dx.ssa.NormalSsaInsn.accept(Lcom/android/dx/ssa/SsaInsn$Visitor;)V @ 9
Event: 3.193 Thread 0x0000000016503800 Uncommon trap: reason=class_check action=maybe_recompile pc=0x000000000268e4a8 method=com.android.dx.ssa.NormalSsaInsn.accept(Lcom/android/dx/ssa/SsaInsn$Visitor;)V @ 9
Event: 3.193 Thread 0x0000000016503800 Uncommon trap: reason=class_check action=maybe_recompile pc=0x000000000268e4a8 method=com.android.dx.ssa.NormalSsaInsn.accept(Lcom/android/dx/ssa/SsaInsn$Visitor;)V @ 9
Event: 3.193 Thread 0x0000000016503800 Uncommon trap: reason=class_check action=maybe_recompile pc=0x000000000268e4a8 method=com.android.dx.ssa.NormalSsaInsn.accept(Lcom/android/dx/ssa/SsaInsn$Visitor;)V @ 9
Event: 3.213 Thread 0x0000000016503800 Uncommon trap: reason=class_check action=maybe_recompile pc=0x00000000025e56f0 method=com.android.dx.rop.type.Type.equals(Ljava/lang/Object;)Z @ 8
Event: 3.221 Thread 0x0000000016503800 Uncommon trap: reason=unstable_if action=reinterpret pc=0x00000000026e1798 method=com.android.dx.util.LabeledList.set(ILcom/android/dx/util/LabeledItem;)V @ 16
Event: 3.486 Thread 0x00000000021d2800 Uncommon trap: reason=unstable_if action=reinterpret pc=0x0000000002788de0 method=com.android.dx.rop.code.RegisterSpec.equals(ILcom/android/dx/rop/type/TypeBearer;Lcom/android/dx/rop/code/LocalItem;)Z @ 42
Event: 3.488 Thread 0x00000000021d2800 Uncommon trap: reason=unstable_if action=reinterpret pc=0x00000000026aa908 method=com.android.dx.rop.code.RegisterSpec.equals(ILcom/android/dx/rop/type/TypeBearer;Lcom/android/dx/rop/code/LocalItem;)Z @ 16
Event: 3.681 Thread 0x0000000016503800 Uncommon trap: reason=unstable_if action=reinterpret pc=0x000000000272ea10 method=com.android.dx.ssa.SCCP.simulateStmt(Lcom/android/dx/ssa/SsaInsn;)V @ 469

Internal exceptions (3 events):
Event: 0.183 Thread 0x00000000021d2800 Exception <a 'java/lang/NoSuchMethodError': Method sun.misc.Unsafe.defineClass(Ljava/lang/String;[BII)Ljava/lang/Class; name or signature does not match> (0x00000000eab0e600) thrown at [C:\re\workspace\8-2-build-windows-amd64-cygwin\jdk8u60\4407\hotspot\srLQ£»BbÇ?
Event: 0.183 Thread 0x00000000021d2800 Exception <a 'java/lang/NoSuchMethodError': Method sun.misc.Unsafe.prefetchRead(Ljava/lang/Object;J)V name or signature does not match> (0x00000000eab0e8e8) thrown at [C:\re\workspace\8-2-build-windows-amd64-cygwin\jdk8u60\4407\hotspot\src\share\vm\prims\jaŸ¹Œå@
Event: 2.237 Thread 0x0000000016503800 Implicit null exception at 0x00000000025a17d8 to 0x00000000025a2ec9

Events (10 events):
Event: 3.488 Thread 0x00000000021d2800 Uncommon trap: trap_request=0xffffff65 fr.pc=0x00000000026aa908
Event: 3.488 Thread 0x00000000021d2800 DEOPT PACKING pc=0x00000000026aa908 sp=0x000000000214e160
Event: 3.488 Thread 0x00000000021d2800 DEOPT UNPACKING pc=0x000000000231582a sp=0x000000000214ddb0 mode 2
Event: 3.681 Thread 0x0000000016503800 Uncommon trap: trap_request=0xffffff65 fr.pc=0x000000000272ea10
Event: 3.681 Thread 0x0000000016503800 DEOPT PACKING pc=0x000000000272ea10 sp=0x0000000016cce9d0
Event: 3.681 Thread 0x0000000016503800 DEOPT UNPACKING pc=0x000000000231582a sp=0x0000000016cce9b0 mode 2
Event: 3.742 Thread 0x0000000016552000 DEOPT PACKING pc=0x000000000269bb11 sp=0x0000000016dcea40
Event: 3.742 Thread 0x0000000016552000 DEOPT UNPACKING pc=0x000000000231787f sp=0x0000000016dce810 mode 0
Event: 3.782 loading class com/android/dx/dex/file/FieldAnnotationStruct
Event: 3.783 loading class com/android/dx/dex/file/FieldAnnotationStruct done


Dynamic libraries:
0x00007ff737830000 - 0x00007ff737867000 	C:\Program Files\Java\jdk1.8.0_60\bin\java.exe
0x00007ffc30620000 - 0x00007ffc307e1000 	C:\WINDOWS\SYSTEM32\ntdll.dll
0x00007ffc30140000 - 0x00007ffc301ed000 	C:\WINDOWS\system32\KERNEL32.DLL
0x00007ffc2d0c0000 - 0x00007ffc2d2a8000 	C:\WINDOWS\system32\KERNELBASE.dll
0x00007ffc2df10000 - 0x00007ffc2dfb7000 	C:\WINDOWS\system32\ADVAPI32.dll
0x00007ffc2e3f0000 - 0x00007ffc2e48d000 	C:\WINDOWS\system32\msvcrt.dll
0x00007ffc2fb80000 - 0x00007ffc2fbdb000 	C:\WINDOWS\system32\sechost.dll
0x00007ffc2fbe0000 - 0x00007ffc2fcfc000 	C:\WINDOWS\system32\RPCRT4.dll
0x00007ffc2fa10000 - 0x00007ffc2fb66000 	C:\WINDOWS\system32\USER32.dll
0x00007ffc2ffb0000 - 0x00007ffc30136000 	C:\WINDOWS\system32\GDI32.dll
0x00007ffc278e0000 - 0x00007ffc27b54000 	C:\WINDOWS\WinSxS\amd64_microsoft.windows.common-controls_6595b64144ccf1df_6.0.10586.0_none_8c15ae12515e1c22\COMCTL32.dll
0x00007ffc30250000 - 0x00007ffc304cd000 	C:\WINDOWS\system32\combase.dll
0x00007ffc2cf10000 - 0x00007ffc2cf7a000 	C:\WINDOWS\system32\bcryptPrimitives.dll
0x00007ffc2feb0000 - 0x00007ffc2feeb000 	C:\WINDOWS\system32\IMM32.DLL
0x00007ffc2cb10000 - 0x00007ffc2cb41000 	C:\Windows\system32\nvinitx.dll
0x00007ffc2cb00000 - 0x00007ffc2cb0a000 	C:\WINDOWS\SYSTEM32\VERSION.dll
0x0000000068770000 - 0x0000000068776000 	C:\Program Files\NVIDIA Corporation\CoProcManager\_etoured.dll
0x00007ffc29bb0000 - 0x00007ffc29be3000 	C:\Program Files\NVIDIA Corporation\CoProcManager\nvd3d9wrapx.dll
0x00007ffc2dfc0000 - 0x00007ffc2e3e9000 	C:\WINDOWS\system32\SETUPAPI.dll
0x00007ffc2d9b0000 - 0x00007ffc2d9f3000 	C:\WINDOWS\system32\CFGMGR32.dll
0x00007ffc29a80000 - 0x00007ffc29aa2000 	C:\Program Files\NVIDIA Corporation\CoProcManager\nvdxgiwrapx.dll
0x0000000065cb0000 - 0x0000000065d82000 	C:\Program Files\Java\jdk1.8.0_60\jre\bin\msvcr100.dll
0x0000000065420000 - 0x0000000065ca9000 	C:\Program Files\Java\jdk1.8.0_60\jre\bin\server\jvm.dll
0x00007ffc2ffa0000 - 0x00007ffc2ffa8000 	C:\WINDOWS\system32\PSAPI.DLL
0x00007ffc21950000 - 0x00007ffc21959000 	C:\WINDOWS\SYSTEM32\WSOCK32.dll
0x00007ffc2dbc0000 - 0x00007ffc2dc2b000 	C:\WINDOWS\system32\WS2_32.dll
0x00007ffc2aca0000 - 0x00007ffc2acc3000 	C:\WINDOWS\SYSTEM32\WINMM.dll
0x00007ffc2ac70000 - 0x00007ffc2ac9c000 	C:\WINDOWS\SYSTEM32\WINMMBASE.dll
0x0000000065410000 - 0x000000006541f000 	C:\Program Files\Java\jdk1.8.0_60\jre\bin\verify.dll
0x00000000653e0000 - 0x0000000065409000 	C:\Program Files\Java\jdk1.8.0_60\jre\bin\java.dll
0x00000000653c0000 - 0x00000000653d6000 	C:\Program Files\Java\jdk1.8.0_60\jre\bin\zip.dll
0x00007ffc2e490000 - 0x00007ffc2f9ec000 	C:\WINDOWS\system32\SHELL32.dll
0x00007ffc2d360000 - 0x00007ffc2d9a4000 	C:\WINDOWS\system32\windows.storage.dll
0x00007ffc2da70000 - 0x00007ffc2dac2000 	C:\WINDOWS\system32\shlwapi.dll
0x00007ffc2cc80000 - 0x00007ffc2cc8f000 	C:\WINDOWS\system32\kernel.appcore.dll
0x0000000015e10000 - 0x0000000015ec5000 	C:\WINDOWS\system32\shcore.dll
0x00007ffc2cc30000 - 0x00007ffc2cc7b000 	C:\WINDOWS\system32\powrprof.dll
0x00007ffc2cc90000 - 0x00007ffc2cca4000 	C:\WINDOWS\system32\profapi.dll

VM Arguments:
jvm_args: -Djava.awt.headless=true -Xmx1024M -Dfile.encoding=windows-1252 -Duser.country=ES -Duser.language=es -Duser.variant 
java_command: com.android.dx.command.Main --dex --force-jumbo --num-threads=4 --multi-dex --output C:\Users\USER\Desktop\Proyectos\cashPokerProgresive3\app\build\intermediates\transforms\dex\debug\folders\1000\5\slice_4 C:\Users\USER\Desktop\Proyectos\cashPokerProgresive3\app\build\intermediates\transforms\instantRunSlicer\debug\folders\1\5\slice_4
java_class_path (initial): C:\Users\USER\AppData\Local\Android\sdk\build-tools\23.0.3\lib\dx.jar
Launcher Type: SUN_STANDARD

Environment Variables:
CLASSPATH=.;C:\Program Files (x86)\QuickTime\QTSystem\QTJava.zip
USERNAME=USER
OS=Windows_NT
PROCESSOR_IDENTIFIER=Intel64 Family 6 Model 58 Stepping 9, GenuineIntel



---------------  S Y S T E M  ---------------

OS: Windows 10.0 , 64 bit Build 10586 (10.0.10586.0)

CPU:total 4 (2 cores per cpu, 2 threads per core) family 6 model 58 stepping 9, cmov, cx8, fxsr, mmx, sse, sse2, sse3, ssse3, sse4.1, sse4.2, popcnt, avx, aes, clmul, erms, ht, tsc, tscinvbit, tscinv

Memory: 4k page, physical 6167652k(692692k free), swap 9308260k(3824k free)

vm_info: Java HotSpot(TM) 64-Bit Server VM (25.60-b23) for windows-amd64 JRE (1.8.0_60-b27), built on Aug  4 2015 11:06:27 by "java_re" with MS VC++ 10.0 (VS2010)

time: Fri Aug 26 18:58:31 2016
elapsed time: 3 seconds (0d 0h 0m 3s)

