#
# There is insufficient memory for the Java Runtime Environment to continue.
# Native memory allocation (malloc) failed to allocate 904976 bytes for Chunk::new
# Possible reasons:
#   The system is out of physical RAM or swap space
#   In 32 bit mode, the process size limit was hit
# Possible solutions:
#   Reduce memory load on the system
#   Increase physical memory or swap space
#   Check if swap backing store is full
#   Use 64 bit Java on a 64 bit OS
#   Decrease Java heap size (-Xmx/-Xms)
#   Decrease number of Java threads
#   Decrease Java thread stack sizes (-Xss)
#   Set larger code cache with -XX:ReservedCodeCacheSize=
# This output file may be truncated or incomplete.
#
#  Out of Memory Error (allocation.cpp:390), pid=3332, tid=800
#
# JRE version: Java(TM) SE Runtime Environment (8.0_60-b27) (build 1.8.0_60-b27)
# Java VM: Java HotSpot(TM) 64-Bit Server VM (25.60-b23 mixed mode windows-amd64 compressed oops)
# Failed to write core dump. Minidumps are not enabled by default on client versions of Windows
#

---------------  T H R E A D  ---------------

Current thread (0x0000000014981000):  JavaThread "C2 CompilerThread0" daemon [_thread_in_native, id=800, stack(0x0000000015fd0000,0x00000000160d0000)]

Stack: [0x0000000015fd0000,0x00000000160d0000]
[error occurred during error reporting (printing stack bounds), id 0xc0000005]

Native frames: (J=compiled Java code, j=interpreted, Vv=VM code, C=native code)


Current CompileTask:
C2:   3666 1200       4       com.android.dx.ssa.SCCP::simulateStmt (481 bytes)


---------------  P R O C E S S  ---------------

Java Threads: ( => current thread )
  0x0000000016348800 JavaThread "pool-2-thread-4" [_thread_in_vm, id=9560, stack(0x0000000016cd0000,0x0000000016dd0000)]
  0x0000000016342800 JavaThread "pool-2-thread-3" [_thread_in_Java, id=2368, stack(0x0000000016bd0000,0x0000000016cd0000)]
  0x0000000016341000 JavaThread "pool-3-thread-1" [_thread_blocked, id=8200, stack(0x00000000169d0000,0x0000000016ad0000)]
  0x0000000016307000 JavaThread "pool-2-thread-1" [_thread_in_vm, id=9444, stack(0x00000000168d0000,0x00000000169d0000)]
  0x00000000149db000 JavaThread "Service Thread" daemon [_thread_blocked, id=4604, stack(0x00000000166d0000,0x00000000167d0000)]
  0x00000000161d8800 JavaThread "C1 CompilerThread2" daemon [_thread_blocked, id=7240, stack(0x00000000165d0000,0x00000000166d0000)]
  0x0000000014983000 JavaThread "C2 CompilerThread1" daemon [_thread_in_native, id=8604, stack(0x00000000160d0000,0x00000000161d0000)]
=>0x0000000014981000 JavaThread "C2 CompilerThread0" daemon [_thread_in_native, id=800, stack(0x0000000015fd0000,0x00000000160d0000)]
  0x000000001497f000 JavaThread "Attach Listener" daemon [_thread_blocked, id=3088, stack(0x0000000015ed0000,0x0000000015fd0000)]
  0x000000001497e000 JavaThread "Signal Dispatcher" daemon [_thread_blocked, id=8860, stack(0x0000000015dd0000,0x0000000015ed0000)]
  0x00000000022a2800 JavaThread "Finalizer" daemon [_thread_blocked, id=8748, stack(0x0000000015bd0000,0x0000000015cd0000)]
  0x000000000229f000 JavaThread "Reference Handler" daemon [_thread_blocked, id=7036, stack(0x0000000015ad0000,0x0000000015bd0000)]
  0x00000000021b2800 JavaThread "main" [_thread_blocked, id=6380, stack(0x0000000002070000,0x0000000002170000)]

Other Threads:
  0x0000000014948000 VMThread [stack: 0x00000000159d0000,0x0000000015ad0000] [id=4268]
  0x00000000161dd000 WatcherThread [stack: 0x00000000167d0000,0x00000000168d0000] [id=9320]

VM state:not at safepoint (normal execution)

VM Mutex/Monitor currently owned by a thread: None

Heap:
 PSYoungGen      total 28672K, used 25680K [0x00000000eab00000, 0x00000000ecb00000, 0x0000000100000000)
  eden space 24576K, 87% used [0x00000000eab00000,0x00000000ec019688,0x00000000ec300000)
  from space 4096K, 99% used [0x00000000ec300000,0x00000000ec6faab8,0x00000000ec700000)
  to   space 4096K, 0% used [0x00000000ec700000,0x00000000ec700000,0x00000000ecb00000)
 ParOldGen       total 65536K, used 1402K [0x00000000c0000000, 0x00000000c4000000, 0x00000000eab00000)
  object space 65536K, 2% used [0x00000000c0000000,0x00000000c015e828,0x00000000c4000000)
 Metaspace       used 6016K, capacity 6962K, committed 7040K, reserved 1056768K
  class space    used 599K, capacity 618K, committed 640K, reserved 1048576K

Card table byte_map: [0x0000000011670000,0x0000000011880000] byte_map_base: 0x0000000011070000

Marking Bits: (ParMarkBitMap*) 0x000000006238a5b0
 Begin Bits: [0x0000000011de0000, 0x0000000012de0000)
 End Bits:   [0x0000000012de0000, 0x0000000013de0000)

Polling page: 0x00000000001f0000

CodeCache: size=245760Kb used=5088Kb max_used=5105Kb free=240671Kb
 bounds [0x00000000022b0000, 0x00000000027b0000, 0x00000000112b0000]
 total_blobs=1525 nmethods=1256 adapters=182
 compilation: enabled

Compilation events (10 events):
Event: 3.637 Thread 0x00000000161d8800 1267       2       com.android.dx.cf.code.BasicBlocker::visitBranch (98 bytes)
Event: 3.638 Thread 0x00000000161d8800 nmethod 1267 0x00000000027a2590 code [0x00000000027a27a0, 0x00000000027a2f38]
Event: 3.638 Thread 0x00000000161d8800 1268       2       com.android.dx.cf.code.Simulator$SimVisitor::visitBranch (341 bytes)
Event: 3.639 Thread 0x00000000161d8800 nmethod 1268 0x00000000027a3e50 code [0x00000000027a4080, 0x00000000027a4848]
Event: 3.639 Thread 0x00000000161d8800 1269       2       com.android.dx.cf.code.BaseMachine::auxTargetArg (6 bytes)
Event: 3.639 Thread 0x00000000161d8800 nmethod 1269 0x00000000027a4f10 code [0x00000000027a5060, 0x00000000027a51b0]
Event: 3.639 Thread 0x00000000161d8800 1265       1       com.android.dx.cf.attrib.AttCode::getAttributes (5 bytes)
Event: 3.640 Thread 0x00000000161d8800 nmethod 1265 0x00000000027a5250 code [0x00000000027a53a0, 0x00000000027a54b0]
Event: 3.640 Thread 0x00000000161d8800 1266       1       com.android.dx.cf.attrib.AttLineNumberTable::getLineNumbers (5 bytes)
Event: 3.640 Thread 0x00000000161d8800 nmethod 1266 0x00000000027a5510 code [0x00000000027a5660, 0x00000000027a5770]

GC Heap History (2 events):
Event: 3.133 GC heap before
{Heap before GC invocations=1 (full 0):
 PSYoungGen      total 28672K, used 24576K [0x00000000eab00000, 0x00000000ecb00000, 0x0000000100000000)
  eden space 24576K, 100% used [0x00000000eab00000,0x00000000ec300000,0x00000000ec300000)
  from space 4096K, 0% used [0x00000000ec700000,0x00000000ec700000,0x00000000ecb00000)
  to   space 4096K, 0% used [0x00000000ec300000,0x00000000ec300000,0x00000000ec700000)
 ParOldGen       total 65536K, used 0K [0x00000000c0000000, 0x00000000c4000000, 0x00000000eab00000)
  object space 65536K, 0% used [0x00000000c0000000,0x00000000c0000000,0x00000000c4000000)
 Metaspace       used 5865K, capacity 6832K, committed 7040K, reserved 1056768K
  class space    used 595K, capacity 616K, committed 640K, reserved 1048576K
Event: 3.169 GC heap after
Heap after GC invocations=1 (full 0):
 PSYoungGen      total 28672K, used 4074K [0x00000000eab00000, 0x00000000ecb00000, 0x0000000100000000)
  eden space 24576K, 0% used [0x00000000eab00000,0x00000000eab00000,0x00000000ec300000)
  from space 4096K, 99% used [0x00000000ec300000,0x00000000ec6faab8,0x00000000ec700000)
  to   space 4096K, 0% used [0x00000000ec700000,0x00000000ec700000,0x00000000ecb00000)
 ParOldGen       total 65536K, used 1402K [0x00000000c0000000, 0x00000000c4000000, 0x00000000eab00000)
  object space 65536K, 2% used [0x00000000c0000000,0x00000000c015e828,0x00000000c4000000)
 Metaspace       used 5865K, capacity 6832K, committed 7040K, reserved 1056768K
  class space    used 595K, capacity 616K, committed 640K, reserved 1048576K
}

Deoptimization events (5 events):
Event: 1.505 Thread 0x00000000021b2800 Uncommon trap: reason=unstable_if action=reinterpret pc=0x00000000024b37b0 method=java.util.HashMap.getNode(ILjava/lang/Object;)Ljava/util/HashMap$Node; @ 62
Event: 2.268 Thread 0x0000000016307000 Uncommon trap: reason=null_check action=make_not_entrant pc=0x00000000026099a0 method=com.android.dx.rop.type.Type.equals(Ljava/lang/Object;)Z @ 8
Event: 3.182 Thread 0x0000000016307000 Uncommon trap: reason=null_check action=make_not_entrant pc=0x000000000259e384 method=com.android.dx.ssa.SsaRenamer.getLocalForNewReg(I)Lcom/android/dx/rop/code/LocalItem; @ 19
Event: 3.259 Thread 0x0000000016342800 Uncommon trap: reason=bimorphic action=maybe_recompile pc=0x00000000024e39e0 method=java.util.HashMap.getNode(ILjava/lang/Object;)Ljava/util/HashMap$Node; @ 126
Event: 3.259 Thread 0x0000000016342800 Uncommon trap: reason=class_check action=maybe_recompile pc=0x00000000026e37a4 method=java.util.HashMap.putVal(ILjava/lang/Object;Ljava/lang/Object;ZZ)Ljava/lang/Object; @ 203

Internal exceptions (4 events):
Event: 0.078 Thread 0x00000000021b2800 Exception <a 'java/lang/NoSuchMethodError': Method sun.misc.Unsafe.defineClass(Ljava/lang/String;[BII)Ljava/lang/Class; name or signature does not match> (0x00000000eab0e4d8) thrown at [C:\re\workspace\8-2-build-windows-amd64-cygwin\jdk8u60\4407\hotspot\sr·­çYý³?
Event: 0.078 Thread 0x00000000021b2800 Exception <a 'java/lang/NoSuchMethodError': Method sun.misc.Unsafe.prefetchRead(Ljava/lang/Object;J)V name or signature does not match> (0x00000000eab0e7c0) thrown at [C:\re\workspace\8-2-build-windows-amd64-cygwin\jdk8u60\4407\hotspot\src\share\vm\prims\jFL{`$@
Event: 2.268 Thread 0x0000000016307000 Implicit null exception at 0x00000000026098a2 to 0x0000000002609992
Event: 3.182 Thread 0x0000000016307000 Implicit null exception at 0x000000000259cc05 to 0x000000000259e339

Events (10 events):
Event: 3.182 Thread 0x0000000016307000 DEOPT UNPACKING pc=0x00000000022f582a sp=0x00000000169ce728 mode 2
Event: 3.194 loading class com/android/dx/cf/code/SwitchList
Event: 3.194 loading class com/android/dx/cf/code/SwitchList done
Event: 3.259 Thread 0x0000000016342800 Uncommon trap: trap_request=0xffffffc6 fr.pc=0x00000000024e39e0
Event: 3.259 Thread 0x0000000016342800 DEOPT PACKING pc=0x00000000024e39e0 sp=0x0000000016ccea80
Event: 3.259 Thread 0x0000000016342800 DEOPT UNPACKING pc=0x00000000022f582a sp=0x0000000016ccea00 mode 2
Event: 3.259 Thread 0x0000000016342800 Uncommon trap: trap_request=0xffffffde fr.pc=0x00000000026e37a4
Event: 3.259 Thread 0x0000000016342800 DEOPT PACKING pc=0x00000000026e37a4 sp=0x0000000016cceaa0
Event: 3.259 Thread 0x0000000016342800 DEOPT UNPACKING pc=0x00000000022f582a sp=0x0000000016cce9c8 mode 2
Event: 3.619 Thread 0x0000000016341800 Thread exited: 0x0000000016341800


Dynamic libraries:
0x00007ff736bc0000 - 0x00007ff736bf7000 	C:\Program Files\Java\jdk1.8.0_60\bin\java.exe
0x00007ffae6bb0000 - 0x00007ffae6d71000 	C:\WINDOWS\SYSTEM32\ntdll.dll
0x00007ffae5670000 - 0x00007ffae571d000 	C:\WINDOWS\system32\KERNEL32.DLL
0x00007ffae3950000 - 0x00007ffae3b38000 	C:\WINDOWS\system32\KERNELBASE.dll
0x00007ffae63a0000 - 0x00007ffae6447000 	C:\WINDOWS\system32\ADVAPI32.dll
0x00007ffae68c0000 - 0x00007ffae695d000 	C:\WINDOWS\system32\msvcrt.dll
0x00007ffae6b50000 - 0x00007ffae6bab000 	C:\WINDOWS\system32\sechost.dll
0x00007ffae6960000 - 0x00007ffae6a7c000 	C:\WINDOWS\system32\RPCRT4.dll
0x00007ffae5720000 - 0x00007ffae5876000 	C:\WINDOWS\system32\USER32.dll
0x00007ffae5880000 - 0x00007ffae5a06000 	C:\WINDOWS\system32\GDI32.dll
0x00007ffade460000 - 0x00007ffade6d4000 	C:\WINDOWS\WinSxS\amd64_microsoft.windows.common-controls_6595b64144ccf1df_6.0.10586.0_none_8c15ae12515e1c22\COMCTL32.dll
0x00007ffae6120000 - 0x00007ffae639d000 	C:\WINDOWS\system32\combase.dll
0x00007ffae3c40000 - 0x00007ffae3caa000 	C:\WINDOWS\system32\bcryptPrimitives.dll
0x00007ffae5630000 - 0x00007ffae566b000 	C:\WINDOWS\system32\IMM32.DLL
0x00007ffae30a0000 - 0x00007ffae30d1000 	C:\Windows\system32\nvinitx.dll
0x00007ffae3090000 - 0x00007ffae309a000 	C:\WINDOWS\SYSTEM32\VERSION.dll
0x00000000679e0000 - 0x00000000679e6000 	C:\Program Files\NVIDIA Corporation\CoProcManager\_etoured.dll
0x00007ffae0b10000 - 0x00007ffae0b43000 	C:\Program Files\NVIDIA Corporation\CoProcManager\nvd3d9wrapx.dll
0x00007ffae5c10000 - 0x00007ffae6039000 	C:\WINDOWS\system32\SETUPAPI.dll
0x00007ffae3b40000 - 0x00007ffae3b83000 	C:\WINDOWS\system32\CFGMGR32.dll
0x00007ffae0290000 - 0x00007ffae02b2000 	C:\Program Files\NVIDIA Corporation\CoProcManager\nvdxgiwrapx.dll
0x0000000062410000 - 0x00000000624e2000 	C:\Program Files\Java\jdk1.8.0_60\jre\bin\msvcr100.dll
0x0000000061b80000 - 0x0000000062409000 	C:\Program Files\Java\jdk1.8.0_60\jre\bin\server\jvm.dll
0x00007ffae68b0000 - 0x00007ffae68b8000 	C:\WINDOWS\system32\PSAPI.DLL
0x00007ffad8a40000 - 0x00007ffad8a49000 	C:\WINDOWS\SYSTEM32\WSOCK32.dll
0x00007ffae60b0000 - 0x00007ffae611b000 	C:\WINDOWS\system32\WS2_32.dll
0x00007ffae1330000 - 0x00007ffae1353000 	C:\WINDOWS\SYSTEM32\WINMM.dll
0x00007ffae1300000 - 0x00007ffae132c000 	C:\WINDOWS\SYSTEM32\WINMMBASE.dll
0x0000000061b70000 - 0x0000000061b7f000 	C:\Program Files\Java\jdk1.8.0_60\jre\bin\verify.dll
0x0000000061b40000 - 0x0000000061b69000 	C:\Program Files\Java\jdk1.8.0_60\jre\bin\java.dll
0x0000000061b20000 - 0x0000000061b36000 	C:\Program Files\Java\jdk1.8.0_60\jre\bin\zip.dll
0x00007ffae40c0000 - 0x00007ffae561c000 	C:\WINDOWS\system32\SHELL32.dll
0x00007ffae3240000 - 0x00007ffae3884000 	C:\WINDOWS\system32\windows.storage.dll
0x00007ffae3f90000 - 0x00007ffae3fe2000 	C:\WINDOWS\system32\shlwapi.dll
0x00007ffae31d0000 - 0x00007ffae31df000 	C:\WINDOWS\system32\kernel.appcore.dll
0x0000000001f70000 - 0x0000000002025000 	C:\WINDOWS\system32\shcore.dll
0x00007ffae31e0000 - 0x00007ffae322b000 	C:\WINDOWS\system32\powrprof.dll
0x00007ffae31b0000 - 0x00007ffae31c4000 	C:\WINDOWS\system32\profapi.dll

VM Arguments:
jvm_args: -Djava.awt.headless=true -Xmx1024M -Dfile.encoding=windows-1252 -Duser.country=ES -Duser.language=es -Duser.variant 
java_command: com.android.dx.command.Main --dex --force-jumbo --num-threads=4 --multi-dex --output C:\Users\USER\Desktop\Proyectos\cashPokerProgresive3\app\build\intermediates\transforms\dex\debug\folders\1000\10\instant-run_2238d62da3f5ec67d0a7cfe5554ddee83e8b14a4 C:\Users\USER\Desktop\Proyectos\cashPokerProgresive3\app\build\intermediates\incremental-runtime-classes\debug\instant-run.jar
java_class_path (initial): C:\Users\USER\AppData\Local\Android\sdk\build-tools\23.0.3\lib\dx.jar
Launcher Type: SUN_STANDARD

Environment Variables:
CLASSPATH=.;C:\Program Files (x86)\QuickTime\QTSystem\QTJava.zip
USERNAME=USER
OS=Windows_NT
PROCESSOR_IDENTIFIER=Intel64 Family 6 Model 58 Stepping 9, GenuineIntel



---------------  S Y S T E M  ---------------

OS: Windows 10.0 , 64 bit Build 10586 (10.0.10586.0)

CPU:total 4 (2 cores per cpu, 2 threads per core) family 6 model 58 stepping 9, cmov, cx8, fxsr, mmx, sse, sse2, sse3, ssse3, sse4.1, sse4.2, popcnt, avx, aes, clmul, erms, ht, tsc, tscinvbit, tscinv

Memory: 4k page, physical 6167652k(859424k free), swap 9308260k(5940k free)

vm_info: Java HotSpot(TM) 64-Bit Server VM (25.60-b23) for windows-amd64 JRE (1.8.0_60-b27), built on Aug  4 2015 11:06:27 by "java_re" with MS VC++ 10.0 (VS2010)

time: Thu Sep 29 20:59:32 2016
elapsed time: 3 seconds (0d 0h 0m 3s)

