#
# There is insufficient memory for the Java Runtime Environment to continue.
# Native memory allocation (malloc) failed to allocate 1433456 bytes for Chunk::new
# Possible reasons:
#   The system is out of physical RAM or swap space
#   In 32 bit mode, the process size limit was hit
# Possible solutions:
#   Reduce memory load on the system
#   Increase physical memory or swap space
#   Check if swap backing store is full
#   Use 64 bit Java on a 64 bit OS
#   Decrease Java heap size (-Xmx/-Xms)
#   Decrease number of Java threads
#   Decrease Java thread stack sizes (-Xss)
#   Set larger code cache with -XX:ReservedCodeCacheSize=
# This output file may be truncated or incomplete.
#
#  Out of Memory Error (allocation.cpp:390), pid=11760, tid=668
#
# JRE version: Java(TM) SE Runtime Environment (8.0_60-b27) (build 1.8.0_60-b27)
# Java VM: Java HotSpot(TM) 64-Bit Server VM (25.60-b23 mixed mode windows-amd64 compressed oops)
# Failed to write core dump. Minidumps are not enabled by default on client versions of Windows
#

---------------  T H R E A D  ---------------

Current thread (0x0000000014a40000):  JavaThread "C2 CompilerThread0" daemon [_thread_in_native, id=668, stack(0x00000000160a0000,0x00000000161a0000)]

Stack: [0x00000000160a0000,0x00000000161a0000]
[error occurred during error reporting (printing stack bounds), id 0xc0000005]

Native frames: (J=compiled Java code, j=interpreted, Vv=VM code, C=native code)


Current CompileTask:
C2:   2970 1423       4       com.android.dx.ssa.SsaRenamer$BlockRenamer::process (191 bytes)


---------------  P R O C E S S  ---------------

Java Threads: ( => current thread )
  0x0000000016734000 JavaThread "pool-2-thread-4" [_thread_in_Java, id=5168, stack(0x0000000016da0000,0x0000000016ea0000)]
  0x0000000016730000 JavaThread "pool-2-thread-3" [_thread_in_Java, id=11912, stack(0x0000000016ca0000,0x0000000016da0000)]
  0x000000001672f800 JavaThread "pool-2-thread-2" [_thread_in_Java, id=6204, stack(0x0000000016ba0000,0x0000000016ca0000)]
  0x00000000165fd800 JavaThread "pool-3-thread-1" [_thread_blocked, id=4080, stack(0x0000000016aa0000,0x0000000016ba0000)]
  0x0000000016662800 JavaThread "pool-2-thread-1" [_thread_in_Java, id=2600, stack(0x00000000169a0000,0x0000000016aa0000)]
  0x00000000163a8800 JavaThread "Service Thread" daemon [_thread_blocked, id=5360, stack(0x00000000167a0000,0x00000000168a0000)]
  0x0000000014a9d800 JavaThread "C1 CompilerThread2" daemon [_thread_blocked, id=11392, stack(0x00000000162a0000,0x00000000163a0000)]
  0x0000000014a42800 JavaThread "C2 CompilerThread1" daemon [_thread_in_native, id=4336, stack(0x00000000161a0000,0x00000000162a0000)]
=>0x0000000014a40000 JavaThread "C2 CompilerThread0" daemon [_thread_in_native, id=668, stack(0x00000000160a0000,0x00000000161a0000)]
  0x0000000014a3e800 JavaThread "Attach Listener" daemon [_thread_blocked, id=12832, stack(0x0000000015fa0000,0x00000000160a0000)]
  0x0000000014a3d000 JavaThread "Signal Dispatcher" daemon [_thread_blocked, id=10084, stack(0x0000000015ea0000,0x0000000015fa0000)]
  0x0000000002363800 JavaThread "Finalizer" daemon [_thread_blocked, id=9168, stack(0x0000000015ca0000,0x0000000015da0000)]
  0x0000000002360000 JavaThread "Reference Handler" daemon [_thread_blocked, id=11836, stack(0x0000000015ba0000,0x0000000015ca0000)]
  0x000000000216e800 JavaThread "main" [_thread_in_vm, id=9672, stack(0x0000000002170000,0x0000000002270000)]

Other Threads:
  0x0000000014a07800 VMThread [stack: 0x0000000015aa0000,0x0000000015ba0000] [id=13020]
  0x00000000163ac800 WatcherThread [stack: 0x00000000168a0000,0x00000000169a0000] [id=11900]

VM state:not at safepoint (normal execution)

VM Mutex/Monitor currently owned by a thread: None

Heap:
 PSYoungGen      total 28672K, used 24718K [0x00000000eab00000, 0x00000000ecb00000, 0x0000000100000000)
  eden space 24576K, 84% used [0x00000000eab00000,0x00000000ebf2b878,0x00000000ec300000)
  from space 4096K, 99% used [0x00000000ec700000,0x00000000ecaf8010,0x00000000ecb00000)
  to   space 4096K, 0% used [0x00000000ec300000,0x00000000ec300000,0x00000000ec700000)
 ParOldGen       total 65536K, used 4175K [0x00000000c0000000, 0x00000000c4000000, 0x00000000eab00000)
  object space 65536K, 6% used [0x00000000c0000000,0x00000000c0413f30,0x00000000c4000000)
 Metaspace       used 6176K, capacity 7088K, committed 7296K, reserved 1056768K
  class space    used 601K, capacity 616K, committed 640K, reserved 1048576K

Card table byte_map: [0x0000000011730000,0x0000000011940000] byte_map_base: 0x0000000011130000

Marking Bits: (ParMarkBitMap*) 0x000000007297a5b0
 Begin Bits: [0x0000000011ea0000, 0x0000000012ea0000)
 End Bits:   [0x0000000012ea0000, 0x0000000013ea0000)

Polling page: 0x00000000001f0000

CodeCache: size=245760Kb used=6203Kb max_used=6203Kb free=239556Kb
 bounds [0x0000000002370000, 0x0000000002990000, 0x0000000011370000]
 total_blobs=1782 nmethods=1513 adapters=182
 compilation: enabled

Compilation events (10 events):
Event: 2.898 Thread 0x0000000014a9d800 1520       2       com.android.dx.rop.code.RegisterSpec::withType (13 bytes)
Event: 2.898 Thread 0x0000000014a9d800 nmethod 1520 0x000000000297ef10 code [0x000000000297f080, 0x000000000297f208]
Event: 2.898 Thread 0x0000000014a9d800 1521       2       com.android.dx.rop.code.InsnList::contentEquals (54 bytes)
Event: 2.899 Thread 0x0000000014a9d800 nmethod 1521 0x000000000297f2d0 code [0x000000000297f460, 0x000000000297f788]
Event: 2.908 Thread 0x0000000014a9d800 1522       2       com.android.dx.cf.direct.AttributeFactory::parse0 (53 bytes)
Event: 2.909 Thread 0x0000000014a9d800 nmethod 1522 0x000000000297f9d0 code [0x000000000297fb80, 0x0000000002980008]
Event: 2.935 Thread 0x0000000014a9d800 1523       2       com.android.dx.rop.code.Rops::opReturn (89 bytes)
Event: 2.936 Thread 0x0000000014a9d800 nmethod 1523 0x0000000002980490 code [0x0000000002980660, 0x0000000002980b58]
Event: 2.963 Thread 0x0000000014a9d800 1524       2       java.util.TreeMap$EntryIterator::next (5 bytes)
Event: 2.964 Thread 0x0000000014a9d800 nmethod 1524 0x0000000002980e50 code [0x0000000002980fc0, 0x0000000002981128]

GC Heap History (4 events):
Event: 2.182 GC heap before
{Heap before GC invocations=1 (full 0):
 PSYoungGen      total 28672K, used 24576K [0x00000000eab00000, 0x00000000ecb00000, 0x0000000100000000)
  eden space 24576K, 100% used [0x00000000eab00000,0x00000000ec300000,0x00000000ec300000)
  from space 4096K, 0% used [0x00000000ec700000,0x00000000ec700000,0x00000000ecb00000)
  to   space 4096K, 0% used [0x00000000ec300000,0x00000000ec300000,0x00000000ec700000)
 ParOldGen       total 65536K, used 0K [0x00000000c0000000, 0x00000000c4000000, 0x00000000eab00000)
  object space 65536K, 0% used [0x00000000c0000000,0x00000000c0000000,0x00000000c4000000)
 Metaspace       used 5877K, capacity 6832K, committed 7040K, reserved 1056768K
  class space    used 597K, capacity 616K, committed 640K, reserved 1048576K
Event: 2.197 GC heap after
Heap after GC invocations=1 (full 0):
 PSYoungGen      total 28672K, used 4067K [0x00000000eab00000, 0x00000000ecb00000, 0x0000000100000000)
  eden space 24576K, 0% used [0x00000000eab00000,0x00000000eab00000,0x00000000ec300000)
  from space 4096K, 99% used [0x00000000ec300000,0x00000000ec6f8e80,0x00000000ec700000)
  to   space 4096K, 0% used [0x00000000ec700000,0x00000000ec700000,0x00000000ecb00000)
 ParOldGen       total 65536K, used 1269K [0x00000000c0000000, 0x00000000c4000000, 0x00000000eab00000)
  object space 65536K, 1% used [0x00000000c0000000,0x00000000c013d650,0x00000000c4000000)
 Metaspace       used 5877K, capacity 6832K, committed 7040K, reserved 1056768K
  class space    used 597K, capacity 616K, committed 640K, reserved 1048576K
}
Event: 2.607 GC heap before
{Heap before GC invocations=2 (full 0):
 PSYoungGen      total 28672K, used 28643K [0x00000000eab00000, 0x00000000ecb00000, 0x0000000100000000)
  eden space 24576K, 100% used [0x00000000eab00000,0x00000000ec300000,0x00000000ec300000)
  from space 4096K, 99% used [0x00000000ec300000,0x00000000ec6f8e80,0x00000000ec700000)
  to   space 4096K, 0% used [0x00000000ec700000,0x00000000ec700000,0x00000000ecb00000)
 ParOldGen       total 65536K, used 1269K [0x00000000c0000000, 0x00000000c4000000, 0x00000000eab00000)
  object space 65536K, 1% used [0x00000000c0000000,0x00000000c013d650,0x00000000c4000000)
 Metaspace       used 6094K, capacity 7024K, committed 7296K, reserved 1056768K
  class space    used 601K, capacity 616K, committed 640K, reserved 1048576K
Event: 2.631 GC heap after
Heap after GC invocations=2 (full 0):
 PSYoungGen      total 28672K, used 4064K [0x00000000eab00000, 0x00000000ecb00000, 0x0000000100000000)
  eden space 24576K, 0% used [0x00000000eab00000,0x00000000eab00000,0x00000000ec300000)
  from space 4096K, 99% used [0x00000000ec700000,0x00000000ecaf8010,0x00000000ecb00000)
  to   space 4096K, 0% used [0x00000000ec300000,0x00000000ec300000,0x00000000ec700000)
 ParOldGen       total 65536K, used 4175K [0x00000000c0000000, 0x00000000c4000000, 0x00000000eab00000)
  object space 65536K, 6% used [0x00000000c0000000,0x00000000c0413f30,0x00000000c4000000)
 Metaspace       used 6094K, capacity 7024K, committed 7296K, reserved 1056768K
  class space    used 601K, capacity 616K, committed 640K, reserved 1048576K
}

Deoptimization events (10 events):
Event: 2.544 Thread 0x0000000016734000 Uncommon trap: reason=bimorphic action=maybe_recompile pc=0x00000000027bf870 method=java.util.HashMap.getNode(ILjava/lang/Object;)Ljava/util/HashMap$Node; @ 126
Event: 2.544 Thread 0x0000000016734000 Uncommon trap: reason=bimorphic action=maybe_recompile pc=0x00000000027bf870 method=java.util.HashMap.getNode(ILjava/lang/Object;)Ljava/util/HashMap$Node; @ 126
Event: 2.562 Thread 0x0000000016734000 Uncommon trap: reason=bimorphic action=maybe_recompile pc=0x00000000027bf870 method=java.util.HashMap.getNode(ILjava/lang/Object;)Ljava/util/HashMap$Node; @ 126
Event: 2.562 Thread 0x0000000016734000 Uncommon trap: reason=bimorphic action=maybe_recompile pc=0x00000000027bf870 method=java.util.HashMap.getNode(ILjava/lang/Object;)Ljava/util/HashMap$Node; @ 126
Event: 2.637 Thread 0x000000001672f800 Uncommon trap: reason=unstable_if action=reinterpret pc=0x00000000026c36ac method=com.android.dx.rop.code.RegisterSpecSet.put(Lcom/android/dx/rop/code/RegisterSpec;)V @ 77
Event: 2.637 Thread 0x000000001672f800 Uncommon trap: reason=unstable_if action=reinterpret pc=0x0000000002700720 method=com.android.dx.rop.code.RegisterSpecSet.put(Lcom/android/dx/rop/code/RegisterSpec;)V @ 77
Event: 2.666 Thread 0x000000001672f800 Uncommon trap: reason=unstable_if action=reinterpret pc=0x0000000002807554 method=com.android.dx.rop.code.RegisterSpec.equals(ILcom/android/dx/rop/type/TypeBearer;Lcom/android/dx/rop/code/LocalItem;)Z @ 42
Event: 2.736 Thread 0x0000000016662800 Uncommon trap: reason=bimorphic action=maybe_recompile pc=0x00000000028e68b4 method=com.android.dx.cf.code.BytecodeArray.parseInstruction(ILcom/android/dx/cf/code/BytecodeArray$Visitor;)I @ 939
Event: 2.738 Thread 0x0000000016662800 Uncommon trap: reason=bimorphic action=maybe_recompile pc=0x00000000028e68b4 method=com.android.dx.cf.code.BytecodeArray.parseInstruction(ILcom/android/dx/cf/code/BytecodeArray$Visitor;)I @ 939
Event: 2.876 Thread 0x0000000016734000 Uncommon trap: reason=unstable_if action=reinterpret pc=0x00000000028e9318 method=com.android.dx.cf.code.ByteCatchList.listFor(I)Lcom/android/dx/cf/code/ByteCatchList; @ 19

Internal exceptions (2 events):
Event: 0.848 Thread 0x000000000216e800 Exception <a 'java/lang/NoSuchMethodError': Method sun.misc.Unsafe.defineClass(Ljava/lang/String;[BII)Ljava/lang/Class; name or signature does not match> (0x00000000eab0e6a0) thrown at [C:\re\workspace\8-2-build-windows-amd64-cygwin\jdk8u60\4407\hotspot\sr‡Æªs√Î?
Event: 0.848 Thread 0x000000000216e800 Exception <a 'java/lang/NoSuchMethodError': Method sun.misc.Unsafe.prefetchRead(Ljava/lang/Object;J)V name or signature does not match> (0x00000000eab0e988) thrown at [C:\re\workspace\8-2-build-windows-amd64-cygwin\jdk8u60\4407\hotspot\src\share\vm\prims\j

Events (10 events):
Event: 2.675 Thread 0x000000001672f800 DEOPT UNPACKING pc=0x00000000023b787f sp=0x0000000016c9ece8 mode 0
Event: 2.736 Thread 0x0000000016662800 Uncommon trap: trap_request=0xffffffc6 fr.pc=0x00000000028e68b4
Event: 2.736 Thread 0x0000000016662800 DEOPT PACKING pc=0x00000000028e68b4 sp=0x0000000016a9e600
Event: 2.736 Thread 0x0000000016662800 DEOPT UNPACKING pc=0x00000000023b582a sp=0x0000000016a9e598 mode 2
Event: 2.738 Thread 0x0000000016662800 Uncommon trap: trap_request=0xffffffc6 fr.pc=0x00000000028e68b4
Event: 2.738 Thread 0x0000000016662800 DEOPT PACKING pc=0x00000000028e68b4 sp=0x0000000016a9e3c0
Event: 2.738 Thread 0x0000000016662800 DEOPT UNPACKING pc=0x00000000023b582a sp=0x0000000016a9e358 mode 2
Event: 2.876 Thread 0x0000000016734000 Uncommon trap: trap_request=0xffffff65 fr.pc=0x00000000028e9318
Event: 2.876 Thread 0x0000000016734000 DEOPT PACKING pc=0x00000000028e9318 sp=0x0000000016e9e7a0
Event: 2.876 Thread 0x0000000016734000 DEOPT UNPACKING pc=0x00000000023b582a sp=0x0000000016e9e5b8 mode 2


Dynamic libraries:
0x00007ff7e6d90000 - 0x00007ff7e6dc7000 	C:\Program Files\Java\jdk1.8.0_60\bin\java.exe
0x00007ff8b2cf0000 - 0x00007ff8b2eb1000 	C:\WINDOWS\SYSTEM32\ntdll.dll
0x00007ff8b1a60000 - 0x00007ff8b1b0d000 	C:\WINDOWS\system32\KERNEL32.DLL
0x00007ff8af380000 - 0x00007ff8af568000 	C:\WINDOWS\system32\KERNELBASE.dll
0x00007ff8b2850000 - 0x00007ff8b28f7000 	C:\WINDOWS\system32\ADVAPI32.dll
0x00007ff8b2680000 - 0x00007ff8b271d000 	C:\WINDOWS\system32\msvcrt.dll
0x00007ff8b1dc0000 - 0x00007ff8b1e1b000 	C:\WINDOWS\system32\sechost.dll
0x00007ff8b2b70000 - 0x00007ff8b2c8c000 	C:\WINDOWS\system32\RPCRT4.dll
0x00007ff8b1e20000 - 0x00007ff8b1f76000 	C:\WINDOWS\system32\USER32.dll
0x00007ff8b29d0000 - 0x00007ff8b2b56000 	C:\WINDOWS\system32\GDI32.dll
0x00007ff8a8bf0000 - 0x00007ff8a8e64000 	C:\WINDOWS\WinSxS\amd64_microsoft.windows.common-controls_6595b64144ccf1df_6.0.10586.0_none_8c15ae12515e1c22\COMCTL32.dll
0x00007ff8b17e0000 - 0x00007ff8b1a5d000 	C:\WINDOWS\system32\combase.dll
0x00007ff8af870000 - 0x00007ff8af8da000 	C:\WINDOWS\system32\bcryptPrimitives.dll
0x00007ff8b1d20000 - 0x00007ff8b1d5b000 	C:\WINDOWS\system32\IMM32.DLL
0x00007ff8af1e0000 - 0x00007ff8af211000 	C:\Windows\system32\nvinitx.dll
0x00007ff8af1d0000 - 0x00007ff8af1da000 	C:\WINDOWS\SYSTEM32\VERSION.dll
0x0000000075990000 - 0x0000000075996000 	C:\Program Files\NVIDIA Corporation\CoProcManager\_etoured.dll
0x00007ff8acff0000 - 0x00007ff8ad023000 	C:\Program Files\NVIDIA Corporation\CoProcManager\nvd3d9wrapx.dll
0x00007ff8b21b0000 - 0x00007ff8b25d9000 	C:\WINDOWS\system32\SETUPAPI.dll
0x00007ff8af570000 - 0x00007ff8af5b3000 	C:\WINDOWS\system32\CFGMGR32.dll
0x00007ff8acec0000 - 0x00007ff8acee2000 	C:\Program Files\NVIDIA Corporation\CoProcManager\nvdxgiwrapx.dll
0x0000000072a00000 - 0x0000000072ad2000 	C:\Program Files\Java\jdk1.8.0_60\jre\bin\msvcr100.dll
0x0000000072170000 - 0x00000000729f9000 	C:\Program Files\Java\jdk1.8.0_60\jre\bin\server\jvm.dll
0x00007ff8b1f80000 - 0x00007ff8b1f88000 	C:\WINDOWS\system32\PSAPI.DLL
0x00007ff8a3230000 - 0x00007ff8a3239000 	C:\WINDOWS\SYSTEM32\WSOCK32.dll
0x00007ff8ad8b0000 - 0x00007ff8ad8d3000 	C:\WINDOWS\SYSTEM32\WINMM.dll
0x00007ff8b25f0000 - 0x00007ff8b265b000 	C:\WINDOWS\system32\WS2_32.dll
0x00007ff8ad710000 - 0x00007ff8ad73c000 	C:\WINDOWS\SYSTEM32\WINMMBASE.dll
0x0000000072160000 - 0x000000007216f000 	C:\Program Files\Java\jdk1.8.0_60\jre\bin\verify.dll
0x0000000072130000 - 0x0000000072159000 	C:\Program Files\Java\jdk1.8.0_60\jre\bin\java.dll
0x0000000072110000 - 0x0000000072126000 	C:\Program Files\Java\jdk1.8.0_60\jre\bin\zip.dll
0x00007ff8b00d0000 - 0x00007ff8b162c000 	C:\WINDOWS\system32\SHELL32.dll
0x00007ff8afa80000 - 0x00007ff8b00c4000 	C:\WINDOWS\system32\windows.storage.dll
0x00007ff8b1d60000 - 0x00007ff8b1db2000 	C:\WINDOWS\system32\shlwapi.dll
0x00007ff8af300000 - 0x00007ff8af30f000 	C:\WINDOWS\system32\kernel.appcore.dll
0x00007ff8af7b0000 - 0x00007ff8af865000 	C:\WINDOWS\system32\shcore.dll
0x00007ff8af310000 - 0x00007ff8af35b000 	C:\WINDOWS\system32\powrprof.dll
0x0000000002090000 - 0x00000000020a4000 	C:\WINDOWS\system32\profapi.dll

VM Arguments:
jvm_args: -Djava.awt.headless=true -Xmx1024M -Dfile.encoding=windows-1252 -Duser.country=ES -Duser.language=es -Duser.variant 
java_command: com.android.dx.command.Main --dex --force-jumbo --num-threads=4 --multi-dex --output C:\Users\USER\Desktop\Proyectos\cashPokerProgresive3\app\build\intermediates\transforms\dex\debug\folders\1000\10\com.android.support-design-23.3.0_70b82ab92cd905dcfcc015bd6f47f45c7f3fc521 C:\Users\USER\Desktop\Proyectos\cashPokerProgresive3\app\build\intermediates\exploded-aar\com.android.support\design\23.3.0\jars\classes.jar
java_class_path (initial): C:\Users\USER\AppData\Local\Android\sdk\build-tools\23.0.3\lib\dx.jar
Launcher Type: SUN_STANDARD

Environment Variables:
CLASSPATH=.;C:\Program Files (x86)\QuickTime\QTSystem\QTJava.zip
USERNAME=USER
OS=Windows_NT
PROCESSOR_IDENTIFIER=Intel64 Family 6 Model 58 Stepping 9, GenuineIntel



---------------  S Y S T E M  ---------------

OS: Windows 10.0 , 64 bit Build 10586 (10.0.10586.0)

CPU:total 4 (2 cores per cpu, 2 threads per core) family 6 model 58 stepping 9, cmov, cx8, fxsr, mmx, sse, sse2, sse3, ssse3, sse4.1, sse4.2, popcnt, avx, aes, clmul, erms, ht, tsc, tscinvbit, tscinv

Memory: 4k page, physical 6167652k(415700k free), swap 9308260k(5272k free)

vm_info: Java HotSpot(TM) 64-Bit Server VM (25.60-b23) for windows-amd64 JRE (1.8.0_60-b27), built on Aug  4 2015 11:06:27 by "java_re" with MS VC++ 10.0 (VS2010)

time: Sun Jun 05 16:29:00 2016
elapsed time: 2 seconds (0d 0h 0m 2s)

