
[error occurred during error reporting (printing stack bounds), id 0xc0000005]

Native frames: (J=compiled Java code, j=interpreted, Vv=VM code, C=native code)


Current CompileTask:
C1:    233   88       3       sun.nio.cs.UTF_8$Decoder::decode (779 bytes)


---------------  P R O C E S S  ---------------

Java Threads: ( => current thread )
  0x0000000014afd800 JavaThread "Service Thread" daemon [_thread_blocked, id=1500, stack(0x0000000016800000,0x0000000016900000)]
=>0x0000000014aa7800 JavaThread "C1 CompilerThread2" daemon [_thread_in_native, id=9908, stack(0x0000000016300000,0x0000000016400000)]
  0x0000000014aa2000 JavaThread "C2 CompilerThread1" daemon [_thread_blocked, id=3320, stack(0x0000000016200000,0x0000000016300000)]
  0x0000000014aa0000 JavaThread "C2 CompilerThread0" daemon [_thread_in_native, id=9920, stack(0x0000000016100000,0x0000000016200000)]
  0x0000000014a9e000 JavaThread "Attach Listener" daemon [_thread_blocked, id=8496, stack(0x0000000016000000,0x0000000016100000)]
  0x0000000014a9d000 JavaThread "Signal Dispatcher" daemon [_thread_blocked, id=2676, stack(0x0000000015f00000,0x0000000016000000)]
  0x00000000023c8800 JavaThread "Finalizer" daemon [_thread_blocked, id=7828, stack(0x0000000015d00000,0x0000000015e00000)]
  0x00000000023bf800 JavaThread "Reference Handler" daemon [_thread_blocked, id=1980, stack(0x0000000015c00000,0x0000000015d00000)]
  0x000000000218e800 JavaThread "main" [_thread_in_Java, id=8768, stack(0x00000000021d0000,0x00000000022d0000)]

Other Threads:
  0x0000000014a68000 VMThread [stack: 0x0000000015b00000,0x0000000015c00000] [id=7992]
  0x0000000016434000 WatcherThread [stack: 0x0000000016900000,0x0000000016a00000] [id=960]

VM state:not at safepoint (normal execution)

VM Mutex/Monitor currently owned by a thread: None

Heap:
 PSYoungGen      total 28672K, used 4424K [0x00000000eab00000, 0x00000000ecb00000, 0x0000000100000000)
  eden space 24576K, 18% used [0x00000000eab00000,0x00000000eaf522d0,0x00000000ec300000)
  from space 4096K, 0% used [0x00000000ec700000,0x00000000ec700000,0x00000000ecb00000)
  to   space 4096K, 0% used [0x00000000ec300000,0x00000000ec300000,0x00000000ec700000)
 ParOldGen       total 65536K, used 0K [0x00000000c0000000, 0x00000000c4000000, 0x00000000eab00000)
  object space 65536K, 0% used [0x00000000c0000000,0x00000000c0000000,0x00000000c4000000)
 Metaspace       used 3364K, capacity 4720K, committed 4864K, reserved 1056768K
  class space    used 370K, capacity 424K, committed 512K, reserved 1048576K

Card table byte_map: [0x0000000011790000,0x00000000119a0000] byte_map_base: 0x0000000011190000

Marking Bits: (ParMarkBitMap*) 0x000000005154a5b0
 Begin Bits: [0x0000000011f00000, 0x0000000012f00000)
 End Bits:   [0x0000000012f00000, 0x0000000013f00000)

Polling page: 0x00000000001f0000

CodeCache: size=245760Kb used=1218Kb max_used=1230Kb free=244541Kb
 bounds [0x00000000023d0000, 0x0000000002640000, 0x00000000113d0000]
 total_blobs=334 nmethods=91 adapters=156
 compilation: enabled

Compilation events (10 events):
Event: 0.207 Thread 0x0000000014aa7800 nmethod 81 0x00000000024fe5d0 code [0x00000000024fe720, 0x00000000024fe890]
Event: 0.208 Thread 0x0000000014aa7800   82       3       java.util.zip.ZipFile::access$400 (5 bytes)
Event: 0.208 Thread 0x0000000014aa7800 nmethod 82 0x00000000024fe290 code [0x00000000024fe3e0, 0x00000000024fe510]
Event: 0.209 Thread 0x0000000014aa7800   84       1       java.util.zip.ZipFile::access$300 (5 bytes)
Event: 0.209 Thread 0x0000000014aa7800 nmethod 84 0x00000000024fdc10 code [0x00000000024fdd60, 0x00000000024fde50]
Event: 0.209 Thread 0x0000000014aa7800   85       3       java.util.zip.ZipFile::ensureOpen (37 bytes)
Event: 0.209 Thread 0x0000000014aa7800 nmethod 85 0x00000000024fd690 code [0x00000000024fd820, 0x00000000024fdaf8]
Event: 0.209 Thread 0x0000000014aa7800   86       1       java.util.zip.ZipCoder::isUTF8 (5 bytes)
Event: 0.209 Thread 0x0000000014aa7800 nmethod 86 0x00000000024fd3d0 code [0x00000000024fd520, 0x00000000024fd630]
Event: 0.210 Thread 0x0000000014aa7800   88       3       sun.nio.cs.UTF_8$Decoder::decode (779 bytes)

GC Heap History (0 events):
No events

Deoptimization events (0 events):
No events

Internal exceptions (2 events):
Event: 0.077 Thread 0x000000000218e800 Exception <a 'java/lang/NoSuchMethodError': Method sun.misc.Unsafe.defineClass(Ljava/lang/String;[BII)Ljava/lang/Class; name or signature does not match> (0x00000000eab0e530) thrown at [C:\re\workspace\8-2-build-windows-amd64-cygwin\jdk8u60\4407\hotspot\sr×Mº’pÊ³?
Event: 0.077 Thread 0x000000000218e800 Exception <a 'java/lang/NoSuchMethodError': Method sun.misc.Unsafe.prefetchRead(Ljava/lang/Object;J)V name or signature does not match> (0x00000000eab0e818) thrown at [C:\re\workspace\8-2-build-windows-amd64-cygwin\jdk8u60\4407\hotspot\src\share\vm\prims\j

Events (10 events):
Event: 0.205 loading class java/util/concurrent/Executors$DelegatedExecutorService done
Event: 0.205 loading class java/util/concurrent/Executors$FinalizableDelegatedExecutorService done
Event: 0.205 loading class com/android/dx/cf/direct/ClassPathOpener
Event: 0.205 loading class com/android/dx/cf/direct/ClassPathOpener done
Event: 0.206 loading class com/android/dx/cf/direct/ClassPathOpener$1
Event: 0.206 loading class com/android/dx/cf/direct/ClassPathOpener$1 done
Event: 0.206 loading class com/android/dx/command/dexer/Main$FileBytesConsumer
Event: 0.206 loading class com/android/dx/command/dexer/Main$FileBytesConsumer done
Event: 0.207 loading class java/util/zip/ZipFile$ZipEntryIterator
Event: 0.207 loading class java/util/zip/ZipFile$ZipEntryIterator done


Dynamic libraries:
0x00007ff6653b0000 - 0x00007ff6653e7000 	C:\Program Files\Java\jdk1.8.0_60\bin\java.exe
0x00007ff8699b0000 - 0x00007ff869b71000 	C:\WINDOWS\SYSTEM32\ntdll.dll
0x00007ff869900000 - 0x00007ff8699ad000 	C:\WINDOWS\system32\KERNEL32.DLL
0x00007ff866ba0000 - 0x00007ff866d88000 	C:\WINDOWS\system32\KERNELBASE.dll
0x00007ff8672c0000 - 0x00007ff867367000 	C:\WINDOWS\system32\ADVAPI32.dll
0x00007ff868a50000 - 0x00007ff868aed000 	C:\WINDOWS\system32\msvcrt.dll
0x00007ff8698a0000 - 0x00007ff8698fb000 	C:\WINDOWS\system32\sechost.dll
0x00007ff867160000 - 0x00007ff86727c000 	C:\WINDOWS\system32\RPCRT4.dll
0x00007ff868fe0000 - 0x00007ff869136000 	C:\WINDOWS\system32\USER32.dll
0x00007ff868d60000 - 0x00007ff868ee6000 	C:\WINDOWS\system32\GDI32.dll
0x00007ff860260000 - 0x00007ff8604d4000 	C:\WINDOWS\WinSxS\amd64_microsoft.windows.common-controls_6595b64144ccf1df_6.0.10586.0_none_8c15ae12515e1c22\COMCTL32.dll
0x00007ff866ee0000 - 0x00007ff86715d000 	C:\WINDOWS\system32\combase.dll
0x00007ff866180000 - 0x00007ff8661ea000 	C:\WINDOWS\system32\bcryptPrimitives.dll
0x00007ff867280000 - 0x00007ff8672bb000 	C:\WINDOWS\system32\IMM32.DLL
0x00007ff865ea0000 - 0x00007ff865ed1000 	C:\Windows\system32\nvinitx.dll
0x00007ff865e90000 - 0x00007ff865e9a000 	C:\WINDOWS\SYSTEM32\VERSION.dll
0x0000000054bf0000 - 0x0000000054bf6000 	C:\Program Files\NVIDIA Corporation\CoProcManager\_etoured.dll
0x00007ff863520000 - 0x00007ff863553000 	C:\Program Files\NVIDIA Corporation\CoProcManager\nvd3d9wrapx.dll
0x00007ff8693a0000 - 0x00007ff8697c9000 	C:\WINDOWS\system32\SETUPAPI.dll
0x00007ff866920000 - 0x00007ff866963000 	C:\WINDOWS\system32\CFGMGR32.dll
0x00007ff863260000 - 0x00007ff863282000 	C:\Program Files\NVIDIA Corporation\CoProcManager\nvdxgiwrapx.dll
0x00000000515d0000 - 0x00000000516a2000 	C:\Program Files\Java\jdk1.8.0_60\jre\bin\msvcr100.dll
0x0000000050d40000 - 0x00000000515c9000 	C:\Program Files\Java\jdk1.8.0_60\jre\bin\server\jvm.dll
0x00007ff869160000 - 0x00007ff869168000 	C:\WINDOWS\system32\PSAPI.DLL
0x00007ff858430000 - 0x00007ff858439000 	C:\WINDOWS\SYSTEM32\WSOCK32.dll
0x00007ff863d30000 - 0x00007ff863d53000 	C:\WINDOWS\SYSTEM32\WINMM.dll
0x00007ff8697d0000 - 0x00007ff86983b000 	C:\WINDOWS\system32\WS2_32.dll
0x00007ff863d00000 - 0x00007ff863d2c000 	C:\WINDOWS\SYSTEM32\winmmbase.dll
0x0000000050d30000 - 0x0000000050d3f000 	C:\Program Files\Java\jdk1.8.0_60\jre\bin\verify.dll
0x0000000050d00000 - 0x0000000050d29000 	C:\Program Files\Java\jdk1.8.0_60\jre\bin\java.dll
0x0000000050ce0000 - 0x0000000050cf6000 	C:\Program Files\Java\jdk1.8.0_60\jre\bin\zip.dll
0x00007ff8674f0000 - 0x00007ff868a4c000 	C:\WINDOWS\system32\SHELL32.dll
0x00007ff8662d0000 - 0x00007ff866914000 	C:\WINDOWS\system32\windows.storage.dll
0x00007ff869320000 - 0x00007ff869372000 	C:\WINDOWS\system32\shlwapi.dll
0x00007ff866030000 - 0x00007ff86603f000 	C:\WINDOWS\system32\kernel.appcore.dll
0x00007ff8661f0000 - 0x00007ff8662a5000 	C:\WINDOWS\system32\shcore.dll
0x00007ff865fd0000 - 0x00007ff86601b000 	C:\WINDOWS\system32\powrprof.dll
0x00007ff865fb0000 - 0x00007ff865fc4000 	C:\WINDOWS\system32\profapi.dll

VM Arguments:
jvm_args: -Djava.awt.headless=true -Xmx1024M -Dfile.encoding=windows-1252 -Duser.country=ES -Duser.language=es -Duser.variant 
java_command: com.android.dx.command.Main --dex --force-jumbo --num-threads=4 --multi-dex --output C:\Users\USER\Desktop\Proyectos\cashPokerProgresive3\app\build\intermediates\transforms\dex\debug\folders\1000\10\internal_impl-23.3.0_9f011d3cdeb89632feebfebe4914c15a2df4491d C:\Users\USER\Desktop\Proyectos\cashPokerProgresive3\app\build\intermediates\exploded-aar\com.android.support\support-v4\23.3.0\jars\libs\internal_impl-23.3.0.jar
java_class_path (initial): C:\Users\USER\AppData\Local\Android\sdk\build-tools\23.0.3\lib\dx.jar
Launcher Type: SUN_STANDARD

Environment Variables:
CLASSPATH=.;C:\Program Files (x86)\QuickTime\QTSystem\QTJava.zip
USERNAME=USER
OS=Windows_NT
PROCESSOR_IDENTIFIER=Intel64 Family 6 Model 58 Stepping 9, GenuineIntel



---------------  S Y S T E M  ---------------

OS: Windows 10.0 , 64 bit Build 10586 (10.0.10586.0)

CPU:total 4 (2 cores per cpu, 2 threads per core) family 6 model 58 stepping 9, cmov, cx8, fxsr, mmx, sse, sse2, sse3, ssse3, sse4.1, sse4.2, popcnt, avx, aes, clmul, erms, ht, tsc, tscinvbit, tscinv

Memory: 4k page, physical 6167652k(682252k free), swap 9308260k(2500k free)

vm_info: Java HotSpot(TM) 64-Bit Server VM (25.60-b23) for windows-amd64 JRE (1.8.0_60-b27), built on Aug  4 2015 11:06:27 by "java_re" with MS VC++ 10.0 (VS2010)

time: Tue Aug 30 16:11:57 2016
elapsed time: 0 seconds (0d 0h 0m 0s)

