#
# There is insufficient memory for the Java Runtime Environment to continue.
# Native memory allocation (malloc) failed to allocate 32744 bytes for ChunkPool::allocate
# Possible reasons:
#   The system is out of physical RAM or swap space
#   In 32 bit mode, the process size limit was hit
# Possible solutions:
#   Reduce memory load on the system
#   Increase physical memory or swap space
#   Check if swap backing store is full
#   Use 64 bit Java on a 64 bit OS
#   Decrease Java heap size (-Xmx/-Xms)
#   Decrease number of Java threads
#   Decrease Java thread stack sizes (-Xss)
#   Set larger code cache with -XX:ReservedCodeCacheSize=
# This output file may be truncated or incomplete.
#
#  Out of Memory Error (allocation.cpp:273), pid=7084, tid=6028
#
# JRE version: Java(TM) SE Runtime Environment (8.0_60-b27) (build 1.8.0_60-b27)
# Java VM: Java HotSpot(TM) 64-Bit Server VM (25.60-b23 mixed mode windows-amd64 compressed oops)
# Failed to write core dump. Minidumps are not enabled by default on client versions of Windows
#

---------------  T H R E A D  ---------------

Current thread (0x0000000014ad3800):  JavaThread "C2 CompilerThread1" daemon [_thread_in_native, id=6028, stack(0x0000000016220000,0x0000000016320000)]

Stack: [0x0000000016220000,0x0000000016320000]
[error occurred during error reporting (printing stack bounds), id 0xc0000005]

Native frames: (J=compiled Java code, j=interpreted, Vv=VM code, C=native code)


Current CompileTask:
C2:   2358  425       4       java.util.ArrayList$Itr::hasNext (20 bytes)


---------------  P R O C E S S  ---------------

Java Threads: ( => current thread )
  0x0000000016678000 JavaThread "pool-2-thread-4" [_thread_in_vm, id=9368, stack(0x0000000016e20000,0x0000000016f20000)]
  0x0000000016677800 JavaThread "pool-2-thread-3" [_thread_blocked, id=8504, stack(0x0000000016d20000,0x0000000016e20000)]
  0x00000000165ad000 JavaThread "pool-2-thread-2" [_thread_blocked, id=9068, stack(0x0000000016c20000,0x0000000016d20000)]
  0x00000000165ac000 JavaThread "pool-3-thread-1" [_thread_blocked, id=4168, stack(0x0000000016b20000,0x0000000016c20000)]
  0x00000000165a5800 JavaThread "pool-2-thread-1" [_thread_blocked, id=7204, stack(0x0000000016a20000,0x0000000016b20000)]
  0x000000001644b000 JavaThread "Service Thread" daemon [_thread_blocked, id=8560, stack(0x0000000016820000,0x0000000016920000)]
  0x0000000014adc000 JavaThread "C1 CompilerThread2" daemon [_thread_in_native, id=5264, stack(0x0000000016320000,0x0000000016420000)]
=>0x0000000014ad3800 JavaThread "C2 CompilerThread1" daemon [_thread_in_native, id=6028, stack(0x0000000016220000,0x0000000016320000)]
  0x0000000014ad1800 JavaThread "C2 CompilerThread0" daemon [_thread_in_native, id=9196, stack(0x0000000016120000,0x0000000016220000)]
  0x0000000014acf000 JavaThread "Attach Listener" daemon [_thread_blocked, id=5272, stack(0x0000000016020000,0x0000000016120000)]
  0x0000000014ace000 JavaThread "Signal Dispatcher" daemon [_thread_blocked, id=6968, stack(0x0000000015f20000,0x0000000016020000)]
  0x00000000023f8800 JavaThread "Finalizer" daemon [_thread_blocked, id=2936, stack(0x0000000015d20000,0x0000000015e20000)]
  0x00000000023ef800 JavaThread "Reference Handler" daemon [_thread_blocked, id=3384, stack(0x0000000015c20000,0x0000000015d20000)]
  0x000000000215e800 JavaThread "main" [_thread_blocked, id=3484, stack(0x0000000002200000,0x0000000002300000)]

Other Threads:
  0x0000000014a97000 VMThread [stack: 0x0000000015b20000,0x0000000015c20000] [id=8624]
  0x0000000016466000 WatcherThread [stack: 0x0000000016920000,0x0000000016a20000] [id=9396]

VM state:synchronizing (normal execution)

VM Mutex/Monitor currently owned by a thread:  ([mutex/lock_event])
[0x000000000215d760] Threads_lock - owner thread: 0x0000000014a97000
[0x000000000215d460] Heap_lock - owner thread: 0x00000000165ad000
[0x00000000023002d0] MethodData_lock - owner thread: 0x00000000165ad000

Heap:
 PSYoungGen      total 28672K, used 12314K [0x00000000eab00000, 0x00000000ecb00000, 0x0000000100000000)
  eden space 24576K, 50% used [0x00000000eab00000,0x00000000eb706af8,0x00000000ec300000)
  from space 4096K, 0% used [0x00000000ec700000,0x00000000ec700000,0x00000000ecb00000)
  to   space 4096K, 0% used [0x00000000ec300000,0x00000000ec300000,0x00000000ec700000)
 ParOldGen       total 65536K, used 0K [0x00000000c0000000, 0x00000000c4000000, 0x00000000eab00000)
  object space 65536K, 0% used [0x00000000c0000000,0x00000000c0000000,0x00000000c4000000)
 Metaspace       used 5452K, capacity 6448K, committed 6528K, reserved 1058816K
  class space    used 594K, capacity 616K, committed 640K, reserved 1048576K

Card table byte_map: [0x00000000117c0000,0x00000000119d0000] byte_map_base: 0x00000000111c0000

Marking Bits: (ParMarkBitMap*) 0x000000005154a5b0
 Begin Bits: [0x0000000011f30000, 0x0000000012f30000)
 End Bits:   [0x0000000012f30000, 0x0000000013f30000)

Polling page: 0x00000000001f0000

CodeCache: size=245760Kb used=1956Kb max_used=1967Kb free=243803Kb
 bounds [0x0000000002400000, 0x0000000002670000, 0x0000000011400000]
 total_blobs=667 nmethods=398 adapters=182
 compilation: enabled

Compilation events (10 events):
Event: 2.277 Thread 0x0000000014adc000 nmethod 400 0x00000000025e7a90 code [0x00000000025e7be0, 0x00000000025e7cf0]
Event: 2.277 Thread 0x0000000014adc000  402       3       com.android.dx.rop.type.Type::getCategory (36 bytes)
Event: 2.277 Thread 0x0000000014adc000 nmethod 402 0x00000000025e7750 code [0x00000000025e78a0, 0x00000000025e7a10]
Event: 2.277 Thread 0x0000000014adc000  397   !   3       com.android.dx.cf.code.BytecodeArray::parseInstruction (2764 bytes)
Event: 2.281 Thread 0x0000000014ad1800  418       4       java.lang.Math::min (11 bytes)
Event: 2.281 Thread 0x0000000014ad3800  401       4       java.util.HashMap::hash (20 bytes)
Event: 2.281 Thread 0x0000000014ad1800 nmethod 418 0x00000000025e7550 code [0x00000000025e7680, 0x00000000025e76d8]
Event: 2.282 Thread 0x0000000014ad3800 nmethod 401 0x00000000025eb690 code [0x00000000025eb7e0, 0x00000000025eb898]
Event: 2.284 Thread 0x0000000014ad1800  424       4       java.util.HashMap::getNode (148 bytes)
Event: 2.284 Thread 0x0000000014ad3800  425       4       java.util.ArrayList$Itr::hasNext (20 bytes)

GC Heap History (0 events):
No events

Deoptimization events (0 events):
No events

Internal exceptions (2 events):
Event: 0.072 Thread 0x000000000215e800 Exception <a 'java/lang/NoSuchMethodError': Method sun.misc.Unsafe.defineClass(Ljava/lang/String;[BII)Ljava/lang/Class; name or signature does not match> (0x00000000eab0e4f0) thrown at [C:\re\workspace\8-2-build-windows-amd64-cygwin\jdk8u60\4407\hotspot\srÌÚq°„²?
Event: 0.072 Thread 0x000000000215e800 Exception <a 'java/lang/NoSuchMethodError': Method sun.misc.Unsafe.prefetchRead(Ljava/lang/Object;J)V name or signature does not match> (0x00000000eab0e7d8) thrown at [C:\re\workspace\8-2-build-windows-amd64-cygwin\jdk8u60\4407\hotspot\src\share\vm\prims\j

Events (10 events):
Event: 2.267 loading class com/android/dx/dex/file/DebugInfoItem
Event: 2.267 loading class com/android/dx/dex/file/DebugInfoItem done
Event: 2.268 loading class com/android/dx/dex/file/MethodIdItem
Event: 2.268 loading class com/android/dx/dex/file/MethodIdItem done
Event: 2.269 loading class com/android/dx/cf/code/BytecodeArray$ConstantParserVisitor
Event: 2.269 loading class com/android/dx/cf/code/BytecodeArray$ConstantParserVisitor done
Event: 2.280 loading class com/android/dx/ssa/PhiInsn$Operand
Event: 2.280 loading class com/android/dx/ssa/PhiInsn$Operand done
Event: 2.284 loading class com/android/dx/ssa/back/FirstFitLocalCombiningAllocator$Multiset
Event: 2.284 loading class com/android/dx/ssa/back/FirstFitLocalCombiningAllocator$Multiset done


Dynamic libraries:
0x00007ff6653b0000 - 0x00007ff6653e7000 	C:\Program Files\Java\jdk1.8.0_60\bin\java.exe
0x00007ff8699b0000 - 0x00007ff869b71000 	C:\WINDOWS\SYSTEM32\ntdll.dll
0x00007ff869900000 - 0x00007ff8699ad000 	C:\WINDOWS\system32\KERNEL32.DLL
0x00007ff866ba0000 - 0x00007ff866d88000 	C:\WINDOWS\system32\KERNELBASE.dll
0x00007ff8672c0000 - 0x00007ff867367000 	C:\WINDOWS\system32\ADVAPI32.dll
0x00007ff868a50000 - 0x00007ff868aed000 	C:\WINDOWS\system32\msvcrt.dll
0x00007ff8698a0000 - 0x00007ff8698fb000 	C:\WINDOWS\system32\sechost.dll
0x00007ff867160000 - 0x00007ff86727c000 	C:\WINDOWS\system32\RPCRT4.dll
0x00007ff868fe0000 - 0x00007ff869136000 	C:\WINDOWS\system32\USER32.dll
0x00007ff868d60000 - 0x00007ff868ee6000 	C:\WINDOWS\system32\GDI32.dll
0x00007ff860260000 - 0x00007ff8604d4000 	C:\WINDOWS\WinSxS\amd64_microsoft.windows.common-controls_6595b64144ccf1df_6.0.10586.0_none_8c15ae12515e1c22\COMCTL32.dll
0x00007ff866ee0000 - 0x00007ff86715d000 	C:\WINDOWS\system32\combase.dll
0x00007ff866180000 - 0x00007ff8661ea000 	C:\WINDOWS\system32\bcryptPrimitives.dll
0x00007ff867280000 - 0x00007ff8672bb000 	C:\WINDOWS\system32\IMM32.DLL
0x00007ff865ea0000 - 0x00007ff865ed1000 	C:\Windows\system32\nvinitx.dll
0x00007ff865e90000 - 0x00007ff865e9a000 	C:\WINDOWS\SYSTEM32\VERSION.dll
0x0000000054bf0000 - 0x0000000054bf6000 	C:\Program Files\NVIDIA Corporation\CoProcManager\_etoured.dll
0x00007ff863520000 - 0x00007ff863553000 	C:\Program Files\NVIDIA Corporation\CoProcManager\nvd3d9wrapx.dll
0x00007ff8693a0000 - 0x00007ff8697c9000 	C:\WINDOWS\system32\SETUPAPI.dll
0x00007ff866920000 - 0x00007ff866963000 	C:\WINDOWS\system32\CFGMGR32.dll
0x00007ff863260000 - 0x00007ff863282000 	C:\Program Files\NVIDIA Corporation\CoProcManager\nvdxgiwrapx.dll
0x00000000515d0000 - 0x00000000516a2000 	C:\Program Files\Java\jdk1.8.0_60\jre\bin\msvcr100.dll
0x0000000050d40000 - 0x00000000515c9000 	C:\Program Files\Java\jdk1.8.0_60\jre\bin\server\jvm.dll
0x00007ff869160000 - 0x00007ff869168000 	C:\WINDOWS\system32\PSAPI.DLL
0x00007ff863d30000 - 0x00007ff863d53000 	C:\WINDOWS\SYSTEM32\WINMM.dll
0x00007ff858430000 - 0x00007ff858439000 	C:\WINDOWS\SYSTEM32\WSOCK32.dll
0x00007ff8697d0000 - 0x00007ff86983b000 	C:\WINDOWS\system32\WS2_32.dll
0x0000000002080000 - 0x00000000020ac000 	C:\WINDOWS\SYSTEM32\WINMMBASE.dll
0x0000000050d30000 - 0x0000000050d3f000 	C:\Program Files\Java\jdk1.8.0_60\jre\bin\verify.dll
0x0000000050d00000 - 0x0000000050d29000 	C:\Program Files\Java\jdk1.8.0_60\jre\bin\java.dll
0x0000000050ce0000 - 0x0000000050cf6000 	C:\Program Files\Java\jdk1.8.0_60\jre\bin\zip.dll
0x00007ff8674f0000 - 0x00007ff868a4c000 	C:\WINDOWS\system32\SHELL32.dll
0x00007ff8662d0000 - 0x00007ff866914000 	C:\WINDOWS\system32\windows.storage.dll
0x00007ff869320000 - 0x00007ff869372000 	C:\WINDOWS\system32\shlwapi.dll
0x00007ff866030000 - 0x00007ff86603f000 	C:\WINDOWS\system32\kernel.appcore.dll
0x00007ff8661f0000 - 0x00007ff8662a5000 	C:\WINDOWS\system32\shcore.dll
0x00007ff865fd0000 - 0x00007ff86601b000 	C:\WINDOWS\system32\powrprof.dll
0x00007ff865fb0000 - 0x00007ff865fc4000 	C:\WINDOWS\system32\profapi.dll

VM Arguments:
jvm_args: -Djava.awt.headless=true -Xmx1024M -Dfile.encoding=windows-1252 -Duser.country=ES -Duser.language=es -Duser.variant 
java_command: com.android.dx.command.Main --dex --force-jumbo --num-threads=4 --multi-dex --output C:\Users\USER\Desktop\Proyectos\cashPokerProgresive3\app\build\intermediates\transforms\dex\debug\folders\1000\10\com.android.support-support-vector-drawable-23.3.0_2daaa299f6715d9a10e24a886bff321a64802aa0 C:\Users\USER\Desktop\Proyectos\cashPokerProgresive3\app\build\intermediates\exploded-aar\com.android.support\support-vector-drawable\23.3.0\jars\classes.jar
java_class_path (initial): C:\Users\USER\AppData\Local\Android\sdk\build-tools\23.0.3\lib\dx.jar
Launcher Type: SUN_STANDARD

Environment Variables:
CLASSPATH=.;C:\Program Files (x86)\QuickTime\QTSystem\QTJava.zip
USERNAME=USER
OS=Windows_NT
PROCESSOR_IDENTIFIER=Intel64 Family 6 Model 58 Stepping 9, GenuineIntel



---------------  S Y S T E M  ---------------

OS: Windows 10.0 , 64 bit Build 10586 (10.0.10586.0)

CPU:total 4 (2 cores per cpu, 2 threads per core) family 6 model 58 stepping 9, cmov, cx8, fxsr, mmx, sse, sse2, sse3, ssse3, sse4.1, sse4.2, popcnt, avx, aes, clmul, erms, ht, tsc, tscinvbit, tscinv

Memory: 4k page, physical 6167652k(669528k free), swap 9308260k(18512k free)

vm_info: Java HotSpot(TM) 64-Bit Server VM (25.60-b23) for windows-amd64 JRE (1.8.0_60-b27), built on Aug  4 2015 11:06:27 by "java_re" with MS VC++ 10.0 (VS2010)

time: Tue Aug 30 16:11:59 2016
elapsed time: 2 seconds (0d 0h 0m 2s)

