#
# There is insufficient memory for the Java Runtime Environment to continue.
# Native memory allocation (malloc) failed to allocate 32744 bytes for ChunkPool::allocate
# Possible reasons:
#   The system is out of physical RAM or swap space
#   In 32 bit mode, the process size limit was hit
# Possible solutions:
#   Reduce memory load on the system
#   Increase physical memory or swap space
#   Check if swap backing store is full
#   Use 64 bit Java on a 64 bit OS
#   Decrease Java heap size (-Xmx/-Xms)
#   Decrease number of Java threads
#   Decrease Java thread stack sizes (-Xss)
#   Set larger code cache with -XX:ReservedCodeCacheSize=
# This output file may be truncated or incomplete.
#
#  Out of Memory Error (allocation.cpp:273), pid=4900, tid=5424
#
# JRE version: Java(TM) SE Runtime Environment (8.0_60-b27) (build 1.8.0_60-b27)
# Java VM: Java HotSpot(TM) 64-Bit Server VM (25.60-b23 mixed mode windows-amd64 compressed oops)
# Failed to write core dump. Minidumps are not enabled by default on client versions of Windows
#

---------------  T H R E A D  ---------------

Current thread (0x0000000016310800):  JavaThread "C1 CompilerThread2" daemon [_thread_in_native, id=5424, stack(0x0000000016700000,0x0000000016800000)]

Stack: [0x0000000016700000,0x0000000016800000]
[error occurred during error reporting (printing stack bounds), id 0xc0000005]

Native frames: (J=compiled Java code, j=interpreted, Vv=VM code, C=native code)


Current CompileTask:
C1:   2228  464   !   3       com.android.dx.cf.code.BytecodeArray::parseInstruction (2764 bytes)


---------------  P R O C E S S  ---------------

Java Threads: ( => current thread )
  0x0000000014afd800 JavaThread "Service Thread" daemon [_thread_blocked, id=6532, stack(0x0000000016800000,0x0000000016900000)]
=>0x0000000016310800 JavaThread "C1 CompilerThread2" daemon [_thread_in_native, id=5424, stack(0x0000000016700000,0x0000000016800000)]
  0x0000000014aa3800 JavaThread "C2 CompilerThread1" daemon [_thread_in_native, id=7704, stack(0x0000000016200000,0x0000000016300000)]
  0x0000000014aa1000 JavaThread "C2 CompilerThread0" daemon [_thread_in_vm, id=3856, stack(0x0000000016100000,0x0000000016200000)]
  0x0000000014a9f800 JavaThread "Attach Listener" daemon [_thread_blocked, id=7452, stack(0x0000000016000000,0x0000000016100000)]
  0x0000000014a9e000 JavaThread "Signal Dispatcher" daemon [_thread_blocked, id=4244, stack(0x0000000015f00000,0x0000000016000000)]
  0x00000000023c3800 JavaThread "Finalizer" daemon [_thread_blocked, id=10568, stack(0x0000000015d00000,0x0000000015e00000)]
  0x00000000023c0000 JavaThread "Reference Handler" daemon [_thread_blocked, id=5004, stack(0x0000000015c00000,0x0000000015d00000)]
  0x000000000089e800 JavaThread "main" [_thread_blocked, id=6852, stack(0x00000000021d0000,0x00000000022d0000)]

Other Threads:
  0x0000000014a67800 VMThread [stack: 0x0000000015b00000,0x0000000015c00000] [id=4044]
  0x0000000016314000 WatcherThread [stack: 0x0000000016900000,0x0000000016a00000] [id=4740]

VM state:synchronizing (normal execution)

VM Mutex/Monitor currently owned by a thread:  ([mutex/lock_event])
[0x000000000089d600] Threads_lock - owner thread: 0x0000000014a67800

Heap:
 PSYoungGen      total 28672K, used 17515K [0x00000000eab00000, 0x00000000ecb00000, 0x0000000100000000)
  eden space 24576K, 71% used [0x00000000eab00000,0x00000000ebc1ac78,0x00000000ec300000)
  from space 4096K, 0% used [0x00000000ec700000,0x00000000ec700000,0x00000000ecb00000)
  to   space 4096K, 0% used [0x00000000ec300000,0x00000000ec300000,0x00000000ec700000)
 ParOldGen       total 65536K, used 0K [0x00000000c0000000, 0x00000000c4000000, 0x00000000eab00000)
  object space 65536K, 0% used [0x00000000c0000000,0x00000000c0000000,0x00000000c4000000)
 Metaspace       used 6052K, capacity 6808K, committed 7168K, reserved 1056768K
  class space    used 650K, capacity 656K, committed 768K, reserved 1048576K

Card table byte_map: [0x0000000011790000,0x00000000119a0000] byte_map_base: 0x0000000011190000

Marking Bits: (ParMarkBitMap*) 0x0000000064a9a5b0
 Begin Bits: [0x0000000011f00000, 0x0000000012f00000)
 End Bits:   [0x0000000012f00000, 0x0000000013f00000)

Polling page: 0x00000000001f0000

CodeCache: size=245760Kb used=2020Kb max_used=2028Kb free=243739Kb
 bounds [0x00000000023d0000, 0x0000000002640000, 0x00000000113d0000]
 total_blobs=745 nmethods=469 adapters=189
 compilation: enabled

Compilation events (10 events):
Event: 0.842 Thread 0x0000000014aa3800 nmethod 486 0x00000000025c8750 code [0x00000000025c88a0, 0x00000000025c8bb8]
Event: 0.842 Thread 0x0000000014aa3800  491       4       java.lang.String::compareTo (78 bytes)
Event: 0.845 Thread 0x0000000014aa3800 nmethod 491 0x00000000025c1f90 code [0x00000000025c20e0, 0x00000000025c2278]
Event: 0.846 Thread 0x0000000014aa3800  492   !   4       com.android.dx.util.IntList::get (36 bytes)
Event: 0.846 Thread 0x0000000014aa3800 nmethod 492 0x00000000025c8490 code [0x00000000025c85c0, 0x00000000025c8678]
Event: 0.846 Thread 0x0000000014aa3800  498       4       com.android.dx.util.Bits::set (19 bytes)
Event: 0.847 Thread 0x0000000014aa3800 nmethod 498 0x00000000025cb050 code [0x00000000025cb180, 0x00000000025cb218]
Event: 0.850 Thread 0x0000000014aa3800  506       4       java.lang.Long::bitCount (61 bytes)
Event: 0.851 Thread 0x0000000014aa3800 nmethod 506 0x00000000025c8250 code [0x00000000025c8380, 0x00000000025c8438]
Event: 0.853 Thread 0x0000000014aa3800  509       4       java.util.HashMap::get (23 bytes)

GC Heap History (0 events):
No events

Deoptimization events (1 events):
Event: 0.848 Thread 0x0000000016583000 Uncommon trap: reason=unstable_if action=reinterpret pc=0x00000000025ca778 method=java.util.HashMap.getNode(ILjava/lang/Object;)Ljava/util/HashMap$Node; @ 62

Internal exceptions (2 events):
Event: 0.094 Thread 0x000000000089e800 Exception <a 'java/lang/NoSuchMethodError': Method sun.misc.Unsafe.defineClass(Ljava/lang/String;[BII)Ljava/lang/Class; name or signature does not match> (0x00000000eab0e4f8) thrown at [C:\re\workspace\8-2-build-windows-amd64-cygwin\jdk8u60\4407\hotspot\srHÛDµQ∏?
Event: 0.094 Thread 0x000000000089e800 Exception <a 'java/lang/NoSuchMethodError': Method sun.misc.Unsafe.prefetchRead(Ljava/lang/Object;J)V name or signature does not match> (0x00000000eab0e7e0) thrown at [C:\re\workspace\8-2-build-windows-amd64-cygwin\jdk8u60\4407\hotspot\src\share\vm\prims\j

Events (10 events):
Event: 0.848 Thread 0x0000000016583000 DEOPT UNPACKING pc=0x000000000241582a sp=0x0000000016afe478 mode 2
Event: 0.849 loading class java/util/HashMap$Values
Event: 0.849 loading class java/util/HashMap$Values done
Event: 0.849 loading class java/util/HashMap$ValueIterator
Event: 0.849 loading class java/util/HashMap$ValueIterator done
Event: 0.853 Thread 0x0000000016589000 Thread exited: 0x0000000016589000
Event: 0.867 loading class java/util/DualPivotQuicksort
Event: 0.867 loading class java/util/DualPivotQuicksort done
Event: 0.871 loading class com/android/dx/dex/file/MethodAnnotationStruct
Event: 0.871 loading class com/android/dx/dex/file/MethodAnnotationStruct done


Dynamic libraries:
0x00007ff79f110000 - 0x00007ff79f147000 	C:\Program Files\Java\jdk1.8.0_60\bin\java.exe
0x00007ffb55420000 - 0x00007ffb555e1000 	C:\WINDOWS\SYSTEM32\ntdll.dll
0x00007ffb552a0000 - 0x00007ffb5534d000 	C:\WINDOWS\system32\KERNEL32.DLL
0x00007ffb52460000 - 0x00007ffb52648000 	C:\WINDOWS\system32\KERNELBASE.dll
0x00007ffb55190000 - 0x00007ffb55237000 	C:\WINDOWS\system32\ADVAPI32.dll
0x00007ffb55350000 - 0x00007ffb553ed000 	C:\WINDOWS\system32\msvcrt.dll
0x00007ffb52ad0000 - 0x00007ffb52b2b000 	C:\WINDOWS\system32\sechost.dll
0x00007ffb53410000 - 0x00007ffb5352c000 	C:\WINDOWS\system32\RPCRT4.dll
0x00007ffb52b30000 - 0x00007ffb52c86000 	C:\WINDOWS\system32\USER32.dll
0x00007ffb531a0000 - 0x00007ffb53326000 	C:\WINDOWS\system32\GDI32.dll
0x00007ffb4c0e0000 - 0x00007ffb4c354000 	C:\WINDOWS\WinSxS\amd64_microsoft.windows.common-controls_6595b64144ccf1df_6.0.10586.0_none_8c15ae12515e1c22\COMCTL32.dll
0x00007ffb54f10000 - 0x00007ffb5518d000 	C:\WINDOWS\system32\combase.dll
0x00007ffb52790000 - 0x00007ffb527fa000 	C:\WINDOWS\system32\bcryptPrimitives.dll
0x00007ffb536b0000 - 0x00007ffb536eb000 	C:\WINDOWS\system32\IMM32.DLL
0x00007ffb51910000 - 0x00007ffb51941000 	C:\Windows\system32\nvinitx.dll
0x00007ffb51900000 - 0x00007ffb5190a000 	C:\WINDOWS\SYSTEM32\VERSION.dll
0x0000000067ab0000 - 0x0000000067ab6000 	C:\Program Files\NVIDIA Corporation\CoProcManager\_etoured.dll
0x00007ffb4f020000 - 0x00007ffb4f053000 	C:\Program Files\NVIDIA Corporation\CoProcManager\nvd3d9wrapx.dll
0x00007ffb52d60000 - 0x00007ffb53189000 	C:\WINDOWS\system32\SETUPAPI.dll
0x00007ffb526e0000 - 0x00007ffb52723000 	C:\WINDOWS\system32\CFGMGR32.dll
0x00007ffb4eee0000 - 0x00007ffb4ef02000 	C:\Program Files\NVIDIA Corporation\CoProcManager\nvdxgiwrapx.dll
0x0000000064b20000 - 0x0000000064bf2000 	C:\Program Files\Java\jdk1.8.0_60\jre\bin\msvcr100.dll
0x0000000064290000 - 0x0000000064b19000 	C:\Program Files\Java\jdk1.8.0_60\jre\bin\server\jvm.dll
0x00007ffb53190000 - 0x00007ffb53198000 	C:\WINDOWS\system32\PSAPI.DLL
0x00007ffb4ffb0000 - 0x00007ffb4ffd3000 	C:\WINDOWS\SYSTEM32\WINMM.dll
0x00007ffb45130000 - 0x00007ffb45139000 	C:\WINDOWS\SYSTEM32\WSOCK32.dll
0x00007ffb4fd60000 - 0x00007ffb4fd8c000 	C:\WINDOWS\SYSTEM32\WINMMBASE.dll
0x00007ffb52cf0000 - 0x00007ffb52d5b000 	C:\WINDOWS\system32\WS2_32.dll
0x0000000064280000 - 0x000000006428f000 	C:\Program Files\Java\jdk1.8.0_60\jre\bin\verify.dll
0x0000000064250000 - 0x0000000064279000 	C:\Program Files\Java\jdk1.8.0_60\jre\bin\java.dll
0x0000000064230000 - 0x0000000064246000 	C:\Program Files\Java\jdk1.8.0_60\jre\bin\zip.dll
0x00007ffb536f0000 - 0x00007ffb54c4c000 	C:\WINDOWS\system32\SHELL32.dll
0x00007ffb51df0000 - 0x00007ffb52434000 	C:\WINDOWS\system32\windows.storage.dll
0x00007ffb54c50000 - 0x00007ffb54ca2000 	C:\WINDOWS\system32\shlwapi.dll
0x00007ffb51aa0000 - 0x00007ffb51aaf000 	C:\WINDOWS\system32\kernel.appcore.dll
0x00007ffb51b60000 - 0x00007ffb51c15000 	C:\WINDOWS\system32\shcore.dll
0x00007ffb51a50000 - 0x00007ffb51a9b000 	C:\WINDOWS\system32\powrprof.dll
0x00007ffb51a20000 - 0x00007ffb51a34000 	C:\WINDOWS\system32\profapi.dll

VM Arguments:
jvm_args: -Djava.awt.headless=true -Xmx1024M -Dfile.encoding=windows-1252 -Duser.country=ES -Duser.language=es -Duser.variant 
java_command: com.android.dx.command.Main --dex --force-jumbo --num-threads=4 --multi-dex --output C:\Users\USER\Desktop\Proyectos\cashPokerProgresive3\app\build\intermediates\transforms\dex\debug\folders\1000\10\com.android.support-animated-vector-drawable-23.3.0_af7a56e423abebe4a5263df9d69e0f21487b7508 C:\Users\USER\Desktop\Proyectos\cashPokerProgresive3\app\build\intermediates\exploded-aar\com.android.support\animated-vector-drawable\23.3.0\jars\classes.jar
java_class_path (initial): C:\Users\USER\AppData\Local\Android\sdk\build-tools\23.0.3\lib\dx.jar
Launcher Type: SUN_STANDARD

Environment Variables:
CLASSPATH=.;C:\Program Files (x86)\QuickTime\QTSystem\QTJava.zip
USERNAME=USER
OS=Windows_NT
PROCESSOR_IDENTIFIER=Intel64 Family 6 Model 58 Stepping 9, GenuineIntel



---------------  S Y S T E M  ---------------

OS: Windows 10.0 , 64 bit Build 10586 (10.0.10586.0)

CPU:total 4 (2 cores per cpu, 2 threads per core) family 6 model 58 stepping 9, cmov, cx8, fxsr, mmx, sse, sse2, sse3, ssse3, sse4.1, sse4.2, popcnt, avx, aes, clmul, erms, ht, tsc, tscinvbit, tscinv

Memory: 4k page, physical 6167652k(680696k free), swap 9308260k(7668k free)

vm_info: Java HotSpot(TM) 64-Bit Server VM (25.60-b23) for windows-amd64 JRE (1.8.0_60-b27), built on Aug  4 2015 11:06:27 by "java_re" with MS VC++ 10.0 (VS2010)

time: Thu May 19 15:06:33 2016
elapsed time: 2 seconds (0d 0h 0m 2s)

