#
# There is insufficient memory for the Java Runtime Environment to continue.
# Native memory allocation (malloc) failed to allocate 708816 bytes for Chunk::new
# Possible reasons:
#   The system is out of physical RAM or swap space
#   In 32 bit mode, the process size limit was hit
# Possible solutions:
#   Reduce memory load on the system
#   Increase physical memory or swap space
#   Check if swap backing store is full
#   Use 64 bit Java on a 64 bit OS
#   Decrease Java heap size (-Xmx/-Xms)
#   Decrease number of Java threads
#   Decrease Java thread stack sizes (-Xss)
#   Set larger code cache with -XX:ReservedCodeCacheSize=
# This output file may be truncated or incomplete.
#
#  Out of Memory Error (allocation.cpp:390), pid=10340, tid=11904
#
# JRE version: Java(TM) SE Runtime Environment (8.0_60-b27) (build 1.8.0_60-b27)
# Java VM: Java HotSpot(TM) 64-Bit Server VM (25.60-b23 mixed mode windows-amd64 compressed oops)
# Failed to write core dump. Minidumps are not enabled by default on client versions of Windows
#

---------------  T H R E A D  ---------------

Current thread (0x0000000014980000):  JavaThread "C2 CompilerThread0" daemon [_thread_in_native, id=11904, stack(0x0000000015fe0000,0x00000000160e0000)]

Stack: [0x0000000015fe0000,0x00000000160e0000]
[error occurred during error reporting (printing stack bounds), id 0xc0000005]

Native frames: (J=compiled Java code, j=interpreted, Vv=VM code, C=native code)


Current CompileTask:
C2:   4275 1398       4       com.android.dx.ssa.LocalVariableExtractor::processBlock (383 bytes)


---------------  P R O C E S S  ---------------

Java Threads: ( => current thread )
  0x000000001653c000 JavaThread "pool-2-thread-4" [_thread_blocked, id=4788, stack(0x0000000016ce0000,0x0000000016de0000)]
  0x000000001653b000 JavaThread "pool-2-thread-3" [_thread_in_Java, id=3696, stack(0x0000000016be0000,0x0000000016ce0000)]
  0x000000001653a800 JavaThread "pool-2-thread-2" [_thread_in_Java, id=10312, stack(0x0000000016ae0000,0x0000000016be0000)]
  0x0000000016537800 JavaThread "pool-3-thread-1" [_thread_blocked, id=5416, stack(0x00000000169e0000,0x0000000016ae0000)]
  0x0000000016536800 JavaThread "pool-2-thread-1" [_thread_in_Java, id=10272, stack(0x00000000168e0000,0x00000000169e0000)]
  0x00000000162e2000 JavaThread "Service Thread" daemon [_thread_blocked, id=9192, stack(0x00000000166e0000,0x00000000167e0000)]
  0x00000000149dd000 JavaThread "C1 CompilerThread2" daemon [_thread_blocked, id=10196, stack(0x00000000161e0000,0x00000000162e0000)]
  0x00000000149d8800 JavaThread "C2 CompilerThread1" daemon [_thread_in_native, id=4748, stack(0x00000000160e0000,0x00000000161e0000)]
=>0x0000000014980000 JavaThread "C2 CompilerThread0" daemon [_thread_in_native, id=11904, stack(0x0000000015fe0000,0x00000000160e0000)]
  0x000000001497e000 JavaThread "Attach Listener" daemon [_thread_blocked, id=11780, stack(0x0000000015ee0000,0x0000000015fe0000)]
  0x000000001497d000 JavaThread "Signal Dispatcher" daemon [_thread_blocked, id=11228, stack(0x0000000015de0000,0x0000000015ee0000)]
  0x00000000022a2800 JavaThread "Finalizer" daemon [_thread_blocked, id=10536, stack(0x0000000015be0000,0x0000000015ce0000)]
  0x000000000229f800 JavaThread "Reference Handler" daemon [_thread_blocked, id=8424, stack(0x0000000015ae0000,0x0000000015be0000)]
  0x00000000021b2800 JavaThread "main" [_thread_in_Java, id=9636, stack(0x00000000020a0000,0x00000000021a0000)]

Other Threads:
  0x0000000014948800 VMThread [stack: 0x00000000159e0000,0x0000000015ae0000] [id=9332]
  0x00000000162e6800 WatcherThread [stack: 0x00000000167e0000,0x00000000168e0000] [id=10984]

VM state:not at safepoint (normal execution)

VM Mutex/Monitor currently owned by a thread: None

Heap:
 PSYoungGen      total 28672K, used 23798K [0x00000000eab00000, 0x00000000ee300000, 0x0000000100000000)
  eden space 24576K, 80% used [0x00000000eab00000,0x00000000ebe43100,0x00000000ec300000)
  from space 4096K, 99% used [0x00000000ec300000,0x00000000ec6fa748,0x00000000ec700000)
  to   space 4096K, 0% used [0x00000000edf00000,0x00000000edf00000,0x00000000ee300000)
 ParOldGen       total 65536K, used 436K [0x00000000c0000000, 0x00000000c4000000, 0x00000000eab00000)
  object space 65536K, 0% used [0x00000000c0000000,0x00000000c006d0a0,0x00000000c4000000)
 Metaspace       used 6127K, capacity 7024K, committed 7296K, reserved 1056768K
  class space    used 602K, capacity 616K, committed 640K, reserved 1048576K

Card table byte_map: [0x0000000011670000,0x0000000011880000] byte_map_base: 0x0000000011070000

Marking Bits: (ParMarkBitMap*) 0x0000000051aba5b0
 Begin Bits: [0x0000000011de0000, 0x0000000012de0000)
 End Bits:   [0x0000000012de0000, 0x0000000013de0000)

Polling page: 0x00000000001f0000

CodeCache: size=245760Kb used=5954Kb max_used=5954Kb free=239805Kb
 bounds [0x00000000022b0000, 0x0000000002890000, 0x00000000112b0000]
 total_blobs=1689 nmethods=1420 adapters=182
 compilation: enabled

Compilation events (10 events):
Event: 4.265 Thread 0x00000000149dd000 nmethod 1421 0x0000000002882810 code [0x0000000002882960, 0x0000000002882ab0]
Event: 4.266 Thread 0x00000000149dd000 1422       3       java.util.concurrent.locks.AbstractQueuedSynchronizer::compareAndSetWaitStatus (13 bytes)
Event: 4.266 Thread 0x00000000149dd000 nmethod 1422 0x0000000002882b50 code [0x0000000002882ca0, 0x0000000002882df0]
Event: 4.269 Thread 0x00000000149dd000 1423       3       com.android.dx.cf.code.BytecodeArray::<init> (43 bytes)
Event: 4.269 Thread 0x00000000149dd000 nmethod 1423 0x0000000002882e50 code [0x0000000002882fe0, 0x0000000002883398]
Event: 4.269 Thread 0x00000000149dd000 1424   !   3       com.android.dx.cf.attrib.AttLineNumberTable::<init> (43 bytes)
Event: 4.270 Thread 0x00000000149dd000 nmethod 1424 0x0000000002883510 code [0x00000000028836c0, 0x0000000002883bb8]
Event: 4.270 Thread 0x00000000149dd000 1425   !   3       com.android.dx.cf.attrib.BaseLocalVariables::<init> (42 bytes)
Event: 4.270 Thread 0x00000000149dd000 nmethod 1425 0x0000000002883e50 code [0x0000000002884000, 0x00000000028845c8]
Event: 4.273 Thread 0x00000000149dd000 1426       3       java.util.concurrent.locks.AbstractQueuedSynchronizer::release (33 bytes)

GC Heap History (2 events):
Event: 2.917 GC heap before
{Heap before GC invocations=1 (full 0):
 PSYoungGen      total 28672K, used 24576K [0x00000000eab00000, 0x00000000ecb00000, 0x0000000100000000)
  eden space 24576K, 100% used [0x00000000eab00000,0x00000000ec300000,0x00000000ec300000)
  from space 4096K, 0% used [0x00000000ec700000,0x00000000ec700000,0x00000000ecb00000)
  to   space 4096K, 0% used [0x00000000ec300000,0x00000000ec300000,0x00000000ec700000)
 ParOldGen       total 65536K, used 0K [0x00000000c0000000, 0x00000000c4000000, 0x00000000eab00000)
  object space 65536K, 0% used [0x00000000c0000000,0x00000000c0000000,0x00000000c4000000)
 Metaspace       used 5895K, capacity 6832K, committed 7040K, reserved 1056768K
  class space    used 601K, capacity 616K, committed 640K, reserved 1048576K
Event: 3.151 GC heap after
Heap after GC invocations=1 (full 0):
 PSYoungGen      total 28672K, used 4073K [0x00000000eab00000, 0x00000000ee300000, 0x0000000100000000)
  eden space 24576K, 0% used [0x00000000eab00000,0x00000000eab00000,0x00000000ec300000)
  from space 4096K, 99% used [0x00000000ec300000,0x00000000ec6fa748,0x00000000ec700000)
  to   space 4096K, 0% used [0x00000000edf00000,0x00000000edf00000,0x00000000ee300000)
 ParOldGen       total 65536K, used 436K [0x00000000c0000000, 0x00000000c4000000, 0x00000000eab00000)
  object space 65536K, 0% used [0x00000000c0000000,0x00000000c006d0a0,0x00000000c4000000)
 Metaspace       used 5895K, capacity 6832K, committed 7040K, reserved 1056768K
  class space    used 601K, capacity 616K, committed 640K, reserved 1048576K
}

Deoptimization events (6 events):
Event: 1.280 Thread 0x00000000021b2800 Uncommon trap: reason=unstable_if action=reinterpret pc=0x00000000024010d4 method=java.lang.String.compareTo(Ljava/lang/String;)I @ 38
Event: 2.628 Thread 0x00000000021b2800 Uncommon trap: reason=unstable_if action=reinterpret pc=0x0000000002580ea0 method=com.android.dx.rop.code.RegisterSpec.equals(ILcom/android/dx/rop/type/TypeBearer;Lcom/android/dx/rop/code/LocalItem;)Z @ 42
Event: 3.420 Thread 0x000000001653b000 Uncommon trap: reason=unstable_if action=reinterpret pc=0x00000000025b3cac method=com.android.dx.rop.code.RegisterSpecSet.put(Lcom/android/dx/rop/code/RegisterSpec;)V @ 77
Event: 3.420 Thread 0x000000001653b000 Uncommon trap: reason=unstable_if action=reinterpret pc=0x00000000026859ac method=com.android.dx.rop.code.RegisterSpecSet.put(Lcom/android/dx/rop/code/RegisterSpec;)V @ 77
Event: 4.130 Thread 0x000000001653a800 Uncommon trap: reason=bimorphic action=maybe_recompile pc=0x00000000027fbae0 method=com.android.dx.cf.code.BytecodeArray.parseInstruction(ILcom/android/dx/cf/code/BytecodeArray$Visitor;)I @ 2484
Event: 4.140 Thread 0x000000001653a800 Uncommon trap: reason=bimorphic action=maybe_recompile pc=0x00000000027fbae0 method=com.android.dx.cf.code.BytecodeArray.parseInstruction(ILcom/android/dx/cf/code/BytecodeArray$Visitor;)I @ 2484

Internal exceptions (2 events):
Event: 0.344 Thread 0x00000000021b2800 Exception <a 'java/lang/NoSuchMethodError': Method sun.misc.Unsafe.defineClass(Ljava/lang/String;[BII)Ljava/lang/Class; name or signature does not match> (0x00000000eab0e538) thrown at [C:\re\workspace\8-2-build-windows-amd64-cygwin\jdk8u60\4407\hotspot\srqù[´R÷?
Event: 0.344 Thread 0x00000000021b2800 Exception <a 'java/lang/NoSuchMethodError': Method sun.misc.Unsafe.prefetchRead(Ljava/lang/Object;J)V name or signature does not match> (0x00000000eab0e820) thrown at [C:\re\workspace\8-2-build-windows-amd64-cygwin\jdk8u60\4407\hotspot\src\share\vm\prims\j

Events (10 events):
Event: 3.420 Thread 0x000000001653b000 DEOPT PACKING pc=0x00000000026859ac sp=0x0000000016cde650
Event: 3.432 Thread 0x000000001653b000 DEOPT UNPACKING pc=0x00000000022f582a sp=0x0000000016cde570 mode 2
Event: 3.488 loading class com/android/dx/dex/file/FieldAnnotationStruct
Event: 3.488 loading class com/android/dx/dex/file/FieldAnnotationStruct done
Event: 4.130 Thread 0x000000001653a800 Uncommon trap: trap_request=0xffffffc6 fr.pc=0x00000000027fbae0
Event: 4.130 Thread 0x000000001653a800 DEOPT PACKING pc=0x00000000027fbae0 sp=0x0000000016bdea70
Event: 4.130 Thread 0x000000001653a800 DEOPT UNPACKING pc=0x00000000022f582a sp=0x0000000016bde9f8 mode 2
Event: 4.140 Thread 0x000000001653a800 Uncommon trap: trap_request=0xffffffc6 fr.pc=0x00000000027fbae0
Event: 4.140 Thread 0x000000001653a800 DEOPT PACKING pc=0x00000000027fbae0 sp=0x0000000016bde850
Event: 4.140 Thread 0x000000001653a800 DEOPT UNPACKING pc=0x00000000022f582a sp=0x0000000016bde7d8 mode 2


Dynamic libraries:
0x00007ff6bab00000 - 0x00007ff6bab37000 	C:\Program Files\Java\jdk1.8.0_60\bin\java.exe
0x00007ff8699b0000 - 0x00007ff869b71000 	C:\WINDOWS\SYSTEM32\ntdll.dll
0x00007ff869900000 - 0x00007ff8699ad000 	C:\WINDOWS\system32\KERNEL32.DLL
0x00007ff866ba0000 - 0x00007ff866d88000 	C:\WINDOWS\system32\KERNELBASE.dll
0x00007ff8672c0000 - 0x00007ff867367000 	C:\WINDOWS\system32\ADVAPI32.dll
0x00007ff868a50000 - 0x00007ff868aed000 	C:\WINDOWS\system32\msvcrt.dll
0x00007ff8698a0000 - 0x00007ff8698fb000 	C:\WINDOWS\system32\sechost.dll
0x00007ff867160000 - 0x00007ff86727c000 	C:\WINDOWS\system32\RPCRT4.dll
0x00007ff868fe0000 - 0x00007ff869136000 	C:\WINDOWS\system32\USER32.dll
0x00007ff868d60000 - 0x00007ff868ee6000 	C:\WINDOWS\system32\GDI32.dll
0x00007ff860260000 - 0x00007ff8604d4000 	C:\WINDOWS\WinSxS\amd64_microsoft.windows.common-controls_6595b64144ccf1df_6.0.10586.0_none_8c15ae12515e1c22\COMCTL32.dll
0x00007ff866ee0000 - 0x00007ff86715d000 	C:\WINDOWS\system32\combase.dll
0x00007ff866180000 - 0x00007ff8661ea000 	C:\WINDOWS\system32\bcryptPrimitives.dll
0x00007ff867280000 - 0x00007ff8672bb000 	C:\WINDOWS\system32\IMM32.DLL
0x00007ff865ea0000 - 0x00007ff865ed1000 	C:\Windows\system32\nvinitx.dll
0x00007ff865e90000 - 0x00007ff865e9a000 	C:\WINDOWS\SYSTEM32\VERSION.dll
0x0000000054bf0000 - 0x0000000054bf6000 	C:\Program Files\NVIDIA Corporation\CoProcManager\_etoured.dll
0x00007ff863520000 - 0x00007ff863553000 	C:\Program Files\NVIDIA Corporation\CoProcManager\nvd3d9wrapx.dll
0x00007ff8693a0000 - 0x00007ff8697c9000 	C:\WINDOWS\system32\SETUPAPI.dll
0x00007ff866920000 - 0x00007ff866963000 	C:\WINDOWS\system32\CFGMGR32.dll
0x00007ff863260000 - 0x00007ff863282000 	C:\Program Files\NVIDIA Corporation\CoProcManager\nvdxgiwrapx.dll
0x00000000522a0000 - 0x0000000052372000 	C:\Program Files\Java\jdk1.8.0_60\jre\bin\msvcr100.dll
0x00000000512b0000 - 0x0000000051b39000 	C:\Program Files\Java\jdk1.8.0_60\jre\bin\server\jvm.dll
0x00007ff869160000 - 0x00007ff869168000 	C:\WINDOWS\system32\PSAPI.DLL
0x00007ff858430000 - 0x00007ff858439000 	C:\WINDOWS\SYSTEM32\WSOCK32.dll
0x00007ff8697d0000 - 0x00007ff86983b000 	C:\WINDOWS\system32\WS2_32.dll
0x00007ff863d30000 - 0x00007ff863d53000 	C:\WINDOWS\SYSTEM32\WINMM.dll
0x00007ff863d00000 - 0x00007ff863d2c000 	C:\WINDOWS\SYSTEM32\WINMMBASE.dll
0x0000000052290000 - 0x000000005229f000 	C:\Program Files\Java\jdk1.8.0_60\jre\bin\verify.dll
0x0000000052260000 - 0x0000000052289000 	C:\Program Files\Java\jdk1.8.0_60\jre\bin\java.dll
0x0000000052240000 - 0x0000000052256000 	C:\Program Files\Java\jdk1.8.0_60\jre\bin\zip.dll
0x00007ff8674f0000 - 0x00007ff868a4c000 	C:\WINDOWS\system32\SHELL32.dll
0x00007ff8662d0000 - 0x00007ff866914000 	C:\WINDOWS\system32\windows.storage.dll
0x00007ff869320000 - 0x00007ff869372000 	C:\WINDOWS\system32\shlwapi.dll
0x00007ff866030000 - 0x00007ff86603f000 	C:\WINDOWS\system32\kernel.appcore.dll
0x00007ff8661f0000 - 0x00007ff8662a5000 	C:\WINDOWS\system32\shcore.dll
0x00007ff865fd0000 - 0x00007ff86601b000 	C:\WINDOWS\system32\powrprof.dll
0x00007ff865fb0000 - 0x00007ff865fc4000 	C:\WINDOWS\system32\profapi.dll

VM Arguments:
jvm_args: -Djava.awt.headless=true -Xmx1024M -Dfile.encoding=windows-1252 -Duser.country=ES -Duser.language=es -Duser.variant 
java_command: com.android.dx.command.Main --dex --force-jumbo --num-threads=4 --multi-dex --output C:\Users\USER\Desktop\Proyectos\cashPokerProgresive3\app\build\intermediates\transforms\dex\debug\folders\1000\10\com.android.support-appcompat-v7-23.3.0_1b10ca2b1f613f1179a1cb7f362d709a5b3a5277 C:\Users\USER\Desktop\Proyectos\cashPokerProgresive3\app\build\intermediates\exploded-aar\com.android.support\appcompat-v7\23.3.0\jars\classes.jar
java_class_path (initial): C:\Users\USER\AppData\Local\Android\sdk\build-tools\23.0.3\lib\dx.jar
Launcher Type: SUN_STANDARD

Environment Variables:
CLASSPATH=.;C:\Program Files (x86)\QuickTime\QTSystem\QTJava.zip
USERNAME=USER
OS=Windows_NT
PROCESSOR_IDENTIFIER=Intel64 Family 6 Model 58 Stepping 9, GenuineIntel



---------------  S Y S T E M  ---------------

OS: Windows 10.0 , 64 bit Build 10586 (10.0.10586.0)

CPU:total 4 (2 cores per cpu, 2 threads per core) family 6 model 58 stepping 9, cmov, cx8, fxsr, mmx, sse, sse2, sse3, ssse3, sse4.1, sse4.2, popcnt, avx, aes, clmul, erms, ht, tsc, tscinvbit, tscinv

Memory: 4k page, physical 6167652k(432248k free), swap 9308260k(6928k free)

vm_info: Java HotSpot(TM) 64-Bit Server VM (25.60-b23) for windows-amd64 JRE (1.8.0_60-b27), built on Aug  4 2015 11:06:27 by "java_re" with MS VC++ 10.0 (VS2010)

time: Wed Aug 31 22:57:44 2016
elapsed time: 4 seconds (0d 0h 0m 4s)

