#
# There is insufficient memory for the Java Runtime Environment to continue.
# Native memory allocation (malloc) failed to allocate 68976 bytes for Chunk::new
# Possible reasons:
#   The system is out of physical RAM or swap space
#   In 32 bit mode, the process size limit was hit
# Possible solutions:
#   Reduce memory load on the system
#   Increase physical memory or swap space
#   Check if swap backing store is full
#   Use 64 bit Java on a 64 bit OS
#   Decrease Java heap size (-Xmx/-Xms)
#   Decrease number of Java threads
#   Decrease Java thread stack sizes (-Xss)
#   Set larger code cache with -XX:ReservedCodeCacheSize=
# This output file may be truncated or incomplete.
#
#  Out of Memory Error (allocation.cpp:390), pid=7356, tid=10960
#
# JRE version: Java(TM) SE Runtime Environment (8.0_60-b27) (build 1.8.0_60-b27)
# Java VM: Java HotSpot(TM) 64-Bit Server VM (25.60-b23 mixed mode windows-amd64 compressed oops)
# Failed to write core dump. Minidumps are not enabled by default on client versions of Windows
#

---------------  T H R E A D  ---------------

Current thread (0x0000000014a02000):  JavaThread "C2 CompilerThread1" daemon [_thread_in_native, id=10960, stack(0x0000000016210000,0x0000000016310000)]

Stack: [0x0000000016210000,0x0000000016310000]
[error occurred during error reporting (printing stack bounds), id 0xc0000005]

Native frames: (J=compiled Java code, j=interpreted, Vv=VM code, C=native code)


Current CompileTask:
C2:  10068  779       4       com.android.dx.rop.code.RegisterSpecSet::mutableCopy (57 bytes)


---------------  P R O C E S S  ---------------

Java Threads: ( => current thread )
  0x0000000016551800 JavaThread "pool-2-thread-4" [_thread_blocked, id=9888, stack(0x0000000016e10000,0x0000000016f10000)]
  0x000000001654f000 JavaThread "pool-2-thread-3" [_thread_in_Java, id=7092, stack(0x0000000016d10000,0x0000000016e10000)]
  0x0000000016489800 JavaThread "pool-2-thread-2" [_thread_in_vm, id=2100, stack(0x0000000016c10000,0x0000000016d10000)]
  0x0000000016487000 JavaThread "pool-3-thread-1" [_thread_blocked, id=6932, stack(0x0000000016b10000,0x0000000016c10000)]
  0x000000001647f800 JavaThread "pool-2-thread-1" [_thread_blocked, id=9872, stack(0x0000000016a10000,0x0000000016b10000)]
  0x0000000016319000 JavaThread "Service Thread" daemon [_thread_blocked, id=11156, stack(0x0000000016810000,0x0000000016910000)]
  0x0000000014a58800 JavaThread "C1 CompilerThread2" daemon [_thread_in_native, id=2156, stack(0x0000000016710000,0x0000000016810000)]
=>0x0000000014a02000 JavaThread "C2 CompilerThread1" daemon [_thread_in_native, id=10960, stack(0x0000000016210000,0x0000000016310000)]
  0x0000000014a00000 JavaThread "C2 CompilerThread0" daemon [_thread_in_native, id=6928, stack(0x0000000016110000,0x0000000016210000)]
  0x00000000149fe000 JavaThread "Attach Listener" daemon [_thread_blocked, id=8460, stack(0x0000000016010000,0x0000000016110000)]
  0x00000000149fd000 JavaThread "Signal Dispatcher" daemon [_thread_blocked, id=4204, stack(0x0000000015f10000,0x0000000016010000)]
  0x0000000002322800 JavaThread "Finalizer" daemon [_thread_blocked, id=4040, stack(0x0000000015c50000,0x0000000015d50000)]
  0x000000000231f800 JavaThread "Reference Handler" daemon [_thread_blocked, id=5972, stack(0x0000000015b50000,0x0000000015c50000)]
  0x0000000002232800 JavaThread "main" [_thread_blocked, id=6640, stack(0x0000000002130000,0x0000000002230000)]

Other Threads:
  0x00000000149c8000 VMThread [stack: 0x0000000015a50000,0x0000000015b50000] [id=3900]
  0x000000001631c000 WatcherThread [stack: 0x0000000016910000,0x0000000016a10000] [id=8096]

VM state:not at safepoint (normal execution)

VM Mutex/Monitor currently owned by a thread: None

Heap:
 PSYoungGen      total 28672K, used 18487K [0x00000000eab00000, 0x00000000ecb00000, 0x0000000100000000)
  eden space 24576K, 75% used [0x00000000eab00000,0x00000000ebd0de68,0x00000000ec300000)
  from space 4096K, 0% used [0x00000000ec700000,0x00000000ec700000,0x00000000ecb00000)
  to   space 4096K, 0% used [0x00000000ec300000,0x00000000ec300000,0x00000000ec700000)
 ParOldGen       total 65536K, used 0K [0x00000000c0000000, 0x00000000c4000000, 0x00000000eab00000)
  object space 65536K, 0% used [0x00000000c0000000,0x00000000c0000000,0x00000000c4000000)
 Metaspace       used 5582K, capacity 6768K, committed 7040K, reserved 1056768K
  class space    used 576K, capacity 616K, committed 640K, reserved 1048576K

Card table byte_map: [0x00000000116f0000,0x0000000011900000] byte_map_base: 0x00000000110f0000

Marking Bits: (ParMarkBitMap*) 0x0000000065c2a5b0
 Begin Bits: [0x0000000011e60000, 0x0000000012e60000)
 End Bits:   [0x0000000012e60000, 0x0000000013e60000)

Polling page: 0x00000000001f0000

CodeCache: size=245760Kb used=3622Kb max_used=3629Kb free=242137Kb
 bounds [0x0000000002330000, 0x00000000026c0000, 0x0000000011330000]
 total_blobs=1130 nmethods=866 adapters=174
 compilation: disabled (not enough contiguous free space left)

Compilation events (10 events):
Event: 10.031 Thread 0x0000000014a58800  771       3       com.android.dx.cf.code.LocalsArray::<init> (6 bytes)
Event: 10.031 Thread 0x0000000014a58800 nmethod 771 0x0000000002654ed0 code [0x0000000002655040, 0x0000000002655250]
Event: 10.031 Thread 0x0000000014a58800  773       3       com.android.dx.rop.code.Rops::opMove (77 bytes)
Event: 10.032 Thread 0x0000000014a58800 nmethod 773 0x000000000265e390 code [0x000000000265e5c0, 0x000000000265f1b8]
Event: 10.032 Thread 0x0000000014a58800  781       3       com.android.dx.ssa.SCCP::addUsersToWorklist (103 bytes)
Event: 10.033 Thread 0x0000000014a00000  782       4       java.util.Collections$UnmodifiableCollection$1::hasNext (10 bytes)
Event: 10.033 Thread 0x0000000014a58800 nmethod 781 0x0000000002661710 code [0x00000000026619e0, 0x0000000002662ed8]
Event: 10.033 Thread 0x0000000014a58800  786   !   3       com.android.dx.cf.code.Ropper::processBlock (1101 bytes)
Event: 10.034 Thread 0x0000000014a00000 nmethod 782 0x000000000265e090 code [0x000000000265e1e0, 0x000000000265e298]
Event: 10.041 Thread 0x0000000014a00000  802   !   4       com.android.dx.rop.code.RegisterSpec::intern (70 bytes)

GC Heap History (0 events):
No events

Deoptimization events (10 events):
Event: 9.785 Thread 0x0000000002232800 Uncommon trap: reason=class_check action=maybe_recompile pc=0x00000000024e0718 method=com.android.dx.rop.cst.Constant.compareTo(Ljava/lang/Object;)I @ 2
Event: 9.785 Thread 0x0000000002232800 Uncommon trap: reason=class_check action=maybe_recompile pc=0x00000000024e7f10 method=com.android.dx.rop.cst.CstMemberRef.compareTo0(Lcom/android/dx/rop/cst/Constant;)I @ 1
Event: 9.793 Thread 0x0000000016489800 Uncommon trap: reason=class_check action=maybe_recompile pc=0x00000000024e0718 method=com.android.dx.rop.cst.Constant.compareTo(Ljava/lang/Object;)I @ 2
Event: 9.793 Thread 0x0000000016489800 Uncommon trap: reason=class_check action=maybe_recompile pc=0x00000000024e7f10 method=com.android.dx.rop.cst.CstMemberRef.compareTo0(Lcom/android/dx/rop/cst/Constant;)I @ 1
Event: 9.794 Thread 0x0000000002232800 Uncommon trap: reason=unstable_if action=reinterpret pc=0x00000000025347b8 method=java.util.HashMap.getNode(ILjava/lang/Object;)Ljava/util/HashMap$Node; @ 62
Event: 9.908 Thread 0x0000000016489800 Uncommon trap: reason=unstable_if action=reinterpret pc=0x00000000024e1394 method=com.android.dx.rop.cst.CstFieldRef.compareTo0(Lcom/android/dx/rop/cst/Constant;)I @ 7
Event: 9.930 Thread 0x0000000016489800 Uncommon trap: reason=speculate_class_check action=maybe_recompile pc=0x0000000002608408 method=com.android.dx.rop.cst.Constant.compareTo(Lcom/android/dx/rop/cst/Constant;)I @ 29
Event: 9.930 Thread 0x0000000016489800 Uncommon trap: reason=speculate_class_check action=maybe_recompile pc=0x0000000002608408 method=com.android.dx.rop.cst.Constant.compareTo(Lcom/android/dx/rop/cst/Constant;)I @ 29
Event: 9.930 Thread 0x0000000016489800 Uncommon trap: reason=speculate_class_check action=maybe_recompile pc=0x0000000002608408 method=com.android.dx.rop.cst.Constant.compareTo(Lcom/android/dx/rop/cst/Constant;)I @ 29
Event: 9.930 Thread 0x0000000016489800 Uncommon trap: reason=speculate_class_check action=maybe_recompile pc=0x0000000002608408 method=com.android.dx.rop.cst.Constant.compareTo(Lcom/android/dx/rop/cst/Constant;)I @ 29

Internal exceptions (2 events):
Event: 0.078 Thread 0x0000000002232800 Exception <a 'java/lang/NoSuchMethodError': Method sun.misc.Unsafe.defineClass(Ljava/lang/String;[BII)Ljava/lang/Class; name or signature does not match> (0x00000000eab0e480) thrown at [C:\re\workspace\8-2-build-windows-amd64-cygwin\jdk8u60\4407\hotspot\srÏùf£-Þ³?
Event: 0.078 Thread 0x0000000002232800 Exception <a 'java/lang/NoSuchMethodError': Method sun.misc.Unsafe.prefetchRead(Ljava/lang/Object;J)V name or signature does not match> (0x00000000eab0e768) thrown at [C:\re\workspace\8-2-build-windows-amd64-cygwin\jdk8u60\4407\hotspot\src\share\vm\prims\j

Events (10 events):
Event: 9.930 Thread 0x0000000016489800 DEOPT PACKING pc=0x0000000002608408 sp=0x0000000016d0ef10
Event: 9.930 Thread 0x0000000016489800 DEOPT UNPACKING pc=0x000000000237582a sp=0x0000000016d0ee40 mode 2
Event: 9.930 Thread 0x0000000016489800 Uncommon trap: trap_request=0xffffff76 fr.pc=0x0000000002608408
Event: 9.930 Thread 0x0000000016489800 DEOPT PACKING pc=0x0000000002608408 sp=0x0000000016d0ef10
Event: 9.930 Thread 0x0000000016489800 DEOPT UNPACKING pc=0x000000000237582a sp=0x0000000016d0ee40 mode 2
Event: 9.930 Thread 0x0000000016489800 Uncommon trap: trap_request=0xffffff76 fr.pc=0x0000000002608408
Event: 9.930 Thread 0x0000000016489800 DEOPT PACKING pc=0x0000000002608408 sp=0x0000000016d0ef10
Event: 9.930 Thread 0x0000000016489800 DEOPT UNPACKING pc=0x000000000237582a sp=0x0000000016d0ee40 mode 2
Event: 9.953 loading class java/util/ArrayList$1
Event: 9.953 loading class java/util/ArrayList$1 done


Dynamic libraries:
0x00007ff737830000 - 0x00007ff737867000 	C:\Program Files\Java\jdk1.8.0_60\bin\java.exe
0x00007ffc30620000 - 0x00007ffc307e1000 	C:\WINDOWS\SYSTEM32\ntdll.dll
0x00007ffc30140000 - 0x00007ffc301ed000 	C:\WINDOWS\system32\KERNEL32.DLL
0x00007ffc2d0c0000 - 0x00007ffc2d2a8000 	C:\WINDOWS\system32\KERNELBASE.dll
0x00007ffc2df10000 - 0x00007ffc2dfb7000 	C:\WINDOWS\system32\ADVAPI32.dll
0x00007ffc2e3f0000 - 0x00007ffc2e48d000 	C:\WINDOWS\system32\msvcrt.dll
0x00007ffc2fb80000 - 0x00007ffc2fbdb000 	C:\WINDOWS\system32\sechost.dll
0x00007ffc2fbe0000 - 0x00007ffc2fcfc000 	C:\WINDOWS\system32\RPCRT4.dll
0x00007ffc2fa10000 - 0x00007ffc2fb66000 	C:\WINDOWS\system32\USER32.dll
0x00007ffc2ffb0000 - 0x00007ffc30136000 	C:\WINDOWS\system32\GDI32.dll
0x00007ffc278e0000 - 0x00007ffc27b54000 	C:\WINDOWS\WinSxS\amd64_microsoft.windows.common-controls_6595b64144ccf1df_6.0.10586.0_none_8c15ae12515e1c22\COMCTL32.dll
0x00007ffc30250000 - 0x00007ffc304cd000 	C:\WINDOWS\system32\combase.dll
0x00007ffc2cf10000 - 0x00007ffc2cf7a000 	C:\WINDOWS\system32\bcryptPrimitives.dll
0x00007ffc2feb0000 - 0x00007ffc2feeb000 	C:\WINDOWS\system32\IMM32.DLL
0x00007ffc2cb10000 - 0x00007ffc2cb41000 	C:\Windows\system32\nvinitx.dll
0x00007ffc2cb00000 - 0x00007ffc2cb0a000 	C:\WINDOWS\SYSTEM32\VERSION.dll
0x0000000068770000 - 0x0000000068776000 	C:\Program Files\NVIDIA Corporation\CoProcManager\_etoured.dll
0x00007ffc29bb0000 - 0x00007ffc29be3000 	C:\Program Files\NVIDIA Corporation\CoProcManager\nvd3d9wrapx.dll
0x00007ffc2dfc0000 - 0x00007ffc2e3e9000 	C:\WINDOWS\system32\SETUPAPI.dll
0x00007ffc2d9b0000 - 0x00007ffc2d9f3000 	C:\WINDOWS\system32\CFGMGR32.dll
0x00007ffc29a80000 - 0x00007ffc29aa2000 	C:\Program Files\NVIDIA Corporation\CoProcManager\nvdxgiwrapx.dll
0x0000000065cb0000 - 0x0000000065d82000 	C:\Program Files\Java\jdk1.8.0_60\jre\bin\msvcr100.dll
0x0000000065420000 - 0x0000000065ca9000 	C:\Program Files\Java\jdk1.8.0_60\jre\bin\server\jvm.dll
0x00007ffc2ffa0000 - 0x00007ffc2ffa8000 	C:\WINDOWS\system32\PSAPI.DLL
0x00007ffc21950000 - 0x00007ffc21959000 	C:\WINDOWS\SYSTEM32\WSOCK32.dll
0x00007ffc2dbc0000 - 0x00007ffc2dc2b000 	C:\WINDOWS\system32\WS2_32.dll
0x00007ffc2aca0000 - 0x00007ffc2acc3000 	C:\WINDOWS\SYSTEM32\WINMM.dll
0x00000000020b0000 - 0x00000000020dc000 	C:\WINDOWS\SYSTEM32\WINMMBASE.dll
0x0000000065410000 - 0x000000006541f000 	C:\Program Files\Java\jdk1.8.0_60\jre\bin\verify.dll
0x00000000653e0000 - 0x0000000065409000 	C:\Program Files\Java\jdk1.8.0_60\jre\bin\java.dll
0x00000000653c0000 - 0x00000000653d6000 	C:\Program Files\Java\jdk1.8.0_60\jre\bin\zip.dll
0x00007ffc2e490000 - 0x00007ffc2f9ec000 	C:\WINDOWS\system32\SHELL32.dll
0x00007ffc2d360000 - 0x00007ffc2d9a4000 	C:\WINDOWS\system32\windows.storage.dll
0x00007ffc2da70000 - 0x00007ffc2dac2000 	C:\WINDOWS\system32\shlwapi.dll
0x00007ffc2cc80000 - 0x00007ffc2cc8f000 	C:\WINDOWS\system32\kernel.appcore.dll
0x0000000015e50000 - 0x0000000015f05000 	C:\WINDOWS\system32\shcore.dll
0x00007ffc2cc30000 - 0x00007ffc2cc7b000 	C:\WINDOWS\system32\powrprof.dll
0x00007ffc2cc90000 - 0x00007ffc2cca4000 	C:\WINDOWS\system32\profapi.dll

VM Arguments:
jvm_args: -Djava.awt.headless=true -Xmx1024M -Dfile.encoding=windows-1252 -Duser.country=ES -Duser.language=es -Duser.variant 
java_command: com.android.dx.command.Main --dex --force-jumbo --num-threads=4 --multi-dex --output C:\Users\USER\Desktop\Proyectos\cashPokerProgresive3\app\build\intermediates\transforms\dex\debug\folders\1000\5\slice_0 C:\Users\USER\Desktop\Proyectos\cashPokerProgresive3\app\build\intermediates\transforms\instantRunSlicer\debug\folders\1\5\slice_0
java_class_path (initial): C:\Users\USER\AppData\Local\Android\sdk\build-tools\23.0.3\lib\dx.jar
Launcher Type: SUN_STANDARD

Environment Variables:
CLASSPATH=.;C:\Program Files (x86)\QuickTime\QTSystem\QTJava.zip
USERNAME=USER
OS=Windows_NT
PROCESSOR_IDENTIFIER=Intel64 Family 6 Model 58 Stepping 9, GenuineIntel



---------------  S Y S T E M  ---------------

OS: Windows 10.0 , 64 bit Build 10586 (10.0.10586.0)

CPU:total 4 (2 cores per cpu, 2 threads per core) family 6 model 58 stepping 9, cmov, cx8, fxsr, mmx, sse, sse2, sse3, ssse3, sse4.1, sse4.2, popcnt, avx, aes, clmul, erms, ht, tsc, tscinvbit, tscinv

Memory: 4k page, physical 6167652k(643752k free), swap 9308260k(2112k free)

vm_info: Java HotSpot(TM) 64-Bit Server VM (25.60-b23) for windows-amd64 JRE (1.8.0_60-b27), built on Aug  4 2015 11:06:27 by "java_re" with MS VC++ 10.0 (VS2010)

time: Fri Aug 26 19:02:19 2016
elapsed time: 10 seconds (0d 0h 0m 10s)

