#
# There is insufficient memory for the Java Runtime Environment to continue.
# Native memory allocation (malloc) failed to allocate 1048576 bytes for AllocateHeap
# Possible reasons:
#   The system is out of physical RAM or swap space
#   In 32 bit mode, the process size limit was hit
# Possible solutions:
#   Reduce memory load on the system
#   Increase physical memory or swap space
#   Check if swap backing store is full
#   Use 64 bit Java on a 64 bit OS
#   Decrease Java heap size (-Xmx/-Xms)
#   Decrease number of Java threads
#   Decrease Java thread stack sizes (-Xss)
#   Set larger code cache with -XX:ReservedCodeCacheSize=
# This output file may be truncated or incomplete.
#
#  Out of Memory Error (memory/allocation.inline.hpp:61), pid=13280, tid=10292
#
# JRE version:  (8.0_60-b27) (build )
# Java VM: Java HotSpot(TM) 64-Bit Server VM (25.60-b23 mixed mode windows-amd64 compressed oops)
# Failed to write core dump. Minidumps are not enabled by default on client versions of Windows
#

---------------  T H R E A D  ---------------

Current thread (0x000000000213e800):  JavaThread "Unknown thread" [_thread_in_vm, id=10292, stack(0x0000000002160000,0x0000000002260000)]

Stack: [0x0000000002160000,0x0000000002260000]
[error occurred during error reporting (printing stack bounds), id 0xc0000005]

Native frames: (J=compiled Java code, j=interpreted, Vv=VM code, C=native code)


---------------  P R O C E S S  ---------------

Java Threads: ( => current thread )

Other Threads:

=>0x000000000213e800 (exited) JavaThread "Unknown thread" [_thread_in_vm, id=10292, stack(0x0000000002160000,0x0000000002260000)]

VM state:not at safepoint (normal execution)

VM Mutex/Monitor currently owned by a thread: None

Heap:
 PSYoungGen      total 28672K, used 491K [0x00000000eab00000, 0x00000000ecb00000, 0x0000000100000000)
  eden space 24576K, 2% used [0x00000000eab00000,0x00000000eab7ae20,0x00000000ec300000)
  from space 4096K, 0% used [0x00000000ec700000,0x00000000ec700000,0x00000000ecb00000)
  to   space 4096K, 0% used [0x00000000ec300000,0x00000000ec300000,0x00000000ec700000)
 ParOldGen       total 65536K, used 0K [0x00000000c0000000, 0x00000000c4000000, 0x00000000eab00000)
  object space 65536K, 0% used [0x00000000c0000000,0x00000000c0000000,0x00000000c4000000)
 Metaspace       used 767K, capacity 4480K, committed 4480K, reserved 1056768K
  class space    used 75K, capacity 384K, committed 384K, reserved 1048576K

Card table byte_map: [0x0000000011720000,0x0000000011930000] byte_map_base: 0x0000000011120000

Marking Bits: (ParMarkBitMap*) 0x000000007297a5b0
 Begin Bits: [0x0000000011e90000, 0x0000000012e90000)
 End Bits:   [0x0000000012e90000, 0x0000000013e90000)

Polling page: 0x00000000001f0000

CodeCache: size=245760Kb used=328Kb max_used=328Kb free=245431Kb
 bounds [0x0000000002360000, 0x00000000025d0000, 0x0000000011360000]
 total_blobs=57 nmethods=0 adapters=37
 compilation: enabled

Compilation events (0 events):
No events

GC Heap History (0 events):
No events

Deoptimization events (0 events):
No events

Internal exceptions (0 events):
No events

Events (10 events):
Event: 0.039 loading class java/lang/Short
Event: 0.039 loading class java/lang/Short done
Event: 0.039 loading class java/lang/Integer
Event: 0.039 loading class java/lang/Integer done
Event: 0.039 loading class java/lang/Long
Event: 0.039 loading class java/lang/Long done
Event: 0.040 loading class java/lang/NullPointerException
Event: 0.040 loading class java/lang/NullPointerException done
Event: 0.040 loading class java/lang/ArithmeticException
Event: 0.040 loading class java/lang/ArithmeticException done


Dynamic libraries:
0x00007ff7e6d90000 - 0x00007ff7e6dc7000 	C:\Program Files\Java\jdk1.8.0_60\bin\java.exe
0x00007ff8b2cf0000 - 0x00007ff8b2eb1000 	C:\WINDOWS\SYSTEM32\ntdll.dll
0x00007ff8b1a60000 - 0x00007ff8b1b0d000 	C:\WINDOWS\system32\KERNEL32.DLL
0x00007ff8af380000 - 0x00007ff8af568000 	C:\WINDOWS\system32\KERNELBASE.dll
0x00007ff8b2850000 - 0x00007ff8b28f7000 	C:\WINDOWS\system32\ADVAPI32.dll
0x00007ff8b2680000 - 0x00007ff8b271d000 	C:\WINDOWS\system32\msvcrt.dll
0x00007ff8b1dc0000 - 0x00007ff8b1e1b000 	C:\WINDOWS\system32\sechost.dll
0x00007ff8b2b70000 - 0x00007ff8b2c8c000 	C:\WINDOWS\system32\RPCRT4.dll
0x00007ff8b1e20000 - 0x00007ff8b1f76000 	C:\WINDOWS\system32\USER32.dll
0x00007ff8b29d0000 - 0x00007ff8b2b56000 	C:\WINDOWS\system32\GDI32.dll
0x00007ff8a8bf0000 - 0x00007ff8a8e64000 	C:\WINDOWS\WinSxS\amd64_microsoft.windows.common-controls_6595b64144ccf1df_6.0.10586.0_none_8c15ae12515e1c22\COMCTL32.dll
0x00007ff8b17e0000 - 0x00007ff8b1a5d000 	C:\WINDOWS\system32\combase.dll
0x00007ff8af870000 - 0x00007ff8af8da000 	C:\WINDOWS\system32\bcryptPrimitives.dll
0x00007ff8b1d20000 - 0x00007ff8b1d5b000 	C:\WINDOWS\system32\IMM32.DLL
0x00007ff8af1e0000 - 0x00007ff8af211000 	C:\Windows\system32\nvinitx.dll
0x00007ff8af1d0000 - 0x00007ff8af1da000 	C:\WINDOWS\SYSTEM32\VERSION.dll
0x0000000075990000 - 0x0000000075996000 	C:\Program Files\NVIDIA Corporation\CoProcManager\_etoured.dll
0x00007ff8acff0000 - 0x00007ff8ad023000 	C:\Program Files\NVIDIA Corporation\CoProcManager\nvd3d9wrapx.dll
0x00007ff8b21b0000 - 0x00007ff8b25d9000 	C:\WINDOWS\system32\SETUPAPI.dll
0x00007ff8af570000 - 0x00007ff8af5b3000 	C:\WINDOWS\system32\CFGMGR32.dll
0x00007ff8acec0000 - 0x00007ff8acee2000 	C:\Program Files\NVIDIA Corporation\CoProcManager\nvdxgiwrapx.dll
0x0000000072a00000 - 0x0000000072ad2000 	C:\Program Files\Java\jdk1.8.0_60\jre\bin\msvcr100.dll
0x0000000072170000 - 0x00000000729f9000 	C:\Program Files\Java\jdk1.8.0_60\jre\bin\server\jvm.dll
0x00007ff8b1f80000 - 0x00007ff8b1f88000 	C:\WINDOWS\system32\PSAPI.DLL
0x00007ff8a3230000 - 0x00007ff8a3239000 	C:\WINDOWS\SYSTEM32\WSOCK32.dll
0x00007ff8ad8b0000 - 0x00007ff8ad8d3000 	C:\WINDOWS\SYSTEM32\WINMM.dll
0x00007ff8b25f0000 - 0x00007ff8b265b000 	C:\WINDOWS\system32\WS2_32.dll
0x0000000002060000 - 0x000000000208c000 	C:\WINDOWS\SYSTEM32\WINMMBASE.dll
0x0000000072160000 - 0x000000007216f000 	C:\Program Files\Java\jdk1.8.0_60\jre\bin\verify.dll
0x0000000072130000 - 0x0000000072159000 	C:\Program Files\Java\jdk1.8.0_60\jre\bin\java.dll
0x0000000072110000 - 0x0000000072126000 	C:\Program Files\Java\jdk1.8.0_60\jre\bin\zip.dll

VM Arguments:
jvm_args: -Djava.awt.headless=true -Xmx1024M -Dfile.encoding=windows-1252 -Duser.country=ES -Duser.language=es -Duser.variant 
java_command: com.android.dx.command.Main --dex --force-jumbo --num-threads=4 --multi-dex --output C:\Users\USER\Desktop\Proyectos\cashPokerProgresive3\app\build\intermediates\transforms\dex\debug\folders\1000\5\slice_2 C:\Users\USER\Desktop\Proyectos\cashPokerProgresive3\app\build\intermediates\transforms\instantRunSlicer\debug\folders\1\5\slice_2
java_class_path (initial): C:\Users\USER\AppData\Local\Android\sdk\build-tools\23.0.3\lib\dx.jar
Launcher Type: SUN_STANDARD

Environment Variables:
CLASSPATH=.;C:\Program Files (x86)\QuickTime\QTSystem\QTJava.zip
USERNAME=USER
OS=Windows_NT
PROCESSOR_IDENTIFIER=Intel64 Family 6 Model 58 Stepping 9, GenuineIntel



---------------  S Y S T E M  ---------------

OS: Windows 10.0 , 64 bit Build 10586 (10.0.10586.0)

CPU:total 4 (2 cores per cpu, 2 threads per core) family 6 model 58 stepping 9, cmov, cx8, fxsr, mmx, sse, sse2, sse3, ssse3, sse4.1, sse4.2, popcnt, avx, aes, clmul, erms, ht, tsc, tscinvbit, tscinv

Memory: 4k page, physical 6167652k(650788k free), swap 9308260k(20032k free)

vm_info: Java HotSpot(TM) 64-Bit Server VM (25.60-b23) for windows-amd64 JRE (1.8.0_60-b27), built on Aug  4 2015 11:06:27 by "java_re" with MS VC++ 10.0 (VS2010)

time: Sun Jun 05 16:25:14 2016
elapsed time: 0 seconds (0d 0h 0m 0s)

