#
# There is insufficient memory for the Java Runtime Environment to continue.
# Native memory allocation (malloc) failed to allocate 1828416 bytes for Chunk::new
# Possible reasons:
#   The system is out of physical RAM or swap space
#   In 32 bit mode, the process size limit was hit
# Possible solutions:
#   Reduce memory load on the system
#   Increase physical memory or swap space
#   Check if swap backing store is full
#   Use 64 bit Java on a 64 bit OS
#   Decrease Java heap size (-Xmx/-Xms)
#   Decrease number of Java threads
#   Decrease Java thread stack sizes (-Xss)
#   Set larger code cache with -XX:ReservedCodeCacheSize=
# This output file may be truncated or incomplete.
#
#  Out of Memory Error (allocation.cpp:390), pid=6100, tid=8620
#
# JRE version: Java(TM) SE Runtime Environment (8.0_60-b27) (build 1.8.0_60-b27)
# Java VM: Java HotSpot(TM) 64-Bit Server VM (25.60-b23 mixed mode windows-amd64 compressed oops)
# Failed to write core dump. Minidumps are not enabled by default on client versions of Windows
#

---------------  T H R E A D  ---------------

Current thread (0x0000000014a43800):  JavaThread "C2 CompilerThread1" daemon [_thread_in_native, id=8620, stack(0x00000000161a0000,0x00000000162a0000)]

Stack: [0x00000000161a0000,0x00000000162a0000]
[error occurred during error reporting (printing stack bounds), id 0xc0000005]

Native frames: (J=compiled Java code, j=interpreted, Vv=VM code, C=native code)


Current CompileTask:
C2:   3300 1354       4       com.android.dx.rop.code.Rops::ropFor (771 bytes)


---------------  P R O C E S S  ---------------

Java Threads: ( => current thread )
  0x0000000016605800 JavaThread "pool-2-thread-4" [_thread_in_Java, id=7196, stack(0x0000000016da0000,0x0000000016ea0000)]
  0x0000000016604800 JavaThread "pool-2-thread-3" [_thread_in_Java, id=1144, stack(0x0000000016ca0000,0x0000000016da0000)]
  0x0000000016587800 JavaThread "pool-2-thread-2" [_thread_in_Java, id=9608, stack(0x0000000016ba0000,0x0000000016ca0000)]
  0x0000000016518800 JavaThread "pool-3-thread-1" [_thread_blocked, id=2128, stack(0x0000000016aa0000,0x0000000016ba0000)]
  0x000000001650e800 JavaThread "pool-2-thread-1" [_thread_in_Java, id=8072, stack(0x00000000169a0000,0x0000000016aa0000)]
  0x00000000163d9000 JavaThread "Service Thread" daemon [_thread_blocked, id=1448, stack(0x00000000167a0000,0x00000000168a0000)]
  0x0000000014a4c800 JavaThread "C1 CompilerThread2" daemon [_thread_blocked, id=4136, stack(0x00000000162a0000,0x00000000163a0000)]
=>0x0000000014a43800 JavaThread "C2 CompilerThread1" daemon [_thread_in_native, id=8620, stack(0x00000000161a0000,0x00000000162a0000)]
  0x0000000014a41000 JavaThread "C2 CompilerThread0" daemon [_thread_in_native, id=3552, stack(0x00000000160a0000,0x00000000161a0000)]
  0x0000000014a3f000 JavaThread "Attach Listener" daemon [_thread_blocked, id=9856, stack(0x0000000015fa0000,0x00000000160a0000)]
  0x0000000014a3e000 JavaThread "Signal Dispatcher" daemon [_thread_blocked, id=3784, stack(0x0000000015ea0000,0x0000000015fa0000)]
  0x0000000002368800 JavaThread "Finalizer" daemon [_thread_blocked, id=5916, stack(0x0000000015ca0000,0x0000000015da0000)]
  0x000000000235f800 JavaThread "Reference Handler" daemon [_thread_blocked, id=1944, stack(0x0000000015ba0000,0x0000000015ca0000)]
  0x000000000226e800 JavaThread "main" [_thread_in_vm, id=9032, stack(0x00000000020d0000,0x00000000021d0000)]

Other Threads:
  0x0000000014a08000 VMThread [stack: 0x0000000015aa0000,0x0000000015ba0000] [id=1564]
  0x00000000163db000 WatcherThread [stack: 0x00000000168a0000,0x00000000169a0000] [id=1236]

VM state:not at safepoint (normal execution)

VM Mutex/Monitor currently owned by a thread: None

Heap:
 PSYoungGen      total 28672K, used 15653K [0x00000000eab00000, 0x00000000ee300000, 0x0000000100000000)
  eden space 24576K, 47% used [0x00000000eab00000,0x00000000eb64c130,0x00000000ec300000)
  from space 4096K, 99% used [0x00000000ec700000,0x00000000ecafd638,0x00000000ecb00000)
  to   space 4096K, 0% used [0x00000000ec300000,0x00000000ec300000,0x00000000ec700000)
 ParOldGen       total 65536K, used 4627K [0x00000000c0000000, 0x00000000c4000000, 0x00000000eab00000)
  object space 65536K, 7% used [0x00000000c0000000,0x00000000c0484ee8,0x00000000c4000000)
 Metaspace       used 5872K, capacity 6960K, committed 7040K, reserved 1056768K
  class space    used 583K, capacity 616K, committed 640K, reserved 1048576K

Card table byte_map: [0x0000000011730000,0x0000000011940000] byte_map_base: 0x0000000011130000

Marking Bits: (ParMarkBitMap*) 0x000000005154a5b0
 Begin Bits: [0x0000000011ea0000, 0x0000000012ea0000)
 End Bits:   [0x0000000012ea0000, 0x0000000013ea0000)

Polling page: 0x00000000001f0000

CodeCache: size=245760Kb used=5782Kb max_used=5782Kb free=239977Kb
 bounds [0x0000000002370000, 0x0000000002920000, 0x0000000011370000]
 total_blobs=1639 nmethods=1377 adapters=175
 compilation: enabled

Compilation events (10 events):
Event: 3.233 Thread 0x0000000014a41000 1363       4       com.android.dx.ssa.back.LivenessAnalyzer::run (231 bytes)
Event: 3.233 Thread 0x0000000014a4c800 nmethod 1403 0x00000000028fff50 code [0x00000000029000a0, 0x00000000029001d0]
Event: 3.233 Thread 0x0000000014a4c800 1400       1       com.android.dx.dex.code.BlockAddresses::getStart (7 bytes)
Event: 3.233 Thread 0x0000000014a4c800 nmethod 1400 0x00000000028ffc10 code [0x00000000028ffd60, 0x00000000028ffe90]
Event: 3.233 Thread 0x0000000014a4c800 1398       3       com.android.dx.cf.code.BaseMachine::popArgs (137 bytes)
Event: 3.235 Thread 0x0000000014a4c800 nmethod 1398 0x000000000291b9d0 code [0x000000000291bd40, 0x000000000291d748]
Event: 3.235 Thread 0x0000000014a4c800 1405       1       com.android.dx.dex.file.StringIdItem::getValue (5 bytes)
Event: 3.235 Thread 0x0000000014a4c800 nmethod 1405 0x00000000028ff950 code [0x00000000028ffaa0, 0x00000000028ffbb0]
Event: 3.235 Thread 0x0000000014a4c800 1401       1       com.android.dx.cf.attrib.BaseLocalVariables::getLocalVariables (5 bytes)
Event: 3.235 Thread 0x0000000014a4c800 nmethod 1401 0x00000000028ff150 code [0x00000000028ff2a0, 0x00000000028ff3b0]

GC Heap History (4 events):
Event: 2.358 GC heap before
{Heap before GC invocations=1 (full 0):
 PSYoungGen      total 28672K, used 24576K [0x00000000eab00000, 0x00000000ecb00000, 0x0000000100000000)
  eden space 24576K, 100% used [0x00000000eab00000,0x00000000ec300000,0x00000000ec300000)
  from space 4096K, 0% used [0x00000000ec700000,0x00000000ec700000,0x00000000ecb00000)
  to   space 4096K, 0% used [0x00000000ec300000,0x00000000ec300000,0x00000000ec700000)
 ParOldGen       total 65536K, used 0K [0x00000000c0000000, 0x00000000c4000000, 0x00000000eab00000)
  object space 65536K, 0% used [0x00000000c0000000,0x00000000c0000000,0x00000000c4000000)
 Metaspace       used 5739K, capacity 6896K, committed 7040K, reserved 1056768K
  class space    used 580K, capacity 616K, committed 640K, reserved 1048576K
Event: 2.365 GC heap after
Heap after GC invocations=1 (full 0):
 PSYoungGen      total 28672K, used 4094K [0x00000000eab00000, 0x00000000ecb00000, 0x0000000100000000)
  eden space 24576K, 0% used [0x00000000eab00000,0x00000000eab00000,0x00000000ec300000)
  from space 4096K, 99% used [0x00000000ec300000,0x00000000ec6ff970,0x00000000ec700000)
  to   space 4096K, 0% used [0x00000000ec700000,0x00000000ec700000,0x00000000ecb00000)
 ParOldGen       total 65536K, used 1233K [0x00000000c0000000, 0x00000000c4000000, 0x00000000eab00000)
  object space 65536K, 1% used [0x00000000c0000000,0x00000000c0134608,0x00000000c4000000)
 Metaspace       used 5739K, capacity 6896K, committed 7040K, reserved 1056768K
  class space    used 580K, capacity 616K, committed 640K, reserved 1048576K
}
Event: 3.099 GC heap before
{Heap before GC invocations=2 (full 0):
 PSYoungGen      total 28672K, used 28670K [0x00000000eab00000, 0x00000000ecb00000, 0x0000000100000000)
  eden space 24576K, 100% used [0x00000000eab00000,0x00000000ec300000,0x00000000ec300000)
  from space 4096K, 99% used [0x00000000ec300000,0x00000000ec6ff970,0x00000000ec700000)
  to   space 4096K, 0% used [0x00000000ec700000,0x00000000ec700000,0x00000000ecb00000)
 ParOldGen       total 65536K, used 1233K [0x00000000c0000000, 0x00000000c4000000, 0x00000000eab00000)
  object space 65536K, 1% used [0x00000000c0000000,0x00000000c0134608,0x00000000c4000000)
 Metaspace       used 5872K, capacity 6960K, committed 7040K, reserved 1056768K
  class space    used 583K, capacity 616K, committed 640K, reserved 1048576K
Event: 3.139 GC heap after
Heap after GC invocations=2 (full 0):
 PSYoungGen      total 28672K, used 4085K [0x00000000eab00000, 0x00000000ee300000, 0x0000000100000000)
  eden space 24576K, 0% used [0x00000000eab00000,0x00000000eab00000,0x00000000ec300000)
  from space 4096K, 99% used [0x00000000ec700000,0x00000000ecafd638,0x00000000ecb00000)
  to   space 4096K, 0% used [0x00000000ec300000,0x00000000ec300000,0x00000000ec700000)
 ParOldGen       total 65536K, used 4627K [0x00000000c0000000, 0x00000000c4000000, 0x00000000eab00000)
  object space 65536K, 7% used [0x00000000c0000000,0x00000000c0484ee8,0x00000000c4000000)
 Metaspace       used 5872K, capacity 6960K, committed 7040K, reserved 1056768K
  class space    used 583K, capacity 616K, committed 640K, reserved 1048576K
}

Deoptimization events (10 events):
Event: 2.441 Thread 0x000000000226e800 Uncommon trap: reason=class_check action=maybe_recompile pc=0x000000000264c570 method=com.android.dx.rop.type.Type.equals(Ljava/lang/Object;)Z @ 8
Event: 2.441 Thread 0x000000000226e800 Uncommon trap: reason=class_check action=maybe_recompile pc=0x000000000264c570 method=com.android.dx.rop.type.Type.equals(Ljava/lang/Object;)Z @ 8
Event: 2.442 Thread 0x000000000226e800 Uncommon trap: reason=class_check action=maybe_recompile pc=0x000000000264c570 method=com.android.dx.rop.type.Type.equals(Ljava/lang/Object;)Z @ 8
Event: 2.442 Thread 0x000000000226e800 Uncommon trap: reason=class_check action=maybe_recompile pc=0x000000000264c570 method=com.android.dx.rop.type.Type.equals(Ljava/lang/Object;)Z @ 8
Event: 2.725 Thread 0x000000001650e800 Uncommon trap: reason=unstable_if action=reinterpret pc=0x00000000027d925c method=com.android.dx.rop.cst.Constant.compareTo(Lcom/android/dx/rop/cst/Constant;)I @ 12
Event: 2.759 Thread 0x000000001650e800 Uncommon trap: reason=class_check action=maybe_recompile pc=0x00000000027e8abc method=com.android.dx.cf.code.BytecodeArray.parseInstruction(ILcom/android/dx/cf/code/BytecodeArray$Visitor;)I @ 2225
Event: 2.761 Thread 0x000000001650e800 Uncommon trap: reason=class_check action=maybe_recompile pc=0x00000000027e8abc method=com.android.dx.cf.code.BytecodeArray.parseInstruction(ILcom/android/dx/cf/code/BytecodeArray$Visitor;)I @ 2225
Event: 2.765 Thread 0x0000000016604800 Uncommon trap: reason=unstable_if action=reinterpret pc=0x000000000276b338 method=com.android.dx.cf.code.Ropper.labelToResultIndex(I)I @ 34
Event: 3.006 Thread 0x0000000016605800 Uncommon trap: reason=class_check action=maybe_recompile pc=0x00000000027e8abc method=com.android.dx.cf.code.BytecodeArray.parseInstruction(ILcom/android/dx/cf/code/BytecodeArray$Visitor;)I @ 2225
Event: 3.006 Thread 0x0000000016605800 Uncommon trap: reason=class_check action=maybe_recompile pc=0x00000000027e8abc method=com.android.dx.cf.code.BytecodeArray.parseInstruction(ILcom/android/dx/cf/code/BytecodeArray$Visitor;)I @ 2225

Internal exceptions (2 events):
Event: 0.136 Thread 0x000000000226e800 Exception <a 'java/lang/NoSuchMethodError': Method sun.misc.Unsafe.defineClass(Ljava/lang/String;[BII)Ljava/lang/Class; name or signature does not match> (0x00000000eab0e2e0) thrown at [C:\re\workspace\8-2-build-windows-amd64-cygwin\jdk8u60\4407\hotspot\sr†¬¿¹jÁ?
Event: 0.136 Thread 0x000000000226e800 Exception <a 'java/lang/NoSuchMethodError': Method sun.misc.Unsafe.prefetchRead(Ljava/lang/Object;J)V name or signature does not match> (0x00000000eab0e5c8) thrown at [C:\re\workspace\8-2-build-windows-amd64-cygwin\jdk8u60\4407\hotspot\src\share\vm\prims\j

Events (10 events):
Event: 3.006 Thread 0x0000000016605800 DEOPT PACKING pc=0x00000000027e8abc sp=0x0000000016e9e600
Event: 3.006 Thread 0x0000000016605800 DEOPT UNPACKING pc=0x00000000023b582a sp=0x0000000016e9e568 mode 2
Event: 3.006 Executing VM operation: ParallelGCFailedAllocation
Event: 3.139 Executing VM operation: ParallelGCFailedAllocation done
Event: 3.160 Thread 0x0000000016587800 DEOPT PACKING pc=0x00000000027624ed sp=0x0000000016c9ea00
Event: 3.160 Thread 0x0000000016587800 DEOPT UNPACKING pc=0x00000000023b787f sp=0x0000000016c9e798 mode 0
Event: 3.176 Thread 0x0000000016605800 DEOPT PACKING pc=0x00000000027624ed sp=0x0000000016e9e6d0
Event: 3.176 Thread 0x0000000016605800 DEOPT UNPACKING pc=0x00000000023b787f sp=0x0000000016e9e468 mode 0
Event: 3.211 Thread 0x000000001650e800 DEOPT PACKING pc=0x00000000027624ed sp=0x0000000016a9e870
Event: 3.211 Thread 0x000000001650e800 DEOPT UNPACKING pc=0x00000000023b787f sp=0x0000000016a9e608 mode 0


Dynamic libraries:
0x00007ff6653b0000 - 0x00007ff6653e7000 	C:\Program Files\Java\jdk1.8.0_60\bin\java.exe
0x00007ff8699b0000 - 0x00007ff869b71000 	C:\WINDOWS\SYSTEM32\ntdll.dll
0x00007ff869900000 - 0x00007ff8699ad000 	C:\WINDOWS\system32\KERNEL32.DLL
0x00007ff866ba0000 - 0x00007ff866d88000 	C:\WINDOWS\system32\KERNELBASE.dll
0x00007ff8672c0000 - 0x00007ff867367000 	C:\WINDOWS\system32\ADVAPI32.dll
0x00007ff868a50000 - 0x00007ff868aed000 	C:\WINDOWS\system32\msvcrt.dll
0x00007ff8698a0000 - 0x00007ff8698fb000 	C:\WINDOWS\system32\sechost.dll
0x00007ff867160000 - 0x00007ff86727c000 	C:\WINDOWS\system32\RPCRT4.dll
0x00007ff868fe0000 - 0x00007ff869136000 	C:\WINDOWS\system32\USER32.dll
0x00007ff868d60000 - 0x00007ff868ee6000 	C:\WINDOWS\system32\GDI32.dll
0x00007ff860260000 - 0x00007ff8604d4000 	C:\WINDOWS\WinSxS\amd64_microsoft.windows.common-controls_6595b64144ccf1df_6.0.10586.0_none_8c15ae12515e1c22\COMCTL32.dll
0x00007ff866ee0000 - 0x00007ff86715d000 	C:\WINDOWS\system32\combase.dll
0x00007ff866180000 - 0x00007ff8661ea000 	C:\WINDOWS\system32\bcryptPrimitives.dll
0x00007ff867280000 - 0x00007ff8672bb000 	C:\WINDOWS\system32\IMM32.DLL
0x00007ff865ea0000 - 0x00007ff865ed1000 	C:\Windows\system32\nvinitx.dll
0x00007ff865e90000 - 0x00007ff865e9a000 	C:\WINDOWS\SYSTEM32\VERSION.dll
0x0000000054bf0000 - 0x0000000054bf6000 	C:\Program Files\NVIDIA Corporation\CoProcManager\_etoured.dll
0x00007ff863520000 - 0x00007ff863553000 	C:\Program Files\NVIDIA Corporation\CoProcManager\nvd3d9wrapx.dll
0x00007ff8693a0000 - 0x00007ff8697c9000 	C:\WINDOWS\system32\SETUPAPI.dll
0x00007ff866920000 - 0x00007ff866963000 	C:\WINDOWS\system32\CFGMGR32.dll
0x00007ff863260000 - 0x00007ff863282000 	C:\Program Files\NVIDIA Corporation\CoProcManager\nvdxgiwrapx.dll
0x00000000515d0000 - 0x00000000516a2000 	C:\Program Files\Java\jdk1.8.0_60\jre\bin\msvcr100.dll
0x0000000050d40000 - 0x00000000515c9000 	C:\Program Files\Java\jdk1.8.0_60\jre\bin\server\jvm.dll
0x00007ff869160000 - 0x00007ff869168000 	C:\WINDOWS\system32\PSAPI.DLL
0x00007ff858430000 - 0x00007ff858439000 	C:\WINDOWS\SYSTEM32\WSOCK32.dll
0x00007ff863d30000 - 0x00007ff863d53000 	C:\WINDOWS\SYSTEM32\WINMM.dll
0x00007ff8697d0000 - 0x00007ff86983b000 	C:\WINDOWS\system32\WS2_32.dll
0x00007ff863d00000 - 0x00007ff863d2c000 	C:\WINDOWS\SYSTEM32\WINMMBASE.dll
0x0000000050d30000 - 0x0000000050d3f000 	C:\Program Files\Java\jdk1.8.0_60\jre\bin\verify.dll
0x0000000050d00000 - 0x0000000050d29000 	C:\Program Files\Java\jdk1.8.0_60\jre\bin\java.dll
0x0000000050ce0000 - 0x0000000050cf6000 	C:\Program Files\Java\jdk1.8.0_60\jre\bin\zip.dll
0x00007ff8674f0000 - 0x00007ff868a4c000 	C:\WINDOWS\system32\SHELL32.dll
0x00007ff8662d0000 - 0x00007ff866914000 	C:\WINDOWS\system32\windows.storage.dll
0x00007ff869320000 - 0x00007ff869372000 	C:\WINDOWS\system32\shlwapi.dll
0x00007ff866030000 - 0x00007ff86603f000 	C:\WINDOWS\system32\kernel.appcore.dll
0x00007ff8661f0000 - 0x00007ff8662a5000 	C:\WINDOWS\system32\shcore.dll
0x00007ff865fd0000 - 0x00007ff86601b000 	C:\WINDOWS\system32\powrprof.dll
0x00007ff865fb0000 - 0x00007ff865fc4000 	C:\WINDOWS\system32\profapi.dll

VM Arguments:
jvm_args: -Djava.awt.headless=true -Xmx1024M -Dfile.encoding=windows-1252 -Duser.country=ES -Duser.language=es -Duser.variant 
java_command: com.android.dx.command.Main --dex --force-jumbo --num-threads=4 --multi-dex --output C:\Users\USER\Desktop\Proyectos\cashPokerProgresive3\app\build\intermediates\transforms\dex\debug\folders\1000\5\slice_2 C:\Users\USER\Desktop\Proyectos\cashPokerProgresive3\app\build\intermediates\transforms\instantRunSlicer\debug\folders\1\5\slice_2
java_class_path (initial): C:\Users\USER\AppData\Local\Android\sdk\build-tools\23.0.3\lib\dx.jar
Launcher Type: SUN_STANDARD

Environment Variables:
CLASSPATH=.;C:\Program Files (x86)\QuickTime\QTSystem\QTJava.zip
USERNAME=USER
OS=Windows_NT
PROCESSOR_IDENTIFIER=Intel64 Family 6 Model 58 Stepping 9, GenuineIntel



---------------  S Y S T E M  ---------------

OS: Windows 10.0 , 64 bit Build 10586 (10.0.10586.0)

CPU:total 4 (2 cores per cpu, 2 threads per core) family 6 model 58 stepping 9, cmov, cx8, fxsr, mmx, sse, sse2, sse3, ssse3, sse4.1, sse4.2, popcnt, avx, aes, clmul, erms, ht, tsc, tscinvbit, tscinv

Memory: 4k page, physical 6167652k(598852k free), swap 9308260k(5744k free)

vm_info: Java HotSpot(TM) 64-Bit Server VM (25.60-b23) for windows-amd64 JRE (1.8.0_60-b27), built on Aug  4 2015 11:06:27 by "java_re" with MS VC++ 10.0 (VS2010)

time: Tue Aug 30 16:12:04 2016
elapsed time: 3 seconds (0d 0h 0m 3s)

